TN:
SF:/Users/graysongall/projects/rxn-cpp/src/BibTexHelper.C
FN:0,__cxx_global_var_init
FN:9,_ZN3rxn17collectReferencesERKNSt3__112basic_stringIcNS0_11char_traitsIcEENS0_9allocatorIcEEEE
FN:45,_ZN3rxn12checkCiteKeyERKNSt3__112basic_stringIcNS0_11char_traitsIcEENS0_9allocatorIcEEEE
FNDA:30,_ZN3rxn12checkCiteKeyERKNSt3__112basic_stringIcNS0_11char_traitsIcEENS0_9allocatorIcEEEE
FNDA:4,_ZN3rxn17collectReferencesERKNSt3__112basic_stringIcNS0_11char_traitsIcEENS0_9allocatorIcEEEE
FNDA:1,__cxx_global_var_init
FNF:3
FNH:3
DA:7,1
DA:9,4
DA:11,4
DA:13,4
DA:15,3
DA:16,3
DA:17,3
DA:18,290
DA:20,288
DA:22,288
DA:24,288
DA:27,30
DA:28,30
DA:29,0
DA:30,30
DA:32,30
DA:34,30
DA:35,1
DA:36,29
DA:37,29
DA:39,2
DA:40,3
DA:42,1
DA:43,6
DA:45,30
DA:47,30
DA:49,30
DA:51,1
DA:53,30
LF:29
LH:28
end_of_record
TN:
SF:/Users/graysongall/projects/rxn-cpp/src/Constants.C
FN:0,__cxx_global_var_init
FN:0,__cxx_global_var_init.118
FN:0,__cxx_global_var_init.117
FNDA:1,__cxx_global_var_init.118
FNDA:1,__cxx_global_var_init.117
FNDA:1,__cxx_global_var_init
FNF:3
FNH:3
DA:6,1
DA:7,1
DA:8,1
DA:9,1
DA:10,1
DA:11,1
DA:12,1
DA:13,1
DA:14,1
DA:15,1
DA:16,1
DA:17,1
DA:18,1
DA:19,1
DA:20,1
DA:21,1
DA:22,1
DA:23,1
DA:24,1
DA:25,1
DA:26,1
DA:27,1
DA:28,1
DA:29,1
DA:30,1
DA:31,1
DA:32,1
DA:33,1
DA:34,1
DA:35,1
DA:36,1
DA:37,1
DA:38,1
DA:39,1
DA:40,1
DA:41,1
DA:42,1
DA:43,1
DA:44,1
DA:45,1
DA:46,1
DA:47,1
DA:48,1
DA:49,1
DA:50,1
DA:51,1
DA:52,1
DA:53,1
DA:54,1
DA:55,1
DA:56,1
DA:57,1
DA:58,1
DA:59,1
DA:60,1
DA:61,1
DA:62,1
DA:63,1
DA:64,1
DA:65,1
DA:66,1
DA:67,1
DA:68,1
DA:69,1
DA:70,1
DA:71,1
DA:72,1
DA:73,1
DA:74,1
DA:75,1
DA:76,1
DA:77,1
DA:78,1
DA:79,1
DA:80,1
DA:81,1
DA:82,1
DA:83,1
DA:84,1
DA:85,1
DA:86,1
DA:87,1
DA:88,1
DA:89,1
DA:90,1
DA:91,1
DA:92,1
DA:93,1
DA:94,1
DA:95,1
DA:97,1
DA:98,1
DA:99,1
DA:100,1
DA:101,1
DA:102,1
DA:103,1
DA:104,1
DA:105,1
DA:106,1
DA:107,1
DA:108,1
DA:109,1
DA:110,1
DA:112,1
DA:113,1
DA:114,1
DA:115,1
DA:116,1
DA:117,1
DA:118,1
DA:119,1
DA:120,1
DA:121,1
DA:122,1
DA:123,1
DA:124,1
DA:125,1
DA:131,1
DA:133,1
DA:134,1
DA:142,1
LF:122
LH:122
end_of_record
TN:
SF:/Users/graysongall/projects/rxn-cpp/src/GlobalData.C
FN:0,__cxx_global_var_init
FN:0,__cxx_global_var_init.1
FNDA:1,__cxx_global_var_init.1
FNDA:1,__cxx_global_var_init
FNF:2
FNH:2
DA:5,1
DA:6,1
LF:2
LH:2
end_of_record
TN:
SF:/Users/graysongall/projects/rxn-cpp/src/NetworkParser.C
FN:5,_ZN3rxn13NetworkParserC2Eb
FN:5,_ZN3rxn13NetworkParserC1Eb
FN:12,_ZN3rxn13NetworkParser9checkFileERKNSt3__112basic_stringIcNS1_11char_traitsIcEENS1_9allocatorIcEEEE
FN:23,_ZNK3rxn13NetworkParser17setLatexOverridesEN4YAML4NodeE
FN:57,_ZN3rxn13NetworkParser12parseNetworkERKNSt3__112basic_stringIcNS1_11char_traitsIcEENS1_9allocatorIcEEEE
FN:140,_ZN3rxn13NetworkParser14parseReactionsEN4YAML4NodeERKNSt3__112basic_stringIcNS3_11char_traitsIcEENS3_9allocatorIcEEEERNS3_6vectorINS_8ReactionENS7_ISD_EEEERNSC_IS9_NS7_IS9_EEEESJ_SG_SG_SG_b
FN:280,_ZN3rxn13NetworkParser19printSpeciesSummaryEv
FN:286,_ZN3rxn13NetworkParser19writeSpeciesSummaryERKNSt3__112basic_stringIcNS1_11char_traitsIcEENS1_9allocatorIcEEEE
FN:300,_ZN3rxn13NetworkParser17getSpeciesSummaryEb
FN:322,_ZN3rxn13NetworkParser23getSingleSpeciesSummaryENSt3__110shared_ptrINS_7SpeciesEEEb
FN:394,_ZN3rxn13NetworkParser34getSpeciesDependantReactionSummaryENSt3__16vectorINS_8ReactionENS1_9allocatorIS3_EEEENS1_12basic_stringIcNS1_11char_traitsIcEENS4_IcEEEEb
FN:408,_ZN3rxn13NetworkParser20writeReactionSummaryERKNSt3__112basic_stringIcNS1_11char_traitsIcEENS1_9allocatorIcEEEE
FN:421,_ZN3rxn13NetworkParser20printReactionSummaryEv
FN:427,_ZN3rxn13NetworkParser18getReactionSummaryEb
FN:442,_ZN3rxn13NetworkParser24getByTypeReactionSummaryENSt3__16vectorINS_8ReactionENS1_9allocatorIS3_EEEENS2_INS1_12basic_stringIcNS1_11char_traitsIcEENS4_IcEEEENS4_ISB_EEEESD_b
FN:475,_ZN3rxn13NetworkParser21getRateBasedReactionsEv
FN:481,_ZN3rxn13NetworkParser21getXSecBasedReactionsEv
FN:487,_ZN3rxn13NetworkParser10getSpeciesEv
FN:499,_ZN3rxn13NetworkParser17getYamlByFileNameERKNSt3__112basic_stringIcNS1_11char_traitsIcEENS1_9allocatorIcEEEE
FN:510,_ZN3rxn13NetworkParser22setLatexRepresentationEv
FN:532,_ZN3rxn13NetworkParser17addArrheniusTableENSt3__16vectorINS_8ReactionENS1_9allocatorIS3_EEEES6_
FN:604,_ZN3rxn13NetworkParser24writeLatexRepresentationERKNSt3__112basic_stringIcNS1_11char_traitsIcEENS1_9allocatorIcEEEE
FNDA:0,_ZN3rxn13NetworkParser24getByTypeReactionSummaryENSt3__16vectorINS_8ReactionENS1_9allocatorIS3_EEEENS2_INS1_12basic_stringIcNS1_11char_traitsIcEENS4_IcEEEENS4_ISB_EEEESD_b
FNDA:0,_ZN3rxn13NetworkParser14parseReactionsEN4YAML4NodeERKNSt3__112basic_stringIcNS3_11char_traitsIcEENS3_9allocatorIcEEEERNS3_6vectorINS_8ReactionENS7_ISD_EEEERNSC_IS9_NS7_IS9_EEEESJ_SG_SG_SG_b
FNDA:0,_ZN3rxn13NetworkParser20printReactionSummaryEv
FNDA:0,_ZN3rxn13NetworkParser17addArrheniusTableENSt3__16vectorINS_8ReactionENS1_9allocatorIS3_EEEES6_
FNDA:3,_ZN3rxn13NetworkParser9checkFileERKNSt3__112basic_stringIcNS1_11char_traitsIcEENS1_9allocatorIcEEEE
FNDA:0,_ZN3rxn13NetworkParser22setLatexRepresentationEv
FNDA:0,_ZN3rxn13NetworkParser19writeSpeciesSummaryERKNSt3__112basic_stringIcNS1_11char_traitsIcEENS1_9allocatorIcEEEE
FNDA:0,_ZN3rxn13NetworkParser21getXSecBasedReactionsEv
FNDA:3,_ZN3rxn13NetworkParser12parseNetworkERKNSt3__112basic_stringIcNS1_11char_traitsIcEENS1_9allocatorIcEEEE
FNDA:0,_ZN3rxn13NetworkParser21getRateBasedReactionsEv
FNDA:0,_ZN3rxn13NetworkParser23getSingleSpeciesSummaryENSt3__110shared_ptrINS_7SpeciesEEEb
FNDA:0,_ZN3rxn13NetworkParser34getSpeciesDependantReactionSummaryENSt3__16vectorINS_8ReactionENS1_9allocatorIS3_EEEENS1_12basic_stringIcNS1_11char_traitsIcEENS4_IcEEEEb
FNDA:3,_ZN3rxn13NetworkParserC1Eb
FNDA:3,_ZN3rxn13NetworkParserC2Eb
FNDA:0,_ZN3rxn13NetworkParser17getYamlByFileNameERKNSt3__112basic_stringIcNS1_11char_traitsIcEENS1_9allocatorIcEEEE
FNDA:0,_ZN3rxn13NetworkParser10getSpeciesEv
FNDA:0,_ZN3rxn13NetworkParser19printSpeciesSummaryEv
FNDA:0,_ZN3rxn13NetworkParser18getReactionSummaryEb
FNDA:0,_ZN3rxn13NetworkParser20writeReactionSummaryERKNSt3__112basic_stringIcNS1_11char_traitsIcEENS1_9allocatorIcEEEE
FNDA:0,_ZN3rxn13NetworkParser24writeLatexRepresentationERKNSt3__112basic_stringIcNS1_11char_traitsIcEENS1_9allocatorIcEEEE
FNDA:0,_ZNK3rxn13NetworkParser17setLatexOverridesEN4YAML4NodeE
FNDA:0,_ZN3rxn13NetworkParser17getSpeciesSummaryEb
FNF:22
FNH:4
DA:5,9
DA:6,3
DA:7,3
DA:8,3
DA:9,6
DA:12,3
DA:15,3
DA:16,3
DA:17,0
DA:18,0
DA:19,0
DA:20,3
DA:23,0
DA:27,0
DA:28,0
DA:32,0
DA:33,0
DA:34,0
DA:35,0
DA:36,0
DA:38,0
DA:39,0
DA:42,0
DA:43,0
DA:45,0
DA:46,0
DA:47,0
DA:48,0
DA:49,0
DA:51,0
DA:53,0
DA:54,0
DA:57,3
DA:59,3
DA:60,3
DA:61,3
DA:62,0
DA:66,0
DA:67,0
DA:68,0
DA:69,0
DA:71,0
DA:72,0
DA:74,0
DA:77,0
DA:78,0
DA:80,0
DA:82,0
DA:83,0
DA:84,0
DA:86,0
DA:91,0
DA:92,0
DA:93,0
DA:95,0
DA:96,0
DA:100,0
DA:101,0
DA:102,0
DA:104,0
DA:105,0
DA:107,0
DA:108,0
DA:109,0
DA:111,0
DA:112,0
DA:113,0
DA:114,0
DA:115,0
DA:116,0
DA:117,0
DA:118,0
DA:120,0
DA:121,0
DA:122,0
DA:123,0
DA:124,0
DA:125,0
DA:126,0
DA:127,0
DA:128,0
DA:131,0
DA:133,0
DA:134,0
DA:135,0
DA:136,0
DA:137,9
DA:140,0
DA:150,0
DA:151,0
DA:153,0
DA:154,0
DA:156,0
DA:158,0
DA:163,0
DA:165,0
DA:169,0
DA:172,0
DA:174,0
DA:176,0
DA:177,0
DA:181,0
DA:182,0
DA:187,0
DA:189,0
DA:191,0
DA:192,0
DA:196,0
DA:197,0
DA:200,0
DA:202,0
DA:206,0
DA:208,0
DA:210,0
DA:211,0
DA:215,0
DA:216,0
DA:219,0
DA:221,0
DA:223,0
DA:225,0
DA:227,0
DA:228,0
DA:231,0
DA:233,0
DA:234,0
DA:239,0
DA:241,0
DA:245,0
DA:247,0
DA:248,0
DA:249,0
DA:250,0
DA:251,0
DA:252,0
DA:253,0
DA:254,0
DA:256,0
DA:258,0
DA:259,0
DA:260,0
DA:261,0
DA:262,0
DA:263,0
DA:264,0
DA:265,0
DA:266,0
DA:269,0
DA:271,0
DA:272,0
DA:275,0
DA:277,0
DA:280,0
DA:282,0
DA:283,0
DA:286,0
DA:288,0
DA:290,0
DA:291,0
DA:292,0
DA:294,0
DA:295,0
DA:296,0
DA:297,0
DA:300,0
DA:302,0
DA:304,0
DA:305,0
DA:306,0
DA:308,0
DA:309,0
DA:310,0
DA:311,0
DA:313,0
DA:315,0
DA:316,0
DA:318,0
DA:319,0
DA:322,0
DA:324,0
DA:325,0
DA:327,0
DA:328,0
DA:330,0
DA:332,0
DA:333,0
DA:334,0
DA:335,0
DA:336,0
DA:338,0
DA:339,0
DA:341,0
DA:343,0
DA:344,0
DA:345,0
DA:346,0
DA:347,0
DA:348,0
DA:349,0
DA:351,0
DA:352,0
DA:353,0
DA:354,0
DA:356,0
DA:357,0
DA:358,0
DA:359,0
DA:362,0
DA:363,0
DA:364,0
DA:365,0
DA:367,0
DA:368,0
DA:370,0
DA:372,0
DA:373,0
DA:374,0
DA:375,0
DA:377,0
DA:378,0
DA:379,0
DA:380,0
DA:382,0
DA:383,0
DA:384,0
DA:385,0
DA:387,0
DA:388,0
DA:390,0
DA:391,0
DA:394,0
DA:396,0
DA:397,0
DA:399,0
DA:400,0
DA:401,0
DA:402,0
DA:403,0
DA:404,0
DA:405,0
DA:408,0
DA:410,0
DA:411,0
DA:412,0
DA:413,0
DA:415,0
DA:416,0
DA:417,0
DA:418,0
DA:421,0
DA:423,0
DA:424,0
DA:427,0
DA:429,0
DA:430,0
DA:431,0
DA:433,0
DA:435,0
DA:436,0
DA:438,0
DA:439,0
DA:442,0
DA:447,0
DA:449,0
DA:450,0
DA:451,0
DA:453,0
DA:454,0
DA:455,0
DA:457,0
DA:459,0
DA:460,0
DA:462,0
DA:463,0
DA:464,0
DA:465,0
DA:466,0
DA:468,0
DA:470,0
DA:471,0
DA:475,0
DA:477,0
DA:481,0
DA:483,0
DA:487,0
DA:489,0
DA:491,0
DA:493,0
DA:494,0
DA:495,0
DA:496,0
DA:499,0
DA:501,0
DA:502,0
DA:503,0
DA:505,0
DA:506,0
DA:510,0
DA:512,0
DA:513,0
DA:515,0
DA:516,0
DA:517,0
DA:519,0
DA:521,0
DA:523,0
DA:524,0
DA:525,0
DA:527,0
DA:528,0
DA:529,0
DA:532,0
DA:535,0
DA:537,0
DA:538,0
DA:539,0
DA:540,0
DA:542,0
DA:545,0
DA:546,0
DA:548,0
DA:549,0
DA:551,0
DA:552,0
DA:553,0
DA:554,0
DA:556,0
DA:557,0
DA:558,0
DA:559,0
DA:560,0
DA:561,0
DA:562,0
DA:564,0
DA:565,0
DA:566,0
DA:567,0
DA:568,0
DA:569,0
DA:571,0
DA:572,0
DA:574,0
DA:576,0
DA:577,0
DA:578,0
DA:579,0
DA:580,0
DA:581,0
DA:582,0
DA:583,0
DA:584,0
DA:586,0
DA:587,0
DA:588,0
DA:589,0
DA:590,0
DA:591,0
DA:593,0
DA:594,0
DA:595,0
DA:596,0
DA:597,0
DA:599,0
DA:600,0
DA:601,0
DA:604,0
DA:607,0
DA:609,0
DA:610,0
DA:611,0
DA:612,0
LF:371
LH:14
end_of_record
TN:
SF:/Users/graysongall/projects/rxn-cpp/src/Printer.C
FN:8,_ZN3rxn10printGreenERKNSt3__112basic_stringIcNS0_11char_traitsIcEENS0_9allocatorIcEEEE
FN:14,_ZN3rxn8printRedERKNSt3__112basic_stringIcNS0_11char_traitsIcEENS0_9allocatorIcEEEE
FN:20,_ZN3rxn11printYellowERKNSt3__112basic_stringIcNS0_11char_traitsIcEENS0_9allocatorIcEEEE
FN:26,_ZN3rxn9makeGreenERKNSt3__112basic_stringIcNS0_11char_traitsIcEENS0_9allocatorIcEEEE
FN:32,_ZN3rxn10makeYellowERKNSt3__112basic_stringIcNS0_11char_traitsIcEENS0_9allocatorIcEEEE
FN:38,_ZN3rxn7makeRedERKNSt3__112basic_stringIcNS0_11char_traitsIcEENS0_9allocatorIcEEEE
FNDA:0,_ZN3rxn10printGreenERKNSt3__112basic_stringIcNS0_11char_traitsIcEENS0_9allocatorIcEEEE
FNDA:0,_ZN3rxn9makeGreenERKNSt3__112basic_stringIcNS0_11char_traitsIcEENS0_9allocatorIcEEEE
FNDA:4,_ZN3rxn7makeRedERKNSt3__112basic_stringIcNS0_11char_traitsIcEENS0_9allocatorIcEEEE
FNDA:0,_ZN3rxn10makeYellowERKNSt3__112basic_stringIcNS0_11char_traitsIcEENS0_9allocatorIcEEEE
FNDA:0,_ZN3rxn8printRedERKNSt3__112basic_stringIcNS0_11char_traitsIcEENS0_9allocatorIcEEEE
FNDA:0,_ZN3rxn11printYellowERKNSt3__112basic_stringIcNS0_11char_traitsIcEENS0_9allocatorIcEEEE
FNF:6
FNH:1
DA:8,0
DA:10,0
DA:11,0
DA:14,0
DA:16,0
DA:17,0
DA:20,0
DA:22,0
DA:23,0
DA:26,0
DA:28,0
DA:29,0
DA:32,0
DA:34,0
DA:35,0
DA:38,4
DA:40,4
DA:41,0
LF:18
LH:2
end_of_record
TN:
SF:/Users/graysongall/projects/rxn-cpp/src/Reaction.C
FN:5,_ZN3rxn8ReactionC2EN4YAML4NodeEiRKNSt3__112basic_stringIcNS3_11char_traitsIcEENS3_9allocatorIcEEEEb
FN:5,_ZN3rxn8ReactionC1EN4YAML4NodeEiRKNSt3__112basic_stringIcNS3_11char_traitsIcEENS3_9allocatorIcEEEEb
FN:199,_ZN3rxn8Reaction19checkReactionStringERKNSt3__112basic_stringIcNS1_11char_traitsIcEENS1_9allocatorIcEEEE
FN:209,_ZN3rxn8Reaction8setSidesEv
FN:289,_ZN3rxn8Reaction16validateReactionEv
FN:374,_ZNK3rxn8ReactioneqERKS0_
FN:388,_ZN3rxn8Reaction19getStoicCoeffByNameENSt3__112basic_stringIcNS1_11char_traitsIcEENS1_9allocatorIcEEEE
FN:393,_ZNK3rxn8ReactionneERKS0_
FN:399,_ZN3rxn8Reaction12setLatexNameEv
FN:448,_ZNK3rxn8Reaction22getLatexRepresentationEv
FN:454,_ZNK3rxn8Reaction12getReactantsEv
FN:463,_ZNK3rxn8Reaction11getProductsEv
FN:473,_ZNK3rxn8Reaction17getReactionNumberEv
FN:479,_ZNK3rxn8Reaction7getNameEv
FN:485,_ZNK3rxn8Reaction15getEquationTypeEv
FN:491,_ZNK3rxn8Reaction9getParamsEv
FN:497,_ZNK3rxn8Reaction13getPathToDataEv
FN:503,_ZNK3rxn8Reaction22getDeltaEnergyElectronEv
FN:509,_ZNK3rxn8Reaction17getDeltaEnergyGasEv
FN:515,_ZNK3rxn8Reaction12getReferenceEv
FN:524,_ZNK3rxn8Reaction11getDatabaseEv
FN:533,_ZNK3rxn8Reaction8getNotesEv
FN:540,_ZNKSt3__14hashIN3rxn8ReactionEEclERKS2_
FNDA:7,_ZNK3rxn8Reaction12getReactantsEv
FNDA:7,_ZNK3rxn8Reaction17getReactionNumberEv
FNDA:7,_ZNK3rxn8Reaction11getProductsEv
FNDA:0,_ZNKSt3__14hashIN3rxn8ReactionEEclERKS2_
FNDA:6,_ZNK3rxn8Reaction12getReferenceEv
FNDA:2,_ZNK3rxn8ReactionneERKS0_
FNDA:0,_ZNK3rxn8Reaction8getNotesEv
FNDA:7,_ZNK3rxn8Reaction13getPathToDataEv
FNDA:7,_ZNK3rxn8Reaction17getDeltaEnergyGasEv
FNDA:9,_ZN3rxn8Reaction12setLatexNameEv
FNDA:12,_ZN3rxn8ReactionC1EN4YAML4NodeEiRKNSt3__112basic_stringIcNS3_11char_traitsIcEENS3_9allocatorIcEEEEb
FNDA:11,_ZN3rxn8Reaction8setSidesEv
FNDA:10,_ZNK3rxn8Reaction9getParamsEv
FNDA:7,_ZNK3rxn8Reaction7getNameEv
FNDA:18,_ZN3rxn8Reaction19getStoicCoeffByNameENSt3__112basic_stringIcNS1_11char_traitsIcEENS1_9allocatorIcEEEE
FNDA:11,_ZN3rxn8Reaction16validateReactionEv
FNDA:0,_ZNK3rxn8Reaction11getDatabaseEv
FNDA:7,_ZNK3rxn8Reaction22getDeltaEnergyElectronEv
FNDA:12,_ZN3rxn8Reaction19checkReactionStringERKNSt3__112basic_stringIcNS1_11char_traitsIcEENS1_9allocatorIcEEEE
FNDA:12,_ZN3rxn8ReactionC2EN4YAML4NodeEiRKNSt3__112basic_stringIcNS3_11char_traitsIcEENS3_9allocatorIcEEEEb
FNDA:7,_ZNK3rxn8Reaction15getEquationTypeEv
FNDA:7,_ZNK3rxn8Reaction22getLatexRepresentationEv
FNDA:5,_ZNK3rxn8ReactioneqERKS0_
FNF:23
FNH:20
DA:5,60
DA:9,12
DA:10,12
DA:11,12
DA:12,12
DA:13,12
DA:16,12
DA:17,12
DA:18,12
DA:19,0
DA:20,0
DA:21,0
DA:22,0
DA:24,11
DA:26,11
DA:29,9
DA:30,9
DA:31,9
DA:34,0
DA:35,0
DA:37,0
DA:38,0
DA:40,0
DA:41,0
DA:42,0
DA:44,9
DA:46,0
DA:48,0
DA:49,0
DA:50,0
DA:51,0
DA:52,0
DA:56,9
DA:57,1
DA:58,9
DA:60,0
DA:61,8
DA:65,9
DA:66,1
DA:67,9
DA:69,0
DA:70,8
DA:75,9
DA:79,6
DA:80,0
DA:83,6
DA:84,0
DA:85,6
DA:90,6
DA:91,0
DA:93,6
DA:95,0
DA:96,6
DA:98,6
DA:99,1
DA:101,5
DA:104,6
DA:105,0
DA:106,6
DA:112,6
DA:113,6
DA:115,0
DA:116,0
DA:117,0
DA:118,0
DA:119,0
DA:120,6
DA:123,0
DA:125,0
DA:126,0
DA:130,6
DA:131,6
DA:134,6
DA:135,6
DA:136,6
DA:137,0
DA:139,0
DA:140,6
DA:141,9
DA:142,0
DA:144,0
DA:145,0
DA:146,3
DA:147,3
DA:148,3
DA:152,9
DA:154,9
DA:157,3
DA:158,3
DA:163,0
DA:164,0
DA:165,0
DA:166,0
DA:168,0
DA:170,0
DA:171,0
DA:176,3
DA:177,1
DA:178,3
DA:181,2
DA:182,2
DA:183,2
DA:184,0
DA:189,2
DA:190,8
DA:191,6
DA:192,2
DA:193,3
DA:195,9
DA:196,64
DA:199,12
DA:201,12
DA:202,2
DA:203,1
DA:205,11
DA:206,1
DA:209,11
DA:211,11
DA:212,11
DA:213,11
DA:214,11
DA:216,11
DA:217,33
DA:219,22
DA:220,22
DA:221,20
DA:224,2
DA:225,2
DA:228,49
DA:230,27
DA:231,27
DA:232,22
DA:234,5
DA:236,27
DA:237,27
DA:241,7
DA:242,7
DA:243,7
DA:244,7
DA:246,7
DA:248,20
DA:249,20
DA:250,20
DA:251,22
DA:253,33
DA:255,22
DA:256,22
DA:257,17
DA:260,5
DA:261,5
DA:264,52
DA:266,30
DA:267,30
DA:268,6
DA:270,24
DA:272,30
DA:273,30
DA:275,5
DA:276,5
DA:277,5
DA:278,5
DA:280,5
DA:282,25
DA:283,25
DA:284,25
DA:285,22
DA:286,11
DA:289,11
DA:292,11
DA:294,11
DA:297,11
DA:298,38
DA:301,27
DA:302,27
DA:303,55
DA:307,28
DA:308,12
DA:310,16
DA:312,13
DA:313,13
DA:316,3
DA:317,28
DA:319,27
DA:321,11
DA:323,11
DA:324,11
DA:325,40
DA:330,61
DA:334,31
DA:335,12
DA:336,19
DA:338,19
DA:339,1
DA:341,18
DA:343,12
DA:344,12
DA:347,6
DA:348,31
DA:350,29
DA:351,29
DA:352,30
DA:355,22
DA:356,12
DA:357,0
DA:358,0
DA:359,0
DA:360,12
DA:362,10
DA:363,10
DA:364,10
DA:365,1
DA:366,9
DA:367,0
DA:369,9
DA:370,0
DA:371,12
DA:374,5
DA:376,5
DA:377,0
DA:379,5
DA:380,0
DA:382,5
DA:383,0
DA:385,5
DA:386,5
DA:388,18
DA:390,18
DA:393,2
DA:395,2
DA:399,9
DA:403,9
DA:404,32
DA:407,23
DA:409,23
DA:410,5
DA:412,18
DA:414,18
DA:415,18
DA:416,2
DA:418,18
DA:419,18
DA:420,9
DA:421,18
DA:424,9
DA:425,9
DA:427,36
DA:430,27
DA:432,27
DA:433,8
DA:435,19
DA:437,19
DA:438,19
DA:439,5
DA:441,19
DA:442,19
DA:443,10
DA:444,19
DA:445,9
DA:448,7
DA:450,7
DA:454,7
DA:456,7
DA:457,26
DA:458,19
DA:459,7
DA:460,7
DA:463,7
DA:465,7
DA:466,30
DA:467,23
DA:469,7
DA:470,7
DA:473,7
DA:475,7
DA:479,7
DA:481,7
DA:485,7
DA:487,7
DA:491,10
DA:493,10
DA:497,7
DA:499,7
DA:503,7
DA:505,7
DA:509,7
DA:511,7
DA:515,6
DA:517,6
DA:518,12
DA:519,6
DA:520,6
DA:521,6
DA:524,0
DA:526,0
DA:527,0
DA:529,0
DA:530,0
DA:533,0
DA:535,0
DA:540,0
DA:542,0
DA:544,0
DA:546,0
DA:547,0
DA:548,0
DA:553,0
LF:306
LH:239
end_of_record
TN:
SF:/Users/graysongall/projects/rxn-cpp/src/Species.C
FN:7,_ZN3rxn7SpeciesC2ERKNSt3__112basic_stringIcNS1_11char_traitsIcEENS1_9allocatorIcEEEE
FN:7,_ZN3rxn7SpeciesC1ERKNSt3__112basic_stringIcNS1_11char_traitsIcEENS1_9allocatorIcEEEE
FN:17,_ZN3rxn7Species16decomposeSpeciesEv
FN:30,_ZN3rxn7Species7setMassEv
FN:39,_ZN3rxn7Species15setChargeNumberEv
FN:49,_ZN3rxn7Species12setLatexNameEv
FN:58,_ZN3rxnlsERNSt3__113basic_ostreamIcNS0_11char_traitsIcEEEERKNS_7SpeciesE
FN:65,_ZNK3rxn7SpecieseqERKS0_
FN:88,_ZNK3rxn7SpeciesneERKS0_
FN:95,_ZNK3rxn7Species20getRateBasedBalancedEv
FN:101,_ZNK3rxn7Species20getXSecBasedBalancedEv
FN:107,_ZNK3rxn7Species19getRateBasedSourcesEv
FN:113,_ZNK3rxn7Species19getXSecBasedSourcesEv
FN:119,_ZNK3rxn7Species17getRateBasedSinksEv
FN:125,_ZNK3rxn7Species17getXSecBasedSinksEv
FN:131,_ZNK3rxn7Species13getSubSpeciesEv
FN:139,_ZNKSt3__14hashIN3rxn7SpeciesEEclERKS2_
FNDA:0,_ZNKSt3__14hashIN3rxn7SpeciesEEclERKS2_
FNDA:0,_ZNK3rxn7Species17getRateBasedSinksEv
FNDA:0,_ZNK3rxn7Species20getXSecBasedBalancedEv
FNDA:50,_ZN3rxn7Species16decomposeSpeciesEv
FNDA:0,_ZN3rxnlsERNSt3__113basic_ostreamIcNS0_11char_traitsIcEEEERKNS_7SpeciesE
FNDA:50,_ZN3rxn7SpeciesC2ERKNSt3__112basic_stringIcNS1_11char_traitsIcEENS1_9allocatorIcEEEE
FNDA:209,_ZNK3rxn7Species13getSubSpeciesEv
FNDA:50,_ZN3rxn7Species12setLatexNameEv
FNDA:50,_ZN3rxn7Species15setChargeNumberEv
FNDA:0,_ZNK3rxn7Species17getXSecBasedSinksEv
FNDA:50,_ZN3rxn7Species7setMassEv
FNDA:48,_ZNK3rxn7SpecieseqERKS0_
FNDA:0,_ZNK3rxn7Species20getRateBasedBalancedEv
FNDA:50,_ZN3rxn7SpeciesC1ERKNSt3__112basic_stringIcNS1_11char_traitsIcEENS1_9allocatorIcEEEE
FNDA:0,_ZNK3rxn7Species19getRateBasedSourcesEv
FNDA:1,_ZNK3rxn7SpeciesneERKS0_
FNDA:0,_ZNK3rxn7Species19getXSecBasedSourcesEv
FNF:17
FNH:9
DA:7,100
DA:8,50
DA:9,50
DA:10,100
DA:11,50
DA:12,50
DA:13,50
DA:14,100
DA:17,50
DA:19,50
DA:21,50
DA:23,107
DA:24,57
DA:26,50
DA:27,50
DA:30,50
DA:32,50
DA:33,107
DA:34,57
DA:35,50
DA:36,50
DA:39,50
DA:41,50
DA:42,107
DA:43,57
DA:44,50
DA:45,50
DA:49,50
DA:51,50
DA:52,107
DA:53,57
DA:54,50
DA:55,50
DA:58,0
DA:60,0
DA:61,0
DA:65,48
DA:67,48
DA:68,0
DA:70,48
DA:71,0
DA:73,48
DA:74,0
DA:76,48
DA:77,2
DA:79,94
DA:81,48
DA:82,0
DA:83,48
DA:84,46
DA:85,48
DA:88,1
DA:90,1
DA:95,0
DA:97,0
DA:101,0
DA:103,0
DA:107,0
DA:109,0
DA:113,0
DA:115,0
DA:119,0
DA:121,0
DA:125,0
DA:127,0
DA:131,209
DA:133,209
DA:139,0
DA:141,0
DA:143,0
DA:145,0
DA:146,0
DA:148,0
DA:149,0
DA:150,0
DA:153,0
DA:154,0
LF:77
LH:48
end_of_record
TN:
SF:/Users/graysongall/projects/rxn-cpp/src/SpeciesBase.C
FN:5,_ZN3rxn11SpeciesBaseC2ERKNSt3__112basic_stringIcNS1_11char_traitsIcEENS1_9allocatorIcEEEE
FN:13,_ZN3rxnlsERNSt3__113basic_ostreamIcNS0_11char_traitsIcEEEERKNS_11SpeciesBaseE
FN:20,_ZN3rxn11SpeciesBase9checkNameERKNSt3__112basic_stringIcNS1_11char_traitsIcEENS1_9allocatorIcEEEE
FN:36,_ZNK3rxn11SpeciesBaseeqERKS0_
FN:43,_ZNK3rxn11SpeciesBaseneERKS0_
FN:49,_ZNK3rxn11SpeciesBase7getNameEv
FN:55,_ZNK3rxn11SpeciesBase7getMassEv
FN:61,_ZNK3rxn11SpeciesBase15getChargeNumberEv
FN:67,_ZNK3rxn11SpeciesBase9getChargeEv
FN:73,_ZNK3rxn11SpeciesBase22getLatexRepresentationEv
FN:80,_ZNKSt3__14hashIN3rxn11SpeciesBaseEEclERKS2_
FNDA:146,_ZNK3rxn11SpeciesBase22getLatexRepresentationEv
FNDA:130,_ZN3rxn11SpeciesBase9checkNameERKNSt3__112basic_stringIcNS1_11char_traitsIcEENS1_9allocatorIcEEEE
FNDA:52,_ZNK3rxn11SpeciesBase9getChargeEv
FNDA:54,_ZNK3rxn11SpeciesBaseneERKS0_
FNDA:54,_ZNK3rxn11SpeciesBaseeqERKS0_
FNDA:0,_ZN3rxnlsERNSt3__113basic_ostreamIcNS0_11char_traitsIcEEEERKNS_11SpeciesBaseE
FNDA:165,_ZNK3rxn11SpeciesBase15getChargeNumberEv
FNDA:165,_ZNK3rxn11SpeciesBase7getMassEv
FNDA:0,_ZNKSt3__14hashIN3rxn11SpeciesBaseEEclERKS2_
FNDA:130,_ZN3rxn11SpeciesBaseC2ERKNSt3__112basic_stringIcNS1_11char_traitsIcEENS1_9allocatorIcEEEE
FNDA:106,_ZNK3rxn11SpeciesBase7getNameEv
FNF:11
FNH:9
DA:5,260
DA:6,130
DA:7,130
DA:8,130
DA:13,0
DA:15,0
DA:16,0
DA:17,0
DA:20,130
DA:22,130
DA:23,2
DA:25,129
DA:27,33
DA:29,1
DA:31,32
DA:32,128
DA:33,1
DA:36,54
DA:38,54
DA:43,54
DA:45,54
DA:49,106
DA:51,106
DA:55,165
DA:57,165
DA:61,165
DA:63,165
DA:67,52
DA:69,52
DA:73,146
DA:75,146
DA:80,0
DA:83,0
LF:33
LH:27
end_of_record
TN:
SF:/Users/graysongall/projects/rxn-cpp/src/StringHelper.C
FN:0,__cxx_global_var_init
FN:8,_ZN3rxn5ltrimERNSt3__112basic_stringIcNS0_11char_traitsIcEENS0_9allocatorIcEEEE
FN:15,_ZN3rxn5rtrimERNSt3__112basic_stringIcNS0_11char_traitsIcEENS0_9allocatorIcEEEE
FN:22,_ZN3rxn4trimERNSt3__112basic_stringIcNS0_11char_traitsIcEENS0_9allocatorIcEEEE
FN:29,_ZN3rxn16splitByDelimiterERKNSt3__112basic_stringIcNS0_11char_traitsIcEENS0_9allocatorIcEEEES6_
FN:52,_ZN3rxn16findFirstCapitalERKNSt3__112basic_stringIcNS0_11char_traitsIcEENS0_9allocatorIcEEEE
FN:65,_ZN3rxn16findFirstSpecialERKNSt3__112basic_stringIcNS0_11char_traitsIcEENS0_9allocatorIcEEEE
FN:78,_ZN3rxn18findFirstNonLetterERKNSt3__112basic_stringIcNS0_11char_traitsIcEENS0_9allocatorIcEEEE
FN:89,_ZN3rxn15findFirstLetterERKNSt3__112basic_stringIcNS0_11char_traitsIcEENS0_9allocatorIcEEEE
FN:100,_ZN3rxn18findFirstNonNumberERKNSt3__112basic_stringIcNS0_11char_traitsIcEENS0_9allocatorIcEEEE
FN:111,_ZN3rxn19findFirstNonSpecialERKNSt3__112basic_stringIcNS0_11char_traitsIcEENS0_9allocatorIcEEEE
FN:122,_ZN3rxn14splitByCapitalERKNSt3__112basic_stringIcNS0_11char_traitsIcEENS0_9allocatorIcEEEE
FN:163,_ZN3rxn17format_scientificEf
FNDA:114,_ZN3rxn18findFirstNonLetterERKNSt3__112basic_stringIcNS0_11char_traitsIcEENS0_9allocatorIcEEEE
FNDA:44,_ZN3rxn15findFirstLetterERKNSt3__112basic_stringIcNS0_11char_traitsIcEENS0_9allocatorIcEEEE
FNDA:474,_ZN3rxn5ltrimERNSt3__112basic_stringIcNS0_11char_traitsIcEENS0_9allocatorIcEEEE
FNDA:474,_ZN3rxn5rtrimERNSt3__112basic_stringIcNS0_11char_traitsIcEENS0_9allocatorIcEEEE
FNDA:474,_ZN3rxn4trimERNSt3__112basic_stringIcNS0_11char_traitsIcEENS0_9allocatorIcEEEE
FNDA:55,_ZN3rxn18findFirstNonNumberERKNSt3__112basic_stringIcNS0_11char_traitsIcEENS0_9allocatorIcEEEE
FNDA:148,_ZN3rxn16findFirstCapitalERKNSt3__112basic_stringIcNS0_11char_traitsIcEENS0_9allocatorIcEEEE
FNDA:50,_ZN3rxn14splitByCapitalERKNSt3__112basic_stringIcNS0_11char_traitsIcEENS0_9allocatorIcEEEE
FNDA:29,_ZN3rxn19findFirstNonSpecialERKNSt3__112basic_stringIcNS0_11char_traitsIcEENS0_9allocatorIcEEEE
FNDA:1,__cxx_global_var_init
FNDA:29,_ZN3rxn16findFirstSpecialERKNSt3__112basic_stringIcNS0_11char_traitsIcEENS0_9allocatorIcEEEE
FNDA:0,_ZN3rxn17format_scientificEf
FNDA:93,_ZN3rxn16splitByDelimiterERKNSt3__112basic_stringIcNS0_11char_traitsIcEENS0_9allocatorIcEEEES6_
FNF:13
FNH:12
DA:5,1
DA:8,474
DA:10,474
DA:11,474
DA:12,474
DA:15,474
DA:17,474
DA:18,474
DA:19,474
DA:22,474
DA:24,474
DA:25,474
DA:26,474
DA:29,93
DA:31,93
DA:32,93
DA:34,93
DA:36,186
DA:38,93
DA:39,93
DA:40,93
DA:41,93
DA:42,93
DA:45,93
DA:46,93
DA:48,93
DA:49,93
DA:52,148
DA:54,341
DA:56,295
DA:58,102
DA:60,193
DA:61,46
DA:62,148
DA:65,29
DA:67,29
DA:69,29
DA:70,0
DA:72,29
DA:74,0
DA:75,29
DA:78,114
DA:80,348
DA:82,310
DA:83,76
DA:84,234
DA:85,38
DA:86,114
DA:89,44
DA:91,51
DA:93,51
DA:94,44
DA:95,7
DA:96,0
DA:97,44
DA:100,55
DA:102,134
DA:104,117
DA:105,38
DA:106,79
DA:107,17
DA:108,55
DA:111,29
DA:113,58
DA:115,46
DA:116,17
DA:117,29
DA:118,12
DA:119,29
DA:122,50
DA:124,50
DA:126,50
DA:129,50
DA:131,12
DA:135,38
DA:137,4
DA:140,34
DA:142,34
DA:144,75
DA:147,41
DA:149,41
DA:150,41
DA:153,41
DA:155,7
DA:156,7
DA:157,34
DA:159,34
DA:160,50
DA:163,0
DA:165,0
DA:167,0
DA:169,0
DA:172,0
DA:174,0
DA:177,0
DA:180,0
LF:96
LH:85
end_of_record
TN:
SF:/Users/graysongall/projects/rxn-cpp/src/SubSpecies.C
FN:6,_ZN3rxn10SubSpeciesC2ERKNSt3__112basic_stringIcNS1_11char_traitsIcEENS1_9allocatorIcEEEE
FN:6,_ZN3rxn10SubSpeciesC1ERKNSt3__112basic_stringIcNS1_11char_traitsIcEENS1_9allocatorIcEEEE
FN:18,_ZN3rxn10SubSpecies7setBaseEv
FN:50,_ZN3rxn10SubSpecies11setModifierEv
FN:67,_ZN3rxn10SubSpecies12setSubscriptEv
FN:87,_ZN3rxn10SubSpecies15setChargeNumberEv
FN:173,_ZN3rxn10SubSpecies7setMassEv
FN:188,_ZN3rxn10SubSpecies12setLatexNameEv
FN:263,_ZN3rxnlsERNSt3__113basic_ostreamIcNS0_11char_traitsIcEEEERKNS_10SubSpeciesE
FN:270,_ZNK3rxn10SubSpecieseqERKS0_
FN:298,_ZNK3rxn10SubSpeciesneERKS0_
FN:304,_ZNK3rxn10SubSpecies7getBaseEv
FN:310,_ZNK3rxn10SubSpecies11getModifierEv
FN:316,_ZNK3rxn10SubSpecies12getSubscriptEv
FN:323,_ZNKSt3__14hashIN3rxn10SubSpeciesEEclERKS2_
FNDA:78,_ZN3rxn10SubSpecies15setChargeNumberEv
FNDA:253,_ZNK3rxn10SubSpecies7getBaseEv
FNDA:78,_ZN3rxn10SubSpecies12setSubscriptEv
FNDA:78,_ZN3rxn10SubSpecies11setModifierEv
FNDA:54,_ZNK3rxn10SubSpecieseqERKS0_
FNDA:49,_ZNK3rxn10SubSpeciesneERKS0_
FNDA:80,_ZN3rxn10SubSpeciesC1ERKNSt3__112basic_stringIcNS1_11char_traitsIcEENS1_9allocatorIcEEEE
FNDA:0,_ZN3rxnlsERNSt3__113basic_ostreamIcNS0_11char_traitsIcEEEERKNS_10SubSpeciesE
FNDA:78,_ZN3rxn10SubSpeciesC2ERKNSt3__112basic_stringIcNS1_11char_traitsIcEENS1_9allocatorIcEEEE
FNDA:78,_ZN3rxn10SubSpecies7setMassEv
FNDA:0,_ZNKSt3__14hashIN3rxn10SubSpeciesEEclERKS2_
FNDA:70,_ZNK3rxn10SubSpecies12getSubscriptEv
FNDA:36,_ZNK3rxn10SubSpecies11getModifierEv
FNDA:78,_ZN3rxn10SubSpecies12setLatexNameEv
FNDA:78,_ZN3rxn10SubSpecies7setBaseEv
FNF:15
FNH:13
DA:6,158
DA:7,78
DA:8,78
DA:9,78
DA:10,78
DA:11,158
DA:12,78
DA:13,78
DA:14,78
DA:15,158
DA:18,78
DA:20,78
DA:21,2
DA:23,76
DA:24,19
DA:26,57
DA:28,57
DA:29,0
DA:32,57
DA:33,0
DA:34,0
DA:39,57
DA:41,57
DA:42,19
DA:44,57
DA:46,57
DA:47,135
DA:50,78
DA:52,78
DA:53,2
DA:55,76
DA:56,19
DA:58,57
DA:60,57
DA:61,19
DA:63,38
DA:64,78
DA:67,78
DA:70,78
DA:71,40
DA:73,38
DA:75,38
DA:76,9
DA:79,38
DA:80,12
DA:83,26
DA:84,78
DA:87,78
DA:89,78
DA:91,19
DA:92,19
DA:96,59
DA:98,21
DA:99,21
DA:103,38
DA:104,38
DA:106,26
DA:107,26
DA:108,26
DA:109,26
DA:111,12
DA:114,38
DA:116,9
DA:117,9
DA:121,29
DA:122,0
DA:123,0
DA:124,0
DA:127,29
DA:129,1
DA:130,1
DA:134,28
DA:136,28
DA:137,12
DA:139,16
DA:141,28
DA:143,11
DA:144,11
DA:149,17
DA:152,17
DA:155,17
DA:156,8
DA:158,17
DA:160,17
DA:162,0
DA:163,0
DA:167,17
DA:169,17
DA:170,78
DA:173,78
DA:175,78
DA:177,78
DA:179,19
DA:180,19
DA:183,59
DA:184,59
DA:185,78
DA:188,78
DA:190,78
DA:192,78
DA:194,0
DA:195,0
DA:198,78
DA:200,2
DA:201,2
DA:204,76
DA:206,38
DA:207,38
DA:210,38
DA:212,38
DA:214,38
DA:216,26
DA:217,26
DA:218,26
DA:220,38
DA:223,28
DA:225,28
DA:227,12
DA:228,12
DA:229,12
DA:233,16
DA:234,16
DA:238,28
DA:239,11
DA:241,28
DA:243,17
DA:244,17
DA:245,17
DA:246,28
DA:248,38
DA:250,28
DA:251,28
DA:254,10
DA:256,10
DA:257,10
DA:259,10
DA:260,78
DA:263,0
DA:265,0
DA:266,0
DA:270,54
DA:273,54
DA:274,2
DA:276,52
DA:277,0
DA:279,52
DA:280,0
DA:282,52
DA:283,0
DA:285,52
DA:286,0
DA:288,52
DA:289,0
DA:291,52
DA:292,0
DA:294,52
DA:295,54
DA:298,49
DA:300,49
DA:304,253
DA:306,253
DA:310,36
DA:312,36
DA:316,70
DA:318,70
DA:323,0
DA:325,0
DA:327,0
DA:329,0
DA:330,0
DA:331,0
DA:332,0
DA:333,0
DA:334,0
DA:335,0
DA:336,0
DA:338,0
LF:177
LH:146
end_of_record
