TN:
SF:/Users/graysongall/projects/rxn-cpp/src/BibTexHelper.C
FN:16,_ZN3rxn12BibTexHelper11getInstanceEv
FN:26,_ZN3rxn12BibTexHelper5clearEv
FN:32,_ZN3rxn12BibTexHelper17collectReferencesERKNSt3__112basic_stringIcNS1_11char_traitsIcEENS1_9allocatorIcEEEE
FN:72,_ZN3rxn12BibTexHelper12checkCiteKeyERKNSt3__112basic_stringIcNS1_11char_traitsIcEENS1_9allocatorIcEEEES9_
FNDA:7,_ZN3rxn12BibTexHelper5clearEv
FNDA:4,_ZN3rxn12BibTexHelper12checkCiteKeyERKNSt3__112basic_stringIcNS1_11char_traitsIcEENS1_9allocatorIcEEEES9_
FNDA:5,_ZN3rxn12BibTexHelper17collectReferencesERKNSt3__112basic_stringIcNS1_11char_traitsIcEENS1_9allocatorIcEEEE
FNDA:7,_ZN3rxn12BibTexHelper11getInstanceEv
FNF:4
FNH:4
DA:16,7
DA:19,7
DA:20,1
DA:21,1
DA:22,7
DA:23,0
DA:26,7
DA:28,7
DA:29,7
DA:32,5
DA:34,5
DA:35,5
DA:36,5
DA:38,1
DA:41,4
DA:42,4
DA:43,4
DA:44,56
DA:46,54
DA:48,54
DA:50,54
DA:53,7
DA:54,7
DA:55,1
DA:56,6
DA:59,6
DA:61,6
DA:62,1
DA:64,5
DA:65,6
DA:67,2
DA:68,2
DA:69,8
DA:72,4
DA:74,4
DA:76,4
DA:78,1
DA:81,3
DA:83,3
DA:85,2
DA:87,7
LF:41
LH:40
end_of_record
TN:
SF:/Users/graysongall/projects/rxn-cpp/src/Constants.C
FN:0,__cxx_global_var_init.31
FN:0,__cxx_global_var_init.11
FN:0,__cxx_global_var_init.23
FN:0,__cxx_global_var_init.43
FN:0,__cxx_global_var_init.14
FN:0,__cxx_global_var_init.45
FN:0,__cxx_global_var_init.29
FN:0,__cxx_global_var_init.26
FN:0,__cxx_global_var_init.48
FN:0,__cxx_global_var_init.3
FN:0,__cxx_global_var_init.9
FN:0,__cxx_global_var_init.1
FN:0,__cxx_global_var_init.5
FN:0,__cxx_global_var_init.28
FN:0,__cxx_global_var_init.46
FN:0,__cxx_global_var_init.18
FN:0,__cxx_global_var_init.16
FN:0,__cxx_global_var_init.19
FN:0,__cxx_global_var_init.39
FN:0,__cxx_global_var_init.24
FN:0,__cxx_global_var_init.41
FN:0,__cxx_global_var_init.33
FN:0,__cxx_global_var_init
FN:0,__cxx_global_var_init.13
FN:0,__cxx_global_var_init.7
FN:0,__cxx_global_var_init.37
FN:0,__cxx_global_var_init.21
FN:0,__cxx_global_var_init.35
FNDA:1,__cxx_global_var_init.18
FNDA:1,__cxx_global_var_init.16
FNDA:1,__cxx_global_var_init.19
FNDA:1,__cxx_global_var_init.39
FNDA:1,__cxx_global_var_init.41
FNDA:1,__cxx_global_var_init.24
FNDA:1,__cxx_global_var_init.7
FNDA:1,__cxx_global_var_init.21
FNDA:1,__cxx_global_var_init.37
FNDA:1,__cxx_global_var_init.35
FNDA:1,__cxx_global_var_init
FNDA:1,__cxx_global_var_init.33
FNDA:1,__cxx_global_var_init.13
FNDA:1,__cxx_global_var_init.23
FNDA:1,__cxx_global_var_init.31
FNDA:1,__cxx_global_var_init.11
FNDA:1,__cxx_global_var_init.14
FNDA:1,__cxx_global_var_init.45
FNDA:1,__cxx_global_var_init.29
FNDA:1,__cxx_global_var_init.43
FNDA:1,__cxx_global_var_init.48
FNDA:1,__cxx_global_var_init.3
FNDA:1,__cxx_global_var_init.9
FNDA:1,__cxx_global_var_init.1
FNDA:1,__cxx_global_var_init.26
FNDA:1,__cxx_global_var_init.46
FNDA:1,__cxx_global_var_init.5
FNDA:1,__cxx_global_var_init.28
FNF:28
FNH:28
DA:9,1
DA:10,1
DA:11,1
DA:12,1
DA:13,1
DA:14,1
DA:15,1
DA:16,1
DA:18,1
DA:19,1
DA:20,1
DA:22,1
DA:23,1
DA:24,1
DA:26,1
DA:27,1
DA:28,1
DA:30,1
DA:31,1
DA:32,1
DA:33,1
DA:34,1
DA:35,1
DA:36,1
DA:37,1
DA:39,1
DA:42,1
DA:43,1
LF:28
LH:28
end_of_record
TN:
SF:/Users/graysongall/projects/rxn-cpp/src/InvalidInput.C
FN:8,_ZN3rxn14InvalidSpeciesC2ERKNSt3__112basic_stringIcNS1_11char_traitsIcEENS1_9allocatorIcEEEES9_
FN:8,_ZN3rxn14InvalidSpeciesC1ERKNSt3__112basic_stringIcNS1_11char_traitsIcEENS1_9allocatorIcEEEES9_
FN:14,_ZNK3rxn14InvalidSpecies4whatEv
FN:19,_ZN3rxn15InvalidReactionC2ERKNSt3__112basic_stringIcNS1_11char_traitsIcEENS1_9allocatorIcEEEES9_
FN:19,_ZN3rxn15InvalidReactionC1ERKNSt3__112basic_stringIcNS1_11char_traitsIcEENS1_9allocatorIcEEEES9_
FN:25,_ZNK3rxn15InvalidReaction4whatEv
FN:30,_ZN3rxn12InvalidInputC2ERKNSt3__112basic_stringIcNS1_11char_traitsIcEENS1_9allocatorIcEEEE
FN:30,_ZN3rxn12InvalidInputC1ERKNSt3__112basic_stringIcNS1_11char_traitsIcEENS1_9allocatorIcEEEE
FN:35,_ZN3rxn12InvalidInputC2ERKN4YAML4NodeERKNSt3__112basic_stringIcNS5_11char_traitsIcEENS5_9allocatorIcEEEE
FN:35,_ZN3rxn12InvalidInputC1ERKN4YAML4NodeERKNSt3__112basic_stringIcNS5_11char_traitsIcEENS5_9allocatorIcEEEE
FN:43,_ZN3rxn12InvalidInputC1ERKN4YAML4NodeERKNSt3__112basic_stringIcNS5_11char_traitsIcEENS5_9allocatorIcEEEESD_
FN:43,_ZN3rxn12InvalidInputC2ERKN4YAML4NodeERKNSt3__112basic_stringIcNS5_11char_traitsIcEENS5_9allocatorIcEEEESD_
FN:52,_ZNK3rxn12InvalidInput4whatEv
FN:57,_ZN3rxn16InvalidInputExitERKNSt3__112basic_stringIcNS0_11char_traitsIcEENS0_9allocatorIcEEEE
FN:67,_ZN3rxn16InvalidInputExitEN4YAML4NodeERKNSt3__112basic_stringIcNS2_11char_traitsIcEENS2_9allocatorIcEEEE
FN:81,_ZN3rxn16InvalidInputExitEN4YAML4NodeERKNSt3__112basic_stringIcNS2_11char_traitsIcEENS2_9allocatorIcEEEESA_
FNDA:1,_ZNK3rxn14InvalidSpecies4whatEv
FNDA:0,_ZN3rxn16InvalidInputExitEN4YAML4NodeERKNSt3__112basic_stringIcNS2_11char_traitsIcEENS2_9allocatorIcEEEESA_
FNDA:0,_ZN3rxn12InvalidInputC1ERKN4YAML4NodeERKNSt3__112basic_stringIcNS5_11char_traitsIcEENS5_9allocatorIcEEEESD_
FNDA:0,_ZNK3rxn12InvalidInput4whatEv
FNDA:0,_ZN3rxn16InvalidInputExitEN4YAML4NodeERKNSt3__112basic_stringIcNS2_11char_traitsIcEENS2_9allocatorIcEEEE
FNDA:4,_ZN3rxn12InvalidInputC2ERKN4YAML4NodeERKNSt3__112basic_stringIcNS5_11char_traitsIcEENS5_9allocatorIcEEEE
FNDA:0,_ZN3rxn12InvalidInputC2ERKNSt3__112basic_stringIcNS1_11char_traitsIcEENS1_9allocatorIcEEEE
FNDA:4,_ZN3rxn12InvalidInputC1ERKN4YAML4NodeERKNSt3__112basic_stringIcNS5_11char_traitsIcEENS5_9allocatorIcEEEE
FNDA:9,_ZN3rxn15InvalidReactionC2ERKNSt3__112basic_stringIcNS1_11char_traitsIcEENS1_9allocatorIcEEEES9_
FNDA:0,_ZN3rxn12InvalidInputC1ERKNSt3__112basic_stringIcNS1_11char_traitsIcEENS1_9allocatorIcEEEE
FNDA:0,_ZNK3rxn15InvalidReaction4whatEv
FNDA:0,_ZN3rxn12InvalidInputC2ERKN4YAML4NodeERKNSt3__112basic_stringIcNS5_11char_traitsIcEENS5_9allocatorIcEEEESD_
FNDA:5,_ZN3rxn14InvalidSpeciesC1ERKNSt3__112basic_stringIcNS1_11char_traitsIcEENS1_9allocatorIcEEEES9_
FNDA:5,_ZN3rxn14InvalidSpeciesC2ERKNSt3__112basic_stringIcNS1_11char_traitsIcEENS1_9allocatorIcEEEES9_
FNDA:2,_ZN3rxn16InvalidInputExitERKNSt3__112basic_stringIcNS0_11char_traitsIcEENS0_9allocatorIcEEEE
FNDA:9,_ZN3rxn15InvalidReactionC1ERKNSt3__112basic_stringIcNS1_11char_traitsIcEENS1_9allocatorIcEEEES9_
FNF:16
FNH:8
DA:8,15
DA:9,10
DA:10,5
DA:11,10
DA:14,1
DA:16,1
DA:19,27
DA:20,18
DA:21,9
DA:22,18
DA:25,0
DA:27,0
DA:30,0
DA:31,0
DA:32,0
DA:33,0
DA:35,12
DA:36,8
DA:37,4
DA:38,4
DA:40,4
DA:41,8
DA:43,0
DA:44,0
DA:45,0
DA:46,0
DA:48,0
DA:49,0
DA:52,0
DA:54,0
DA:57,2
DA:59,2
DA:61,2
DA:65,0
DA:67,0
DA:69,0
DA:70,0
DA:72,0
DA:74,0
DA:78,0
DA:81,0
DA:83,0
DA:84,0
DA:86,0
DA:88,0
DA:92,0
LF:46
LH:19
end_of_record
TN:
SF:/Users/graysongall/projects/rxn-cpp/src/NetworkParser.C
FN:0,__cxx_global_var_init.18
FN:0,__cxx_global_var_init.16
FN:0,__cxx_global_var_init.39
FN:0,__cxx_global_var_init.41
FN:0,__cxx_global_var_init.24
FN:0,__cxx_global_var_init.19
FN:0,__cxx_global_var_init.13
FN:0,__cxx_global_var_init.33
FN:0,__cxx_global_var_init
FN:0,__cxx_global_var_init.35
FN:0,__cxx_global_var_init.37
FN:0,__cxx_global_var_init.7
FN:0,__cxx_global_var_init.21
FN:0,__cxx_global_var_init.11
FN:0,__cxx_global_var_init.31
FN:0,__cxx_global_var_init.23
FN:0,__cxx_global_var_init.43
FN:0,__cxx_global_var_init.29
FN:0,__cxx_global_var_init.14
FN:0,__cxx_global_var_init.45
FN:0,__cxx_global_var_init.26
FN:0,__cxx_global_var_init.1
FN:0,__cxx_global_var_init.3
FN:0,__cxx_global_var_init.48
FN:0,__cxx_global_var_init.9
FN:0,__cxx_global_var_init.28
FN:0,__cxx_global_var_init.5
FN:0,__cxx_global_var_init.46
FN:21,_ZN3rxn13NetworkParser11getInstanceEv
FN:31,_ZN3rxn13NetworkParser5clearEv
FN:41,_ZN3rxn13NetworkParser9checkRefsEv
FN:47,_ZNK3rxn13NetworkParser9checkFileERKNSt3__112basic_stringIcNS1_11char_traitsIcEENS1_9allocatorIcEEEE
FN:62,_ZN3rxn13NetworkParser12checkBibFileERKNSt3__112basic_stringIcNS1_11char_traitsIcEENS1_9allocatorIcEEEE
FN:80,_ZN3rxn13NetworkParser14parseReactionsERKN4YAML4NodeEPNSt3__16vectorINS5_10shared_ptrIKNS_8ReactionEEENS5_9allocatorISA_EEEERKNS5_12basic_stringIcNS5_11char_traitsIcEENSB_IcEEEESL_SL_
FN:122,_ZN3rxn13NetworkParser12parseNetworkERKNSt3__112basic_stringIcNS1_11char_traitsIcEENS1_9allocatorIcEEEE
FN:187,_ZN3rxn13NetworkParser15writeLatexTableERKNSt3__112basic_stringIcNS1_11char_traitsIcEENS1_9allocatorIcEEEE
FN:261,_ZN3rxn13NetworkParser11tableHelperERNSt3__112basic_stringIcNS1_11char_traitsIcEENS1_9allocatorIcEEEERKNS1_6vectorINS1_10shared_ptrIKNS_8ReactionEEENS5_ISD_EEEERjSI_RNS1_3mapIS7_jNS1_4lessIS7_EENS5_INS1_4pairIKS7_jEEEEEERNSJ_IjS7_NSK_IjEENS5_INSM_IKjS7_EEEEEERNS9_IS7_NS5_IS7_EEEE
FN:352,_ZN3rxn13NetworkParser19writeSpeciesSummaryERKNSt3__112basic_stringIcNS1_11char_traitsIcEENS1_9allocatorIcEEEE
FNDA:1,__cxx_global_var_init.31
FNDA:1,__cxx_global_var_init.11
FNDA:1,_ZN3rxn13NetworkParser12parseNetworkERKNSt3__112basic_stringIcNS1_11char_traitsIcEENS1_9allocatorIcEEEE
FNDA:1,__cxx_global_var_init.23
FNDA:1,__cxx_global_var_init.43
FNDA:1,__cxx_global_var_init.45
FNDA:1,__cxx_global_var_init.14
FNDA:4,_ZN3rxn13NetworkParser11getInstanceEv
FNDA:0,_ZN3rxn13NetworkParser12checkBibFileERKNSt3__112basic_stringIcNS1_11char_traitsIcEENS1_9allocatorIcEEEE
FNDA:1,__cxx_global_var_init.29
FNDA:1,__cxx_global_var_init.26
FNDA:3,_ZNK3rxn13NetworkParser9checkFileERKNSt3__112basic_stringIcNS1_11char_traitsIcEENS1_9allocatorIcEEEE
FNDA:1,__cxx_global_var_init.9
FNDA:1,__cxx_global_var_init.48
FNDA:1,__cxx_global_var_init.3
FNDA:1,__cxx_global_var_init.1
FNDA:1,__cxx_global_var_init.5
FNDA:1,__cxx_global_var_init.28
FNDA:0,_ZN3rxn13NetworkParser15writeLatexTableERKNSt3__112basic_stringIcNS1_11char_traitsIcEENS1_9allocatorIcEEEE
FNDA:1,__cxx_global_var_init.46
FNDA:0,_ZN3rxn13NetworkParser11tableHelperERNSt3__112basic_stringIcNS1_11char_traitsIcEENS1_9allocatorIcEEEERKNS1_6vectorINS1_10shared_ptrIKNS_8ReactionEEENS5_ISD_EEEERjSI_RNS1_3mapIS7_jNS1_4lessIS7_EENS5_INS1_4pairIKS7_jEEEEEERNSJ_IjS7_NSK_IjEENS5_INSM_IKjS7_EEEEEERNS9_IS7_NS5_IS7_EEEE
FNDA:1,__cxx_global_var_init.18
FNDA:1,__cxx_global_var_init.16
FNDA:0,_ZN3rxn13NetworkParser19writeSpeciesSummaryERKNSt3__112basic_stringIcNS1_11char_traitsIcEENS1_9allocatorIcEEEE
FNDA:1,__cxx_global_var_init.19
FNDA:2,_ZN3rxn13NetworkParser14parseReactionsERKN4YAML4NodeEPNSt3__16vectorINS5_10shared_ptrIKNS_8ReactionEEENS5_9allocatorISA_EEEERKNS5_12basic_stringIcNS5_11char_traitsIcEENSB_IcEEEESL_SL_
FNDA:1,__cxx_global_var_init.24
FNDA:1,__cxx_global_var_init.41
FNDA:1,__cxx_global_var_init.39
FNDA:0,_ZN3rxn13NetworkParser9checkRefsEv
FNDA:1,__cxx_global_var_init.33
FNDA:1,__cxx_global_var_init
FNDA:1,__cxx_global_var_init.13
FNDA:2,_ZN3rxn13NetworkParser5clearEv
FNDA:1,__cxx_global_var_init.7
FNDA:1,__cxx_global_var_init.37
FNDA:1,__cxx_global_var_init.21
FNDA:1,__cxx_global_var_init.35
FNF:38
FNH:33
DA:9,1
DA:10,1
DA:11,1
DA:12,1
DA:13,1
DA:14,1
DA:15,1
DA:16,1
DA:18,1
DA:19,1
DA:20,1
DA:21,4
DA:22,1
DA:23,1
DA:24,5
DA:25,1
DA:26,2
DA:27,5
DA:28,1
DA:30,1
DA:31,3
DA:32,1
DA:33,3
DA:34,3
DA:35,3
DA:36,3
DA:37,3
DA:38,2
DA:39,3
DA:41,0
DA:42,1
DA:43,1
DA:44,0
DA:47,3
DA:49,3
DA:50,3
DA:52,1
DA:53,0
DA:54,2
DA:55,2
DA:57,1
DA:58,0
DA:59,4
DA:62,0
DA:64,0
DA:65,0
DA:68,0
DA:69,0
DA:70,0
DA:71,0
DA:73,0
DA:75,0
DA:76,0
DA:77,0
DA:80,2
DA:82,2
DA:84,1
DA:87,1
DA:89,0
DA:90,0
DA:92,1
DA:94,9
DA:97,8
DA:99,8
DA:101,0
DA:103,8
DA:104,8
DA:106,8
DA:107,8
DA:109,8
DA:111,0
DA:112,0
DA:114,8
DA:115,0
DA:116,0
DA:117,0
DA:118,8
DA:119,2
DA:122,1
DA:124,1
DA:125,1
DA:127,1
DA:129,1
DA:131,0
DA:133,0
DA:135,0
DA:136,0
DA:137,0
DA:140,0
DA:142,0
DA:143,0
DA:145,0
DA:146,0
DA:148,1
DA:152,1
DA:153,1
DA:154,0
DA:155,0
DA:156,0
DA:158,1
DA:160,0
DA:161,0
DA:164,1
DA:165,1
DA:167,0
DA:168,0
DA:169,0
DA:171,1
DA:172,1
DA:173,1
DA:175,1
DA:177,0
DA:178,0
DA:179,0
DA:180,0
DA:182,1
DA:183,1
DA:184,1
DA:187,0
DA:190,0
DA:192,0
DA:193,0
DA:195,0
DA:196,0
DA:198,0
DA:199,0
DA:201,0
DA:205,0
DA:206,0
DA:207,0
DA:208,0
DA:209,0
DA:210,0
DA:211,0
DA:213,0
DA:214,0
DA:215,0
DA:216,0
DA:217,0
DA:218,0
DA:220,0
DA:221,0
DA:222,0
DA:224,0
DA:226,0
DA:228,0
DA:229,0
DA:230,0
DA:231,0
DA:233,0
DA:235,0
DA:236,0
DA:237,0
DA:238,0
DA:240,0
DA:242,0
DA:243,0
DA:246,0
DA:248,0
DA:250,0
DA:251,0
DA:253,0
DA:255,0
DA:256,0
DA:257,0
DA:258,0
DA:261,0
DA:270,0
DA:272,0
DA:273,0
DA:274,0
DA:275,0
DA:276,0
DA:279,0
DA:280,0
DA:282,0
DA:283,0
DA:284,0
DA:285,0
DA:286,0
DA:289,0
DA:291,0
DA:293,0
DA:294,0
DA:296,0
DA:297,0
DA:299,0
DA:300,0
DA:302,0
DA:303,0
DA:304,0
DA:306,0
DA:307,0
DA:308,0
DA:309,0
DA:310,0
DA:312,0
DA:313,0
DA:315,0
DA:317,0
DA:318,0
DA:320,0
DA:321,0
DA:322,0
DA:323,0
DA:324,0
DA:326,0
DA:327,0
DA:329,0
DA:331,0
DA:334,0
DA:336,0
DA:337,0
DA:339,0
DA:340,0
DA:342,0
DA:343,0
DA:345,0
DA:347,0
DA:348,0
DA:349,0
DA:352,0
DA:354,0
DA:355,0
DA:356,0
DA:357,0
LF:226
LH:73
end_of_record
TN:
SF:/Users/graysongall/projects/rxn-cpp/src/Reaction.C
FN:0,__cxx_global_var_init.28
FN:0,__cxx_global_var_init.26
FN:0,__cxx_global_var_init.1
FN:0,__cxx_global_var_init.29
FN:0,__cxx_global_var_init.31
FN:0,__cxx_global_var_init.23
FN:0,__cxx_global_var_init.33
FN:0,__cxx_global_var_init.35
FN:0,__cxx_global_var_init.21
FN:0,__cxx_global_var_init.24
FN:0,__cxx_global_var_init.39
FN:0,__cxx_global_var_init.5
FN:0,__cxx_global_var_init.46
FN:0,__cxx_global_var_init.9
FN:0,__cxx_global_var_init.48
FN:0,__cxx_global_var_init.3
FN:0,__cxx_global_var_init.43
FN:0,__cxx_global_var_init.45
FN:0,__cxx_global_var_init.14
FN:0,__cxx_global_var_init.11
FN:0,__cxx_global_var_init.13
FN:0,__cxx_global_var_init
FN:0,__cxx_global_var_init.7
FN:0,__cxx_global_var_init.37
FN:0,__cxx_global_var_init.41
FN:0,__cxx_global_var_init.19
FN:0,__cxx_global_var_init.16
FN:0,__cxx_global_var_init.18
FN:15,_ZN3rxn8ReactionC1ERKN4YAML4NodeEiRKNSt3__112basic_stringIcNS5_11char_traitsIcEENS5_9allocatorIcEEEESD_b
FN:15,_ZN3rxn8ReactionC2ERKN4YAML4NodeEiRKNSt3__112basic_stringIcNS5_11char_traitsIcEENS5_9allocatorIcEEEESD_b
FN:121,_ZN3rxn8Reaction9checkNameERKN4YAML4NodeE
FN:134,_ZN3rxn8Reaction8setSidesEv
FN:207,_ZN3rxn8Reaction8getCoeffERNSt3__112basic_stringIcNS1_11char_traitsIcEENS1_9allocatorIcEEEE
FN:225,_ZN3rxn8Reaction16validateReactionEv
FN:310,_ZN3rxn8Reaction16substituteLumpedEv
FN:376,_ZN3rxn8Reaction12setLatexNameEv
FN:415,_ZN3rxn8Reaction21determineReactionTypeEv
FN:426,_ZN3rxn8Reaction15checkReferencesEv
FN:440,_ZNK3rxn8Reaction7getNameEv
FN:446,_ZNK3rxn8Reaction22getLatexRepresentationEv
FN:452,_ZNK3rxn8Reaction17getReactionNumberEv
FN:458,_ZNK3rxn8Reaction13getReferencesEv
FN:464,_ZNK3rxn8Reaction8getNotesEv
FN:470,_ZNK3rxn8Reaction13getRateParamsEv
FN:476,_ZNK3rxn8Reaction22getDeltaEnergyElectronEv
FN:482,_ZNK3rxn8Reaction17getDeltaEnergyGasEv
FN:488,_ZNK3rxn8Reaction9isElasticEv
FN:493,_ZNK3rxn8ReactioneqERKS0_
FN:508,_ZNK3rxn8ReactionneERKS0_
FN:514,_ZNK3rxn8Reaction21getReferencesAsStringEv
FN:523,_ZNK3rxn8Reaction10getSpeciesEv
FN:529,_ZNK3rxn8Reaction19getStoicCoeffByNameERKNSt3__112basic_stringIcNS1_11char_traitsIcEENS1_9allocatorIcEEEE
FN:542,_ZN3rxn8Reaction20collectUniqueSpeciesEv
FN:568,_ZNKSt3__14hashIN3rxn8ReactionEEclERKS2_
FNDA:1,__cxx_global_var_init.43
FNDA:1,__cxx_global_var_init.14
FNDA:1,__cxx_global_var_init.45
FNDA:8,_ZNK3rxn8Reaction10getSpeciesEv
FNDA:4,_ZNK3rxn8Reaction13getReferencesEv
FNDA:1,__cxx_global_var_init.11
FNDA:14,_ZN3rxn8Reaction21determineReactionTypeEv
FNDA:1,__cxx_global_var_init.5
FNDA:1,__cxx_global_var_init.46
FNDA:2,_ZNKSt3__14hashIN3rxn8ReactionEEclERKS2_
FNDA:1,__cxx_global_var_init.3
FNDA:1,__cxx_global_var_init.48
FNDA:1,__cxx_global_var_init.9
FNDA:4,_ZNK3rxn8Reaction22getDeltaEnergyElectronEv
FNDA:23,_ZN3rxn8ReactionC2ERKN4YAML4NodeEiRKNSt3__112basic_stringIcNS5_11char_traitsIcEENS5_9allocatorIcEEEESD_b
FNDA:8,_ZNK3rxn8Reaction9isElasticEv
FNDA:1,__cxx_global_var_init.16
FNDA:73,_ZN3rxn8Reaction8getCoeffERNSt3__112basic_stringIcNS1_11char_traitsIcEENS1_9allocatorIcEEEE
FNDA:14,_ZN3rxn8Reaction16substituteLumpedEv
FNDA:6,_ZNK3rxn8Reaction17getReactionNumberEv
FNDA:1,__cxx_global_var_init.18
FNDA:2,_ZNK3rxn8ReactionneERKS0_
FNDA:1,__cxx_global_var_init
FNDA:4,_ZNK3rxn8Reaction17getDeltaEnergyGasEv
FNDA:2,_ZNK3rxn8Reaction8getNotesEv
FNDA:1,__cxx_global_var_init.13
FNDA:1,__cxx_global_var_init.7
FNDA:1,__cxx_global_var_init.37
FNDA:6,_ZNK3rxn8Reaction22getLatexRepresentationEv
FNDA:1,__cxx_global_var_init.19
FNDA:1,__cxx_global_var_init.41
FNDA:23,_ZN3rxn8ReactionC1ERKN4YAML4NodeEiRKNSt3__112basic_stringIcNS5_11char_traitsIcEENS5_9allocatorIcEEEESD_b
FNDA:18,_ZN3rxn8Reaction8setSidesEv
FNDA:14,_ZN3rxn8Reaction20collectUniqueSpeciesEv
FNDA:1,__cxx_global_var_init.29
FNDA:1,__cxx_global_var_init.31
FNDA:1,__cxx_global_var_init.23
FNDA:1,__cxx_global_var_init.28
FNDA:8,_ZNK3rxn8Reaction19getStoicCoeffByNameERKNSt3__112basic_stringIcNS1_11char_traitsIcEENS1_9allocatorIcEEEE
FNDA:23,_ZN3rxn8Reaction9checkNameERKN4YAML4NodeE
FNDA:5,_ZNK3rxn8Reaction13getRateParamsEv
FNDA:1,__cxx_global_var_init.26
FNDA:4,_ZNK3rxn8Reaction21getReferencesAsStringEv
FNDA:0,_ZN3rxn8Reaction15checkReferencesEv
FNDA:32,_ZN3rxn8Reaction16validateReactionEv
FNDA:1,__cxx_global_var_init.1
FNDA:14,_ZN3rxn8Reaction12setLatexNameEv
FNDA:1,__cxx_global_var_init.33
FNDA:1,__cxx_global_var_init.21
FNDA:1,__cxx_global_var_init.35
FNDA:5,_ZNK3rxn8ReactioneqERKS0_
FNDA:1,__cxx_global_var_init.39
FNDA:1,__cxx_global_var_init.24
FNDA:14,_ZNK3rxn8Reaction7getNameEv
FNF:54
FNH:53
DA:9,1
DA:10,1
DA:11,1
DA:12,1
DA:13,1
DA:14,1
DA:15,69
DA:16,1
DA:18,1
DA:19,1
DA:20,24
DA:21,23
DA:22,24
DA:23,23
DA:24,23
DA:25,22
DA:26,23
DA:27,23
DA:28,23
DA:29,22
DA:30,24
DA:31,23
DA:32,1
DA:33,23
DA:34,1
DA:35,23
DA:36,1
DA:37,10
DA:39,1
DA:42,29
DA:43,1
DA:44,19
DA:46,0
DA:48,19
DA:51,9
DA:53,35
DA:55,26
DA:56,26
DA:57,9
DA:58,9
DA:60,22
DA:61,22
DA:62,22
DA:64,22
DA:66,1
DA:69,21
DA:71,0
DA:74,21
DA:76,1
DA:79,20
DA:81,20
DA:83,2
DA:85,2
DA:87,1
DA:88,1
DA:89,1
DA:92,5
DA:94,3
DA:95,3
DA:97,2
DA:98,2
DA:100,18
DA:101,18
DA:102,14
DA:103,14
DA:104,14
DA:105,14
DA:106,14
DA:108,14
DA:110,0
DA:111,0
DA:114,14
DA:115,14
DA:116,14
DA:117,14
DA:118,50
DA:121,23
DA:124,23
DA:125,23
DA:127,1
DA:130,22
DA:131,24
DA:134,18
DA:136,18
DA:137,18
DA:138,18
DA:140,18
DA:141,18
DA:143,18
DA:145,18
DA:146,55
DA:148,37
DA:149,37
DA:151,37
DA:153,35
DA:154,35
DA:155,35
DA:158,2
DA:159,2
DA:163,37
DA:164,37
DA:165,0
DA:166,0
DA:168,37
DA:170,35
DA:171,35
DA:172,35
DA:173,37
DA:175,18
DA:176,54
DA:178,36
DA:179,36
DA:181,36
DA:183,13
DA:184,13
DA:185,13
DA:188,23
DA:189,23
DA:193,36
DA:194,36
DA:195,0
DA:196,0
DA:198,36
DA:200,34
DA:201,34
DA:202,34
DA:203,36
DA:204,18
DA:207,73
DA:209,73
DA:211,73
DA:212,73
DA:214,64
DA:215,64
DA:218,9
DA:219,9
DA:221,146
DA:222,73
DA:225,32
DA:228,32
DA:231,32
DA:232,32
DA:233,94
DA:235,62
DA:236,62
DA:237,62
DA:238,124
DA:242,62
DA:243,26
DA:245,36
DA:247,32
DA:248,32
DA:251,4
DA:252,62
DA:253,62
DA:255,32
DA:256,32
DA:257,94
DA:259,62
DA:260,62
DA:261,62
DA:265,124
DA:269,62
DA:270,26
DA:271,36
DA:273,36
DA:275,1
DA:278,35
DA:280,31
DA:281,31
DA:284,4
DA:285,62
DA:286,62
DA:291,62
DA:293,31
DA:294,31
DA:296,1
DA:297,1
DA:298,1
DA:300,31
DA:303,30
DA:305,30
DA:306,2
DA:307,36
DA:310,14
DA:312,14
DA:313,14
DA:314,14
DA:315,14
DA:318,14
DA:320,41
DA:323,27
DA:324,27
DA:325,27
DA:327,27
DA:329,0
DA:330,0
DA:332,0
DA:333,0
DA:334,0
DA:337,0
DA:338,0
DA:340,0
DA:341,0
DA:342,0
DA:343,0
DA:345,0
DA:347,42
DA:349,28
DA:350,28
DA:352,28
DA:354,28
DA:356,0
DA:357,0
DA:359,0
DA:360,0
DA:361,0
DA:364,0
DA:365,0
DA:367,0
DA:368,0
DA:369,0
DA:370,0
DA:372,0
DA:373,14
DA:376,14
DA:378,14
DA:379,41
DA:381,27
DA:382,27
DA:383,27
DA:385,27
DA:386,27
DA:387,6
DA:389,27
DA:391,27
DA:392,13
DA:393,27
DA:395,14
DA:396,14
DA:397,42
DA:399,28
DA:400,28
DA:401,28
DA:403,28
DA:404,28
DA:405,7
DA:407,28
DA:409,28
DA:410,14
DA:411,28
DA:412,14
DA:415,14
DA:423,14
DA:426,0
DA:428,0
DA:429,0
DA:432,0
DA:433,0
DA:434,0
DA:435,0
DA:436,0
DA:437,0
DA:440,14
DA:442,14
DA:446,6
DA:448,6
DA:452,6
DA:454,6
DA:458,4
DA:460,4
DA:464,2
DA:466,2
DA:470,5
DA:472,5
DA:476,4
DA:478,4
DA:482,4
DA:484,4
DA:488,8
DA:490,8
DA:493,5
DA:495,5
DA:496,0
DA:498,5
DA:499,0
DA:501,5
DA:502,0
DA:504,5
DA:505,5
DA:508,2
DA:510,2
DA:514,4
DA:516,4
DA:517,8
DA:518,4
DA:519,4
DA:520,4
DA:523,8
DA:525,8
DA:529,8
DA:531,8
DA:532,8
DA:534,0
DA:537,16
DA:539,8
DA:542,14
DA:545,14
DA:546,14
DA:548,41
DA:550,27
DA:551,27
DA:553,27
DA:554,27
DA:555,27
DA:557,42
DA:559,28
DA:560,28
DA:562,28
DA:563,28
DA:564,28
DA:565,14
DA:568,2
DA:570,2
DA:572,2
DA:574,2
DA:575,2
DA:576,2
DA:581,4
DA:582,2
LF:330
LH:285
end_of_record
TN:
SF:/Users/graysongall/projects/rxn-cpp/src/Species.C
FN:10,_ZN3rxn7SpeciesC2ERKNSt3__112basic_stringIcNS1_11char_traitsIcEENS1_9allocatorIcEEEE
FN:10,_ZN3rxn7SpeciesC1ERKNSt3__112basic_stringIcNS1_11char_traitsIcEENS1_9allocatorIcEEEE
FN:21,_ZN3rxn7Species16decomposeSpeciesEv
FN:63,_ZN3rxn7Species7setMassEv
FN:72,_ZN3rxn7Species15setChargeNumberEv
FN:82,_ZN3rxn7Species12setLatexNameEv
FN:91,_ZNK3rxn7SpecieseqERKS0_
FN:114,_ZNK3rxn7SpeciesneERKS0_
FN:120,_ZNK3rxn7Species21getRateBasedReactionsEv
FN:132,_ZNK3rxn7Species21getXSecBasedReactionsEv
FN:144,_ZNK3rxn7Species13getSubSpeciesEv
FN:150,_ZNK3rxn7Species21setNeutralGroundStateEv
FN:162,_ZNK3rxn7Species21getNeutralGroundStateEv
FN:170,_ZNKSt3__14hashIN3rxn7SpeciesEEclERKS2_
FNDA:3,_ZNK3rxn7SpecieseqERKS0_
FNDA:35,_ZN3rxn7Species15setChargeNumberEv
FNDA:1,_ZNK3rxn7Species21getRateBasedReactionsEv
FNDA:284,_ZNK3rxn7Species13getSubSpeciesEv
FNDA:1,_ZNK3rxn7SpeciesneERKS0_
FNDA:35,_ZN3rxn7Species16decomposeSpeciesEv
FNDA:2,_ZNK3rxn7Species21getNeutralGroundStateEv
FNDA:35,_ZN3rxn7Species7setMassEv
FNDA:35,_ZN3rxn7Species12setLatexNameEv
FNDA:1,_ZNK3rxn7Species21getXSecBasedReactionsEv
FNDA:35,_ZNK3rxn7Species21setNeutralGroundStateEv
FNDA:35,_ZN3rxn7SpeciesC1ERKNSt3__112basic_stringIcNS1_11char_traitsIcEENS1_9allocatorIcEEEE
FNDA:4,_ZNKSt3__14hashIN3rxn7SpeciesEEclERKS2_
FNDA:35,_ZN3rxn7SpeciesC2ERKNSt3__112basic_stringIcNS1_11char_traitsIcEENS1_9allocatorIcEEEE
FNF:14
FNH:14
DA:10,105
DA:11,35
DA:12,35
DA:13,35
DA:14,70
DA:15,35
DA:16,35
DA:17,35
DA:18,70
DA:21,35
DA:23,35
DA:24,35
DA:25,76
DA:27,41
DA:29,35
DA:30,35
DA:36,6
DA:39,3
DA:41,3
DA:43,3
DA:45,3
DA:47,3
DA:49,3
DA:50,41
DA:52,35
DA:54,73
DA:56,38
DA:57,38
DA:59,35
DA:60,35
DA:63,35
DA:65,35
DA:66,73
DA:67,38
DA:68,35
DA:69,35
DA:72,35
DA:74,35
DA:75,73
DA:76,38
DA:77,35
DA:78,35
DA:82,35
DA:84,35
DA:85,73
DA:86,38
DA:87,35
DA:88,35
DA:91,3
DA:93,3
DA:94,0
DA:96,3
DA:97,0
DA:99,3
DA:100,0
DA:102,3
DA:103,1
DA:105,4
DA:107,2
DA:108,0
DA:109,2
DA:110,2
DA:111,3
DA:114,1
DA:116,1
DA:120,1
DA:122,1
DA:124,1
DA:126,0
DA:127,0
DA:128,1
DA:129,1
DA:132,1
DA:134,1
DA:136,1
DA:138,0
DA:139,0
DA:140,1
DA:141,1
DA:144,284
DA:146,284
DA:150,35
DA:152,35
DA:153,73
DA:155,38
DA:156,38
DA:158,35
DA:159,35
DA:162,2
DA:164,2
DA:170,4
DA:172,4
DA:174,4
DA:176,8
DA:177,4
DA:179,4
DA:180,4
DA:181,4
DA:184,8
DA:185,4
LF:100
LH:92
end_of_record
TN:
SF:/Users/graysongall/projects/rxn-cpp/src/SpeciesBase.C
FN:0,__cxx_global_var_init.26
FN:0,__cxx_global_var_init.9
FN:0,__cxx_global_var_init.48
FN:0,__cxx_global_var_init.3
FN:0,__cxx_global_var_init.1
FN:0,__cxx_global_var_init.5
FN:0,__cxx_global_var_init.28
FN:0,__cxx_global_var_init.46
FN:0,__cxx_global_var_init.31
FN:0,__cxx_global_var_init.11
FN:0,__cxx_global_var_init.23
FN:0,__cxx_global_var_init.43
FN:0,__cxx_global_var_init.45
FN:0,__cxx_global_var_init.14
FN:0,__cxx_global_var_init.29
FN:0,__cxx_global_var_init.19
FN:0,__cxx_global_var_init.24
FN:0,__cxx_global_var_init.41
FN:0,__cxx_global_var_init.39
FN:0,__cxx_global_var_init
FN:0,__cxx_global_var_init.33
FN:0,__cxx_global_var_init.13
FN:0,__cxx_global_var_init.21
FN:0,__cxx_global_var_init.7
FN:0,__cxx_global_var_init.37
FN:0,__cxx_global_var_init.35
FN:0,__cxx_global_var_init.18
FN:0,__cxx_global_var_init.16
FN:10,_ZN3rxn11SpeciesBaseC2ERKNSt3__112basic_stringIcNS1_11char_traitsIcEENS1_9allocatorIcEEEE
FN:16,_ZN3rxn11SpeciesBase9checkNameERKNSt3__112basic_stringIcNS1_11char_traitsIcEENS1_9allocatorIcEEEE
FN:37,_ZNK3rxn11SpeciesBaseeqERKS0_
FN:44,_ZNK3rxn11SpeciesBaseneERKS0_
FN:50,_ZNK3rxn11SpeciesBase7getNameEv
FN:56,_ZNK3rxn11SpeciesBase7getMassEv
FN:62,_ZNK3rxn11SpeciesBase15getChargeNumberEv
FN:68,_ZNK3rxn11SpeciesBase9getChargeEv
FN:74,_ZNK3rxn11SpeciesBase22getLatexRepresentationEv
FN:81,_ZNKSt3__14hashIN3rxn11SpeciesBaseEEclERKS2_
FNDA:226,_ZNK3rxn11SpeciesBase15getChargeNumberEv
FNDA:1,__cxx_global_var_init.26
FNDA:1,__cxx_global_var_init.1
FNDA:1,__cxx_global_var_init.9
FNDA:1,__cxx_global_var_init.48
FNDA:1,__cxx_global_var_init.3
FNDA:1,__cxx_global_var_init.28
FNDA:99,_ZN3rxn11SpeciesBaseC2ERKNSt3__112basic_stringIcNS1_11char_traitsIcEENS1_9allocatorIcEEEE
FNDA:1,__cxx_global_var_init.5
FNDA:1,__cxx_global_var_init.46
FNDA:1,__cxx_global_var_init.11
FNDA:1,__cxx_global_var_init.31
FNDA:102,_ZNK3rxn11SpeciesBase7getMassEv
FNDA:1,__cxx_global_var_init.23
FNDA:1,__cxx_global_var_init.43
FNDA:1,__cxx_global_var_init.29
FNDA:157,_ZNK3rxn11SpeciesBase22getLatexRepresentationEv
FNDA:1,__cxx_global_var_init.45
FNDA:1,__cxx_global_var_init.14
FNDA:5,_ZNK3rxn11SpeciesBaseneERKS0_
FNDA:1,__cxx_global_var_init.41
FNDA:1,__cxx_global_var_init.24
FNDA:1,__cxx_global_var_init.39
FNDA:1,__cxx_global_var_init.19
FNDA:8,_ZNKSt3__14hashIN3rxn11SpeciesBaseEEclERKS2_
FNDA:1,__cxx_global_var_init.13
FNDA:1,__cxx_global_var_init
FNDA:1,__cxx_global_var_init.33
FNDA:1,__cxx_global_var_init.35
FNDA:5,_ZNK3rxn11SpeciesBaseeqERKS0_
FNDA:1,__cxx_global_var_init.37
FNDA:1,__cxx_global_var_init.7
FNDA:1,__cxx_global_var_init.21
FNDA:60,_ZNK3rxn11SpeciesBase9getChargeEv
FNDA:99,_ZN3rxn11SpeciesBase9checkNameERKNSt3__112basic_stringIcNS1_11char_traitsIcEENS1_9allocatorIcEEEE
FNDA:1,__cxx_global_var_init.18
FNDA:1,__cxx_global_var_init.16
FNDA:551,_ZNK3rxn11SpeciesBase7getNameEv
FNF:38
FNH:38
DA:9,1
DA:10,199
DA:11,100
DA:12,100
DA:13,100
DA:14,1
DA:15,1
DA:16,100
DA:18,100
DA:19,5
DA:20,1
DA:21,97
DA:22,1
DA:23,24
DA:24,1
DA:25,1
DA:26,1
DA:27,23
DA:28,75
DA:30,2
DA:31,1
DA:32,1
DA:33,96
DA:34,5
DA:35,1
DA:36,1
DA:37,6
DA:39,6
DA:42,1
DA:43,1
DA:44,5
DA:46,5
DA:50,551
DA:52,551
DA:56,102
DA:58,102
DA:62,226
DA:64,226
DA:68,60
DA:70,60
DA:74,157
DA:76,157
DA:81,8
DA:84,8
LF:44
LH:44
end_of_record
TN:
SF:/Users/graysongall/projects/rxn-cpp/src/SpeciesFactory.C
FN:0,__cxx_global_var_init.5
FN:0,__cxx_global_var_init.28
FN:0,__cxx_global_var_init.46
FN:0,__cxx_global_var_init.26
FN:0,__cxx_global_var_init.9
FN:0,__cxx_global_var_init.48
FN:0,__cxx_global_var_init.3
FN:0,__cxx_global_var_init.1
FN:0,__cxx_global_var_init.43
FN:0,__cxx_global_var_init.45
FN:0,__cxx_global_var_init.14
FN:0,__cxx_global_var_init.29
FN:0,__cxx_global_var_init.31
FN:0,__cxx_global_var_init.11
FN:0,__cxx_global_var_init.23
FN:0,__cxx_global_var_init
FN:0,__cxx_global_var_init.33
FN:0,__cxx_global_var_init.13
FN:0,__cxx_global_var_init.37
FN:0,__cxx_global_var_init.21
FN:0,__cxx_global_var_init.7
FN:0,__cxx_global_var_init.35
FN:0,__cxx_global_var_init.19
FN:0,__cxx_global_var_init.24
FN:0,__cxx_global_var_init.41
FN:0,__cxx_global_var_init.39
FN:0,__cxx_global_var_init.16
FN:0,__cxx_global_var_init.18
FN:18,_ZN3rxn14SpeciesFactory11getInstanceEv
FN:28,_ZN3rxn14SpeciesFactory5clearEv
FN:38,_ZN3rxn14SpeciesFactory20collectCustomSpeciesERKN4YAML4NodeE
FN:90,_ZN3rxn14SpeciesFactory20collectLumpedSpeciesERKN4YAML4NodeE
FN:147,_ZN3rxn14SpeciesFactory21collectLatexOverridesERKN4YAML4NodeE
FN:208,_ZNK3rxn14SpeciesFactory7getMassERKNSt3__112basic_stringIcNS1_11char_traitsIcEENS1_9allocatorIcEEEE
FN:221,_ZNK3rxn14SpeciesFactory16getLatexOverrideERKNSt3__112basic_stringIcNS1_11char_traitsIcEENS1_9allocatorIcEEEE
FN:233,_ZN3rxn14SpeciesFactory10getSpeciesERKNSt3__112basic_stringIcNS1_11char_traitsIcEENS1_9allocatorIcEEEE
FN:250,_ZN3rxn14SpeciesFactory16getLumpedSpeciesERNSt3__18weak_ptrINS_7SpeciesEEE
FN:266,_ZN3rxn14SpeciesFactory20addRateBasedReactionENSt3__110shared_ptrIKNS_8ReactionEEE
FN:277,_ZN3rxn14SpeciesFactory20addXSecBasedReactionENSt3__110shared_ptrIKNS_8ReactionEEE
FN:288,_ZNK3rxn14SpeciesFactory17getSpeciesSummaryEv
FNDA:1,__cxx_global_var_init.13
FNDA:2,_ZN3rxn14SpeciesFactory5clearEv
FNDA:267,_ZN3rxn14SpeciesFactory11getInstanceEv
FNDA:1,__cxx_global_var_init
FNDA:1,__cxx_global_var_init.33
FNDA:1,__cxx_global_var_init.35
FNDA:1,__cxx_global_var_init.21
FNDA:1,__cxx_global_var_init.37
FNDA:1,__cxx_global_var_init.7
FNDA:1,__cxx_global_var_init.41
FNDA:1,__cxx_global_var_init.24
FNDA:1,__cxx_global_var_init.39
FNDA:1,__cxx_global_var_init.19
FNDA:73,_ZN3rxn14SpeciesFactory10getSpeciesERKNSt3__112basic_stringIcNS1_11char_traitsIcEENS1_9allocatorIcEEEE
FNDA:1,__cxx_global_var_init.16
FNDA:1,__cxx_global_var_init.18
FNDA:1,__cxx_global_var_init.28
FNDA:1,__cxx_global_var_init.5
FNDA:1,__cxx_global_var_init.46
FNDA:0,_ZN3rxn14SpeciesFactory20addXSecBasedReactionENSt3__110shared_ptrIKNS_8ReactionEEE
FNDA:1,__cxx_global_var_init.26
FNDA:5,_ZN3rxn14SpeciesFactory20collectCustomSpeciesERKN4YAML4NodeE
FNDA:1,__cxx_global_var_init.1
FNDA:0,_ZNK3rxn14SpeciesFactory17getSpeciesSummaryEv
FNDA:1,__cxx_global_var_init.9
FNDA:1,__cxx_global_var_init.3
FNDA:1,__cxx_global_var_init.48
FNDA:1,__cxx_global_var_init.43
FNDA:159,_ZNK3rxn14SpeciesFactory7getMassERKNSt3__112basic_stringIcNS1_11char_traitsIcEENS1_9allocatorIcEEEE
FNDA:1,_ZN3rxn14SpeciesFactory20collectLumpedSpeciesERKN4YAML4NodeE
FNDA:1,_ZN3rxn14SpeciesFactory21collectLatexOverridesERKN4YAML4NodeE
FNDA:8,_ZN3rxn14SpeciesFactory20addRateBasedReactionENSt3__110shared_ptrIKNS_8ReactionEEE
FNDA:1,__cxx_global_var_init.29
FNDA:1,__cxx_global_var_init.45
FNDA:1,__cxx_global_var_init.14
FNDA:55,_ZN3rxn14SpeciesFactory16getLumpedSpeciesERNSt3__18weak_ptrINS_7SpeciesEEE
FNDA:1,__cxx_global_var_init.11
FNDA:1,__cxx_global_var_init.31
FNDA:59,_ZNK3rxn14SpeciesFactory16getLatexOverrideERKNSt3__112basic_stringIcNS1_11char_traitsIcEENS1_9allocatorIcEEEE
FNDA:1,__cxx_global_var_init.23
FNF:40
FNH:38
DA:9,1
DA:10,1
DA:11,1
DA:12,1
DA:13,1
DA:14,1
DA:15,1
DA:16,1
DA:18,268
DA:19,1
DA:20,1
DA:21,267
DA:22,2
DA:23,2
DA:24,268
DA:25,0
DA:26,1
DA:27,1
DA:28,3
DA:29,2
DA:30,3
DA:31,3
DA:32,3
DA:33,3
DA:34,3
DA:35,1
DA:36,1
DA:37,1
DA:38,5
DA:39,1
DA:40,5
DA:41,1
DA:42,1
DA:43,5
DA:45,0
DA:46,0
DA:48,4
DA:50,0
DA:51,0
DA:53,4
DA:55,0
DA:56,0
DA:58,4
DA:60,0
DA:61,0
DA:62,0
DA:63,0
DA:64,0
DA:66,4
DA:67,4
DA:69,4
DA:71,0
DA:72,0
DA:74,4
DA:76,0
DA:77,0
DA:79,8
DA:81,4
DA:83,0
DA:84,0
DA:85,4
DA:86,4
DA:87,5
DA:90,1
DA:92,1
DA:93,1
DA:95,0
DA:97,0
DA:98,0
DA:100,0
DA:101,0
DA:103,0
DA:105,0
DA:107,0
DA:108,0
DA:110,0
DA:112,0
DA:113,0
DA:116,0
DA:117,0
DA:118,0
DA:119,0
DA:120,0
DA:122,0
DA:124,0
DA:125,0
DA:128,0
DA:129,0
DA:130,0
DA:131,0
DA:132,0
DA:134,0
DA:136,0
DA:137,0
DA:139,0
DA:140,0
DA:141,0
DA:142,0
DA:143,1
DA:147,1
DA:149,1
DA:150,1
DA:152,0
DA:154,0
DA:155,0
DA:157,0
DA:159,0
DA:160,0
DA:162,0
DA:164,0
DA:165,0
DA:167,0
DA:169,0
DA:170,0
DA:171,0
DA:172,0
DA:173,0
DA:175,0
DA:176,0
DA:179,0
DA:180,0
DA:181,0
DA:182,0
DA:183,0
DA:184,0
DA:186,0
DA:188,0
DA:189,0
DA:191,0
DA:193,0
DA:194,0
DA:196,0
DA:198,0
DA:199,0
DA:201,0
DA:203,0
DA:204,0
DA:205,1
DA:208,159
DA:210,159
DA:212,159
DA:214,0
DA:217,318
DA:218,159
DA:221,59
DA:223,59
DA:225,59
DA:227,59
DA:229,0
DA:230,59
DA:233,73
DA:235,73
DA:237,73
DA:239,73
DA:241,13
DA:242,13
DA:244,73
DA:246,73
DA:247,73
DA:250,55
DA:252,55
DA:253,55
DA:254,55
DA:256,55
DA:258,55
DA:261,0
DA:262,0
DA:263,55
DA:266,8
DA:268,8
DA:269,39
DA:271,31
DA:272,31
DA:273,31
DA:274,8
DA:277,0
DA:279,0
DA:280,0
DA:282,0
DA:283,0
DA:284,0
DA:285,0
DA:288,0
DA:290,0
DA:291,0
DA:293,0
DA:296,0
DA:297,0
DA:299,0
DA:301,0
DA:302,0
DA:304,0
DA:305,0
DA:307,0
DA:309,0
DA:310,0
DA:311,0
DA:312,0
DA:314,0
DA:316,0
DA:317,0
DA:318,0
DA:320,0
DA:322,0
DA:323,0
DA:325,0
DA:326,0
DA:327,0
DA:328,0
DA:329,0
DA:330,0
DA:333,0
DA:334,0
DA:335,0
DA:338,0
DA:341,0
DA:342,0
DA:345,0
DA:347,0
DA:348,0
DA:349,0
DA:351,0
DA:354,0
DA:356,0
DA:357,0
DA:359,0
DA:360,0
DA:361,0
DA:362,0
DA:363,0
DA:365,0
DA:366,0
DA:368,0
DA:370,0
DA:371,0
DA:373,0
DA:374,0
DA:376,0
DA:377,0
DA:379,0
DA:380,0
DA:382,0
DA:383,0
DA:385,0
DA:387,0
DA:389,0
DA:390,0
DA:392,0
DA:393,0
DA:394,0
DA:396,0
DA:398,0
DA:399,0
DA:400,0
DA:402,0
DA:403,0
DA:404,0
DA:405,0
DA:406,0
DA:408,0
DA:409,0
DA:411,0
DA:412,0
DA:413,0
DA:415,0
DA:416,0
DA:418,0
DA:420,0
DA:421,0
DA:423,0
DA:424,0
DA:426,0
DA:428,0
DA:430,0
DA:431,0
DA:433,0
DA:434,0
DA:436,0
DA:438,0
DA:440,0
DA:441,0
DA:443,0
DA:444,0
DA:445,0
DA:447,0
DA:449,0
DA:450,0
DA:452,0
DA:453,0
DA:454,0
DA:455,0
DA:456,0
DA:457,0
DA:458,0
DA:460,0
DA:461,0
DA:462,0
DA:463,0
DA:466,0
DA:467,0
LF:300
LH:86
end_of_record
TN:
SF:/Users/graysongall/projects/rxn-cpp/src/StringHelper.C
FN:0,__cxx_global_var_init
FN:14,_ZN3rxn5ltrimERNSt3__112basic_stringIcNS0_11char_traitsIcEENS0_9allocatorIcEEEE
FN:21,_ZN3rxn5rtrimERNSt3__112basic_stringIcNS0_11char_traitsIcEENS0_9allocatorIcEEEE
FN:28,_ZN3rxn4trimERNSt3__112basic_stringIcNS0_11char_traitsIcEENS0_9allocatorIcEEEE
FN:35,_ZN3rxn16splitByDelimiterERKNSt3__112basic_stringIcNS0_11char_traitsIcEENS0_9allocatorIcEEEES6_
FN:58,_ZN3rxn16findFirstCapitalERKNSt3__112basic_stringIcNS0_11char_traitsIcEENS0_9allocatorIcEEEE
FN:71,_ZN3rxn16findFirstSpecialERKNSt3__112basic_stringIcNS0_11char_traitsIcEENS0_9allocatorIcEEEE
FN:84,_ZN3rxn18findFirstNonLetterERKNSt3__112basic_stringIcNS0_11char_traitsIcEENS0_9allocatorIcEEEE
FN:95,_ZN3rxn15findFirstLetterERKNSt3__112basic_stringIcNS0_11char_traitsIcEENS0_9allocatorIcEEEE
FN:106,_ZN3rxn18findFirstNonNumberERKNSt3__112basic_stringIcNS0_11char_traitsIcEENS0_9allocatorIcEEEE
FN:117,_ZN3rxn19findFirstNonSpecialERKNSt3__112basic_stringIcNS0_11char_traitsIcEENS0_9allocatorIcEEEE
FN:128,_ZN3rxn14splitByCapitalERKNSt3__112basic_stringIcNS0_11char_traitsIcEENS0_9allocatorIcEEEE
FN:169,_ZN3rxn16formatScientificEf
FN:189,_ZN3rxn9makeGreenERKNSt3__112basic_stringIcNS0_11char_traitsIcEENS0_9allocatorIcEEEE
FN:195,_ZN3rxn7makeRedERKNSt3__112basic_stringIcNS0_11char_traitsIcEENS0_9allocatorIcEEEE
FN:201,_ZN3rxn10printGreenERKNSt3__112basic_stringIcNS0_11char_traitsIcEENS0_9allocatorIcEEEE
FN:207,_ZN3rxn8printRedERKNSt3__112basic_stringIcNS0_11char_traitsIcEENS0_9allocatorIcEEEE
FNDA:2,_ZN3rxn8printRedERKNSt3__112basic_stringIcNS0_11char_traitsIcEENS0_9allocatorIcEEEE
FNDA:1,__cxx_global_var_init
FNDA:8,_ZN3rxn10printGreenERKNSt3__112basic_stringIcNS0_11char_traitsIcEENS0_9allocatorIcEEEE
FNDA:94,_ZN3rxn18findFirstNonLetterERKNSt3__112basic_stringIcNS0_11char_traitsIcEENS0_9allocatorIcEEEE
FNDA:194,_ZN3rxn5ltrimERNSt3__112basic_stringIcNS0_11char_traitsIcEENS0_9allocatorIcEEEE
FNDA:193,_ZN3rxn4trimERNSt3__112basic_stringIcNS0_11char_traitsIcEENS0_9allocatorIcEEEE
FNDA:8,_ZN3rxn9makeGreenERKNSt3__112basic_stringIcNS0_11char_traitsIcEENS0_9allocatorIcEEEE
FNDA:107,_ZN3rxn16findFirstSpecialERKNSt3__112basic_stringIcNS0_11char_traitsIcEENS0_9allocatorIcEEEE
FNDA:1,_ZN3rxn16formatScientificEf
FNDA:2,_ZN3rxn7makeRedERKNSt3__112basic_stringIcNS0_11char_traitsIcEENS0_9allocatorIcEEEE
FNDA:194,_ZN3rxn5rtrimERNSt3__112basic_stringIcNS0_11char_traitsIcEENS0_9allocatorIcEEEE
FNDA:75,_ZN3rxn15findFirstLetterERKNSt3__112basic_stringIcNS0_11char_traitsIcEENS0_9allocatorIcEEEE
FNDA:57,_ZN3rxn18findFirstNonNumberERKNSt3__112basic_stringIcNS0_11char_traitsIcEENS0_9allocatorIcEEEE
FNDA:37,_ZN3rxn14splitByCapitalERKNSt3__112basic_stringIcNS0_11char_traitsIcEENS0_9allocatorIcEEEE
FNDA:69,_ZN3rxn16splitByDelimiterERKNSt3__112basic_stringIcNS0_11char_traitsIcEENS0_9allocatorIcEEEES6_
FNDA:190,_ZN3rxn16findFirstCapitalERKNSt3__112basic_stringIcNS0_11char_traitsIcEENS0_9allocatorIcEEEE
FNDA:32,_ZN3rxn19findFirstNonSpecialERKNSt3__112basic_stringIcNS0_11char_traitsIcEENS0_9allocatorIcEEEE
FNF:17
FNH:17
DA:11,1
DA:14,194
DA:16,194
DA:17,194
DA:18,194
DA:21,194
DA:23,194
DA:24,194
DA:25,194
DA:28,193
DA:30,193
DA:31,193
DA:32,193
DA:35,69
DA:37,69
DA:38,69
DA:39,69
DA:40,69
DA:42,138
DA:44,69
DA:45,69
DA:46,69
DA:47,69
DA:48,69
DA:51,69
DA:52,69
DA:54,69
DA:55,69
DA:58,190
DA:60,610
DA:62,420
DA:64,153
DA:66,267
DA:67,37
DA:68,190
DA:71,107
DA:73,279
DA:75,172
DA:76,104
DA:78,68
DA:80,39
DA:81,107
DA:84,94
DA:86,429
DA:88,335
DA:89,77
DA:90,258
DA:91,17
DA:92,94
DA:95,75
DA:97,185
DA:99,110
DA:100,74
DA:101,36
DA:102,1
DA:103,75
DA:106,57
DA:108,195
DA:110,138
DA:111,40
DA:112,98
DA:113,17
DA:114,57
DA:117,32
DA:119,122
DA:121,90
DA:122,23
DA:123,67
DA:124,9
DA:125,32
DA:128,37
DA:130,37
DA:132,37
DA:135,37
DA:137,8
DA:141,29
DA:143,2
DA:146,27
DA:148,27
DA:150,63
DA:153,36
DA:155,36
DA:156,36
DA:159,36
DA:161,9
DA:162,9
DA:163,27
DA:165,27
DA:166,37
DA:169,1
DA:171,1
DA:173,1
DA:175,0
DA:178,1
DA:180,1
DA:183,1
DA:186,1
DA:189,8
DA:191,8
DA:192,0
DA:195,2
DA:197,2
DA:198,0
DA:201,8
DA:203,8
DA:204,8
DA:207,2
DA:209,2
DA:210,2
LF:109
LH:106
end_of_record
TN:
SF:/Users/graysongall/projects/rxn-cpp/src/SubSpecies.C
FN:14,_ZN3rxn10SubSpeciesC2ERKNSt3__112basic_stringIcNS1_11char_traitsIcEENS1_9allocatorIcEEEE
FN:14,_ZN3rxn10SubSpeciesC1ERKNSt3__112basic_stringIcNS1_11char_traitsIcEENS1_9allocatorIcEEEE
FN:56,_ZN3rxn10SubSpecies7setBaseEv
FN:82,_ZN3rxn10SubSpecies11setModifierEv
FN:99,_ZN3rxn10SubSpecies12setSubscriptEv
FN:119,_ZN3rxn10SubSpecies15setChargeNumberEv
FN:207,_ZN3rxn10SubSpecies7setMassEv
FN:222,_ZN3rxn10SubSpecies12setLatexNameEv
FN:296,_ZNK3rxn10SubSpecieseqERKS0_
FN:324,_ZNK3rxn10SubSpeciesneERKS0_
FN:330,_ZNK3rxn10SubSpecies7getBaseEv
FN:336,_ZNK3rxn10SubSpecies11getModifierEv
FN:342,_ZNK3rxn10SubSpecies12getSubscriptEv
FN:348,_ZNK3rxn10SubSpecies21setNeutralGroundStateEv
FN:361,_ZNK3rxn10SubSpecies21getNeutralGroundStateEv
FN:368,_ZNKSt3__14hashIN3rxn10SubSpeciesEEclERKS2_
FNDA:59,_ZN3rxn10SubSpecies7setMassEv
FNDA:5,_ZNK3rxn10SubSpecieseqERKS0_
FNDA:60,_ZN3rxn10SubSpecies12setSubscriptEv
FNDA:3,_ZNK3rxn10SubSpeciesneERKS0_
FNDA:60,_ZN3rxn10SubSpecies11setModifierEv
FNDA:8,_ZNKSt3__14hashIN3rxn10SubSpeciesEEclERKS2_
FNDA:60,_ZNK3rxn10SubSpecies21setNeutralGroundStateEv
FNDA:46,_ZNK3rxn10SubSpecies11getModifierEv
FNDA:59,_ZN3rxn10SubSpecies12setLatexNameEv
FNDA:493,_ZNK3rxn10SubSpecies7getBaseEv
FNDA:42,_ZNK3rxn10SubSpecies21getNeutralGroundStateEv
FNDA:64,_ZN3rxn10SubSpeciesC1ERKNSt3__112basic_stringIcNS1_11char_traitsIcEENS1_9allocatorIcEEEE
FNDA:60,_ZN3rxn10SubSpecies15setChargeNumberEv
FNDA:60,_ZN3rxn10SubSpeciesC2ERKNSt3__112basic_stringIcNS1_11char_traitsIcEENS1_9allocatorIcEEEE
FNDA:60,_ZN3rxn10SubSpecies7setBaseEv
FNDA:115,_ZNK3rxn10SubSpecies12getSubscriptEv
FNF:16
FNH:16
DA:14,124
DA:15,60
DA:16,60
DA:17,60
DA:18,60
DA:19,60
DA:20,124
DA:21,60
DA:22,59
DA:23,59
DA:25,59
DA:27,59
DA:29,30
DA:30,30
DA:33,29
DA:35,29
DA:36,6
DA:40,23
DA:41,23
DA:42,6
DA:44,17
DA:46,17
DA:48,8
DA:49,8
DA:52,9
DA:53,124
DA:56,60
DA:58,60
DA:59,2
DA:61,58
DA:62,14
DA:64,44
DA:66,44
DA:67,0
DA:71,44
DA:73,44
DA:74,6
DA:76,44
DA:78,44
DA:79,60
DA:82,60
DA:84,60
DA:85,2
DA:87,58
DA:88,14
DA:90,44
DA:92,44
DA:93,6
DA:95,38
DA:96,60
DA:99,60
DA:102,60
DA:103,22
DA:105,38
DA:107,38
DA:108,8
DA:111,38
DA:112,16
DA:115,22
DA:116,60
DA:119,60
DA:121,60
DA:123,14
DA:124,14
DA:128,46
DA:130,8
DA:131,8
DA:135,38
DA:136,38
DA:138,22
DA:139,22
DA:140,22
DA:141,22
DA:143,16
DA:146,38
DA:148,8
DA:149,8
DA:153,30
DA:155,1
DA:156,1
DA:157,1
DA:158,1
DA:159,1
DA:161,29
DA:163,6
DA:164,6
DA:168,23
DA:170,23
DA:171,12
DA:173,11
DA:175,23
DA:177,6
DA:178,6
DA:183,17
DA:186,17
DA:189,17
DA:190,8
DA:192,17
DA:194,17
DA:196,0
DA:197,0
DA:201,17
DA:203,17
DA:204,61
DA:207,59
DA:209,59
DA:211,59
DA:213,14
DA:214,14
DA:217,45
DA:218,45
DA:219,59
DA:222,59
DA:224,59
DA:225,59
DA:227,0
DA:228,0
DA:231,59
DA:233,2
DA:234,2
DA:237,57
DA:239,20
DA:240,20
DA:243,37
DA:245,37
DA:247,37
DA:249,21
DA:250,21
DA:251,21
DA:253,37
DA:256,23
DA:258,23
DA:260,12
DA:261,12
DA:262,12
DA:266,11
DA:267,11
DA:271,23
DA:272,6
DA:274,23
DA:276,17
DA:277,17
DA:278,17
DA:279,23
DA:281,37
DA:283,22
DA:284,22
DA:287,15
DA:289,15
DA:290,15
DA:292,15
DA:293,59
DA:296,5
DA:299,5
DA:300,1
DA:302,4
DA:303,0
DA:305,4
DA:306,0
DA:308,4
DA:309,0
DA:311,4
DA:312,0
DA:314,4
DA:315,0
DA:317,4
DA:318,0
DA:320,4
DA:321,5
DA:324,3
DA:326,3
DA:330,493
DA:332,493
DA:336,46
DA:338,46
DA:342,115
DA:344,115
DA:348,60
DA:350,60
DA:352,60
DA:353,60
DA:355,22
DA:356,22
DA:357,60
DA:358,60
DA:361,42
DA:363,42
DA:368,8
DA:370,8
DA:372,8
DA:374,8
DA:375,8
DA:376,8
DA:377,8
DA:378,8
DA:379,8
DA:380,8
DA:381,8
DA:383,16
DA:384,8
LF:200
LH:189
end_of_record
TN:
SF:/Users/graysongall/projects/rxn-cpp/src/YamlHelper.C
FN:15,_ZN3rxn11getTypeNameINSt3__112basic_stringIcNS1_11char_traitsIcEENS1_9allocatorIcEEEEEES7_v
FN:20,_ZN3rxn11getTypeNameIdEENSt3__112basic_stringIcNS1_11char_traitsIcEENS1_9allocatorIcEEEEv
FN:25,_ZN3rxn11getTypeNameIbEENSt3__112basic_stringIcNS1_11char_traitsIcEENS1_9allocatorIcEEEEv
FN:31,_ZN3rxn12defaultValueIdEET_v
FN:37,_ZN3rxn12defaultValueINSt3__112basic_stringIcNS1_11char_traitsIcEENS1_9allocatorIcEEEEEET_v
FN:42,_ZN3rxn12defaultValueIbEET_v
FN:48,_ZN3rxn13paramProvidedERKNSt3__112basic_stringIcNS0_11char_traitsIcEENS0_9allocatorIcEEEERKN4YAML4NodeEb
FN:62,_ZN3rxn9getParamsIdEENSt3__16vectorIT_NS1_9allocatorIS3_EEEERKNS1_12basic_stringIcNS1_11char_traitsIcEENS4_IcEEEERKN4YAML4NodeEb
FN:62,_ZN3rxn9getParamsINSt3__112basic_stringIcNS1_11char_traitsIcEENS1_9allocatorIcEEEEEENS1_6vectorIT_NS5_IS9_EEEERKS7_RKN4YAML4NodeEb
FN:101,_ZN3rxn8getParamIdEET_RKNSt3__112basic_stringIcNS2_11char_traitsIcEENS2_9allocatorIcEEEERKN4YAML4NodeEb
FN:101,_ZN3rxn8getParamINSt3__112basic_stringIcNS1_11char_traitsIcEENS1_9allocatorIcEEEEEET_RKS7_RKN4YAML4NodeEb
FN:101,_ZN3rxn8getParamIbEET_RKNSt3__112basic_stringIcNS2_11char_traitsIcEENS2_9allocatorIcEEEERKN4YAML4NodeEb
FN:127,_ZN3rxn14getExtraParamsERKN4YAML4NodeERKNSt3__16vectorIKNS4_12basic_stringIcNS4_11char_traitsIcEENS4_9allocatorIcEEEENS9_ISC_EEEE
FNDA:27,_ZN3rxn9getParamsIdEENSt3__16vectorIT_NS1_9allocatorIS3_EEEERKNS1_12basic_stringIcNS1_11char_traitsIcEENS4_IcEEEERKN4YAML4NodeEb
FNDA:23,_ZN3rxn8getParamIbEET_RKNSt3__112basic_stringIcNS2_11char_traitsIcEENS2_9allocatorIcEEEERKN4YAML4NodeEb
FNDA:40,_ZN3rxn12defaultValueIdEET_v
FNDA:278,_ZN3rxn13paramProvidedERKNSt3__112basic_stringIcNS0_11char_traitsIcEENS0_9allocatorIcEEEERKN4YAML4NodeEb
FNDA:48,_ZN3rxn9getParamsINSt3__112basic_stringIcNS1_11char_traitsIcEENS1_9allocatorIcEEEEEENS1_6vectorIT_NS5_IS9_EEEERKS7_RKN4YAML4NodeEb
FNDA:2,_ZN3rxn11getTypeNameIbEENSt3__112basic_stringIcNS1_11char_traitsIcEENS1_9allocatorIcEEEEv
FNDA:1,_ZN3rxn11getTypeNameINSt3__112basic_stringIcNS1_11char_traitsIcEENS1_9allocatorIcEEEEEES7_v
FNDA:26,_ZN3rxn8getParamINSt3__112basic_stringIcNS1_11char_traitsIcEENS1_9allocatorIcEEEEEET_RKS7_RKN4YAML4NodeEb
FNDA:2,_ZN3rxn12defaultValueINSt3__112basic_stringIcNS1_11char_traitsIcEENS1_9allocatorIcEEEEEET_v
FNDA:22,_ZN3rxn12defaultValueIbEET_v
FNDA:45,_ZN3rxn8getParamIdEET_RKNSt3__112basic_stringIcNS2_11char_traitsIcEENS2_9allocatorIcEEEERKN4YAML4NodeEb
FNDA:3,_ZN3rxn11getTypeNameIdEENSt3__112basic_stringIcNS1_11char_traitsIcEENS1_9allocatorIcEEEEv
FNDA:21,_ZN3rxn14getExtraParamsERKN4YAML4NodeERKNSt3__16vectorIKNS4_12basic_stringIcNS4_11char_traitsIcEENS4_9allocatorIcEEEENS9_ISC_EEEE
FNF:13
FNH:13
DA:15,1
DA:16,1
DA:20,3
DA:21,3
DA:25,2
DA:26,2
DA:31,40
DA:32,40
DA:37,2
DA:38,2
DA:42,22
DA:44,22
DA:48,278
DA:50,279
DA:52,168
DA:54,1
DA:56,167
DA:58,110
DA:59,278
DA:62,75
DA:65,75
DA:67,41
DA:70,34
DA:74,34
DA:75,34
DA:81,28
DA:82,27
DA:83,27
DA:84,28
DA:86,1
DA:89,1
DA:90,28
DA:92,6
DA:93,138
DA:101,94
DA:104,94
DA:106,61
DA:109,33
DA:111,33
DA:112,33
DA:115,2
DA:116,2
DA:118,31
DA:119,123
DA:127,21
DA:129,21
DA:130,21
DA:131,21
DA:133,87
DA:135,66
DA:136,66
DA:138,326
DA:140,260
DA:142,63
DA:143,63
DA:145,260
DA:147,66
DA:149,3
DA:150,3
DA:151,66
DA:152,21
DA:153,21
LF:62
LH:62
end_of_record
