TN:
SF:/Users/graysongall/projects/rxn-cpp/src/BibTexHelper.C
FN:15,_ZN3rxn12BibTexHelper11getInstanceEv
FN:25,_ZN3rxn12BibTexHelper5clearEv
FN:31,_ZN3rxn12BibTexHelper17collectReferencesERKNSt3__112basic_stringIcNS1_11char_traitsIcEENS1_9allocatorIcEEEE
FN:71,_ZN3rxn12BibTexHelper12checkCiteKeyERKNSt3__112basic_stringIcNS1_11char_traitsIcEENS1_9allocatorIcEEEES9_
FNDA:2,_ZN3rxn12BibTexHelper5clearEv
FNDA:0,_ZN3rxn12BibTexHelper12checkCiteKeyERKNSt3__112basic_stringIcNS1_11char_traitsIcEENS1_9allocatorIcEEEES9_
FNDA:2,_ZN3rxn12BibTexHelper11getInstanceEv
FNDA:0,_ZN3rxn12BibTexHelper17collectReferencesERKNSt3__112basic_stringIcNS1_11char_traitsIcEENS1_9allocatorIcEEEE
FNF:4
FNH:2
DA:15,2
DA:18,2
DA:19,1
DA:20,1
DA:21,2
DA:22,0
DA:25,2
DA:27,2
DA:28,2
DA:31,0
DA:33,0
DA:34,0
DA:35,0
DA:37,0
DA:40,0
DA:41,0
DA:42,0
DA:43,0
DA:45,0
DA:47,0
DA:49,0
DA:52,0
DA:53,0
DA:54,0
DA:55,0
DA:58,0
DA:60,0
DA:61,0
DA:63,0
DA:64,0
DA:66,0
DA:67,0
DA:68,0
DA:71,0
DA:73,0
DA:75,0
DA:77,0
DA:80,0
DA:82,0
DA:84,0
DA:86,0
LF:41
LH:8
end_of_record
TN:
SF:/Users/graysongall/projects/rxn-cpp/src/Constants.C
FN:0,__cxx_global_var_init.31
FN:0,__cxx_global_var_init.5
FN:0,__cxx_global_var_init.26
FN:0,__cxx_global_var_init.44
FN:0,__cxx_global_var_init.14
FN:0,__cxx_global_var_init.28
FN:0,__cxx_global_var_init.39
FN:0,__cxx_global_var_init.35
FN:0,__cxx_global_var_init.46
FN:0,__cxx_global_var_init.16
FN:0,__cxx_global_var_init.24
FN:0,__cxx_global_var_init.33
FN:0,__cxx_global_var_init.7
FN:0,__cxx_global_var_init.18
FN:0,__cxx_global_var_init.3
FN:0,__cxx_global_var_init.21
FN:0,__cxx_global_var_init.13
FN:0,__cxx_global_var_init.43
FN:0,__cxx_global_var_init.9
FN:0,__cxx_global_var_init.29
FN:0,__cxx_global_var_init.1
FN:0,__cxx_global_var_init
FN:0,__cxx_global_var_init.11
FN:0,__cxx_global_var_init.41
FN:0,__cxx_global_var_init.23
FN:0,__cxx_global_var_init.37
FN:0,__cxx_global_var_init.19
FNDA:1,__cxx_global_var_init.37
FNDA:1,__cxx_global_var_init.19
FNDA:1,__cxx_global_var_init.23
FNDA:1,__cxx_global_var_init.11
FNDA:1,__cxx_global_var_init.41
FNDA:1,__cxx_global_var_init.29
FNDA:1,__cxx_global_var_init.1
FNDA:1,__cxx_global_var_init
FNDA:1,__cxx_global_var_init.13
FNDA:1,__cxx_global_var_init.43
FNDA:1,__cxx_global_var_init.9
FNDA:1,__cxx_global_var_init.21
FNDA:1,__cxx_global_var_init.3
FNDA:1,__cxx_global_var_init.18
FNDA:1,__cxx_global_var_init.33
FNDA:1,__cxx_global_var_init.24
FNDA:1,__cxx_global_var_init.7
FNDA:1,__cxx_global_var_init.46
FNDA:1,__cxx_global_var_init.35
FNDA:1,__cxx_global_var_init.16
FNDA:1,__cxx_global_var_init.28
FNDA:1,__cxx_global_var_init.39
FNDA:1,__cxx_global_var_init.44
FNDA:1,__cxx_global_var_init.14
FNDA:1,__cxx_global_var_init.5
FNDA:1,__cxx_global_var_init.26
FNDA:1,__cxx_global_var_init.31
FNF:27
FNH:27
DA:10,1
DA:11,1
DA:12,1
DA:13,1
DA:14,1
DA:15,1
DA:16,1
DA:17,1
DA:19,1
DA:20,1
DA:21,1
DA:23,1
DA:24,1
DA:25,1
DA:27,1
DA:28,1
DA:29,1
DA:31,1
DA:32,1
DA:33,1
DA:34,1
DA:35,1
DA:36,1
DA:37,1
DA:38,1
DA:41,1
DA:42,1
LF:27
LH:27
end_of_record
TN:
SF:/Users/graysongall/projects/rxn-cpp/src/InvalidInput.C
FN:6,_ZN3rxn14InvalidSpeciesC2ERKNSt3__112basic_stringIcNS1_11char_traitsIcEENS1_9allocatorIcEEEES9_
FN:6,_ZN3rxn14InvalidSpeciesC1ERKNSt3__112basic_stringIcNS1_11char_traitsIcEENS1_9allocatorIcEEEES9_
FN:12,_ZNK3rxn14InvalidSpecies4whatEv
FN:17,_ZN3rxn15InvalidReactionC2ERKNSt3__112basic_stringIcNS1_11char_traitsIcEENS1_9allocatorIcEEEES9_
FN:17,_ZN3rxn15InvalidReactionC1ERKNSt3__112basic_stringIcNS1_11char_traitsIcEENS1_9allocatorIcEEEES9_
FN:23,_ZNK3rxn15InvalidReaction4whatEv
FN:28,_ZN3rxn12InvalidInputC2ERKNSt3__112basic_stringIcNS1_11char_traitsIcEENS1_9allocatorIcEEEE
FN:28,_ZN3rxn12InvalidInputC1ERKNSt3__112basic_stringIcNS1_11char_traitsIcEENS1_9allocatorIcEEEE
FN:33,_ZN3rxn12InvalidInputC2ERKN4YAML4NodeERKNSt3__112basic_stringIcNS5_11char_traitsIcEENS5_9allocatorIcEEEE
FN:33,_ZN3rxn12InvalidInputC1ERKN4YAML4NodeERKNSt3__112basic_stringIcNS5_11char_traitsIcEENS5_9allocatorIcEEEE
FN:41,_ZN3rxn12InvalidInputC1ERKN4YAML4NodeERKNSt3__112basic_stringIcNS5_11char_traitsIcEENS5_9allocatorIcEEEESD_
FN:41,_ZN3rxn12InvalidInputC2ERKN4YAML4NodeERKNSt3__112basic_stringIcNS5_11char_traitsIcEENS5_9allocatorIcEEEESD_
FN:50,_ZNK3rxn12InvalidInput4whatEv
FN:55,_ZN3rxn16InvalidInputExitERKNSt3__112basic_stringIcNS0_11char_traitsIcEENS0_9allocatorIcEEEE
FN:65,_ZN3rxn16InvalidInputExitEN4YAML4NodeERKNSt3__112basic_stringIcNS2_11char_traitsIcEENS2_9allocatorIcEEEE
FN:79,_ZN3rxn16InvalidInputExitEN4YAML4NodeERKNSt3__112basic_stringIcNS2_11char_traitsIcEENS2_9allocatorIcEEEESA_
FNDA:2,_ZN3rxn14InvalidSpeciesC2ERKNSt3__112basic_stringIcNS1_11char_traitsIcEENS1_9allocatorIcEEEES9_
FNDA:0,_ZNK3rxn15InvalidReaction4whatEv
FNDA:2,_ZN3rxn16InvalidInputExitERKNSt3__112basic_stringIcNS0_11char_traitsIcEENS0_9allocatorIcEEEE
FNDA:0,_ZNK3rxn14InvalidSpecies4whatEv
FNDA:0,_ZN3rxn15InvalidReactionC1ERKNSt3__112basic_stringIcNS1_11char_traitsIcEENS1_9allocatorIcEEEES9_
FNDA:0,_ZN3rxn15InvalidReactionC2ERKNSt3__112basic_stringIcNS1_11char_traitsIcEENS1_9allocatorIcEEEES9_
FNDA:0,_ZN3rxn12InvalidInputC2ERKN4YAML4NodeERKNSt3__112basic_stringIcNS5_11char_traitsIcEENS5_9allocatorIcEEEESD_
FNDA:0,_ZN3rxn12InvalidInputC1ERKN4YAML4NodeERKNSt3__112basic_stringIcNS5_11char_traitsIcEENS5_9allocatorIcEEEE
FNDA:2,_ZN3rxn14InvalidSpeciesC1ERKNSt3__112basic_stringIcNS1_11char_traitsIcEENS1_9allocatorIcEEEES9_
FNDA:0,_ZN3rxn12InvalidInputC2ERKNSt3__112basic_stringIcNS1_11char_traitsIcEENS1_9allocatorIcEEEE
FNDA:0,_ZNK3rxn12InvalidInput4whatEv
FNDA:0,_ZN3rxn12InvalidInputC1ERKN4YAML4NodeERKNSt3__112basic_stringIcNS5_11char_traitsIcEENS5_9allocatorIcEEEESD_
FNDA:0,_ZN3rxn12InvalidInputC1ERKNSt3__112basic_stringIcNS1_11char_traitsIcEENS1_9allocatorIcEEEE
FNDA:0,_ZN3rxn12InvalidInputC2ERKN4YAML4NodeERKNSt3__112basic_stringIcNS5_11char_traitsIcEENS5_9allocatorIcEEEE
FNDA:0,_ZN3rxn16InvalidInputExitEN4YAML4NodeERKNSt3__112basic_stringIcNS2_11char_traitsIcEENS2_9allocatorIcEEEE
FNDA:0,_ZN3rxn16InvalidInputExitEN4YAML4NodeERKNSt3__112basic_stringIcNS2_11char_traitsIcEENS2_9allocatorIcEEEESA_
FNF:16
FNH:3
DA:6,6
DA:7,4
DA:8,2
DA:9,4
DA:12,0
DA:14,0
DA:17,0
DA:18,0
DA:19,0
DA:20,0
DA:23,0
DA:25,0
DA:28,0
DA:29,0
DA:30,0
DA:31,0
DA:33,0
DA:34,0
DA:35,0
DA:36,0
DA:38,0
DA:39,0
DA:41,0
DA:42,0
DA:43,0
DA:44,0
DA:46,0
DA:47,0
DA:50,0
DA:52,0
DA:55,2
DA:57,2
DA:59,2
DA:63,0
DA:65,0
DA:67,0
DA:68,0
DA:70,0
DA:72,0
DA:76,0
DA:79,0
DA:81,0
DA:82,0
DA:84,0
DA:86,0
DA:90,0
LF:46
LH:7
end_of_record
TN:
SF:/Users/graysongall/projects/rxn-cpp/src/NetworkParser.C
FN:0,__cxx_global_var_init.3
FN:0,__cxx_global_var_init.18
FN:0,__cxx_global_var_init.7
FN:0,__cxx_global_var_init.24
FN:0,__cxx_global_var_init.33
FN:0,__cxx_global_var_init.46
FN:0,__cxx_global_var_init.35
FN:0,__cxx_global_var_init.16
FN:0,__cxx_global_var_init.39
FN:0,__cxx_global_var_init.28
FN:0,__cxx_global_var_init.44
FN:0,__cxx_global_var_init.14
FN:0,__cxx_global_var_init.26
FN:0,__cxx_global_var_init.5
FN:0,__cxx_global_var_init.31
FN:0,__cxx_global_var_init.19
FN:0,__cxx_global_var_init.37
FN:0,__cxx_global_var_init.23
FN:0,__cxx_global_var_init.11
FN:0,__cxx_global_var_init.41
FN:0,__cxx_global_var_init.1
FN:0,__cxx_global_var_init
FN:0,__cxx_global_var_init.29
FN:0,__cxx_global_var_init.9
FN:0,__cxx_global_var_init.13
FN:0,__cxx_global_var_init.43
FN:0,__cxx_global_var_init.21
FN:18,_ZN3rxn13NetworkParser11getInstanceEv
FN:28,_ZN3rxn13NetworkParser5clearEv
FN:38,_ZN3rxn13NetworkParser9checkRefsEv
FN:44,_ZNK3rxn13NetworkParser9checkFileERKNSt3__112basic_stringIcNS1_11char_traitsIcEENS1_9allocatorIcEEEE
FN:59,_ZN3rxn13NetworkParser12checkBibFileERKNSt3__112basic_stringIcNS1_11char_traitsIcEENS1_9allocatorIcEEEE
FN:77,_ZN3rxn13NetworkParser14parseReactionsERKN4YAML4NodeEPNSt3__16vectorINS5_10shared_ptrIKNS_8ReactionEEENS5_9allocatorISA_EEEERKNS5_12basic_stringIcNS5_11char_traitsIcEENSB_IcEEEESL_SL_
FN:114,_ZN3rxn13NetworkParser12parseNetworkERKNSt3__112basic_stringIcNS1_11char_traitsIcEENS1_9allocatorIcEEEE
FN:179,_ZN3rxn13NetworkParser15writeLatexTableERKNSt3__112basic_stringIcNS1_11char_traitsIcEENS1_9allocatorIcEEEE
FN:305,_ZN3rxn13NetworkParser19writeSpeciesSummaryERKNSt3__112basic_stringIcNS1_11char_traitsIcEENS1_9allocatorIcEEEE
FNDA:1,__cxx_global_var_init.5
FNDA:1,__cxx_global_var_init.26
FNDA:1,__cxx_global_var_init.31
FNDA:1,__cxx_global_var_init.39
FNDA:1,__cxx_global_var_init.28
FNDA:3,_ZNK3rxn13NetworkParser9checkFileERKNSt3__112basic_stringIcNS1_11char_traitsIcEENS1_9allocatorIcEEEE
FNDA:1,__cxx_global_var_init.14
FNDA:1,__cxx_global_var_init.44
FNDA:2,_ZN3rxn13NetworkParser14parseReactionsERKN4YAML4NodeEPNSt3__16vectorINS5_10shared_ptrIKNS_8ReactionEEENS5_9allocatorISA_EEEERKNS5_12basic_stringIcNS5_11char_traitsIcEENSB_IcEEEESL_SL_
FNDA:0,_ZN3rxn13NetworkParser15writeLatexTableERKNSt3__112basic_stringIcNS1_11char_traitsIcEENS1_9allocatorIcEEEE
FNDA:1,_ZN3rxn13NetworkParser12parseNetworkERKNSt3__112basic_stringIcNS1_11char_traitsIcEENS1_9allocatorIcEEEE
FNDA:0,_ZN3rxn13NetworkParser12checkBibFileERKNSt3__112basic_stringIcNS1_11char_traitsIcEENS1_9allocatorIcEEEE
FNDA:1,__cxx_global_var_init.16
FNDA:1,__cxx_global_var_init.46
FNDA:1,__cxx_global_var_init.35
FNDA:1,__cxx_global_var_init.18
FNDA:1,__cxx_global_var_init.3
FNDA:1,__cxx_global_var_init.7
FNDA:1,__cxx_global_var_init.33
FNDA:2,_ZN3rxn13NetworkParser5clearEv
FNDA:1,__cxx_global_var_init.24
FNDA:1,__cxx_global_var_init.21
FNDA:1,__cxx_global_var_init
FNDA:1,__cxx_global_var_init.1
FNDA:1,__cxx_global_var_init.29
FNDA:1,__cxx_global_var_init.9
FNDA:1,__cxx_global_var_init.43
FNDA:1,__cxx_global_var_init.13
FNDA:0,_ZN3rxn13NetworkParser9checkRefsEv
FNDA:1,__cxx_global_var_init.41
FNDA:1,__cxx_global_var_init.11
FNDA:0,_ZN3rxn13NetworkParser19writeSpeciesSummaryERKNSt3__112basic_stringIcNS1_11char_traitsIcEENS1_9allocatorIcEEEE
FNDA:4,_ZN3rxn13NetworkParser11getInstanceEv
FNDA:1,__cxx_global_var_init.19
FNDA:1,__cxx_global_var_init.37
FNDA:1,__cxx_global_var_init.23
FNF:36
FNH:32
DA:10,1
DA:11,1
DA:12,1
DA:13,1
DA:14,1
DA:15,1
DA:16,1
DA:17,1
DA:18,4
DA:19,1
DA:20,1
DA:21,5
DA:22,1
DA:23,2
DA:24,5
DA:25,1
DA:27,1
DA:28,3
DA:29,1
DA:30,2
DA:31,3
DA:32,3
DA:33,3
DA:34,3
DA:35,3
DA:36,3
DA:37,1
DA:38,1
DA:40,0
DA:41,1
DA:42,1
DA:44,3
DA:46,3
DA:47,3
DA:49,1
DA:50,0
DA:51,2
DA:52,2
DA:54,1
DA:55,0
DA:56,4
DA:59,0
DA:61,0
DA:62,0
DA:65,0
DA:66,0
DA:67,0
DA:68,0
DA:70,0
DA:72,0
DA:73,0
DA:74,0
DA:77,2
DA:79,2
DA:81,1
DA:84,1
DA:86,0
DA:87,0
DA:89,1
DA:91,9
DA:94,8
DA:95,8
DA:96,8
DA:98,8
DA:99,8
DA:101,8
DA:103,0
DA:104,0
DA:106,8
DA:107,0
DA:108,0
DA:109,0
DA:110,8
DA:111,2
DA:114,1
DA:116,1
DA:117,1
DA:119,1
DA:121,1
DA:123,0
DA:125,0
DA:127,0
DA:128,0
DA:129,0
DA:132,0
DA:134,0
DA:135,0
DA:137,0
DA:138,0
DA:140,1
DA:144,1
DA:145,1
DA:146,0
DA:147,0
DA:148,0
DA:150,1
DA:152,0
DA:153,0
DA:156,1
DA:157,1
DA:159,0
DA:160,0
DA:161,0
DA:163,1
DA:164,1
DA:165,1
DA:167,1
DA:169,0
DA:170,0
DA:171,0
DA:172,0
DA:174,1
DA:175,1
DA:176,1
DA:179,0
DA:182,0
DA:184,0
DA:186,0
DA:187,0
DA:189,0
DA:190,0
DA:192,0
DA:193,0
DA:195,0
DA:197,0
DA:198,0
DA:199,0
DA:200,0
DA:201,0
DA:204,0
DA:205,0
DA:207,0
DA:208,0
DA:209,0
DA:212,0
DA:213,0
DA:214,0
DA:215,0
DA:216,0
DA:217,0
DA:218,0
DA:220,0
DA:221,0
DA:222,0
DA:223,0
DA:224,0
DA:225,0
DA:227,0
DA:229,0
DA:232,0
DA:234,0
DA:236,0
DA:237,0
DA:238,0
DA:239,0
DA:240,0
DA:242,0
DA:243,0
DA:244,0
DA:246,0
DA:247,0
DA:248,0
DA:249,0
DA:250,0
DA:252,0
DA:253,0
DA:255,0
DA:257,0
DA:258,0
DA:260,0
DA:261,0
DA:262,0
DA:263,0
DA:264,0
DA:266,0
DA:267,0
DA:269,0
DA:271,0
DA:273,0
DA:274,0
DA:275,0
DA:277,0
DA:278,0
DA:280,0
DA:281,0
DA:283,0
DA:285,0
DA:286,0
DA:288,0
DA:290,0
DA:291,0
DA:294,0
DA:295,0
DA:297,0
DA:299,0
DA:300,0
DA:301,0
DA:302,0
DA:305,0
DA:307,0
DA:308,0
DA:309,0
DA:310,0
LF:203
LH:71
end_of_record
TN:
SF:/Users/graysongall/projects/rxn-cpp/src/Reaction.C
FN:0,__cxx_global_var_init.33
FN:0,__cxx_global_var_init.7
FN:0,__cxx_global_var_init.18
FN:0,__cxx_global_var_init.31
FN:0,__cxx_global_var_init.28
FN:0,__cxx_global_var_init.39
FN:0,__cxx_global_var_init.11
FN:0,__cxx_global_var_init.41
FN:0,__cxx_global_var_init.23
FN:0,__cxx_global_var_init.37
FN:0,__cxx_global_var_init.19
FN:0,__cxx_global_var_init.21
FN:0,__cxx_global_var_init.13
FN:0,__cxx_global_var_init.43
FN:0,__cxx_global_var_init.9
FN:0,__cxx_global_var_init.29
FN:0,__cxx_global_var_init.35
FN:0,__cxx_global_var_init.46
FN:0,__cxx_global_var_init.16
FN:0,__cxx_global_var_init.24
FN:0,__cxx_global_var_init.3
FN:0,__cxx_global_var_init.5
FN:0,__cxx_global_var_init.26
FN:0,__cxx_global_var_init.44
FN:0,__cxx_global_var_init.14
FN:0,__cxx_global_var_init.1
FN:0,__cxx_global_var_init
FN:13,_ZN3rxn8ReactionC2ERKN4YAML4NodeEiRKNSt3__112basic_stringIcNS5_11char_traitsIcEENS5_9allocatorIcEEEESD_b
FN:13,_ZN3rxn8ReactionC1ERKN4YAML4NodeEiRKNSt3__112basic_stringIcNS5_11char_traitsIcEENS5_9allocatorIcEEEESD_b
FN:86,_ZN3rxn8Reaction9checkNameERKN4YAML4NodeE
FN:100,_ZN3rxn8Reaction8setSidesEv
FN:174,_ZN3rxn8Reaction8getCoeffERNSt3__112basic_stringIcNS1_11char_traitsIcEENS1_9allocatorIcEEEE
FN:192,_ZN3rxn8Reaction16validateReactionEv
FN:287,_ZN3rxn8Reaction16substituteLumpedEv
FN:353,_ZN3rxn8Reaction12setLatexNameEv
FN:407,_ZN3rxn8Reaction21determineReactionTypeEv
FN:429,_ZN3rxn8Reaction15checkReferencesEv
FN:443,_ZNK3rxn8Reaction7getNameEv
FN:449,_ZNK3rxn8Reaction22getLatexRepresentationEv
FN:455,_ZNK3rxn8Reaction17getReactionNumberEv
FN:461,_ZNK3rxn8Reaction13getReferencesEv
FN:467,_ZNK3rxn8Reaction8getNotesEv
FN:473,_ZNK3rxn8Reaction17getReactionParamsEv
FN:479,_ZNK3rxn8Reaction22getDeltaEnergyElectronEv
FN:485,_ZNK3rxn8Reaction17getDeltaEnergyGasEv
FN:491,_ZNK3rxn8ReactioneqERKS0_
FN:506,_ZNK3rxn8ReactionneERKS0_
FN:512,_ZNK3rxn8Reaction21getReferencesAsStringEv
FN:521,_ZNK3rxn8Reaction10getSpeciesEv
FN:527,_ZNK3rxn8Reaction19getStoicCoeffByNameERKNSt3__112basic_stringIcNS1_11char_traitsIcEENS1_9allocatorIcEEEE
FN:540,_ZN3rxn8Reaction20collectUniqueSpeciesEv
FN:566,_ZNKSt3__14hashIN3rxn8ReactionEEclERKS2_
FNDA:1,__cxx_global_var_init.26
FNDA:0,_ZNKSt3__14hashIN3rxn8ReactionEEclERKS2_
FNDA:1,__cxx_global_var_init.5
FNDA:0,_ZNK3rxn8Reaction22getLatexRepresentationEv
FNDA:0,_ZNK3rxn8Reaction17getReactionNumberEv
FNDA:1,__cxx_global_var_init.44
FNDA:0,_ZN3rxn8Reaction21determineReactionTypeEv
FNDA:1,__cxx_global_var_init.14
FNDA:1,__cxx_global_var_init.46
FNDA:1,__cxx_global_var_init.35
FNDA:1,__cxx_global_var_init.16
FNDA:1,__cxx_global_var_init.3
FNDA:8,_ZNK3rxn8Reaction10getSpeciesEv
FNDA:1,__cxx_global_var_init.24
FNDA:8,_ZN3rxn8Reaction12setLatexNameEv
FNDA:8,_ZN3rxn8ReactionC1ERKN4YAML4NodeEiRKNSt3__112basic_stringIcNS5_11char_traitsIcEENS5_9allocatorIcEEEESD_b
FNDA:1,__cxx_global_var_init.1
FNDA:1,__cxx_global_var_init
FNDA:31,_ZN3rxn8Reaction8getCoeffERNSt3__112basic_stringIcNS1_11char_traitsIcEENS1_9allocatorIcEEEE
FNDA:8,_ZNK3rxn8Reaction7getNameEv
FNDA:8,_ZN3rxn8ReactionC2ERKN4YAML4NodeEiRKNSt3__112basic_stringIcNS5_11char_traitsIcEENS5_9allocatorIcEEEESD_b
FNDA:8,_ZN3rxn8Reaction16substituteLumpedEv
FNDA:1,__cxx_global_var_init.31
FNDA:0,_ZNK3rxn8Reaction17getDeltaEnergyGasEv
FNDA:1,__cxx_global_var_init.28
FNDA:1,__cxx_global_var_init.39
FNDA:0,_ZNK3rxn8Reaction19getStoicCoeffByNameERKNSt3__112basic_stringIcNS1_11char_traitsIcEENS1_9allocatorIcEEEE
FNDA:0,_ZNK3rxn8Reaction22getDeltaEnergyElectronEv
FNDA:0,_ZNK3rxn8ReactionneERKS0_
FNDA:1,__cxx_global_var_init.18
FNDA:1,__cxx_global_var_init.33
FNDA:0,_ZNK3rxn8Reaction8getNotesEv
FNDA:0,_ZN3rxn8Reaction15checkReferencesEv
FNDA:1,__cxx_global_var_init.7
FNDA:0,_ZNK3rxn8ReactioneqERKS0_
FNDA:8,_ZN3rxn8Reaction8setSidesEv
FNDA:1,__cxx_global_var_init.21
FNDA:1,__cxx_global_var_init.29
FNDA:1,__cxx_global_var_init.13
FNDA:1,__cxx_global_var_init.43
FNDA:1,__cxx_global_var_init.9
FNDA:8,_ZN3rxn8Reaction20collectUniqueSpeciesEv
FNDA:8,_ZN3rxn8Reaction9checkNameERKN4YAML4NodeE
FNDA:0,_ZNK3rxn8Reaction17getReactionParamsEv
FNDA:16,_ZN3rxn8Reaction16validateReactionEv
FNDA:0,_ZNK3rxn8Reaction13getReferencesEv
FNDA:0,_ZNK3rxn8Reaction21getReferencesAsStringEv
FNDA:1,__cxx_global_var_init.11
FNDA:1,__cxx_global_var_init.41
FNDA:1,__cxx_global_var_init.37
FNDA:1,__cxx_global_var_init.19
FNDA:1,__cxx_global_var_init.23
FNF:52
FNH:38
DA:10,1
DA:11,1
DA:12,1
DA:13,25
DA:14,1
DA:15,1
DA:16,1
DA:17,1
DA:18,8
DA:19,9
DA:20,9
DA:21,9
DA:22,8
DA:23,9
DA:24,9
DA:25,9
DA:26,8
DA:27,9
DA:28,9
DA:29,1
DA:31,1
DA:32,1
DA:33,1
DA:34,1
DA:35,1
DA:36,1
DA:37,1
DA:38,1
DA:41,1
DA:42,1
DA:43,8
DA:45,8
DA:47,0
DA:49,0
DA:51,0
DA:52,0
DA:53,0
DA:56,0
DA:58,0
DA:59,0
DA:61,0
DA:62,0
DA:64,8
DA:65,8
DA:66,8
DA:67,8
DA:68,8
DA:69,8
DA:72,8
DA:74,0
DA:75,0
DA:79,8
DA:80,8
DA:81,8
DA:82,8
DA:83,16
DA:86,8
DA:89,8
DA:91,8
DA:93,0
DA:94,0
DA:96,8
DA:97,8
DA:100,8
DA:103,8
DA:104,8
DA:105,8
DA:107,8
DA:108,8
DA:110,8
DA:112,8
DA:113,23
DA:115,15
DA:116,15
DA:118,15
DA:120,15
DA:121,15
DA:122,15
DA:125,0
DA:126,0
DA:130,15
DA:131,15
DA:132,0
DA:133,0
DA:135,15
DA:137,15
DA:138,15
DA:139,15
DA:140,15
DA:142,8
DA:143,24
DA:145,16
DA:146,16
DA:148,16
DA:150,9
DA:151,9
DA:152,9
DA:155,7
DA:156,7
DA:160,16
DA:161,16
DA:162,0
DA:163,0
DA:165,16
DA:167,16
DA:168,16
DA:169,16
DA:170,16
DA:171,8
DA:174,31
DA:176,31
DA:178,31
DA:179,31
DA:181,26
DA:182,26
DA:185,5
DA:186,5
DA:188,62
DA:189,31
DA:192,16
DA:195,16
DA:197,16
DA:200,16
DA:201,16
DA:202,46
DA:204,30
DA:205,30
DA:206,30
DA:207,30
DA:208,60
DA:212,30
DA:213,10
DA:215,20
DA:217,16
DA:218,16
DA:221,4
DA:222,30
DA:223,30
DA:225,16
DA:227,16
DA:228,16
DA:229,48
DA:231,32
DA:232,32
DA:233,32
DA:234,32
DA:238,64
DA:242,32
DA:243,12
DA:244,20
DA:246,20
DA:248,0
DA:251,20
DA:253,16
DA:254,16
DA:257,4
DA:258,32
DA:259,32
DA:262,32
DA:263,16
DA:265,0
DA:266,0
DA:267,0
DA:268,16
DA:272,16
DA:274,16
DA:276,16
DA:277,0
DA:279,16
DA:280,0
DA:282,16
DA:283,0
DA:284,16
DA:287,8
DA:289,8
DA:290,8
DA:291,8
DA:292,8
DA:295,8
DA:297,23
DA:300,15
DA:301,15
DA:302,15
DA:304,15
DA:306,0
DA:307,0
DA:309,0
DA:310,0
DA:311,0
DA:314,0
DA:315,0
DA:317,0
DA:318,0
DA:319,0
DA:320,0
DA:322,0
DA:324,24
DA:326,16
DA:327,16
DA:329,16
DA:331,16
DA:333,0
DA:334,0
DA:336,0
DA:337,0
DA:338,0
DA:341,0
DA:342,0
DA:344,0
DA:345,0
DA:346,0
DA:347,0
DA:349,0
DA:350,8
DA:353,8
DA:357,8
DA:358,23
DA:360,15
DA:361,15
DA:363,15
DA:365,15
DA:366,0
DA:368,15
DA:370,15
DA:371,15
DA:372,2
DA:374,15
DA:376,15
DA:377,7
DA:378,15
DA:380,8
DA:382,8
DA:383,24
DA:385,16
DA:386,16
DA:388,16
DA:390,16
DA:391,0
DA:393,16
DA:395,16
DA:396,16
DA:397,3
DA:399,16
DA:401,16
DA:402,8
DA:403,16
DA:404,8
DA:407,0
DA:409,0
DA:411,0
DA:412,0
DA:415,0
DA:417,0
DA:418,0
DA:421,0
DA:423,0
DA:424,0
DA:426,0
DA:429,0
DA:431,0
DA:432,0
DA:435,0
DA:436,0
DA:437,0
DA:438,0
DA:439,0
DA:440,0
DA:443,8
DA:445,8
DA:449,0
DA:451,0
DA:455,0
DA:457,0
DA:461,0
DA:463,0
DA:467,0
DA:469,0
DA:473,0
DA:475,0
DA:479,0
DA:481,0
DA:485,0
DA:487,0
DA:491,0
DA:493,0
DA:494,0
DA:496,0
DA:497,0
DA:499,0
DA:500,0
DA:502,0
DA:503,0
DA:506,0
DA:508,0
DA:512,0
DA:514,0
DA:515,0
DA:516,0
DA:517,0
DA:518,0
DA:521,8
DA:523,8
DA:527,0
DA:529,0
DA:530,0
DA:532,0
DA:535,0
DA:537,0
DA:540,8
DA:543,8
DA:544,8
DA:546,23
DA:548,15
DA:549,15
DA:551,15
DA:552,15
DA:553,15
DA:555,24
DA:557,16
DA:558,16
DA:560,16
DA:561,16
DA:562,16
DA:563,8
DA:566,0
DA:568,0
DA:570,0
DA:572,0
DA:573,0
DA:574,0
DA:579,0
DA:580,0
LF:332
LH:214
end_of_record
TN:
SF:/Users/graysongall/projects/rxn-cpp/src/ReactionTypeHelper.C
FN:6,_ZN3rxn9isElasticERKNSt3__16vectorINS0_8weak_ptrINS_7SpeciesEEENS0_9allocatorIS4_EEEES9_
FN:33,_ZN3rxn12isIonizationERKNSt3__16vectorINS0_8weak_ptrINS_7SpeciesEEENS0_9allocatorIS4_EEEES9_RKNS0_13unordered_mapINS0_12basic_stringIcNS0_11char_traitsIcEENS5_IcEEEEiNS0_4hashISF_EENS0_8equal_toISF_EENS5_INS0_4pairIKSF_iEEEEEE
FN:103,_ZN3rxn12isExcitationERKNSt3__16vectorINS0_8weak_ptrINS_7SpeciesEEENS0_9allocatorIS4_EEEES9_RKNS0_13unordered_mapINS0_12basic_stringIcNS0_11char_traitsIcEENS5_IcEEEEiNS0_4hashISF_EENS0_8equal_toISF_EENS5_INS0_4pairIKSF_iEEEEEE
FNDA:0,_ZN3rxn9isElasticERKNSt3__16vectorINS0_8weak_ptrINS_7SpeciesEEENS0_9allocatorIS4_EEEES9_
FNDA:0,_ZN3rxn12isExcitationERKNSt3__16vectorINS0_8weak_ptrINS_7SpeciesEEENS0_9allocatorIS4_EEEES9_RKNS0_13unordered_mapINS0_12basic_stringIcNS0_11char_traitsIcEENS5_IcEEEEiNS0_4hashISF_EENS0_8equal_toISF_EENS5_INS0_4pairIKSF_iEEEEEE
FNDA:0,_ZN3rxn12isIonizationERKNSt3__16vectorINS0_8weak_ptrINS_7SpeciesEEENS0_9allocatorIS4_EEEES9_RKNS0_13unordered_mapINS0_12basic_stringIcNS0_11char_traitsIcEENS5_IcEEEEiNS0_4hashISF_EENS0_8equal_toISF_EENS5_INS0_4pairIKSF_iEEEEEE
FNF:3
FNH:0
DA:6,0
DA:9,0
DA:11,0
DA:14,0
DA:16,0
DA:18,0
DA:20,0
DA:22,0
DA:24,0
DA:25,0
DA:26,0
DA:27,0
DA:29,0
DA:30,0
DA:33,0
DA:40,0
DA:42,0
DA:45,0
DA:46,0
DA:48,0
DA:49,0
DA:50,0
DA:52,0
DA:53,0
DA:55,0
DA:56,0
DA:57,0
DA:59,0
DA:61,0
DA:63,0
DA:65,0
DA:66,0
DA:69,0
DA:70,0
DA:72,0
DA:74,0
DA:75,0
DA:76,0
DA:78,0
DA:80,0
DA:82,0
DA:83,0
DA:85,0
DA:86,0
DA:88,0
DA:89,0
DA:91,0
DA:93,0
DA:95,0
DA:97,0
DA:99,0
DA:100,0
DA:103,0
DA:108,0
DA:110,0
DA:112,0
DA:114,0
DA:115,0
DA:118,0
DA:119,0
DA:125,0
DA:127,0
DA:130,0
DA:131,0
DA:133,0
DA:135,0
DA:137,0
DA:138,0
DA:141,0
DA:142,0
DA:144,0
DA:146,0
DA:150,0
DA:152,0
DA:155,0
DA:156,0
DA:157,0
DA:161,0
DA:163,0
DA:165,0
DA:167,0
DA:168,0
DA:169,0
LF:83
LH:0
end_of_record
TN:
SF:/Users/graysongall/projects/rxn-cpp/src/Species.C
FN:8,_ZN3rxn7SpeciesC2ERKNSt3__112basic_stringIcNS1_11char_traitsIcEENS1_9allocatorIcEEEE
FN:8,_ZN3rxn7SpeciesC1ERKNSt3__112basic_stringIcNS1_11char_traitsIcEENS1_9allocatorIcEEEE
FN:19,_ZN3rxn7Species16decomposeSpeciesEv
FN:61,_ZN3rxn7Species7setMassEv
FN:70,_ZN3rxn7Species15setChargeNumberEv
FN:80,_ZN3rxn7Species12setLatexNameEv
FN:89,_ZNK3rxn7SpecieseqERKS0_
FN:112,_ZNK3rxn7SpeciesneERKS0_
FN:118,_ZNK3rxn7Species21getRateBasedReactionsEv
FN:130,_ZNK3rxn7Species21getXSecBasedReactionsEv
FN:142,_ZNK3rxn7Species13getSubSpeciesEv
FN:148,_ZNK3rxn7Species21setNeutralGroundStateEv
FN:160,_ZNK3rxn7Species21getNeutralGroundStateEv
FN:168,_ZNKSt3__14hashIN3rxn7SpeciesEEclERKS2_
FNDA:29,_ZN3rxn7Species12setLatexNameEv
FNDA:29,_ZN3rxn7SpeciesC1ERKNSt3__112basic_stringIcNS1_11char_traitsIcEENS1_9allocatorIcEEEE
FNDA:29,_ZN3rxn7Species15setChargeNumberEv
FNDA:0,_ZNKSt3__14hashIN3rxn7SpeciesEEclERKS2_
FNDA:1,_ZNK3rxn7SpeciesneERKS0_
FNDA:6,_ZNK3rxn7SpecieseqERKS0_
FNDA:29,_ZN3rxn7Species7setMassEv
FNDA:29,_ZNK3rxn7Species21setNeutralGroundStateEv
FNDA:29,_ZN3rxn7Species16decomposeSpeciesEv
FNDA:0,_ZNK3rxn7Species21getRateBasedReactionsEv
FNDA:218,_ZNK3rxn7Species13getSubSpeciesEv
FNDA:0,_ZNK3rxn7Species21getNeutralGroundStateEv
FNDA:29,_ZN3rxn7SpeciesC2ERKNSt3__112basic_stringIcNS1_11char_traitsIcEENS1_9allocatorIcEEEE
FNDA:0,_ZNK3rxn7Species21getXSecBasedReactionsEv
FNF:14
FNH:10
DA:8,87
DA:9,29
DA:10,29
DA:11,29
DA:12,58
DA:13,29
DA:14,29
DA:15,29
DA:16,58
DA:19,29
DA:21,29
DA:22,29
DA:23,64
DA:25,35
DA:27,29
DA:28,29
DA:34,6
DA:37,3
DA:39,3
DA:41,3
DA:43,3
DA:45,3
DA:47,3
DA:48,35
DA:50,29
DA:52,61
DA:54,32
DA:55,32
DA:57,29
DA:58,29
DA:61,29
DA:63,29
DA:64,61
DA:65,32
DA:66,29
DA:67,29
DA:70,29
DA:72,29
DA:73,61
DA:74,32
DA:75,29
DA:76,29
DA:80,29
DA:82,29
DA:83,61
DA:84,32
DA:85,29
DA:86,29
DA:89,6
DA:91,6
DA:92,0
DA:94,6
DA:95,0
DA:97,6
DA:98,0
DA:100,6
DA:101,2
DA:103,8
DA:105,4
DA:106,0
DA:107,4
DA:108,4
DA:109,6
DA:112,1
DA:114,1
DA:118,0
DA:120,0
DA:122,0
DA:124,0
DA:125,0
DA:126,0
DA:127,0
DA:130,0
DA:132,0
DA:134,0
DA:136,0
DA:137,0
DA:138,0
DA:139,0
DA:142,218
DA:144,218
DA:148,29
DA:150,29
DA:151,61
DA:153,32
DA:154,32
DA:156,29
DA:157,29
DA:160,0
DA:162,0
DA:168,0
DA:170,0
DA:172,0
DA:174,0
DA:175,0
DA:177,0
DA:178,0
DA:179,0
DA:182,0
DA:183,0
LF:100
LH:70
end_of_record
TN:
SF:/Users/graysongall/projects/rxn-cpp/src/SpeciesBase.C
FN:0,__cxx_global_var_init.29
FN:0,__cxx_global_var_init
FN:0,__cxx_global_var_init.1
FN:0,__cxx_global_var_init.43
FN:0,__cxx_global_var_init.13
FN:0,__cxx_global_var_init.9
FN:0,__cxx_global_var_init.21
FN:0,__cxx_global_var_init.37
FN:0,__cxx_global_var_init.19
FN:0,__cxx_global_var_init.23
FN:0,__cxx_global_var_init.41
FN:0,__cxx_global_var_init.11
FN:0,__cxx_global_var_init.28
FN:0,__cxx_global_var_init.39
FN:0,__cxx_global_var_init.14
FN:0,__cxx_global_var_init.44
FN:0,__cxx_global_var_init.5
FN:0,__cxx_global_var_init.26
FN:0,__cxx_global_var_init.31
FN:0,__cxx_global_var_init.18
FN:0,__cxx_global_var_init.3
FN:0,__cxx_global_var_init.24
FN:0,__cxx_global_var_init.33
FN:0,__cxx_global_var_init.7
FN:0,__cxx_global_var_init.16
FN:0,__cxx_global_var_init.35
FN:0,__cxx_global_var_init.46
FN:8,_ZN3rxn11SpeciesBaseC2ERKNSt3__112basic_stringIcNS1_11char_traitsIcEENS1_9allocatorIcEEEE
FN:16,_ZN3rxnlsERNSt3__113basic_ostreamIcNS0_11char_traitsIcEEEERKNS_11SpeciesBaseE
FN:23,_ZN3rxn11SpeciesBase9checkNameERKNSt3__112basic_stringIcNS1_11char_traitsIcEENS1_9allocatorIcEEEE
FN:44,_ZNK3rxn11SpeciesBaseeqERKS0_
FN:51,_ZNK3rxn11SpeciesBaseneERKS0_
FN:57,_ZNK3rxn11SpeciesBase7getNameEv
FN:63,_ZNK3rxn11SpeciesBase7getMassEv
FN:69,_ZNK3rxn11SpeciesBase15getChargeNumberEv
FN:75,_ZNK3rxn11SpeciesBase9getChargeEv
FN:81,_ZNK3rxn11SpeciesBase22getLatexRepresentationEv
FN:88,_ZNKSt3__14hashIN3rxn11SpeciesBaseEEclERKS2_
FNDA:1,__cxx_global_var_init.37
FNDA:1,__cxx_global_var_init.19
FNDA:310,_ZNK3rxn11SpeciesBase7getNameEv
FNDA:1,__cxx_global_var_init.23
FNDA:115,_ZNK3rxn11SpeciesBase22getLatexRepresentationEv
FNDA:1,__cxx_global_var_init.41
FNDA:1,__cxx_global_var_init.11
FNDA:1,__cxx_global_var_init.29
FNDA:84,_ZN3rxn11SpeciesBaseC2ERKNSt3__112basic_stringIcNS1_11char_traitsIcEENS1_9allocatorIcEEEE
FNDA:1,__cxx_global_var_init
FNDA:1,__cxx_global_var_init.1
FNDA:10,_ZNK3rxn11SpeciesBaseneERKS0_
FNDA:1,__cxx_global_var_init.43
FNDA:1,__cxx_global_var_init.13
FNDA:1,__cxx_global_var_init.9
FNDA:146,_ZNK3rxn11SpeciesBase15getChargeNumberEv
FNDA:146,_ZNK3rxn11SpeciesBase7getMassEv
FNDA:1,__cxx_global_var_init.21
FNDA:84,_ZN3rxn11SpeciesBase9checkNameERKNSt3__112basic_stringIcNS1_11char_traitsIcEENS1_9allocatorIcEEEE
FNDA:1,__cxx_global_var_init.18
FNDA:1,__cxx_global_var_init.3
FNDA:52,_ZNK3rxn11SpeciesBase9getChargeEv
FNDA:1,__cxx_global_var_init.33
FNDA:1,__cxx_global_var_init.24
FNDA:1,__cxx_global_var_init.7
FNDA:1,__cxx_global_var_init.16
FNDA:1,__cxx_global_var_init.35
FNDA:1,__cxx_global_var_init.46
FNDA:0,_ZNKSt3__14hashIN3rxn11SpeciesBaseEEclERKS2_
FNDA:0,_ZN3rxnlsERNSt3__113basic_ostreamIcNS0_11char_traitsIcEEEERKNS_11SpeciesBaseE
FNDA:1,__cxx_global_var_init.28
FNDA:1,__cxx_global_var_init.39
FNDA:1,__cxx_global_var_init.14
FNDA:1,__cxx_global_var_init.44
FNDA:10,_ZNK3rxn11SpeciesBaseeqERKS0_
FNDA:1,__cxx_global_var_init.26
FNDA:1,__cxx_global_var_init.5
FNDA:1,__cxx_global_var_init.31
FNF:38
FNH:36
DA:8,168
DA:9,84
DA:10,85
DA:11,85
DA:12,1
DA:13,1
DA:14,1
DA:15,1
DA:16,1
DA:17,1
DA:18,0
DA:19,1
DA:20,1
DA:21,1
DA:23,85
DA:24,1
DA:25,85
DA:26,2
DA:27,1
DA:28,84
DA:29,1
DA:30,21
DA:31,1
DA:32,2
DA:33,1
DA:34,21
DA:35,63
DA:36,1
DA:37,1
DA:38,1
DA:40,82
DA:41,3
DA:42,1
DA:44,10
DA:46,10
DA:51,10
DA:53,10
DA:57,310
DA:59,310
DA:63,146
DA:65,146
DA:69,146
DA:71,146
DA:75,52
DA:77,52
DA:81,115
DA:83,115
DA:88,0
DA:91,0
LF:49
LH:46
end_of_record
TN:
SF:/Users/graysongall/projects/rxn-cpp/src/SpeciesFactory.C
FN:0,__cxx_global_var_init.21
FN:0,__cxx_global_var_init.43
FN:0,__cxx_global_var_init.13
FN:0,__cxx_global_var_init.9
FN:0,__cxx_global_var_init.29
FN:0,__cxx_global_var_init
FN:0,__cxx_global_var_init.1
FN:0,__cxx_global_var_init.41
FN:0,__cxx_global_var_init.11
FN:0,__cxx_global_var_init.23
FN:0,__cxx_global_var_init.37
FN:0,__cxx_global_var_init.19
FN:0,__cxx_global_var_init.31
FN:0,__cxx_global_var_init.26
FN:0,__cxx_global_var_init.5
FN:0,__cxx_global_var_init.14
FN:0,__cxx_global_var_init.44
FN:0,__cxx_global_var_init.28
FN:0,__cxx_global_var_init.39
FN:0,__cxx_global_var_init.16
FN:0,__cxx_global_var_init.35
FN:0,__cxx_global_var_init.46
FN:0,__cxx_global_var_init.33
FN:0,__cxx_global_var_init.24
FN:0,__cxx_global_var_init.7
FN:0,__cxx_global_var_init.3
FN:0,__cxx_global_var_init.18
FN:15,_ZN3rxn14SpeciesFactory11getInstanceEv
FN:25,_ZN3rxn14SpeciesFactory5clearEv
FN:35,_ZN3rxn14SpeciesFactory20collectCustomSpeciesERKN4YAML4NodeE
FN:87,_ZN3rxn14SpeciesFactory20collectLumpedSpeciesERKN4YAML4NodeE
FN:144,_ZN3rxn14SpeciesFactory21collectLatexOverridesERKN4YAML4NodeE
FN:205,_ZNK3rxn14SpeciesFactory7getMassERKNSt3__112basic_stringIcNS1_11char_traitsIcEENS1_9allocatorIcEEEE
FN:218,_ZNK3rxn14SpeciesFactory16getLatexOverrideERKNSt3__112basic_stringIcNS1_11char_traitsIcEENS1_9allocatorIcEEEE
FN:230,_ZN3rxn14SpeciesFactory10getSpeciesERKNSt3__112basic_stringIcNS1_11char_traitsIcEENS1_9allocatorIcEEEE
FN:247,_ZN3rxn14SpeciesFactory16getLumpedSpeciesERNSt3__18weak_ptrINS_7SpeciesEEE
FN:263,_ZN3rxn14SpeciesFactory20addRateBasedReactionENSt3__110shared_ptrIKNS_8ReactionEEE
FN:274,_ZN3rxn14SpeciesFactory20addXSecBasedReactionENSt3__110shared_ptrIKNS_8ReactionEEE
FN:285,_ZNK3rxn14SpeciesFactory17getSpeciesSummaryEv
FNDA:1,__cxx_global_var_init.43
FNDA:1,__cxx_global_var_init.13
FNDA:0,_ZNK3rxn14SpeciesFactory17getSpeciesSummaryEv
FNDA:1,__cxx_global_var_init.9
FNDA:1,__cxx_global_var_init.29
FNDA:250,_ZN3rxn14SpeciesFactory11getInstanceEv
FNDA:8,_ZN3rxn14SpeciesFactory20addRateBasedReactionENSt3__110shared_ptrIKNS_8ReactionEEE
FNDA:1,__cxx_global_var_init
FNDA:1,__cxx_global_var_init.1
FNDA:1,__cxx_global_var_init.21
FNDA:53,_ZNK3rxn14SpeciesFactory16getLatexOverrideERKNSt3__112basic_stringIcNS1_11char_traitsIcEENS1_9allocatorIcEEEE
FNDA:1,__cxx_global_var_init.23
FNDA:1,__cxx_global_var_init.37
FNDA:1,__cxx_global_var_init.19
FNDA:0,_ZN3rxn14SpeciesFactory20addXSecBasedReactionENSt3__110shared_ptrIKNS_8ReactionEEE
FNDA:1,__cxx_global_var_init.41
FNDA:1,__cxx_global_var_init.11
FNDA:1,__cxx_global_var_init.14
FNDA:1,__cxx_global_var_init.44
FNDA:1,__cxx_global_var_init.28
FNDA:1,_ZN3rxn14SpeciesFactory20collectLumpedSpeciesERKN4YAML4NodeE
FNDA:1,__cxx_global_var_init.39
FNDA:2,_ZN3rxn14SpeciesFactory5clearEv
FNDA:1,__cxx_global_var_init.31
FNDA:164,_ZNK3rxn14SpeciesFactory7getMassERKNSt3__112basic_stringIcNS1_11char_traitsIcEENS1_9allocatorIcEEEE
FNDA:31,_ZN3rxn14SpeciesFactory16getLumpedSpeciesERNSt3__18weak_ptrINS_7SpeciesEEE
FNDA:1,__cxx_global_var_init.26
FNDA:1,__cxx_global_var_init.5
FNDA:1,_ZN3rxn14SpeciesFactory21collectLatexOverridesERKN4YAML4NodeE
FNDA:1,__cxx_global_var_init.33
FNDA:1,__cxx_global_var_init.24
FNDA:1,__cxx_global_var_init.7
FNDA:1,__cxx_global_var_init.18
FNDA:1,__cxx_global_var_init.3
FNDA:31,_ZN3rxn14SpeciesFactory10getSpeciesERKNSt3__112basic_stringIcNS1_11char_traitsIcEENS1_9allocatorIcEEEE
FNDA:5,_ZN3rxn14SpeciesFactory20collectCustomSpeciesERKN4YAML4NodeE
FNDA:1,__cxx_global_var_init.16
FNDA:1,__cxx_global_var_init.46
FNDA:1,__cxx_global_var_init.35
FNF:39
FNH:37
DA:10,1
DA:11,1
DA:12,1
DA:13,1
DA:14,1
DA:15,251
DA:16,1
DA:17,1
DA:18,250
DA:19,2
DA:20,2
DA:21,251
DA:22,0
DA:23,1
DA:24,1
DA:25,3
DA:26,2
DA:27,3
DA:28,3
DA:29,3
DA:30,2
DA:31,3
DA:32,1
DA:33,1
DA:34,1
DA:35,6
DA:36,1
DA:37,6
DA:38,2
DA:40,4
DA:41,1
DA:42,1
DA:43,0
DA:45,4
DA:47,0
DA:48,0
DA:50,4
DA:52,0
DA:53,0
DA:55,4
DA:57,0
DA:58,0
DA:59,0
DA:60,0
DA:61,0
DA:63,4
DA:64,4
DA:66,4
DA:68,0
DA:69,0
DA:71,4
DA:73,0
DA:74,0
DA:76,8
DA:78,4
DA:80,0
DA:81,0
DA:82,4
DA:83,4
DA:84,5
DA:87,1
DA:89,1
DA:90,1
DA:92,0
DA:94,0
DA:95,0
DA:97,0
DA:98,0
DA:100,0
DA:102,0
DA:104,0
DA:105,0
DA:107,0
DA:109,0
DA:110,0
DA:113,0
DA:114,0
DA:115,0
DA:116,0
DA:117,0
DA:119,0
DA:121,0
DA:122,0
DA:125,0
DA:126,0
DA:127,0
DA:128,0
DA:129,0
DA:131,0
DA:133,0
DA:134,0
DA:136,0
DA:137,0
DA:138,0
DA:139,0
DA:140,1
DA:144,1
DA:146,1
DA:147,1
DA:149,0
DA:151,0
DA:152,0
DA:154,0
DA:156,0
DA:157,0
DA:159,0
DA:161,0
DA:162,0
DA:164,0
DA:166,0
DA:167,0
DA:168,0
DA:169,0
DA:170,0
DA:172,0
DA:173,0
DA:176,0
DA:177,0
DA:178,0
DA:179,0
DA:180,0
DA:181,0
DA:183,0
DA:185,0
DA:186,0
DA:188,0
DA:190,0
DA:191,0
DA:193,0
DA:195,0
DA:196,0
DA:198,0
DA:200,0
DA:201,0
DA:202,1
DA:205,164
DA:207,164
DA:209,164
DA:211,0
DA:214,328
DA:215,164
DA:218,53
DA:220,53
DA:222,53
DA:224,53
DA:226,0
DA:227,53
DA:230,31
DA:232,31
DA:234,31
DA:236,31
DA:238,7
DA:239,7
DA:241,31
DA:243,31
DA:244,31
DA:247,31
DA:249,31
DA:250,31
DA:251,31
DA:253,31
DA:255,31
DA:258,0
DA:259,0
DA:260,31
DA:263,8
DA:265,8
DA:266,39
DA:268,31
DA:269,31
DA:270,31
DA:271,8
DA:274,0
DA:276,0
DA:277,0
DA:279,0
DA:280,0
DA:281,0
DA:282,0
DA:285,0
DA:287,0
DA:288,0
DA:290,0
DA:293,0
DA:294,0
DA:296,0
DA:298,0
DA:299,0
DA:301,0
DA:302,0
DA:304,0
DA:306,0
DA:307,0
DA:308,0
DA:309,0
DA:311,0
DA:313,0
DA:314,0
DA:315,0
DA:317,0
DA:319,0
DA:320,0
DA:322,0
DA:323,0
DA:324,0
DA:325,0
DA:326,0
DA:327,0
DA:330,0
DA:331,0
DA:332,0
DA:335,0
DA:338,0
DA:339,0
DA:342,0
DA:344,0
DA:345,0
DA:346,0
DA:348,0
DA:351,0
DA:353,0
DA:354,0
DA:356,0
DA:357,0
DA:358,0
DA:359,0
DA:360,0
DA:362,0
DA:363,0
DA:365,0
DA:367,0
DA:368,0
DA:370,0
DA:371,0
DA:373,0
DA:374,0
DA:376,0
DA:377,0
DA:379,0
DA:380,0
DA:382,0
DA:384,0
DA:386,0
DA:387,0
DA:389,0
DA:390,0
DA:391,0
DA:393,0
DA:395,0
DA:396,0
DA:397,0
DA:399,0
DA:400,0
DA:401,0
DA:402,0
DA:403,0
DA:405,0
DA:406,0
DA:408,0
DA:409,0
DA:410,0
DA:412,0
DA:413,0
DA:415,0
DA:417,0
DA:418,0
DA:420,0
DA:421,0
DA:423,0
DA:425,0
DA:427,0
DA:428,0
DA:430,0
DA:431,0
DA:433,0
DA:435,0
DA:437,0
DA:438,0
DA:440,0
DA:441,0
DA:442,0
DA:444,0
DA:446,0
DA:447,0
DA:449,0
DA:450,0
DA:451,0
DA:452,0
DA:453,0
DA:454,0
DA:455,0
DA:457,0
DA:458,0
DA:459,0
DA:460,0
DA:463,0
DA:464,0
LF:297
LH:84
end_of_record
TN:
SF:/Users/graysongall/projects/rxn-cpp/src/StringHelper.C
FN:0,__cxx_global_var_init
FN:13,_ZN3rxn5ltrimERNSt3__112basic_stringIcNS0_11char_traitsIcEENS0_9allocatorIcEEEE
FN:20,_ZN3rxn5rtrimERNSt3__112basic_stringIcNS0_11char_traitsIcEENS0_9allocatorIcEEEE
FN:27,_ZN3rxn4trimERNSt3__112basic_stringIcNS0_11char_traitsIcEENS0_9allocatorIcEEEE
FN:34,_ZN3rxn16splitByDelimiterERKNSt3__112basic_stringIcNS0_11char_traitsIcEENS0_9allocatorIcEEEES6_
FN:57,_ZN3rxn16findFirstCapitalERKNSt3__112basic_stringIcNS0_11char_traitsIcEENS0_9allocatorIcEEEE
FN:70,_ZN3rxn16findFirstSpecialERKNSt3__112basic_stringIcNS0_11char_traitsIcEENS0_9allocatorIcEEEE
FN:83,_ZN3rxn18findFirstNonLetterERKNSt3__112basic_stringIcNS0_11char_traitsIcEENS0_9allocatorIcEEEE
FN:94,_ZN3rxn15findFirstLetterERKNSt3__112basic_stringIcNS0_11char_traitsIcEENS0_9allocatorIcEEEE
FN:105,_ZN3rxn18findFirstNonNumberERKNSt3__112basic_stringIcNS0_11char_traitsIcEENS0_9allocatorIcEEEE
FN:116,_ZN3rxn19findFirstNonSpecialERKNSt3__112basic_stringIcNS0_11char_traitsIcEENS0_9allocatorIcEEEE
FN:127,_ZN3rxn14splitByCapitalERKNSt3__112basic_stringIcNS0_11char_traitsIcEENS0_9allocatorIcEEEE
FN:168,_ZN3rxn16formatScientificEf
FN:188,_ZN3rxn9makeGreenERKNSt3__112basic_stringIcNS0_11char_traitsIcEENS0_9allocatorIcEEEE
FN:194,_ZN3rxn10makeYellowERKNSt3__112basic_stringIcNS0_11char_traitsIcEENS0_9allocatorIcEEEE
FN:200,_ZN3rxn7makeRedERKNSt3__112basic_stringIcNS0_11char_traitsIcEENS0_9allocatorIcEEEE
FN:206,_ZN3rxn10printGreenERKNSt3__112basic_stringIcNS0_11char_traitsIcEENS0_9allocatorIcEEEE
FN:212,_ZN3rxn8printRedERKNSt3__112basic_stringIcNS0_11char_traitsIcEENS0_9allocatorIcEEEE
FN:218,_ZN3rxn11printYellowERKNSt3__112basic_stringIcNS0_11char_traitsIcEENS0_9allocatorIcEEEE
FNDA:153,_ZN3rxn16findFirstCapitalERKNSt3__112basic_stringIcNS0_11char_traitsIcEENS0_9allocatorIcEEEE
FNDA:47,_ZN3rxn4trimERNSt3__112basic_stringIcNS0_11char_traitsIcEENS0_9allocatorIcEEEE
FNDA:47,_ZN3rxn5rtrimERNSt3__112basic_stringIcNS0_11char_traitsIcEENS0_9allocatorIcEEEE
FNDA:8,_ZN3rxn9makeGreenERKNSt3__112basic_stringIcNS0_11char_traitsIcEENS0_9allocatorIcEEEE
FNDA:2,_ZN3rxn8printRedERKNSt3__112basic_stringIcNS0_11char_traitsIcEENS0_9allocatorIcEEEE
FNDA:0,_ZN3rxn10makeYellowERKNSt3__112basic_stringIcNS0_11char_traitsIcEENS0_9allocatorIcEEEE
FNDA:0,_ZN3rxn11printYellowERKNSt3__112basic_stringIcNS0_11char_traitsIcEENS0_9allocatorIcEEEE
FNDA:29,_ZN3rxn14splitByCapitalERKNSt3__112basic_stringIcNS0_11char_traitsIcEENS0_9allocatorIcEEEE
FNDA:51,_ZN3rxn18findFirstNonNumberERKNSt3__112basic_stringIcNS0_11char_traitsIcEENS0_9allocatorIcEEEE
FNDA:97,_ZN3rxn16findFirstSpecialERKNSt3__112basic_stringIcNS0_11char_traitsIcEENS0_9allocatorIcEEEE
FNDA:31,_ZN3rxn15findFirstLetterERKNSt3__112basic_stringIcNS0_11char_traitsIcEENS0_9allocatorIcEEEE
FNDA:1,__cxx_global_var_init
FNDA:47,_ZN3rxn5ltrimERNSt3__112basic_stringIcNS0_11char_traitsIcEENS0_9allocatorIcEEEE
FNDA:8,_ZN3rxn10printGreenERKNSt3__112basic_stringIcNS0_11char_traitsIcEENS0_9allocatorIcEEEE
FNDA:27,_ZN3rxn19findFirstNonSpecialERKNSt3__112basic_stringIcNS0_11char_traitsIcEENS0_9allocatorIcEEEE
FNDA:0,_ZN3rxn16formatScientificEf
FNDA:2,_ZN3rxn7makeRedERKNSt3__112basic_stringIcNS0_11char_traitsIcEENS0_9allocatorIcEEEE
FNDA:80,_ZN3rxn18findFirstNonLetterERKNSt3__112basic_stringIcNS0_11char_traitsIcEENS0_9allocatorIcEEEE
FNDA:24,_ZN3rxn16splitByDelimiterERKNSt3__112basic_stringIcNS0_11char_traitsIcEENS0_9allocatorIcEEEES6_
FNF:19
FNH:16
DA:10,1
DA:13,47
DA:15,47
DA:16,47
DA:17,47
DA:20,47
DA:22,47
DA:23,47
DA:24,47
DA:27,47
DA:29,47
DA:30,47
DA:31,47
DA:34,24
DA:36,24
DA:37,24
DA:38,24
DA:39,24
DA:41,47
DA:43,23
DA:44,23
DA:45,23
DA:46,23
DA:47,23
DA:50,24
DA:51,24
DA:53,24
DA:54,24
DA:57,153
DA:59,457
DA:61,304
DA:63,126
DA:65,178
DA:66,27
DA:67,153
DA:70,97
DA:72,233
DA:74,136
DA:75,73
DA:77,63
DA:79,34
DA:80,97
DA:83,80
DA:85,353
DA:87,273
DA:88,68
DA:89,205
DA:90,12
DA:91,80
DA:94,31
DA:96,67
DA:98,36
DA:99,31
DA:100,5
DA:101,0
DA:102,31
DA:105,51
DA:107,160
DA:109,109
DA:110,36
DA:111,73
DA:112,15
DA:113,51
DA:116,27
DA:118,75
DA:120,48
DA:121,21
DA:122,27
DA:123,6
DA:124,27
DA:127,29
DA:129,29
DA:131,29
DA:134,29
DA:136,6
DA:140,23
DA:142,2
DA:145,21
DA:147,21
DA:149,48
DA:152,27
DA:154,27
DA:155,27
DA:158,27
DA:160,6
DA:161,6
DA:162,21
DA:164,21
DA:165,29
DA:168,0
DA:170,0
DA:172,0
DA:174,0
DA:177,0
DA:179,0
DA:182,0
DA:185,0
DA:188,8
DA:190,8
DA:191,0
DA:194,0
DA:196,0
DA:197,0
DA:200,2
DA:202,2
DA:203,0
DA:206,8
DA:208,8
DA:209,8
DA:212,2
DA:214,2
DA:215,2
DA:218,0
DA:220,0
DA:221,0
LF:115
LH:98
end_of_record
TN:
SF:/Users/graysongall/projects/rxn-cpp/src/SubSpecies.C
FN:11,_ZN3rxn10SubSpeciesC1ERKNSt3__112basic_stringIcNS1_11char_traitsIcEENS1_9allocatorIcEEEE
FN:11,_ZN3rxn10SubSpeciesC2ERKNSt3__112basic_stringIcNS1_11char_traitsIcEENS1_9allocatorIcEEEE
FN:53,_ZN3rxn10SubSpecies7setBaseEv
FN:79,_ZN3rxn10SubSpecies11setModifierEv
FN:96,_ZN3rxn10SubSpecies12setSubscriptEv
FN:116,_ZN3rxn10SubSpecies15setChargeNumberEv
FN:204,_ZN3rxn10SubSpecies7setMassEv
FN:219,_ZN3rxn10SubSpecies12setLatexNameEv
FN:293,_ZNK3rxn10SubSpecieseqERKS0_
FN:321,_ZNK3rxn10SubSpeciesneERKS0_
FN:327,_ZNK3rxn10SubSpecies7getBaseEv
FN:333,_ZNK3rxn10SubSpecies11getModifierEv
FN:339,_ZNK3rxn10SubSpecies12getSubscriptEv
FN:345,_ZNK3rxn10SubSpecies21setNeutralGroundStateEv
FN:358,_ZNK3rxn10SubSpecies21getNeutralGroundStateEv
FN:365,_ZNKSt3__14hashIN3rxn10SubSpeciesEEclERKS2_
FNDA:5,_ZNK3rxn10SubSpeciesneERKS0_
FNDA:55,_ZN3rxn10SubSpeciesC1ERKNSt3__112basic_stringIcNS1_11char_traitsIcEENS1_9allocatorIcEEEE
FNDA:53,_ZNK3rxn10SubSpecies21setNeutralGroundStateEv
FNDA:53,_ZN3rxn10SubSpecies15setChargeNumberEv
FNDA:10,_ZNK3rxn10SubSpecieseqERKS0_
FNDA:38,_ZNK3rxn10SubSpecies11getModifierEv
FNDA:0,_ZNKSt3__14hashIN3rxn10SubSpeciesEEclERKS2_
FNDA:53,_ZN3rxn10SubSpecies7setMassEv
FNDA:53,_ZN3rxn10SubSpecies7setBaseEv
FNDA:53,_ZN3rxn10SubSpeciesC2ERKNSt3__112basic_stringIcNS1_11char_traitsIcEENS1_9allocatorIcEEEE
FNDA:53,_ZN3rxn10SubSpecies11setModifierEv
FNDA:32,_ZNK3rxn10SubSpecies21getNeutralGroundStateEv
FNDA:280,_ZNK3rxn10SubSpecies7getBaseEv
FNDA:76,_ZNK3rxn10SubSpecies12getSubscriptEv
FNDA:53,_ZN3rxn10SubSpecies12setLatexNameEv
FNDA:53,_ZN3rxn10SubSpecies12setSubscriptEv
FNF:16
FNH:15
DA:11,108
DA:12,53
DA:13,53
DA:14,53
DA:15,53
DA:16,53
DA:17,108
DA:18,53
DA:19,53
DA:20,53
DA:22,53
DA:24,53
DA:26,26
DA:27,26
DA:30,27
DA:32,27
DA:33,5
DA:37,22
DA:38,22
DA:39,5
DA:41,17
DA:43,17
DA:45,8
DA:46,8
DA:49,9
DA:50,108
DA:53,53
DA:55,53
DA:56,2
DA:58,51
DA:59,13
DA:61,38
DA:63,38
DA:64,0
DA:68,38
DA:70,38
DA:71,4
DA:73,38
DA:75,38
DA:76,53
DA:79,53
DA:81,53
DA:82,2
DA:84,51
DA:85,13
DA:87,38
DA:89,38
DA:90,4
DA:92,34
DA:93,53
DA:96,53
DA:99,53
DA:100,19
DA:102,34
DA:104,34
DA:105,7
DA:108,34
DA:109,14
DA:112,20
DA:113,53
DA:116,53
DA:118,53
DA:120,13
DA:121,13
DA:125,40
DA:127,6
DA:128,6
DA:132,34
DA:133,34
DA:135,20
DA:136,20
DA:137,20
DA:138,20
DA:140,14
DA:143,34
DA:145,7
DA:146,7
DA:150,27
DA:152,0
DA:153,0
DA:154,0
DA:155,0
DA:156,0
DA:158,27
DA:160,5
DA:161,5
DA:165,22
DA:167,22
DA:168,12
DA:170,10
DA:172,22
DA:174,5
DA:175,5
DA:180,17
DA:183,17
DA:186,17
DA:187,8
DA:189,17
DA:191,17
DA:193,0
DA:194,0
DA:198,17
DA:200,17
DA:201,53
DA:204,53
DA:206,53
DA:208,53
DA:210,13
DA:211,13
DA:214,40
DA:215,40
DA:216,53
DA:219,53
DA:221,53
DA:222,53
DA:224,0
DA:225,0
DA:228,53
DA:230,2
DA:231,2
DA:234,51
DA:236,17
DA:237,17
DA:240,34
DA:242,34
DA:244,34
DA:246,20
DA:247,20
DA:248,20
DA:250,34
DA:253,22
DA:255,22
DA:257,12
DA:258,12
DA:259,12
DA:263,10
DA:264,10
DA:268,22
DA:269,5
DA:271,22
DA:273,17
DA:274,17
DA:275,17
DA:276,22
DA:278,34
DA:280,20
DA:281,20
DA:284,14
DA:286,14
DA:287,14
DA:289,14
DA:290,53
DA:293,10
DA:296,10
DA:297,2
DA:299,8
DA:300,0
DA:302,8
DA:303,0
DA:305,8
DA:306,0
DA:308,8
DA:309,0
DA:311,8
DA:312,0
DA:314,8
DA:315,0
DA:317,8
DA:318,10
DA:321,5
DA:323,5
DA:327,280
DA:329,280
DA:333,38
DA:335,38
DA:339,76
DA:341,76
DA:345,53
DA:347,53
DA:349,53
DA:350,53
DA:352,20
DA:353,20
DA:354,53
DA:355,53
DA:358,32
DA:360,32
DA:365,0
DA:367,0
DA:369,0
DA:371,0
DA:372,0
DA:373,0
DA:374,0
DA:375,0
DA:376,0
DA:377,0
DA:378,0
DA:380,0
DA:381,0
LF:200
LH:171
end_of_record
TN:
SF:/Users/graysongall/projects/rxn-cpp/src/YamlHelper.C
FN:14,_ZN3rxn11getTypeNameINSt3__112basic_stringIcNS1_11char_traitsIcEENS1_9allocatorIcEEEEEES7_v
FN:19,_ZN3rxn11getTypeNameIdEENSt3__112basic_stringIcNS1_11char_traitsIcEENS1_9allocatorIcEEEEv
FN:25,_ZN3rxn12defaultValueIdEET_v
FN:31,_ZN3rxn12defaultValueINSt3__112basic_stringIcNS1_11char_traitsIcEENS1_9allocatorIcEEEEEET_v
FN:36,_ZN3rxn10validParamERKNSt3__112basic_stringIcNS0_11char_traitsIcEENS0_9allocatorIcEEEERKN4YAML4NodeEb
FN:50,_ZN3rxn9getParamsINSt3__112basic_stringIcNS1_11char_traitsIcEENS1_9allocatorIcEEEEEENS1_6vectorIT_NS5_IS9_EEEERKS7_RKN4YAML4NodeEb
FN:50,_ZN3rxn9getParamsIdEENSt3__16vectorIT_NS1_9allocatorIS3_EEEERKNS1_12basic_stringIcNS1_11char_traitsIcEENS4_IcEEEERKN4YAML4NodeEb
FN:89,_ZN3rxn8getParamIdEET_RKNSt3__112basic_stringIcNS2_11char_traitsIcEENS2_9allocatorIcEEEERKN4YAML4NodeEb
FN:89,_ZN3rxn8getParamINSt3__112basic_stringIcNS1_11char_traitsIcEENS1_9allocatorIcEEEEEET_RKS7_RKN4YAML4NodeEb
FN:114,_ZN3rxn14getExtraParamsERKN4YAML4NodeERKNSt3__16vectorIKNS4_12basic_stringIcNS4_11char_traitsIcEENS4_9allocatorIcEEEENS9_ISC_EEEE
FNDA:12,_ZN3rxn12defaultValueIdEET_v
FNDA:9,_ZN3rxn14getExtraParamsERKN4YAML4NodeERKNSt3__16vectorIKNS4_12basic_stringIcNS4_11char_traitsIcEENS4_9allocatorIcEEEENS9_ISC_EEEE
FNDA:10,_ZN3rxn8getParamINSt3__112basic_stringIcNS1_11char_traitsIcEENS1_9allocatorIcEEEEEET_RKS7_RKN4YAML4NodeEb
FNDA:0,_ZN3rxn11getTypeNameIdEENSt3__112basic_stringIcNS1_11char_traitsIcEENS1_9allocatorIcEEEEv
FNDA:4,_ZN3rxn9getParamsIdEENSt3__16vectorIT_NS1_9allocatorIS3_EEEERKNS1_12basic_stringIcNS1_11char_traitsIcEENS4_IcEEEERKN4YAML4NodeEb
FNDA:0,_ZN3rxn11getTypeNameINSt3__112basic_stringIcNS1_11char_traitsIcEENS1_9allocatorIcEEEEEES7_v
FNDA:0,_ZN3rxn12defaultValueINSt3__112basic_stringIcNS1_11char_traitsIcEENS1_9allocatorIcEEEEEET_v
FNDA:20,_ZN3rxn9getParamsINSt3__112basic_stringIcNS1_11char_traitsIcEENS1_9allocatorIcEEEEEENS1_6vectorIT_NS5_IS9_EEEERKS7_RKN4YAML4NodeEb
FNDA:68,_ZN3rxn10validParamERKNSt3__112basic_stringIcNS0_11char_traitsIcEENS0_9allocatorIcEEEERKN4YAML4NodeEb
FNDA:16,_ZN3rxn8getParamIdEET_RKNSt3__112basic_stringIcNS2_11char_traitsIcEENS2_9allocatorIcEEEERKN4YAML4NodeEb
FNF:10
FNH:7
DA:14,0
DA:15,0
DA:19,0
DA:20,0
DA:25,12
DA:26,12
DA:31,0
DA:32,0
DA:36,68
DA:38,68
DA:40,23
DA:42,0
DA:44,23
DA:46,45
DA:47,68
DA:50,24
DA:53,24
DA:55,7
DA:58,17
DA:62,17
DA:63,17
DA:69,17
DA:70,17
DA:71,17
DA:72,17
DA:74,0
DA:77,0
DA:78,17
DA:80,0
DA:81,58
DA:89,26
DA:92,26
DA:94,12
DA:97,14
DA:99,14
DA:100,14
DA:103,0
DA:104,0
DA:106,14
DA:107,36
DA:114,9
DA:116,9
DA:117,9
DA:118,9
DA:120,41
DA:122,32
DA:123,32
DA:125,150
DA:127,118
DA:129,32
DA:130,32
DA:132,118
DA:134,32
DA:136,0
DA:137,0
DA:138,32
DA:139,9
DA:140,9
LF:58
LH:44
end_of_record
