TN:
SF:/Users/graysongall/projects/rxn-cpp/src/Constants.C
FN:0,__cxx_global_var_init.11
FN:0,__cxx_global_var_init.25
FN:0,__cxx_global_var_init.7
FN:0,__cxx_global_var_init.35
FN:0,__cxx_global_var_init.23
FN:0,__cxx_global_var_init.39
FN:0,__cxx_global_var_init.33
FN:0,__cxx_global_var_init.29
FN:0,__cxx_global_var_init.3
FN:0,__cxx_global_var_init.43
FN:0,__cxx_global_var_init.17
FN:0,__cxx_global_var_init.5
FN:0,__cxx_global_var_init.37
FN:0,__cxx_global_var_init.41
FN:0,__cxx_global_var_init.27
FN:0,__cxx_global_var_init.1
FN:0,__cxx_global_var_init
FN:0,__cxx_global_var_init.13
FN:0,__cxx_global_var_init.19
FN:0,__cxx_global_var_init.9
FN:0,__cxx_global_var_init.21
FN:0,__cxx_global_var_init.15
FN:0,__cxx_global_var_init.31
FNDA:1,__cxx_global_var_init.3
FNDA:1,__cxx_global_var_init.43
FNDA:1,__cxx_global_var_init.17
FNDA:1,__cxx_global_var_init.5
FNDA:1,__cxx_global_var_init.11
FNDA:1,__cxx_global_var_init.25
FNDA:1,__cxx_global_var_init.35
FNDA:1,__cxx_global_var_init.7
FNDA:1,__cxx_global_var_init.39
FNDA:1,__cxx_global_var_init.23
FNDA:1,__cxx_global_var_init.29
FNDA:1,__cxx_global_var_init.33
FNDA:1,__cxx_global_var_init.13
FNDA:1,__cxx_global_var_init.9
FNDA:1,__cxx_global_var_init.19
FNDA:1,__cxx_global_var_init.21
FNDA:1,__cxx_global_var_init.15
FNDA:1,__cxx_global_var_init.31
FNDA:1,__cxx_global_var_init.37
FNDA:1,__cxx_global_var_init.41
FNDA:1,__cxx_global_var_init.27
FNDA:1,__cxx_global_var_init
FNDA:1,__cxx_global_var_init.1
FNF:23
FNH:23
DA:10,1
DA:11,1
DA:13,1
DA:14,1
DA:15,1
DA:17,1
DA:18,1
DA:19,1
DA:21,1
DA:22,1
DA:23,1
DA:25,1
DA:26,1
DA:28,1
DA:29,1
DA:30,1
DA:31,1
DA:32,1
DA:34,1
DA:35,1
DA:37,1
DA:39,1
DA:40,1
LF:23
LH:23
end_of_record
TN:
SF:/Users/graysongall/projects/rxn-cpp/src/InvalidInput.C
FN:5,_ZN3rxn14InvalidSpeciesC2ERKNSt3__112basic_stringIcNS1_11char_traitsIcEENS1_9allocatorIcEEEES9_
FN:5,_ZN3rxn14InvalidSpeciesC1ERKNSt3__112basic_stringIcNS1_11char_traitsIcEENS1_9allocatorIcEEEES9_
FN:11,_ZNK3rxn14InvalidSpecies4whatEv
FN:16,_ZN3rxn15InvalidReactionC2ERKNSt3__112basic_stringIcNS1_11char_traitsIcEENS1_9allocatorIcEEEES9_
FN:16,_ZN3rxn15InvalidReactionC1ERKNSt3__112basic_stringIcNS1_11char_traitsIcEENS1_9allocatorIcEEEES9_
FN:22,_ZNK3rxn15InvalidReaction4whatEv
FN:27,_ZN3rxn12InvalidInputC1ERKNSt3__112basic_stringIcNS1_11char_traitsIcEENS1_9allocatorIcEEEE
FN:27,_ZN3rxn12InvalidInputC2ERKNSt3__112basic_stringIcNS1_11char_traitsIcEENS1_9allocatorIcEEEE
FN:32,_ZN3rxn12InvalidInputC1ERKN4YAML4NodeERKNSt3__112basic_stringIcNS5_11char_traitsIcEENS5_9allocatorIcEEEE
FN:32,_ZN3rxn12InvalidInputC2ERKN4YAML4NodeERKNSt3__112basic_stringIcNS5_11char_traitsIcEENS5_9allocatorIcEEEE
FN:40,_ZN3rxn12InvalidInputC1ERKN4YAML4NodeERKNSt3__112basic_stringIcNS5_11char_traitsIcEENS5_9allocatorIcEEEESD_
FN:40,_ZN3rxn12InvalidInputC2ERKN4YAML4NodeERKNSt3__112basic_stringIcNS5_11char_traitsIcEENS5_9allocatorIcEEEESD_
FN:49,_ZNK3rxn12InvalidInput4whatEv
FN:54,_ZN3rxn16InvalidInputExitERKNSt3__112basic_stringIcNS0_11char_traitsIcEENS0_9allocatorIcEEEE
FN:64,_ZN3rxn16InvalidInputExitEN4YAML4NodeERKNSt3__112basic_stringIcNS2_11char_traitsIcEENS2_9allocatorIcEEEE
FN:78,_ZN3rxn16InvalidInputExitEN4YAML4NodeERKNSt3__112basic_stringIcNS2_11char_traitsIcEENS2_9allocatorIcEEEESA_
FNDA:0,_ZNK3rxn12InvalidInput4whatEv
FNDA:0,_ZN3rxn12InvalidInputC1ERKN4YAML4NodeERKNSt3__112basic_stringIcNS5_11char_traitsIcEENS5_9allocatorIcEEEE
FNDA:0,_ZN3rxn12InvalidInputC1ERKNSt3__112basic_stringIcNS1_11char_traitsIcEENS1_9allocatorIcEEEE
FNDA:2,_ZN3rxn14InvalidSpeciesC2ERKNSt3__112basic_stringIcNS1_11char_traitsIcEENS1_9allocatorIcEEEES9_
FNDA:0,_ZNK3rxn15InvalidReaction4whatEv
FNDA:0,_ZN3rxn12InvalidInputC2ERKN4YAML4NodeERKNSt3__112basic_stringIcNS5_11char_traitsIcEENS5_9allocatorIcEEEE
FNDA:0,_ZN3rxn12InvalidInputC2ERKNSt3__112basic_stringIcNS1_11char_traitsIcEENS1_9allocatorIcEEEE
FNDA:0,_ZN3rxn15InvalidReactionC1ERKNSt3__112basic_stringIcNS1_11char_traitsIcEENS1_9allocatorIcEEEES9_
FNDA:0,_ZN3rxn15InvalidReactionC2ERKNSt3__112basic_stringIcNS1_11char_traitsIcEENS1_9allocatorIcEEEES9_
FNDA:0,_ZNK3rxn14InvalidSpecies4whatEv
FNDA:0,_ZN3rxn12InvalidInputC1ERKN4YAML4NodeERKNSt3__112basic_stringIcNS5_11char_traitsIcEENS5_9allocatorIcEEEESD_
FNDA:2,_ZN3rxn16InvalidInputExitERKNSt3__112basic_stringIcNS0_11char_traitsIcEENS0_9allocatorIcEEEE
FNDA:0,_ZN3rxn12InvalidInputC2ERKN4YAML4NodeERKNSt3__112basic_stringIcNS5_11char_traitsIcEENS5_9allocatorIcEEEESD_
FNDA:0,_ZN3rxn16InvalidInputExitEN4YAML4NodeERKNSt3__112basic_stringIcNS2_11char_traitsIcEENS2_9allocatorIcEEEE
FNDA:2,_ZN3rxn14InvalidSpeciesC1ERKNSt3__112basic_stringIcNS1_11char_traitsIcEENS1_9allocatorIcEEEES9_
FNDA:0,_ZN3rxn16InvalidInputExitEN4YAML4NodeERKNSt3__112basic_stringIcNS2_11char_traitsIcEENS2_9allocatorIcEEEESA_
FNF:16
FNH:3
DA:5,6
DA:6,4
DA:7,2
DA:8,4
DA:11,0
DA:13,0
DA:16,0
DA:17,0
DA:18,0
DA:19,0
DA:22,0
DA:24,0
DA:27,0
DA:28,0
DA:29,0
DA:30,0
DA:32,0
DA:33,0
DA:34,0
DA:35,0
DA:37,0
DA:38,0
DA:40,0
DA:41,0
DA:42,0
DA:43,0
DA:45,0
DA:46,0
DA:49,0
DA:51,0
DA:54,2
DA:56,2
DA:58,2
DA:62,0
DA:64,0
DA:66,0
DA:67,0
DA:69,0
DA:71,0
DA:75,0
DA:78,0
DA:80,0
DA:81,0
DA:83,0
DA:85,0
DA:89,0
LF:46
LH:7
end_of_record
TN:
SF:/Users/graysongall/projects/rxn-cpp/src/NetworkParser.C
FN:0,__cxx_global_var_init.5
FN:0,__cxx_global_var_init.17
FN:0,__cxx_global_var_init.3
FN:0,__cxx_global_var_init.43
FN:0,__cxx_global_var_init.39
FN:0,__cxx_global_var_init.23
FN:0,__cxx_global_var_init.29
FN:0,__cxx_global_var_init.33
FN:0,__cxx_global_var_init.25
FN:0,__cxx_global_var_init.11
FN:0,__cxx_global_var_init.35
FN:0,__cxx_global_var_init.7
FN:0,__cxx_global_var_init.15
FN:0,__cxx_global_var_init.21
FN:0,__cxx_global_var_init.31
FN:0,__cxx_global_var_init.13
FN:0,__cxx_global_var_init.9
FN:0,__cxx_global_var_init.19
FN:0,__cxx_global_var_init
FN:0,__cxx_global_var_init.1
FN:0,__cxx_global_var_init.37
FN:0,__cxx_global_var_init.41
FN:0,__cxx_global_var_init.27
FN:8,_ZN3rxn13NetworkParser11getInstanceEv
FN:18,_ZN3rxn13NetworkParser5clearEv
FN:26,_ZN3rxn13NetworkParser9checkRefsEv
FN:32,_ZNK3rxn13NetworkParser9checkFileERKNSt3__112basic_stringIcNS1_11char_traitsIcEENS1_9allocatorIcEEEE
FN:47,_ZNK3rxn13NetworkParser12checkBibFileERKNSt3__112basic_stringIcNS1_11char_traitsIcEENS1_9allocatorIcEEEE
FN:57,_ZN3rxn13NetworkParser14parseReactionsERKN4YAML4NodeEPNSt3__16vectorINS5_10shared_ptrIKNS_8ReactionEEENS5_9allocatorISA_EEEERKNS5_12basic_stringIcNS5_11char_traitsIcEENSB_IcEEEESL_
FN:76,_ZN3rxn13NetworkParser12parseNetworkERKNSt3__112basic_stringIcNS1_11char_traitsIcEENS1_9allocatorIcEEEE
FNDA:1,__cxx_global_var_init.35
FNDA:1,__cxx_global_var_init.7
FNDA:1,__cxx_global_var_init.25
FNDA:1,__cxx_global_var_init.11
FNDA:4,_ZN3rxn13NetworkParser11getInstanceEv
FNDA:1,__cxx_global_var_init.29
FNDA:1,__cxx_global_var_init.33
FNDA:1,__cxx_global_var_init.39
FNDA:1,__cxx_global_var_init.23
FNDA:1,__cxx_global_var_init.43
FNDA:5,_ZN3rxn13NetworkParser12parseNetworkERKNSt3__112basic_stringIcNS1_11char_traitsIcEENS1_9allocatorIcEEEE
FNDA:1,__cxx_global_var_init.3
FNDA:1,__cxx_global_var_init.5
FNDA:0,_ZNK3rxn13NetworkParser12checkBibFileERKNSt3__112basic_stringIcNS1_11char_traitsIcEENS1_9allocatorIcEEEE
FNDA:1,__cxx_global_var_init.17
FNDA:0,_ZN3rxn13NetworkParser9checkRefsEv
FNDA:2,_ZN3rxn13NetworkParser5clearEv
FNDA:3,_ZNK3rxn13NetworkParser9checkFileERKNSt3__112basic_stringIcNS1_11char_traitsIcEENS1_9allocatorIcEEEE
FNDA:1,__cxx_global_var_init.27
FNDA:1,__cxx_global_var_init.41
FNDA:1,__cxx_global_var_init.37
FNDA:1,__cxx_global_var_init
FNDA:1,__cxx_global_var_init.1
FNDA:1,__cxx_global_var_init.9
FNDA:1,__cxx_global_var_init.19
FNDA:1,__cxx_global_var_init.13
FNDA:2,_ZN3rxn13NetworkParser14parseReactionsERKN4YAML4NodeEPNSt3__16vectorINS5_10shared_ptrIKNS_8ReactionEEENS5_9allocatorISA_EEEERKNS5_12basic_stringIcNS5_11char_traitsIcEENSB_IcEEEESL_
FNDA:1,__cxx_global_var_init.31
FNDA:1,__cxx_global_var_init.15
FNDA:1,__cxx_global_var_init.21
FNF:30
FNH:28
DA:8,4
DA:10,1
DA:11,5
DA:12,1
DA:13,2
DA:14,5
DA:15,1
DA:17,1
DA:18,3
DA:19,1
DA:20,2
DA:21,3
DA:22,3
DA:23,3
DA:24,2
DA:25,1
DA:26,1
DA:28,1
DA:29,1
DA:30,1
DA:31,1
DA:32,4
DA:34,4
DA:35,4
DA:37,2
DA:38,0
DA:39,3
DA:40,3
DA:42,1
DA:43,0
DA:44,4
DA:47,0
DA:49,0
DA:50,0
DA:52,0
DA:53,0
DA:54,0
DA:57,2
DA:59,2
DA:61,1
DA:64,1
DA:66,0
DA:67,0
DA:69,9
DA:71,8
DA:72,8
DA:73,2
DA:76,5
DA:78,5
DA:79,5
DA:80,5
DA:84,0
DA:85,0
DA:86,0
DA:87,0
DA:88,0
DA:90,0
DA:92,0
DA:93,0
DA:96,0
DA:97,0
DA:99,0
DA:100,0
DA:101,0
DA:103,0
DA:104,1
DA:105,1
DA:107,1
DA:109,0
DA:110,0
DA:111,0
DA:112,0
DA:114,0
DA:115,1
DA:116,9
LF:75
LH:46
end_of_record
TN:
SF:/Users/graysongall/projects/rxn-cpp/src/Reaction.C
FN:0,__cxx_global_var_init.35
FN:0,__cxx_global_var_init.7
FN:0,__cxx_global_var_init.25
FN:0,__cxx_global_var_init.11
FN:0,__cxx_global_var_init.29
FN:0,__cxx_global_var_init.33
FN:0,__cxx_global_var_init.39
FN:0,__cxx_global_var_init.23
FN:0,__cxx_global_var_init.43
FN:0,__cxx_global_var_init.3
FN:0,__cxx_global_var_init.5
FN:0,__cxx_global_var_init.17
FN:0,__cxx_global_var_init.27
FN:0,__cxx_global_var_init.41
FN:0,__cxx_global_var_init.37
FN:0,__cxx_global_var_init
FN:0,__cxx_global_var_init.1
FN:0,__cxx_global_var_init.9
FN:0,__cxx_global_var_init.19
FN:0,__cxx_global_var_init.13
FN:0,__cxx_global_var_init.31
FN:0,__cxx_global_var_init.15
FN:0,__cxx_global_var_init.21
FN:5,_ZN3rxn8ReactionC2ERKN4YAML4NodeEiRKNSt3__112basic_stringIcNS5_11char_traitsIcEENS5_9allocatorIcEEEE
FN:5,_ZN3rxn8ReactionC1ERKN4YAML4NodeEiRKNSt3__112basic_stringIcNS5_11char_traitsIcEENS5_9allocatorIcEEEE
FN:20,_ZN3rxn8Reaction9checkNameERKN4YAML4NodeE
FN:34,_ZN3rxn8Reaction8setSidesEv
FNDA:1,__cxx_global_var_init.29
FNDA:1,__cxx_global_var_init.33
FNDA:1,__cxx_global_var_init.39
FNDA:1,__cxx_global_var_init.23
FNDA:1,__cxx_global_var_init.35
FNDA:1,__cxx_global_var_init.7
FNDA:8,_ZN3rxn8Reaction9checkNameERKN4YAML4NodeE
FNDA:1,__cxx_global_var_init.11
FNDA:1,__cxx_global_var_init.25
FNDA:1,__cxx_global_var_init.5
FNDA:1,__cxx_global_var_init.17
FNDA:0,_ZN3rxn8Reaction8setSidesEv
FNDA:1,__cxx_global_var_init.43
FNDA:1,__cxx_global_var_init.3
FNDA:1,__cxx_global_var_init
FNDA:1,__cxx_global_var_init.1
FNDA:1,__cxx_global_var_init.27
FNDA:1,__cxx_global_var_init.41
FNDA:1,__cxx_global_var_init.37
FNDA:8,_ZN3rxn8ReactionC2ERKN4YAML4NodeEiRKNSt3__112basic_stringIcNS5_11char_traitsIcEENS5_9allocatorIcEEEE
FNDA:1,__cxx_global_var_init.31
FNDA:1,__cxx_global_var_init.21
FNDA:8,_ZN3rxn8ReactionC1ERKN4YAML4NodeEiRKNSt3__112basic_stringIcNS5_11char_traitsIcEENS5_9allocatorIcEEEE
FNDA:1,__cxx_global_var_init.15
FNDA:1,__cxx_global_var_init.9
FNDA:1,__cxx_global_var_init.19
FNDA:1,__cxx_global_var_init.13
FNF:27
FNH:26
DA:5,16
DA:8,8
DA:9,8
DA:10,9
DA:11,9
DA:12,8
DA:13,9
DA:14,9
DA:15,9
DA:17,17
DA:18,1
DA:19,1
DA:20,8
DA:21,1
DA:22,1
DA:23,9
DA:25,9
DA:26,1
DA:27,0
DA:28,1
DA:29,1
DA:30,9
DA:31,9
DA:32,1
DA:34,1
DA:35,1
DA:37,1
DA:38,0
DA:39,1
DA:40,1
DA:41,0
LF:31
LH:28
end_of_record
TN:
SF:/Users/graysongall/projects/rxn-cpp/src/Species.C
FN:0,__cxx_global_var_init.43
FN:0,__cxx_global_var_init.3
FN:0,__cxx_global_var_init.5
FN:0,__cxx_global_var_init.17
FN:0,__cxx_global_var_init.35
FN:0,__cxx_global_var_init.7
FN:0,__cxx_global_var_init.11
FN:0,__cxx_global_var_init.25
FN:0,__cxx_global_var_init.29
FN:0,__cxx_global_var_init.33
FN:0,__cxx_global_var_init.39
FN:0,__cxx_global_var_init.23
FN:0,__cxx_global_var_init.9
FN:0,__cxx_global_var_init.19
FN:0,__cxx_global_var_init.13
FN:0,__cxx_global_var_init.31
FN:0,__cxx_global_var_init.21
FN:0,__cxx_global_var_init.15
FN:0,__cxx_global_var_init.41
FN:0,__cxx_global_var_init.27
FN:0,__cxx_global_var_init.37
FN:0,__cxx_global_var_init
FN:0,__cxx_global_var_init.1
FN:7,_ZN3rxn7SpeciesC1ERKNSt3__112basic_stringIcNS1_11char_traitsIcEENS1_9allocatorIcEEEE
FN:7,_ZN3rxn7SpeciesC2ERKNSt3__112basic_stringIcNS1_11char_traitsIcEENS1_9allocatorIcEEEE
FN:17,_ZN3rxn7Species16decomposeSpeciesEv
FN:30,_ZN3rxn7Species7setMassEv
FN:39,_ZN3rxn7Species15setChargeNumberEv
FN:49,_ZN3rxn7Species12setLatexNameEv
FN:58,_ZNK3rxn7SpecieseqERKS0_
FN:81,_ZNK3rxn7SpeciesneERKS0_
FN:87,_ZNK3rxn7Species12getRateBasedEv
FN:93,_ZNK3rxn7Species12getXsecBasedEv
FN:99,_ZNK3rxn7Species13getSubSpeciesEv
FN:107,_ZNKSt3__14hashIN3rxn7SpeciesEEclERKS2_
FNDA:1,__cxx_global_var_init.31
FNDA:6,_ZNK3rxn7SpecieseqERKS0_
FNDA:20,_ZN3rxn7SpeciesC2ERKNSt3__112basic_stringIcNS1_11char_traitsIcEENS1_9allocatorIcEEEE
FNDA:1,__cxx_global_var_init.21
FNDA:1,__cxx_global_var_init.15
FNDA:0,_ZNK3rxn7Species12getRateBasedEv
FNDA:1,__cxx_global_var_init.19
FNDA:152,_ZNK3rxn7Species13getSubSpeciesEv
FNDA:1,__cxx_global_var_init.9
FNDA:20,_ZN3rxn7Species12setLatexNameEv
FNDA:1,__cxx_global_var_init.13
FNDA:1,_ZNK3rxn7SpeciesneERKS0_
FNDA:20,_ZN3rxn7Species7setMassEv
FNDA:1,__cxx_global_var_init.1
FNDA:1,__cxx_global_var_init
FNDA:20,_ZN3rxn7Species15setChargeNumberEv
FNDA:1,__cxx_global_var_init.41
FNDA:1,__cxx_global_var_init.27
FNDA:1,__cxx_global_var_init.37
FNDA:20,_ZN3rxn7Species16decomposeSpeciesEv
FNDA:1,__cxx_global_var_init.5
FNDA:1,__cxx_global_var_init.17
FNDA:1,__cxx_global_var_init.43
FNDA:0,_ZNKSt3__14hashIN3rxn7SpeciesEEclERKS2_
FNDA:0,_ZNK3rxn7Species12getXsecBasedEv
FNDA:1,__cxx_global_var_init.3
FNDA:1,__cxx_global_var_init.33
FNDA:1,__cxx_global_var_init.29
FNDA:1,__cxx_global_var_init.23
FNDA:1,__cxx_global_var_init.39
FNDA:1,__cxx_global_var_init.7
FNDA:1,__cxx_global_var_init.35
FNDA:20,_ZN3rxn7SpeciesC1ERKNSt3__112basic_stringIcNS1_11char_traitsIcEENS1_9allocatorIcEEEE
FNDA:1,__cxx_global_var_init.11
FNDA:1,__cxx_global_var_init.25
FNF:35
FNH:32
DA:7,40
DA:8,20
DA:9,20
DA:10,41
DA:11,21
DA:12,20
DA:13,21
DA:14,41
DA:15,1
DA:17,21
DA:18,1
DA:19,21
DA:21,21
DA:22,1
DA:23,44
DA:24,23
DA:25,1
DA:26,21
DA:27,20
DA:28,1
DA:29,1
DA:30,21
DA:31,1
DA:32,21
DA:33,43
DA:34,24
DA:35,21
DA:36,20
DA:37,1
DA:39,21
DA:40,1
DA:41,20
DA:42,43
DA:43,23
DA:44,20
DA:45,20
DA:49,20
DA:51,20
DA:52,43
DA:53,23
DA:54,20
DA:55,20
DA:58,6
DA:60,6
DA:61,0
DA:63,6
DA:64,0
DA:66,6
DA:67,0
DA:69,6
DA:70,2
DA:72,8
DA:74,4
DA:75,0
DA:76,4
DA:77,4
DA:78,6
DA:81,1
DA:83,1
DA:87,0
DA:89,0
DA:93,0
DA:95,0
DA:99,152
DA:101,152
DA:107,0
DA:109,0
DA:111,0
DA:113,0
DA:114,0
DA:116,0
DA:117,0
DA:118,0
DA:121,0
DA:122,0
LF:75
LH:57
end_of_record
TN:
SF:/Users/graysongall/projects/rxn-cpp/src/SpeciesBase.C
FN:0,__cxx_global_var_init.27
FN:0,__cxx_global_var_init.41
FN:0,__cxx_global_var_init.37
FN:0,__cxx_global_var_init.1
FN:0,__cxx_global_var_init
FN:0,__cxx_global_var_init.19
FN:0,__cxx_global_var_init.9
FN:0,__cxx_global_var_init.13
FN:0,__cxx_global_var_init.31
FN:0,__cxx_global_var_init.21
FN:0,__cxx_global_var_init.15
FN:0,__cxx_global_var_init.7
FN:0,__cxx_global_var_init.35
FN:0,__cxx_global_var_init.11
FN:0,__cxx_global_var_init.25
FN:0,__cxx_global_var_init.33
FN:0,__cxx_global_var_init.29
FN:0,__cxx_global_var_init.23
FN:0,__cxx_global_var_init.39
FN:0,__cxx_global_var_init.43
FN:0,__cxx_global_var_init.3
FN:0,__cxx_global_var_init.17
FN:0,__cxx_global_var_init.5
FN:5,_ZN3rxn11SpeciesBaseC2ERKNSt3__112basic_stringIcNS1_11char_traitsIcEENS1_9allocatorIcEEEE
FN:13,_ZN3rxnlsERNSt3__113basic_ostreamIcNS0_11char_traitsIcEEEERKNS_11SpeciesBaseE
FN:20,_ZN3rxn11SpeciesBase9checkNameERKNSt3__112basic_stringIcNS1_11char_traitsIcEENS1_9allocatorIcEEEE
FN:36,_ZNK3rxn11SpeciesBaseeqERKS0_
FN:43,_ZNK3rxn11SpeciesBaseneERKS0_
FN:49,_ZNK3rxn11SpeciesBase7getNameEv
FN:55,_ZNK3rxn11SpeciesBase7getMassEv
FN:61,_ZNK3rxn11SpeciesBase15getChargeNumberEv
FN:67,_ZNK3rxn11SpeciesBase9getChargeEv
FN:73,_ZNK3rxn11SpeciesBase22getLatexRepresentationEv
FN:80,_ZNKSt3__14hashIN3rxn11SpeciesBaseEEclERKS2_
FNDA:62,_ZNK3rxn11SpeciesBase7getNameEv
FNDA:1,__cxx_global_var_init.31
FNDA:1,__cxx_global_var_init.15
FNDA:1,__cxx_global_var_init.21
FNDA:1,__cxx_global_var_init.19
FNDA:1,__cxx_global_var_init.9
FNDA:1,__cxx_global_var_init.13
FNDA:0,_ZNKSt3__14hashIN3rxn11SpeciesBaseEEclERKS2_
FNDA:1,__cxx_global_var_init.1
FNDA:1,__cxx_global_var_init
FNDA:1,__cxx_global_var_init.41
FNDA:1,__cxx_global_var_init.27
FNDA:75,_ZNK3rxn11SpeciesBase15getChargeNumberEv
FNDA:66,_ZN3rxn11SpeciesBase9checkNameERKNSt3__112basic_stringIcNS1_11char_traitsIcEENS1_9allocatorIcEEEE
FNDA:1,__cxx_global_var_init.37
FNDA:0,_ZN3rxnlsERNSt3__113basic_ostreamIcNS0_11char_traitsIcEEEERKNS_11SpeciesBaseE
FNDA:1,__cxx_global_var_init.5
FNDA:10,_ZNK3rxn11SpeciesBaseeqERKS0_
FNDA:1,__cxx_global_var_init.17
FNDA:10,_ZNK3rxn11SpeciesBaseneERKS0_
FNDA:1,__cxx_global_var_init.43
FNDA:1,__cxx_global_var_init.3
FNDA:66,_ZN3rxn11SpeciesBaseC2ERKNSt3__112basic_stringIcNS1_11char_traitsIcEENS1_9allocatorIcEEEE
FNDA:1,__cxx_global_var_init.33
FNDA:1,__cxx_global_var_init.29
FNDA:52,_ZNK3rxn11SpeciesBase9getChargeEv
FNDA:1,__cxx_global_var_init.23
FNDA:1,__cxx_global_var_init.39
FNDA:75,_ZNK3rxn11SpeciesBase7getMassEv
FNDA:1,__cxx_global_var_init.7
FNDA:1,__cxx_global_var_init.35
FNDA:75,_ZNK3rxn11SpeciesBase22getLatexRepresentationEv
FNDA:1,__cxx_global_var_init.25
FNDA:1,__cxx_global_var_init.11
FNF:34
FNH:32
DA:5,132
DA:6,66
DA:7,66
DA:8,66
DA:10,1
DA:11,1
DA:13,1
DA:14,1
DA:15,1
DA:16,0
DA:17,1
DA:18,1
DA:19,1
DA:20,66
DA:21,1
DA:22,67
DA:23,3
DA:25,66
DA:26,1
DA:27,19
DA:28,1
DA:29,2
DA:30,1
DA:31,19
DA:32,65
DA:33,2
DA:34,1
DA:35,1
DA:36,10
DA:37,1
DA:38,10
DA:39,1
DA:40,1
DA:43,10
DA:45,10
DA:49,62
DA:51,62
DA:55,75
DA:57,75
DA:61,75
DA:63,75
DA:67,52
DA:69,52
DA:73,75
DA:75,75
DA:80,0
DA:83,0
LF:47
LH:44
end_of_record
TN:
SF:/Users/graysongall/projects/rxn-cpp/src/SpeciesFactory.C
FN:0,__cxx_global_var_init.3
FN:0,__cxx_global_var_init.43
FN:0,__cxx_global_var_init.5
FN:0,__cxx_global_var_init.17
FN:0,__cxx_global_var_init.11
FN:0,__cxx_global_var_init.25
FN:0,__cxx_global_var_init.35
FN:0,__cxx_global_var_init.7
FN:0,__cxx_global_var_init.39
FN:0,__cxx_global_var_init.23
FN:0,__cxx_global_var_init.29
FN:0,__cxx_global_var_init.33
FN:0,__cxx_global_var_init.13
FN:0,__cxx_global_var_init.9
FN:0,__cxx_global_var_init.19
FN:0,__cxx_global_var_init.21
FN:0,__cxx_global_var_init.15
FN:0,__cxx_global_var_init.31
FN:0,__cxx_global_var_init.37
FN:0,__cxx_global_var_init.41
FN:0,__cxx_global_var_init.27
FN:0,__cxx_global_var_init
FN:0,__cxx_global_var_init.1
FN:9,_ZN3rxn14SpeciesFactory11getInstanceEv
FN:19,_ZN3rxn14SpeciesFactory5clearEv
FN:28,_ZN3rxn14SpeciesFactory20collectCustomSpeciesERKN4YAML4NodeE
FN:75,_ZN3rxn14SpeciesFactory20collectLumpedSpeciesERKN4YAML4NodeE
FN:132,_ZN3rxn14SpeciesFactory21collectLatexOverridesERKN4YAML4NodeE
FN:193,_ZNK3rxn14SpeciesFactory7getMassERKNSt3__112basic_stringIcNS1_11char_traitsIcEENS1_9allocatorIcEEEE
FN:206,_ZNK3rxn14SpeciesFactory16getLatexOverrideERKNSt3__112basic_stringIcNS1_11char_traitsIcEENS1_9allocatorIcEEEE
FNDA:1,__cxx_global_var_init
FNDA:1,__cxx_global_var_init.1
FNDA:1,__cxx_global_var_init.27
FNDA:1,__cxx_global_var_init.41
FNDA:1,__cxx_global_var_init.37
FNDA:1,__cxx_global_var_init.31
FNDA:1,__cxx_global_var_init.15
FNDA:1,_ZN3rxn14SpeciesFactory20collectLumpedSpeciesERKN4YAML4NodeE
FNDA:1,__cxx_global_var_init.21
FNDA:1,__cxx_global_var_init.9
FNDA:1,__cxx_global_var_init.19
FNDA:1,__cxx_global_var_init.13
FNDA:1,_ZN3rxn14SpeciesFactory21collectLatexOverridesERKN4YAML4NodeE
FNDA:1,__cxx_global_var_init.29
FNDA:5,_ZN3rxn14SpeciesFactory20collectCustomSpeciesERKN4YAML4NodeE
FNDA:1,__cxx_global_var_init.33
FNDA:131,_ZNK3rxn14SpeciesFactory7getMassERKNSt3__112basic_stringIcNS1_11char_traitsIcEENS1_9allocatorIcEEEE
FNDA:1,__cxx_global_var_init.39
FNDA:182,_ZN3rxn14SpeciesFactory11getInstanceEv
FNDA:1,__cxx_global_var_init.23
FNDA:1,__cxx_global_var_init.35
FNDA:44,_ZNK3rxn14SpeciesFactory16getLatexOverrideERKNSt3__112basic_stringIcNS1_11char_traitsIcEENS1_9allocatorIcEEEE
FNDA:0,_ZN3rxn14SpeciesFactory5clearEv
FNDA:1,__cxx_global_var_init.7
FNDA:1,__cxx_global_var_init.25
FNDA:1,__cxx_global_var_init.11
FNDA:1,__cxx_global_var_init.17
FNDA:1,__cxx_global_var_init.5
FNDA:1,__cxx_global_var_init.43
FNDA:1,__cxx_global_var_init.3
FNF:30
FNH:29
DA:9,182
DA:10,1
DA:11,1
DA:12,182
DA:13,2
DA:14,2
DA:15,183
DA:16,0
DA:17,1
DA:18,1
DA:19,1
DA:20,0
DA:21,1
DA:22,1
DA:23,1
DA:24,0
DA:25,1
DA:26,1
DA:28,6
DA:29,1
DA:30,6
DA:31,2
DA:32,1
DA:33,4
DA:34,1
DA:35,1
DA:36,0
DA:37,1
DA:38,4
DA:39,1
DA:40,1
DA:41,0
DA:43,4
DA:45,0
DA:46,0
DA:48,4
DA:50,0
DA:51,0
DA:52,0
DA:53,0
DA:54,0
DA:55,4
DA:56,4
DA:58,4
DA:60,0
DA:61,0
DA:63,4
DA:65,0
DA:66,0
DA:68,8
DA:70,4
DA:71,4
DA:72,5
DA:75,1
DA:77,1
DA:78,1
DA:80,0
DA:82,0
DA:83,0
DA:85,0
DA:86,0
DA:88,0
DA:90,0
DA:92,0
DA:93,0
DA:95,0
DA:97,0
DA:98,0
DA:101,0
DA:102,0
DA:103,0
DA:104,0
DA:105,0
DA:107,0
DA:109,0
DA:110,0
DA:113,0
DA:114,0
DA:115,0
DA:116,0
DA:117,0
DA:119,0
DA:121,0
DA:122,0
DA:124,0
DA:125,0
DA:126,0
DA:127,0
DA:128,1
DA:132,1
DA:134,1
DA:135,1
DA:137,0
DA:139,0
DA:140,0
DA:142,0
DA:144,0
DA:145,0
DA:147,0
DA:149,0
DA:150,0
DA:152,0
DA:154,0
DA:155,0
DA:156,0
DA:157,0
DA:158,0
DA:160,0
DA:161,0
DA:164,0
DA:165,0
DA:166,0
DA:167,0
DA:168,0
DA:169,0
DA:171,0
DA:173,0
DA:174,0
DA:176,0
DA:178,0
DA:179,0
DA:181,0
DA:183,0
DA:184,0
DA:186,0
DA:188,0
DA:189,0
DA:190,1
DA:193,131
DA:195,131
DA:197,131
DA:199,0
DA:202,262
DA:203,131
DA:206,44
DA:208,44
DA:210,44
DA:212,44
DA:215,0
DA:216,44
LF:140
LH:55
end_of_record
TN:
SF:/Users/graysongall/projects/rxn-cpp/src/StringHelper.C
FN:0,__cxx_global_var_init
FN:8,_ZN3rxn5ltrimERNSt3__112basic_stringIcNS0_11char_traitsIcEENS0_9allocatorIcEEEE
FN:15,_ZN3rxn5rtrimERNSt3__112basic_stringIcNS0_11char_traitsIcEENS0_9allocatorIcEEEE
FN:22,_ZN3rxn4trimERNSt3__112basic_stringIcNS0_11char_traitsIcEENS0_9allocatorIcEEEE
FN:29,_ZN3rxn16splitByDelimiterERKNSt3__112basic_stringIcNS0_11char_traitsIcEENS0_9allocatorIcEEEES6_
FN:52,_ZN3rxn16findFirstCapitalERKNSt3__112basic_stringIcNS0_11char_traitsIcEENS0_9allocatorIcEEEE
FN:65,_ZN3rxn16findFirstSpecialERKNSt3__112basic_stringIcNS0_11char_traitsIcEENS0_9allocatorIcEEEE
FN:78,_ZN3rxn18findFirstNonLetterERKNSt3__112basic_stringIcNS0_11char_traitsIcEENS0_9allocatorIcEEEE
FN:89,_ZN3rxn15findFirstLetterERKNSt3__112basic_stringIcNS0_11char_traitsIcEENS0_9allocatorIcEEEE
FN:100,_ZN3rxn18findFirstNonNumberERKNSt3__112basic_stringIcNS0_11char_traitsIcEENS0_9allocatorIcEEEE
FN:111,_ZN3rxn19findFirstNonSpecialERKNSt3__112basic_stringIcNS0_11char_traitsIcEENS0_9allocatorIcEEEE
FN:122,_ZN3rxn14splitByCapitalERKNSt3__112basic_stringIcNS0_11char_traitsIcEENS0_9allocatorIcEEEE
FN:163,_ZN3rxn16formatScientificEf
FN:183,_ZN3rxn9makeGreenERKNSt3__112basic_stringIcNS0_11char_traitsIcEENS0_9allocatorIcEEEE
FN:189,_ZN3rxn10makeYellowERKNSt3__112basic_stringIcNS0_11char_traitsIcEENS0_9allocatorIcEEEE
FN:195,_ZN3rxn7makeRedERKNSt3__112basic_stringIcNS0_11char_traitsIcEENS0_9allocatorIcEEEE
FN:201,_ZN3rxn10printGreenERKNSt3__112basic_stringIcNS0_11char_traitsIcEENS0_9allocatorIcEEEE
FN:207,_ZN3rxn8printRedERKNSt3__112basic_stringIcNS0_11char_traitsIcEENS0_9allocatorIcEEEE
FN:213,_ZN3rxn11printYellowERKNSt3__112basic_stringIcNS0_11char_traitsIcEENS0_9allocatorIcEEEE
FNDA:0,_ZN3rxn5rtrimERNSt3__112basic_stringIcNS0_11char_traitsIcEENS0_9allocatorIcEEEE
FNDA:0,_ZN3rxn5ltrimERNSt3__112basic_stringIcNS0_11char_traitsIcEENS0_9allocatorIcEEEE
FNDA:0,_ZN3rxn9makeGreenERKNSt3__112basic_stringIcNS0_11char_traitsIcEENS0_9allocatorIcEEEE
FNDA:60,_ZN3rxn18findFirstNonLetterERKNSt3__112basic_stringIcNS0_11char_traitsIcEENS0_9allocatorIcEEEE
FNDA:44,_ZN3rxn18findFirstNonNumberERKNSt3__112basic_stringIcNS0_11char_traitsIcEENS0_9allocatorIcEEEE
FNDA:4,_ZN3rxn7makeRedERKNSt3__112basic_stringIcNS0_11char_traitsIcEENS0_9allocatorIcEEEE
FNDA:0,_ZN3rxn15findFirstLetterERKNSt3__112basic_stringIcNS0_11char_traitsIcEENS0_9allocatorIcEEEE
FNDA:0,_ZN3rxn4trimERNSt3__112basic_stringIcNS0_11char_traitsIcEENS0_9allocatorIcEEEE
FNDA:0,_ZN3rxn16splitByDelimiterERKNSt3__112basic_stringIcNS0_11char_traitsIcEENS0_9allocatorIcEEEES6_
FNDA:21,_ZN3rxn19findFirstNonSpecialERKNSt3__112basic_stringIcNS0_11char_traitsIcEENS0_9allocatorIcEEEE
FNDA:1,__cxx_global_var_init
FNDA:21,_ZN3rxn16findFirstSpecialERKNSt3__112basic_stringIcNS0_11char_traitsIcEENS0_9allocatorIcEEEE
FNDA:0,_ZN3rxn10printGreenERKNSt3__112basic_stringIcNS0_11char_traitsIcEENS0_9allocatorIcEEEE
FNDA:2,_ZN3rxn8printRedERKNSt3__112basic_stringIcNS0_11char_traitsIcEENS0_9allocatorIcEEEE
FNDA:66,_ZN3rxn16findFirstCapitalERKNSt3__112basic_stringIcNS0_11char_traitsIcEENS0_9allocatorIcEEEE
FNDA:0,_ZN3rxn10makeYellowERKNSt3__112basic_stringIcNS0_11char_traitsIcEENS0_9allocatorIcEEEE
FNDA:0,_ZN3rxn11printYellowERKNSt3__112basic_stringIcNS0_11char_traitsIcEENS0_9allocatorIcEEEE
FNDA:20,_ZN3rxn14splitByCapitalERKNSt3__112basic_stringIcNS0_11char_traitsIcEENS0_9allocatorIcEEEE
FNDA:0,_ZN3rxn16formatScientificEf
FNF:19
FNH:9
DA:5,1
DA:8,0
DA:10,0
DA:11,0
DA:12,0
DA:15,0
DA:17,0
DA:18,0
DA:19,0
DA:22,0
DA:24,0
DA:25,0
DA:26,0
DA:29,0
DA:31,0
DA:32,0
DA:33,0
DA:34,0
DA:36,0
DA:38,0
DA:39,0
DA:40,0
DA:41,0
DA:42,0
DA:45,0
DA:46,0
DA:48,0
DA:49,0
DA:52,66
DA:54,240
DA:56,174
DA:58,48
DA:60,126
DA:61,18
DA:62,66
DA:65,21
DA:67,42
DA:69,21
DA:70,0
DA:72,21
DA:74,0
DA:75,21
DA:78,60
DA:80,262
DA:82,202
DA:83,54
DA:84,148
DA:85,6
DA:86,60
DA:89,0
DA:91,0
DA:93,0
DA:94,0
DA:95,0
DA:96,0
DA:97,0
DA:100,44
DA:102,146
DA:104,102
DA:105,30
DA:106,72
DA:107,14
DA:108,44
DA:111,21
DA:113,59
DA:115,38
DA:116,17
DA:117,21
DA:118,4
DA:119,21
DA:122,20
DA:124,20
DA:126,20
DA:129,20
DA:131,5
DA:135,15
DA:137,2
DA:140,13
DA:142,13
DA:144,29
DA:147,16
DA:149,16
DA:150,16
DA:153,16
DA:155,3
DA:156,3
DA:157,13
DA:159,13
DA:160,20
DA:163,0
DA:165,0
DA:167,0
DA:169,0
DA:172,0
DA:174,0
DA:177,0
DA:180,0
DA:183,0
DA:185,0
DA:186,0
DA:189,0
DA:191,0
DA:192,0
DA:195,4
DA:197,4
DA:198,0
DA:201,0
DA:203,0
DA:204,0
DA:207,2
DA:209,2
DA:210,2
DA:213,0
DA:215,0
DA:216,0
LF:115
LH:58
end_of_record
TN:
SF:/Users/graysongall/projects/rxn-cpp/src/SubSpecies.C
FN:0,__cxx_global_var_init.3
FN:0,__cxx_global_var_init.43
FN:0,__cxx_global_var_init.5
FN:0,__cxx_global_var_init.17
FN:0,__cxx_global_var_init.11
FN:0,__cxx_global_var_init.25
FN:0,__cxx_global_var_init.35
FN:0,__cxx_global_var_init.7
FN:0,__cxx_global_var_init.39
FN:0,__cxx_global_var_init.23
FN:0,__cxx_global_var_init.29
FN:0,__cxx_global_var_init.33
FN:0,__cxx_global_var_init.13
FN:0,__cxx_global_var_init.9
FN:0,__cxx_global_var_init.19
FN:0,__cxx_global_var_init.21
FN:0,__cxx_global_var_init.15
FN:0,__cxx_global_var_init.31
FN:0,__cxx_global_var_init.37
FN:0,__cxx_global_var_init.41
FN:0,__cxx_global_var_init.27
FN:0,__cxx_global_var_init
FN:0,__cxx_global_var_init.1
FN:6,_ZN3rxn10SubSpeciesC1ERKNSt3__112basic_stringIcNS1_11char_traitsIcEENS1_9allocatorIcEEEE
FN:6,_ZN3rxn10SubSpeciesC2ERKNSt3__112basic_stringIcNS1_11char_traitsIcEENS1_9allocatorIcEEEE
FN:18,_ZN3rxn10SubSpecies7setBaseEv
FN:47,_ZN3rxn10SubSpecies11setModifierEv
FN:64,_ZN3rxn10SubSpecies12setSubscriptEv
FN:84,_ZN3rxn10SubSpecies15setChargeNumberEv
FN:172,_ZN3rxn10SubSpecies7setMassEv
FN:187,_ZN3rxn10SubSpecies12setLatexNameEv
FN:261,_ZNK3rxn10SubSpecieseqERKS0_
FN:289,_ZNK3rxn10SubSpeciesneERKS0_
FN:295,_ZNK3rxn10SubSpecies7getBaseEv
FN:301,_ZNK3rxn10SubSpecies11getModifierEv
FN:307,_ZNK3rxn10SubSpecies12getSubscriptEv
FN:314,_ZNKSt3__14hashIN3rxn10SubSpeciesEEclERKS2_
FNDA:1,__cxx_global_var_init.29
FNDA:44,_ZN3rxn10SubSpecies7setBaseEv
FNDA:1,__cxx_global_var_init.33
FNDA:1,__cxx_global_var_init.39
FNDA:0,_ZNKSt3__14hashIN3rxn10SubSpeciesEEclERKS2_
FNDA:1,__cxx_global_var_init.23
FNDA:1,__cxx_global_var_init.35
FNDA:1,__cxx_global_var_init.7
FNDA:1,__cxx_global_var_init.11
FNDA:1,__cxx_global_var_init.25
FNDA:1,__cxx_global_var_init.17
FNDA:1,__cxx_global_var_init.5
FNDA:36,_ZNK3rxn10SubSpecies12getSubscriptEv
FNDA:44,_ZN3rxn10SubSpecies12setLatexNameEv
FNDA:44,_ZN3rxn10SubSpecies11setModifierEv
FNDA:36,_ZNK3rxn10SubSpecies7getBaseEv
FNDA:1,__cxx_global_var_init.43
FNDA:44,_ZN3rxn10SubSpecies12setSubscriptEv
FNDA:1,__cxx_global_var_init.3
FNDA:1,__cxx_global_var_init
FNDA:1,__cxx_global_var_init.1
FNDA:44,_ZN3rxn10SubSpeciesC2ERKNSt3__112basic_stringIcNS1_11char_traitsIcEENS1_9allocatorIcEEEE
FNDA:10,_ZNK3rxn10SubSpecieseqERKS0_
FNDA:44,_ZN3rxn10SubSpecies15setChargeNumberEv
FNDA:1,__cxx_global_var_init.41
FNDA:1,__cxx_global_var_init.27
FNDA:1,__cxx_global_var_init.37
FNDA:1,__cxx_global_var_init.31
FNDA:44,_ZN3rxn10SubSpecies7setMassEv
FNDA:46,_ZN3rxn10SubSpeciesC1ERKNSt3__112basic_stringIcNS1_11char_traitsIcEENS1_9allocatorIcEEEE
FNDA:1,__cxx_global_var_init.21
FNDA:1,__cxx_global_var_init.15
FNDA:36,_ZNK3rxn10SubSpecies11getModifierEv
FNDA:1,__cxx_global_var_init.9
FNDA:1,__cxx_global_var_init.19
FNDA:1,__cxx_global_var_init.13
FNDA:5,_ZNK3rxn10SubSpeciesneERKS0_
FNF:37
FNH:36
DA:6,90
DA:7,44
DA:8,44
DA:9,44
DA:10,45
DA:11,91
DA:12,44
DA:13,45
DA:14,45
DA:15,91
DA:17,1
DA:18,45
DA:19,1
DA:20,44
DA:21,3
DA:22,1
DA:23,43
DA:24,12
DA:25,1
DA:26,31
DA:28,31
DA:29,1
DA:30,1
DA:31,1
DA:32,1
DA:34,1
DA:35,1
DA:36,30
DA:37,1
DA:38,30
DA:39,4
DA:40,1
DA:41,30
DA:43,30
DA:44,44
DA:47,44
DA:49,44
DA:50,2
DA:52,42
DA:53,12
DA:55,30
DA:57,30
DA:58,3
DA:60,27
DA:61,44
DA:64,44
DA:67,44
DA:68,17
DA:70,27
DA:72,27
DA:73,6
DA:76,27
DA:77,8
DA:80,19
DA:81,44
DA:84,44
DA:86,44
DA:88,12
DA:89,12
DA:93,32
DA:95,5
DA:96,5
DA:100,27
DA:101,27
DA:103,19
DA:104,19
DA:105,19
DA:106,19
DA:108,8
DA:111,27
DA:113,6
DA:114,6
DA:118,21
DA:120,0
DA:121,0
DA:122,0
DA:123,0
DA:124,0
DA:126,21
DA:128,0
DA:129,0
DA:133,21
DA:135,21
DA:136,12
DA:138,9
DA:140,21
DA:142,4
DA:143,4
DA:148,17
DA:151,17
DA:154,17
DA:155,8
DA:157,17
DA:159,17
DA:161,0
DA:162,0
DA:166,17
DA:168,17
DA:169,44
DA:172,44
DA:174,44
DA:176,44
DA:178,12
DA:179,12
DA:182,32
DA:183,32
DA:184,44
DA:187,44
DA:189,44
DA:191,44
DA:193,0
DA:194,0
DA:196,44
DA:198,2
DA:199,2
DA:202,42
DA:204,15
DA:205,15
DA:208,27
DA:210,27
DA:212,27
DA:214,19
DA:215,19
DA:216,19
DA:218,27
DA:221,21
DA:223,21
DA:225,12
DA:226,12
DA:227,12
DA:231,9
DA:232,9
DA:236,21
DA:237,4
DA:239,21
DA:241,17
DA:242,17
DA:243,17
DA:244,21
DA:246,27
DA:248,18
DA:249,18
DA:252,9
DA:254,9
DA:255,9
DA:257,9
DA:258,44
DA:261,10
DA:264,10
DA:265,2
DA:267,8
DA:268,0
DA:270,8
DA:271,0
DA:273,8
DA:274,0
DA:276,8
DA:277,0
DA:279,8
DA:280,0
DA:282,8
DA:283,0
DA:285,8
DA:286,10
DA:289,5
DA:291,5
DA:295,36
DA:297,36
DA:301,36
DA:303,36
DA:307,36
DA:309,36
DA:314,0
DA:316,0
DA:318,0
DA:320,0
DA:321,0
DA:322,0
DA:323,0
DA:324,0
DA:325,0
DA:326,0
DA:327,0
DA:329,0
DA:330,0
LF:185
LH:155
end_of_record
TN:
SF:/Users/graysongall/projects/rxn-cpp/src/YamlHelper.C
FN:6,_ZN3rxn11getTypeNameINSt3__112basic_stringIcNS1_11char_traitsIcEENS1_9allocatorIcEEEEEES7_v
FN:11,_ZN3rxn11getTypeNameIdEENSt3__112basic_stringIcNS1_11char_traitsIcEENS1_9allocatorIcEEEEv
FN:17,_ZN3rxn12defaultValueIdEET_v
FN:23,_ZN3rxn12defaultValueINSt3__112basic_stringIcNS1_11char_traitsIcEENS1_9allocatorIcEEEEEET_v
FN:28,_ZN3rxn10validParamERKNSt3__112basic_stringIcNS0_11char_traitsIcEENS0_9allocatorIcEEEEN4YAML4NodeEb
FN:42,_ZN3rxn9getParamsIdEENSt3__16vectorIT_NS1_9allocatorIS3_EEEERKNS1_12basic_stringIcNS1_11char_traitsIcEENS4_IcEEEEN4YAML4NodeEb
FN:42,_ZN3rxn9getParamsINSt3__112basic_stringIcNS1_11char_traitsIcEENS1_9allocatorIcEEEEEENS1_6vectorIT_NS5_IS9_EEEERKS7_N4YAML4NodeEb
FN:81,_ZN3rxn8getParamINSt3__112basic_stringIcNS1_11char_traitsIcEENS1_9allocatorIcEEEEEET_RKS7_N4YAML4NodeEb
FN:81,_ZN3rxn8getParamIdEET_RKNSt3__112basic_stringIcNS2_11char_traitsIcEENS2_9allocatorIcEEEEN4YAML4NodeEb
FNDA:0,_ZN3rxn11getTypeNameIdEENSt3__112basic_stringIcNS1_11char_traitsIcEENS1_9allocatorIcEEEEv
FNDA:10,_ZN3rxn8getParamINSt3__112basic_stringIcNS1_11char_traitsIcEENS1_9allocatorIcEEEEEET_RKS7_N4YAML4NodeEb
FNDA:0,_ZN3rxn12defaultValueINSt3__112basic_stringIcNS1_11char_traitsIcEENS1_9allocatorIcEEEEEET_v
FNDA:4,_ZN3rxn9getParamsIdEENSt3__16vectorIT_NS1_9allocatorIS3_EEEERKNS1_12basic_stringIcNS1_11char_traitsIcEENS4_IcEEEEN4YAML4NodeEb
FNDA:12,_ZN3rxn12defaultValueIdEET_v
FNDA:20,_ZN3rxn9getParamsINSt3__112basic_stringIcNS1_11char_traitsIcEENS1_9allocatorIcEEEEEENS1_6vectorIT_NS5_IS9_EEEERKS7_N4YAML4NodeEb
FNDA:0,_ZN3rxn11getTypeNameINSt3__112basic_stringIcNS1_11char_traitsIcEENS1_9allocatorIcEEEEEES7_v
FNDA:68,_ZN3rxn10validParamERKNSt3__112basic_stringIcNS0_11char_traitsIcEENS0_9allocatorIcEEEEN4YAML4NodeEb
FNDA:16,_ZN3rxn8getParamIdEET_RKNSt3__112basic_stringIcNS2_11char_traitsIcEENS2_9allocatorIcEEEEN4YAML4NodeEb
FNF:9
FNH:6
DA:6,0
DA:7,0
DA:11,0
DA:12,0
DA:17,12
DA:18,12
DA:23,0
DA:24,0
DA:28,68
DA:30,68
DA:32,23
DA:34,0
DA:36,23
DA:38,45
DA:39,68
DA:42,24
DA:45,24
DA:47,7
DA:50,17
DA:54,17
DA:55,17
DA:61,17
DA:62,17
DA:63,17
DA:64,17
DA:66,0
DA:69,0
DA:70,17
DA:72,0
DA:73,58
DA:81,26
DA:84,26
DA:86,12
DA:89,14
DA:91,14
DA:92,14
DA:95,0
DA:96,0
DA:98,14
DA:99,36
LF:40
LH:28
end_of_record
