TN:
SF:/Users/graysongall/projects/rxn-cpp/src/BibTexHelper.C
FN:16,_ZN3rxn12BibTexHelper11getInstanceEv
FN:26,_ZN3rxn12BibTexHelper5clearEv
FN:32,_ZN3rxn12BibTexHelper17collectReferencesERKNSt3__112basic_stringIcNS1_11char_traitsIcEENS1_9allocatorIcEEEE
FN:72,_ZN3rxn12BibTexHelper12checkCiteKeyERKNSt3__112basic_stringIcNS1_11char_traitsIcEENS1_9allocatorIcEEEES9_
FNDA:12,_ZN3rxn12BibTexHelper5clearEv
FNDA:110,_ZN3rxn12BibTexHelper11getInstanceEv
FNDA:6,_ZN3rxn12BibTexHelper17collectReferencesERKNSt3__112basic_stringIcNS1_11char_traitsIcEENS1_9allocatorIcEEEE
FNDA:101,_ZN3rxn12BibTexHelper12checkCiteKeyERKNSt3__112basic_stringIcNS1_11char_traitsIcEENS1_9allocatorIcEEEES9_
FNF:4
FNH:4
DA:16,110
DA:19,110
DA:20,1
DA:21,1
DA:22,110
DA:23,0
DA:26,12
DA:28,12
DA:29,12
DA:32,6
DA:34,6
DA:35,6
DA:36,6
DA:38,1
DA:41,5
DA:42,5
DA:43,5
DA:44,146
DA:46,143
DA:48,143
DA:50,143
DA:53,15
DA:54,15
DA:55,1
DA:56,14
DA:59,14
DA:61,14
DA:62,1
DA:64,13
DA:65,14
DA:67,3
DA:68,3
DA:69,9
DA:72,101
DA:74,101
DA:76,101
DA:78,1
DA:81,100
DA:83,100
DA:85,2
DA:87,104
LF:41
LH:40
end_of_record
TN:
SF:/Users/graysongall/projects/rxn-cpp/src/Constants.C
FN:0,__cxx_global_var_init.7
FN:0,__cxx_global_var_init.26
FN:0,__cxx_global_var_init.14
FN:0,__cxx_global_var_init.46
FN:0,__cxx_global_var_init.33
FN:0,__cxx_global_var_init.31
FN:0,__cxx_global_var_init.18
FN:0,__cxx_global_var_init.1
FN:0,__cxx_global_var_init.43
FN:0,__cxx_global_var_init.41
FN:0,__cxx_global_var_init.19
FN:0,__cxx_global_var_init.23
FN:0,__cxx_global_var_init.21
FN:0,__cxx_global_var_init.29
FN:0,__cxx_global_var_init.5
FN:0,__cxx_global_var_init.13
FN:0,__cxx_global_var_init.35
FN:0,__cxx_global_var_init.37
FN:0,__cxx_global_var_init.11
FN:0,__cxx_global_var_init.3
FN:0,__cxx_global_var_init.16
FN:0,__cxx_global_var_init.45
FN:0,__cxx_global_var_init.9
FN:0,__cxx_global_var_init.48
FN:0,__cxx_global_var_init.39
FN:0,__cxx_global_var_init.24
FN:0,__cxx_global_var_init
FN:0,__cxx_global_var_init.28
FNDA:1,__cxx_global_var_init.31
FNDA:1,__cxx_global_var_init.18
FNDA:1,__cxx_global_var_init.46
FNDA:1,__cxx_global_var_init.33
FNDA:1,__cxx_global_var_init.14
FNDA:1,__cxx_global_var_init.7
FNDA:1,__cxx_global_var_init.26
FNDA:1,__cxx_global_var_init.21
FNDA:1,__cxx_global_var_init.23
FNDA:1,__cxx_global_var_init.41
FNDA:1,__cxx_global_var_init.19
FNDA:1,__cxx_global_var_init.1
FNDA:1,__cxx_global_var_init.43
FNDA:1,__cxx_global_var_init.11
FNDA:1,__cxx_global_var_init.13
FNDA:1,__cxx_global_var_init.5
FNDA:1,__cxx_global_var_init.37
FNDA:1,__cxx_global_var_init.35
FNDA:1,__cxx_global_var_init.29
FNDA:1,__cxx_global_var_init.28
FNDA:1,__cxx_global_var_init.9
FNDA:1,__cxx_global_var_init.48
FNDA:1,__cxx_global_var_init.24
FNDA:1,__cxx_global_var_init.39
FNDA:1,__cxx_global_var_init
FNDA:1,__cxx_global_var_init.3
FNDA:1,__cxx_global_var_init.16
FNDA:1,__cxx_global_var_init.45
FNF:28
FNH:28
DA:9,1
DA:10,1
DA:11,1
DA:12,1
DA:13,1
DA:14,1
DA:15,1
DA:16,1
DA:18,1
DA:19,1
DA:20,1
DA:22,1
DA:23,1
DA:24,1
DA:26,1
DA:27,1
DA:28,1
DA:30,1
DA:31,1
DA:32,1
DA:33,1
DA:34,1
DA:35,1
DA:36,1
DA:37,1
DA:39,1
DA:42,1
DA:43,1
LF:28
LH:28
end_of_record
TN:
SF:/Users/graysongall/projects/rxn-cpp/src/InvalidInput.C
FN:8,_ZN3rxn14InvalidSpeciesC2ERKNSt3__112basic_stringIcNS1_11char_traitsIcEENS1_9allocatorIcEEEES9_
FN:8,_ZN3rxn14InvalidSpeciesC1ERKNSt3__112basic_stringIcNS1_11char_traitsIcEENS1_9allocatorIcEEEES9_
FN:14,_ZNK3rxn14InvalidSpecies4whatEv
FN:19,_ZN3rxn15InvalidReactionC2ERKNSt3__112basic_stringIcNS1_11char_traitsIcEENS1_9allocatorIcEEEES9_
FN:19,_ZN3rxn15InvalidReactionC1ERKNSt3__112basic_stringIcNS1_11char_traitsIcEENS1_9allocatorIcEEEES9_
FN:25,_ZNK3rxn15InvalidReaction4whatEv
FN:30,_ZN3rxn12InvalidInputC1ERKNSt3__112basic_stringIcNS1_11char_traitsIcEENS1_9allocatorIcEEEE
FN:30,_ZN3rxn12InvalidInputC2ERKNSt3__112basic_stringIcNS1_11char_traitsIcEENS1_9allocatorIcEEEE
FN:35,_ZN3rxn12InvalidInputC2ERKN4YAML4NodeERKNSt3__112basic_stringIcNS5_11char_traitsIcEENS5_9allocatorIcEEEE
FN:35,_ZN3rxn12InvalidInputC1ERKN4YAML4NodeERKNSt3__112basic_stringIcNS5_11char_traitsIcEENS5_9allocatorIcEEEE
FN:43,_ZN3rxn12InvalidInputC2ERKN4YAML4NodeERKNSt3__112basic_stringIcNS5_11char_traitsIcEENS5_9allocatorIcEEEESD_
FN:43,_ZN3rxn12InvalidInputC1ERKN4YAML4NodeERKNSt3__112basic_stringIcNS5_11char_traitsIcEENS5_9allocatorIcEEEESD_
FN:52,_ZNK3rxn12InvalidInput4whatEv
FN:57,_ZN3rxn16InvalidInputExitERKNSt3__112basic_stringIcNS0_11char_traitsIcEENS0_9allocatorIcEEEE
FN:67,_ZN3rxn16InvalidInputExitEN4YAML4NodeERKNSt3__112basic_stringIcNS2_11char_traitsIcEENS2_9allocatorIcEEEE
FN:81,_ZN3rxn16InvalidInputExitEN4YAML4NodeERKNSt3__112basic_stringIcNS2_11char_traitsIcEENS2_9allocatorIcEEEESA_
FNDA:5,_ZN3rxn14InvalidSpeciesC2ERKNSt3__112basic_stringIcNS1_11char_traitsIcEENS1_9allocatorIcEEEES9_
FNDA:4,_ZN3rxn12InvalidInputC1ERKN4YAML4NodeERKNSt3__112basic_stringIcNS5_11char_traitsIcEENS5_9allocatorIcEEEE
FNDA:0,_ZN3rxn16InvalidInputExitEN4YAML4NodeERKNSt3__112basic_stringIcNS2_11char_traitsIcEENS2_9allocatorIcEEEESA_
FNDA:5,_ZN3rxn14InvalidSpeciesC1ERKNSt3__112basic_stringIcNS1_11char_traitsIcEENS1_9allocatorIcEEEES9_
FNDA:0,_ZNK3rxn15InvalidReaction4whatEv
FNDA:9,_ZN3rxn15InvalidReactionC1ERKNSt3__112basic_stringIcNS1_11char_traitsIcEENS1_9allocatorIcEEEES9_
FNDA:0,_ZN3rxn12InvalidInputC2ERKNSt3__112basic_stringIcNS1_11char_traitsIcEENS1_9allocatorIcEEEE
FNDA:0,_ZN3rxn12InvalidInputC1ERKNSt3__112basic_stringIcNS1_11char_traitsIcEENS1_9allocatorIcEEEE
FNDA:0,_ZN3rxn16InvalidInputExitEN4YAML4NodeERKNSt3__112basic_stringIcNS2_11char_traitsIcEENS2_9allocatorIcEEEE
FNDA:2,_ZN3rxn16InvalidInputExitERKNSt3__112basic_stringIcNS0_11char_traitsIcEENS0_9allocatorIcEEEE
FNDA:1,_ZNK3rxn14InvalidSpecies4whatEv
FNDA:9,_ZN3rxn15InvalidReactionC2ERKNSt3__112basic_stringIcNS1_11char_traitsIcEENS1_9allocatorIcEEEES9_
FNDA:0,_ZN3rxn12InvalidInputC2ERKN4YAML4NodeERKNSt3__112basic_stringIcNS5_11char_traitsIcEENS5_9allocatorIcEEEESD_
FNDA:0,_ZNK3rxn12InvalidInput4whatEv
FNDA:0,_ZN3rxn12InvalidInputC1ERKN4YAML4NodeERKNSt3__112basic_stringIcNS5_11char_traitsIcEENS5_9allocatorIcEEEESD_
FNDA:4,_ZN3rxn12InvalidInputC2ERKN4YAML4NodeERKNSt3__112basic_stringIcNS5_11char_traitsIcEENS5_9allocatorIcEEEE
FNF:16
FNH:8
DA:8,15
DA:9,10
DA:10,5
DA:11,10
DA:14,1
DA:16,1
DA:19,27
DA:20,18
DA:21,9
DA:22,18
DA:25,0
DA:27,0
DA:30,0
DA:31,0
DA:32,0
DA:33,0
DA:35,12
DA:36,8
DA:37,4
DA:38,4
DA:40,4
DA:41,8
DA:43,0
DA:44,0
DA:45,0
DA:46,0
DA:48,0
DA:49,0
DA:52,0
DA:54,0
DA:57,2
DA:59,2
DA:61,2
DA:65,0
DA:67,0
DA:69,0
DA:70,0
DA:72,0
DA:74,0
DA:78,0
DA:81,0
DA:83,0
DA:84,0
DA:86,0
DA:88,0
DA:92,0
LF:46
LH:19
end_of_record
TN:
SF:/Users/graysongall/projects/rxn-cpp/src/NetworkParser.C
FN:0,__cxx_global_var_init.21
FN:0,__cxx_global_var_init.23
FN:0,__cxx_global_var_init.41
FN:0,__cxx_global_var_init.19
FN:0,__cxx_global_var_init.43
FN:0,__cxx_global_var_init.1
FN:0,__cxx_global_var_init.31
FN:0,__cxx_global_var_init.18
FN:0,__cxx_global_var_init.33
FN:0,__cxx_global_var_init.46
FN:0,__cxx_global_var_init.14
FN:0,__cxx_global_var_init.26
FN:0,__cxx_global_var_init.7
FN:0,__cxx_global_var_init.28
FN:0,__cxx_global_var_init.39
FN:0,__cxx_global_var_init.48
FN:0,__cxx_global_var_init.24
FN:0,__cxx_global_var_init
FN:0,__cxx_global_var_init.9
FN:0,__cxx_global_var_init.3
FN:0,__cxx_global_var_init.16
FN:0,__cxx_global_var_init.45
FN:0,__cxx_global_var_init.11
FN:0,__cxx_global_var_init.5
FN:0,__cxx_global_var_init.13
FN:0,__cxx_global_var_init.35
FN:0,__cxx_global_var_init.37
FN:0,__cxx_global_var_init.29
FN:21,_ZN3rxn13NetworkParser11getInstanceEv
FN:31,_ZN3rxn13NetworkParser5clearEv
FN:41,_ZN3rxn13NetworkParser9checkRefsEv
FN:47,_ZNK3rxn13NetworkParser9checkFileERKNSt3__112basic_stringIcNS1_11char_traitsIcEENS1_9allocatorIcEEEE
FN:62,_ZN3rxn13NetworkParser12checkBibFileERKNSt3__112basic_stringIcNS1_11char_traitsIcEENS1_9allocatorIcEEEE
FN:80,_ZN3rxn13NetworkParser14parseReactionsERKN4YAML4NodeEPNSt3__16vectorINS5_10shared_ptrIKNS_8ReactionEEENS5_9allocatorISA_EEEERKNS5_12basic_stringIcNS5_11char_traitsIcEENSB_IcEEEESL_SL_
FN:122,_ZN3rxn13NetworkParser12parseNetworkERKNSt3__112basic_stringIcNS1_11char_traitsIcEENS1_9allocatorIcEEEE
FN:187,_ZN3rxn13NetworkParser15writeLatexTableERKNSt3__112basic_stringIcNS1_11char_traitsIcEENS1_9allocatorIcEEEE
FN:268,_ZN3rxn13NetworkParser11tableHelperERNSt3__112basic_stringIcNS1_11char_traitsIcEENS1_9allocatorIcEEEERKNS1_6vectorINS1_10shared_ptrIKNS_8ReactionEEENS5_ISD_EEEERjSI_RNS1_3mapIS7_jNS1_4lessIS7_EENS5_INS1_4pairIKS7_jEEEEEERNSJ_IjS7_NSK_IjEENS5_INSM_IKjS7_EEEEEERNS9_IS7_NS5_IS7_EEEE
FN:368,_ZN3rxn13NetworkParser19writeSpeciesSummaryERKNSt3__112basic_stringIcNS1_11char_traitsIcEENS1_9allocatorIcEEEE
FNDA:1,__cxx_global_var_init.18
FNDA:1,__cxx_global_var_init.31
FNDA:1,__cxx_global_var_init.46
FNDA:1,__cxx_global_var_init.33
FNDA:1,_ZN3rxn13NetworkParser9checkRefsEv
FNDA:1,__cxx_global_var_init.14
FNDA:10,_ZN3rxn13NetworkParser11getInstanceEv
FNDA:1,_ZN3rxn13NetworkParser12checkBibFileERKNSt3__112basic_stringIcNS1_11char_traitsIcEENS1_9allocatorIcEEEE
FNDA:1,_ZN3rxn13NetworkParser15writeLatexTableERKNSt3__112basic_stringIcNS1_11char_traitsIcEENS1_9allocatorIcEEEE
FNDA:7,_ZN3rxn13NetworkParser5clearEv
FNDA:1,__cxx_global_var_init.7
FNDA:1,__cxx_global_var_init.26
FNDA:1,__cxx_global_var_init.21
FNDA:1,__cxx_global_var_init.23
FNDA:1,__cxx_global_var_init.19
FNDA:1,__cxx_global_var_init.41
FNDA:1,_ZN3rxn13NetworkParser11tableHelperERNSt3__112basic_stringIcNS1_11char_traitsIcEENS1_9allocatorIcEEEERKNS1_6vectorINS1_10shared_ptrIKNS_8ReactionEEENS5_ISD_EEEERjSI_RNS1_3mapIS7_jNS1_4lessIS7_EENS5_INS1_4pairIKS7_jEEEEEERNSJ_IjS7_NSK_IjEENS5_INSM_IKjS7_EEEEEERNS9_IS7_NS5_IS7_EEEE
FNDA:1,__cxx_global_var_init.1
FNDA:1,__cxx_global_var_init.43
FNDA:1,__cxx_global_var_init.11
FNDA:1,__cxx_global_var_init.37
FNDA:1,__cxx_global_var_init.35
FNDA:1,__cxx_global_var_init.13
FNDA:1,__cxx_global_var_init.5
FNDA:1,__cxx_global_var_init.29
FNDA:4,_ZN3rxn13NetworkParser14parseReactionsERKN4YAML4NodeEPNSt3__16vectorINS5_10shared_ptrIKNS_8ReactionEEENS5_9allocatorISA_EEEERKNS5_12basic_stringIcNS5_11char_traitsIcEENSB_IcEEEESL_SL_
FNDA:0,_ZN3rxn13NetworkParser19writeSpeciesSummaryERKNSt3__112basic_stringIcNS1_11char_traitsIcEENS1_9allocatorIcEEEE
FNDA:2,_ZN3rxn13NetworkParser12parseNetworkERKNSt3__112basic_stringIcNS1_11char_traitsIcEENS1_9allocatorIcEEEE
FNDA:1,__cxx_global_var_init.28
FNDA:4,_ZNK3rxn13NetworkParser9checkFileERKNSt3__112basic_stringIcNS1_11char_traitsIcEENS1_9allocatorIcEEEE
FNDA:1,__cxx_global_var_init.9
FNDA:1,__cxx_global_var_init.39
FNDA:1,__cxx_global_var_init.48
FNDA:1,__cxx_global_var_init.24
FNDA:1,__cxx_global_var_init
FNDA:1,__cxx_global_var_init.45
FNDA:1,__cxx_global_var_init.3
FNDA:1,__cxx_global_var_init.16
FNF:38
FNH:37
DA:9,1
DA:10,1
DA:11,1
DA:12,1
DA:13,1
DA:14,1
DA:15,1
DA:16,1
DA:18,1
DA:19,1
DA:20,1
DA:21,10
DA:22,1
DA:23,1
DA:24,11
DA:25,1
DA:26,2
DA:27,11
DA:28,1
DA:30,1
DA:31,8
DA:32,1
DA:33,8
DA:34,8
DA:35,8
DA:36,8
DA:37,8
DA:38,7
DA:39,8
DA:41,1
DA:42,1
DA:43,2
DA:44,1
DA:47,4
DA:49,4
DA:50,4
DA:52,1
DA:53,0
DA:54,3
DA:55,3
DA:57,1
DA:58,0
DA:59,5
DA:62,1
DA:64,1
DA:65,1
DA:68,1
DA:69,1
DA:70,0
DA:71,0
DA:73,1
DA:75,0
DA:76,0
DA:77,1
DA:80,4
DA:82,4
DA:84,2
DA:87,2
DA:89,0
DA:90,0
DA:92,2
DA:94,107
DA:97,105
DA:99,105
DA:101,0
DA:103,105
DA:104,105
DA:106,105
DA:107,105
DA:109,105
DA:111,0
DA:112,0
DA:114,105
DA:115,0
DA:116,0
DA:117,0
DA:118,105
DA:119,4
DA:122,2
DA:124,2
DA:125,2
DA:127,2
DA:129,2
DA:131,0
DA:133,0
DA:135,0
DA:136,0
DA:137,0
DA:140,0
DA:142,0
DA:143,0
DA:145,0
DA:146,0
DA:148,2
DA:152,2
DA:153,2
DA:154,0
DA:155,0
DA:156,0
DA:158,2
DA:160,1
DA:161,1
DA:164,2
DA:165,2
DA:167,0
DA:168,0
DA:169,0
DA:171,2
DA:172,2
DA:173,2
DA:175,2
DA:177,0
DA:178,0
DA:179,0
DA:180,0
DA:182,2
DA:183,2
DA:184,2
DA:187,1
DA:190,1
DA:192,0
DA:193,0
DA:195,1
DA:196,1
DA:198,1
DA:199,1
DA:201,1
DA:205,1
DA:206,1
DA:207,1
DA:208,1
DA:209,1
DA:210,1
DA:211,1
DA:213,1
DA:214,1
DA:215,1
DA:216,1
DA:217,1
DA:218,2
DA:220,1
DA:221,1
DA:222,1
DA:224,0
DA:225,0
DA:227,1
DA:228,1
DA:229,1
DA:231,1
DA:233,1
DA:235,1
DA:236,1
DA:237,1
DA:238,1
DA:240,1
DA:242,0
DA:243,0
DA:244,0
DA:245,0
DA:247,13
DA:249,12
DA:250,12
DA:253,1
DA:255,1
DA:257,1
DA:258,1
DA:260,1
DA:262,1
DA:263,1
DA:264,1
DA:265,1
DA:268,1
DA:277,1
DA:279,1
DA:280,1
DA:281,1
DA:282,1
DA:283,1
DA:286,1
DA:287,1
DA:289,1
DA:290,1
DA:291,1
DA:292,1
DA:293,106
DA:296,105
DA:298,4
DA:300,3
DA:301,3
DA:303,4
DA:304,4
DA:306,105
DA:307,105
DA:309,105
DA:310,105
DA:311,470
DA:313,365
DA:314,365
DA:315,105
DA:317,32
DA:318,32
DA:319,73
DA:321,0
DA:322,0
DA:323,0
DA:324,105
DA:325,105
DA:326,105
DA:328,105
DA:329,105
DA:331,132
DA:333,27
DA:334,27
DA:336,12
DA:337,12
DA:338,12
DA:339,12
DA:340,12
DA:342,27
DA:343,27
DA:345,105
DA:347,132
DA:350,27
DA:352,7
DA:353,7
DA:355,20
DA:356,20
DA:358,105
DA:359,105
DA:361,1
DA:363,1
DA:364,1
DA:365,1
DA:368,0
DA:370,0
DA:371,0
DA:372,0
DA:373,0
LF:238
LH:188
end_of_record
TN:
SF:/Users/graysongall/projects/rxn-cpp/src/Reaction.C
FN:0,__cxx_global_var_init.26
FN:0,__cxx_global_var_init.18
FN:0,__cxx_global_var_init.41
FN:0,__cxx_global_var_init.19
FN:0,__cxx_global_var_init.43
FN:0,__cxx_global_var_init.1
FN:0,__cxx_global_var_init.11
FN:0,__cxx_global_var_init.5
FN:0,__cxx_global_var_init.13
FN:0,__cxx_global_var_init
FN:0,__cxx_global_var_init.24
FN:0,__cxx_global_var_init.48
FN:0,__cxx_global_var_init.9
FN:0,__cxx_global_var_init.45
FN:0,__cxx_global_var_init.14
FN:0,__cxx_global_var_init.7
FN:0,__cxx_global_var_init.31
FN:0,__cxx_global_var_init.33
FN:0,__cxx_global_var_init.46
FN:0,__cxx_global_var_init.21
FN:0,__cxx_global_var_init.23
FN:0,__cxx_global_var_init.29
FN:0,__cxx_global_var_init.37
FN:0,__cxx_global_var_init.35
FN:0,__cxx_global_var_init.39
FN:0,__cxx_global_var_init.16
FN:0,__cxx_global_var_init.3
FN:0,__cxx_global_var_init.28
FN:15,_ZN3rxn8ReactionC2ERKN4YAML4NodeEiRKNSt3__112basic_stringIcNS5_11char_traitsIcEENS5_9allocatorIcEEEESD_b
FN:15,_ZN3rxn8ReactionC1ERKN4YAML4NodeEiRKNSt3__112basic_stringIcNS5_11char_traitsIcEENS5_9allocatorIcEEEESD_b
FN:112,_ZN3rxn8Reaction9checkNameERKN4YAML4NodeE
FN:125,_ZN3rxn8Reaction8setSidesEv
FN:198,_ZN3rxn8Reaction8getCoeffERNSt3__112basic_stringIcNS1_11char_traitsIcEENS1_9allocatorIcEEEE
FN:216,_ZN3rxn8Reaction16validateReactionEv
FN:301,_ZN3rxn8Reaction16substituteLumpedEv
FN:367,_ZN3rxn8Reaction12setLatexNameEv
FN:406,_ZN3rxn8Reaction21determineReactionTypeEv
FN:417,_ZN3rxn8Reaction15checkReferencesEv
FN:431,_ZNK3rxn8Reaction7getNameEv
FN:437,_ZNK3rxn8Reaction22getLatexRepresentationEv
FN:443,_ZNK3rxn8Reaction17getReactionNumberEv
FN:449,_ZNK3rxn8Reaction13getReferencesEv
FN:455,_ZNK3rxn8Reaction8getNotesEv
FN:461,_ZNK3rxn8Reaction13getRateParamsEv
FN:467,_ZNK3rxn8Reaction22getDeltaEnergyElectronEv
FN:473,_ZNK3rxn8Reaction17getDeltaEnergyGasEv
FN:479,_ZNK3rxn8Reaction9isElasticEv
FN:484,_ZNK3rxn8ReactioneqERKS0_
FN:499,_ZNK3rxn8ReactionneERKS0_
FN:505,_ZNK3rxn8Reaction21getReferencesAsStringEv
FN:514,_ZNK3rxn8Reaction10getSpeciesEv
FN:520,_ZNK3rxn8Reaction19getStoicCoeffByNameERKNSt3__112basic_stringIcNS1_11char_traitsIcEENS1_9allocatorIcEEEE
FN:533,_ZN3rxn8Reaction20collectUniqueSpeciesEv
FN:559,_ZNKSt3__14hashIN3rxn8ReactionEEclERKS2_
FNDA:105,_ZNK3rxn8Reaction10getSpeciesEv
FNDA:226,_ZN3rxn8Reaction16validateReactionEv
FNDA:1,__cxx_global_var_init.9
FNDA:109,_ZNK3rxn8Reaction21getReferencesAsStringEv
FNDA:1,__cxx_global_var_init.24
FNDA:1,__cxx_global_var_init
FNDA:1,__cxx_global_var_init.48
FNDA:1,__cxx_global_var_init.45
FNDA:120,_ZN3rxn8ReactionC2ERKN4YAML4NodeEiRKNSt3__112basic_stringIcNS5_11char_traitsIcEENS5_9allocatorIcEEEESD_b
FNDA:1,__cxx_global_var_init.11
FNDA:109,_ZNK3rxn8Reaction17getDeltaEnergyGasEv
FNDA:1,__cxx_global_var_init.5
FNDA:1,__cxx_global_var_init.13
FNDA:111,_ZNK3rxn8Reaction7getNameEv
FNDA:111,_ZN3rxn8Reaction21determineReactionTypeEv
FNDA:1,__cxx_global_var_init.41
FNDA:105,_ZNK3rxn8Reaction9isElasticEv
FNDA:1,__cxx_global_var_init.19
FNDA:1,__cxx_global_var_init.1
FNDA:115,_ZN3rxn8Reaction8setSidesEv
FNDA:1,__cxx_global_var_init.43
FNDA:1,__cxx_global_var_init.18
FNDA:4,_ZNK3rxn8Reaction13getReferencesEv
FNDA:2,_ZNK3rxn8ReactionneERKS0_
FNDA:111,_ZN3rxn8Reaction12setLatexNameEv
FNDA:111,_ZNK3rxn8Reaction22getLatexRepresentationEv
FNDA:1,__cxx_global_var_init.26
FNDA:5,_ZNK3rxn8ReactioneqERKS0_
FNDA:8,_ZNK3rxn8Reaction19getStoicCoeffByNameERKNSt3__112basic_stringIcNS1_11char_traitsIcEENS1_9allocatorIcEEEE
FNDA:1,__cxx_global_var_init.28
FNDA:1,__cxx_global_var_init.39
FNDA:1,__cxx_global_var_init.16
FNDA:1,__cxx_global_var_init.3
FNDA:6,_ZNK3rxn8Reaction17getReactionNumberEv
FNDA:1,__cxx_global_var_init.37
FNDA:1,__cxx_global_var_init.35
FNDA:109,_ZNK3rxn8Reaction22getDeltaEnergyElectronEv
FNDA:2,_ZNKSt3__14hashIN3rxn8ReactionEEclERKS2_
FNDA:1,__cxx_global_var_init.29
FNDA:1,__cxx_global_var_init.21
FNDA:1,__cxx_global_var_init.23
FNDA:111,_ZN3rxn8Reaction16substituteLumpedEv
FNDA:111,_ZN3rxn8Reaction20collectUniqueSpeciesEv
FNDA:120,_ZN3rxn8Reaction9checkNameERKN4YAML4NodeE
FNDA:505,_ZN3rxn8Reaction8getCoeffERNSt3__112basic_stringIcNS1_11char_traitsIcEENS1_9allocatorIcEEEE
FNDA:288,_ZNK3rxn8Reaction13getRateParamsEv
FNDA:1,__cxx_global_var_init.31
FNDA:1,__cxx_global_var_init.46
FNDA:1,__cxx_global_var_init.33
FNDA:97,_ZN3rxn8Reaction15checkReferencesEv
FNDA:107,_ZNK3rxn8Reaction8getNotesEv
FNDA:1,__cxx_global_var_init.14
FNDA:1,__cxx_global_var_init.7
FNDA:120,_ZN3rxn8ReactionC1ERKN4YAML4NodeEiRKNSt3__112basic_stringIcNS5_11char_traitsIcEENS5_9allocatorIcEEEESD_b
FNF:54
FNH:54
DA:9,1
DA:10,1
DA:11,1
DA:12,1
DA:13,1
DA:14,1
DA:15,360
DA:16,1
DA:18,1
DA:19,1
DA:20,121
DA:21,120
DA:22,121
DA:23,120
DA:24,120
DA:25,119
DA:26,120
DA:27,120
DA:28,120
DA:29,119
DA:30,121
DA:31,120
DA:32,1
DA:33,120
DA:34,1
DA:35,120
DA:36,1
DA:37,79
DA:39,1
DA:42,79
DA:43,1
DA:44,340
DA:46,262
DA:47,262
DA:48,78
DA:49,78
DA:51,119
DA:52,119
DA:53,119
DA:55,119
DA:57,1
DA:60,118
DA:62,0
DA:65,118
DA:67,1
DA:70,117
DA:72,117
DA:74,2
DA:76,2
DA:78,1
DA:79,1
DA:80,1
DA:83,5
DA:85,3
DA:86,3
DA:88,2
DA:89,2
DA:91,115
DA:92,115
DA:93,111
DA:94,111
DA:95,111
DA:96,111
DA:97,111
DA:99,111
DA:101,97
DA:102,97
DA:105,111
DA:106,111
DA:107,111
DA:108,111
DA:109,244
DA:112,120
DA:115,120
DA:116,120
DA:118,1
DA:121,119
DA:122,121
DA:125,115
DA:127,115
DA:128,115
DA:129,115
DA:131,115
DA:132,115
DA:134,115
DA:136,115
DA:137,362
DA:139,247
DA:140,247
DA:142,247
DA:144,234
DA:145,234
DA:146,234
DA:149,13
DA:150,13
DA:154,247
DA:155,247
DA:156,0
DA:157,0
DA:159,247
DA:161,234
DA:162,234
DA:163,234
DA:164,247
DA:166,115
DA:167,373
DA:169,258
DA:170,258
DA:172,258
DA:174,156
DA:175,156
DA:176,156
DA:179,102
DA:180,102
DA:184,258
DA:185,258
DA:186,0
DA:187,0
DA:189,258
DA:191,236
DA:192,236
DA:193,236
DA:194,258
DA:195,115
DA:198,505
DA:200,505
DA:202,505
DA:203,505
DA:205,492
DA:206,492
DA:209,13
DA:210,13
DA:212,1010
DA:213,505
DA:216,226
DA:219,226
DA:222,226
DA:223,226
DA:224,686
DA:226,460
DA:227,460
DA:228,460
DA:229,922
DA:233,462
DA:234,100
DA:236,362
DA:238,296
DA:239,296
DA:242,66
DA:243,462
DA:244,460
DA:246,226
DA:247,226
DA:248,692
DA:250,466
DA:251,466
DA:252,466
DA:256,934
DA:260,468
DA:261,110
DA:262,358
DA:264,358
DA:266,1
DA:269,357
DA:271,295
DA:272,295
DA:275,62
DA:276,468
DA:277,466
DA:282,520
DA:284,295
DA:285,295
DA:287,1
DA:288,1
DA:289,1
DA:291,295
DA:294,224
DA:296,224
DA:297,2
DA:298,230
DA:301,111
DA:303,111
DA:304,111
DA:305,111
DA:306,111
DA:309,111
DA:311,337
DA:314,226
DA:315,226
DA:316,226
DA:318,213
DA:320,13
DA:321,13
DA:323,13
DA:324,13
DA:325,13
DA:328,13
DA:329,13
DA:331,13
DA:332,13
DA:333,13
DA:334,0
DA:336,13
DA:338,341
DA:340,230
DA:341,230
DA:343,230
DA:345,219
DA:347,11
DA:348,11
DA:350,11
DA:351,11
DA:352,11
DA:355,11
DA:356,11
DA:358,11
DA:359,11
DA:360,11
DA:361,0
DA:363,11
DA:364,111
DA:367,111
DA:369,111
DA:370,337
DA:372,226
DA:373,226
DA:374,226
DA:376,226
DA:377,226
DA:378,17
DA:380,226
DA:382,226
DA:383,115
DA:384,226
DA:386,111
DA:387,111
DA:388,341
DA:390,230
DA:391,230
DA:392,230
DA:394,230
DA:395,230
DA:396,31
DA:398,230
DA:400,230
DA:401,119
DA:402,230
DA:403,111
DA:406,111
DA:414,111
DA:417,97
DA:419,97
DA:420,194
DA:423,97
DA:424,97
DA:425,0
DA:426,0
DA:427,97
DA:428,97
DA:431,111
DA:433,111
DA:437,111
DA:439,111
DA:443,6
DA:445,6
DA:449,4
DA:451,4
DA:455,107
DA:457,107
DA:461,288
DA:463,288
DA:467,109
DA:469,109
DA:473,109
DA:475,109
DA:479,105
DA:481,105
DA:484,5
DA:486,5
DA:487,0
DA:489,5
DA:490,0
DA:492,5
DA:493,0
DA:495,5
DA:496,5
DA:499,2
DA:501,2
DA:505,109
DA:507,109
DA:508,218
DA:509,109
DA:510,109
DA:511,109
DA:514,105
DA:516,105
DA:520,8
DA:522,8
DA:523,8
DA:525,0
DA:528,16
DA:530,8
DA:533,111
DA:536,111
DA:537,111
DA:539,337
DA:541,226
DA:542,226
DA:544,226
DA:545,226
DA:546,226
DA:548,341
DA:550,230
DA:551,230
DA:553,230
DA:554,230
DA:555,230
DA:556,111
DA:559,2
DA:561,2
DA:563,2
DA:565,2
DA:566,2
DA:567,2
DA:572,4
DA:573,2
LF:326
LH:313
end_of_record
TN:
SF:/Users/graysongall/projects/rxn-cpp/src/Species.C
FN:10,_ZN3rxn7SpeciesC2ERKNSt3__112basic_stringIcNS1_11char_traitsIcEENS1_9allocatorIcEEEE
FN:10,_ZN3rxn7SpeciesC1ERKNSt3__112basic_stringIcNS1_11char_traitsIcEENS1_9allocatorIcEEEE
FN:21,_ZN3rxn7Species16decomposeSpeciesEv
FN:63,_ZN3rxn7Species7setMassEv
FN:72,_ZN3rxn7Species15setChargeNumberEv
FN:82,_ZN3rxn7Species12setLatexNameEv
FN:91,_ZNK3rxn7SpecieseqERKS0_
FN:114,_ZNK3rxn7SpeciesneERKS0_
FN:120,_ZNK3rxn7Species21getRateBasedReactionsEv
FN:132,_ZNK3rxn7Species21getXSecBasedReactionsEv
FN:144,_ZNK3rxn7Species13getSubSpeciesEv
FN:150,_ZNK3rxn7Species21setNeutralGroundStateEv
FN:162,_ZNK3rxn7Species21getNeutralGroundStateEv
FN:170,_ZNKSt3__14hashIN3rxn7SpeciesEEclERKS2_
FNDA:74,_ZN3rxn7Species7setMassEv
FNDA:1,_ZNK3rxn7Species21getXSecBasedReactionsEv
FNDA:1,_ZNK3rxn7Species21getRateBasedReactionsEv
FNDA:74,_ZN3rxn7SpeciesC1ERKNSt3__112basic_stringIcNS1_11char_traitsIcEENS1_9allocatorIcEEEE
FNDA:74,_ZN3rxn7Species12setLatexNameEv
FNDA:3,_ZNK3rxn7SpecieseqERKS0_
FNDA:1,_ZNK3rxn7SpeciesneERKS0_
FNDA:74,_ZN3rxn7SpeciesC2ERKNSt3__112basic_stringIcNS1_11char_traitsIcEENS1_9allocatorIcEEEE
FNDA:74,_ZNK3rxn7Species21setNeutralGroundStateEv
FNDA:1086,_ZNK3rxn7Species13getSubSpeciesEv
FNDA:74,_ZN3rxn7Species16decomposeSpeciesEv
FNDA:2,_ZNK3rxn7Species21getNeutralGroundStateEv
FNDA:74,_ZN3rxn7Species15setChargeNumberEv
FNDA:4,_ZNKSt3__14hashIN3rxn7SpeciesEEclERKS2_
FNF:14
FNH:14
DA:10,222
DA:11,74
DA:12,74
DA:13,74
DA:14,148
DA:15,74
DA:16,74
DA:17,74
DA:18,148
DA:21,74
DA:23,74
DA:24,74
DA:25,157
DA:27,83
DA:29,74
DA:30,74
DA:36,9
DA:39,4
DA:41,4
DA:43,4
DA:45,4
DA:47,4
DA:49,5
DA:50,83
DA:52,74
DA:54,153
DA:56,79
DA:57,79
DA:59,74
DA:60,74
DA:63,74
DA:65,74
DA:66,153
DA:67,79
DA:68,74
DA:69,74
DA:72,74
DA:74,74
DA:75,153
DA:76,79
DA:77,74
DA:78,74
DA:82,74
DA:84,74
DA:85,153
DA:86,79
DA:87,74
DA:88,74
DA:91,3
DA:93,3
DA:94,0
DA:96,3
DA:97,0
DA:99,3
DA:100,0
DA:102,3
DA:103,1
DA:105,4
DA:107,2
DA:108,0
DA:109,2
DA:110,2
DA:111,3
DA:114,1
DA:116,1
DA:120,1
DA:122,1
DA:124,1
DA:126,0
DA:127,0
DA:128,1
DA:129,1
DA:132,1
DA:134,1
DA:136,1
DA:138,0
DA:139,0
DA:140,1
DA:141,1
DA:144,1086
DA:146,1086
DA:150,74
DA:152,74
DA:153,153
DA:155,79
DA:156,79
DA:158,74
DA:159,74
DA:162,2
DA:164,2
DA:170,4
DA:172,4
DA:174,4
DA:176,8
DA:177,4
DA:179,4
DA:180,4
DA:181,4
DA:184,8
DA:185,4
LF:100
LH:92
end_of_record
TN:
SF:/Users/graysongall/projects/rxn-cpp/src/SpeciesBase.C
FN:0,__cxx_global_var_init.28
FN:0,__cxx_global_var_init.3
FN:0,__cxx_global_var_init.16
FN:0,__cxx_global_var_init.45
FN:0,__cxx_global_var_init.9
FN:0,__cxx_global_var_init
FN:0,__cxx_global_var_init.39
FN:0,__cxx_global_var_init.48
FN:0,__cxx_global_var_init.24
FN:0,__cxx_global_var_init.5
FN:0,__cxx_global_var_init.13
FN:0,__cxx_global_var_init.37
FN:0,__cxx_global_var_init.35
FN:0,__cxx_global_var_init.11
FN:0,__cxx_global_var_init.29
FN:0,__cxx_global_var_init.23
FN:0,__cxx_global_var_init.21
FN:0,__cxx_global_var_init.1
FN:0,__cxx_global_var_init.43
FN:0,__cxx_global_var_init.41
FN:0,__cxx_global_var_init.19
FN:0,__cxx_global_var_init.46
FN:0,__cxx_global_var_init.33
FN:0,__cxx_global_var_init.31
FN:0,__cxx_global_var_init.18
FN:0,__cxx_global_var_init.26
FN:0,__cxx_global_var_init.7
FN:0,__cxx_global_var_init.14
FN:10,_ZN3rxn11SpeciesBaseC2ERKNSt3__112basic_stringIcNS1_11char_traitsIcEENS1_9allocatorIcEEEE
FN:16,_ZN3rxn11SpeciesBase9checkNameERKNSt3__112basic_stringIcNS1_11char_traitsIcEENS1_9allocatorIcEEEE
FN:37,_ZNK3rxn11SpeciesBaseeqERKS0_
FN:44,_ZNK3rxn11SpeciesBaseneERKS0_
FN:50,_ZNK3rxn11SpeciesBase7getNameEv
FN:56,_ZNK3rxn11SpeciesBase7getMassEv
FN:62,_ZNK3rxn11SpeciesBase15getChargeNumberEv
FN:68,_ZNK3rxn11SpeciesBase9getChargeEv
FN:74,_ZNK3rxn11SpeciesBase22getLatexRepresentationEv
FN:81,_ZNKSt3__14hashIN3rxn11SpeciesBaseEEclERKS2_
FNDA:1,__cxx_global_var_init.19
FNDA:60,_ZNK3rxn11SpeciesBase9getChargeEv
FNDA:1,__cxx_global_var_init.41
FNDA:1,__cxx_global_var_init.1
FNDA:1,__cxx_global_var_init.43
FNDA:143,_ZNK3rxn11SpeciesBase7getMassEv
FNDA:1,__cxx_global_var_init.21
FNDA:1,__cxx_global_var_init.23
FNDA:8,_ZNKSt3__14hashIN3rxn11SpeciesBaseEEclERKS2_
FNDA:1,__cxx_global_var_init.14
FNDA:599,_ZNK3rxn11SpeciesBase22getLatexRepresentationEv
FNDA:1,__cxx_global_var_init.7
FNDA:1,__cxx_global_var_init.26
FNDA:1,__cxx_global_var_init.18
FNDA:1,__cxx_global_var_init.31
FNDA:1,__cxx_global_var_init.46
FNDA:1,__cxx_global_var_init.33
FNDA:1,__cxx_global_var_init.9
FNDA:1,__cxx_global_var_init
FNDA:1,__cxx_global_var_init.39
FNDA:1,__cxx_global_var_init.24
FNDA:1,__cxx_global_var_init.48
FNDA:1,__cxx_global_var_init.45
FNDA:1,__cxx_global_var_init.3
FNDA:1,__cxx_global_var_init.16
FNDA:1,__cxx_global_var_init.28
FNDA:5,_ZNK3rxn11SpeciesBaseeqERKS0_
FNDA:1069,_ZNK3rxn11SpeciesBase15getChargeNumberEv
FNDA:5,_ZNK3rxn11SpeciesBaseneERKS0_
FNDA:3790,_ZNK3rxn11SpeciesBase7getNameEv
FNDA:179,_ZN3rxn11SpeciesBaseC2ERKNSt3__112basic_stringIcNS1_11char_traitsIcEENS1_9allocatorIcEEEE
FNDA:1,__cxx_global_var_init.29
FNDA:179,_ZN3rxn11SpeciesBase9checkNameERKNSt3__112basic_stringIcNS1_11char_traitsIcEENS1_9allocatorIcEEEE
FNDA:1,__cxx_global_var_init.11
FNDA:1,__cxx_global_var_init.35
FNDA:1,__cxx_global_var_init.37
FNDA:1,__cxx_global_var_init.13
FNDA:1,__cxx_global_var_init.5
FNF:38
FNH:38
DA:9,1
DA:10,359
DA:11,180
DA:12,180
DA:13,180
DA:14,1
DA:15,1
DA:16,180
DA:18,180
DA:19,5
DA:20,1
DA:21,177
DA:22,1
DA:23,26
DA:24,1
DA:25,1
DA:26,1
DA:27,25
DA:28,153
DA:30,2
DA:31,1
DA:32,1
DA:33,176
DA:34,5
DA:35,1
DA:36,1
DA:37,6
DA:39,6
DA:42,1
DA:43,1
DA:44,5
DA:46,5
DA:50,3790
DA:52,3790
DA:56,143
DA:58,143
DA:62,1069
DA:64,1069
DA:68,60
DA:70,60
DA:74,599
DA:76,599
DA:81,8
DA:84,8
LF:44
LH:44
end_of_record
TN:
SF:/Users/graysongall/projects/rxn-cpp/src/SpeciesFactory.C
FN:0,__cxx_global_var_init.1
FN:0,__cxx_global_var_init.43
FN:0,__cxx_global_var_init.41
FN:0,__cxx_global_var_init.19
FN:0,__cxx_global_var_init.23
FN:0,__cxx_global_var_init.21
FN:0,__cxx_global_var_init.26
FN:0,__cxx_global_var_init.7
FN:0,__cxx_global_var_init.14
FN:0,__cxx_global_var_init.46
FN:0,__cxx_global_var_init.33
FN:0,__cxx_global_var_init.31
FN:0,__cxx_global_var_init.18
FN:0,__cxx_global_var_init.3
FN:0,__cxx_global_var_init.16
FN:0,__cxx_global_var_init.45
FN:0,__cxx_global_var_init.9
FN:0,__cxx_global_var_init.48
FN:0,__cxx_global_var_init.39
FN:0,__cxx_global_var_init
FN:0,__cxx_global_var_init.24
FN:0,__cxx_global_var_init.28
FN:0,__cxx_global_var_init.29
FN:0,__cxx_global_var_init.13
FN:0,__cxx_global_var_init.5
FN:0,__cxx_global_var_init.37
FN:0,__cxx_global_var_init.35
FN:0,__cxx_global_var_init.11
FN:18,_ZN3rxn14SpeciesFactory11getInstanceEv
FN:28,_ZN3rxn14SpeciesFactory5clearEv
FN:38,_ZN3rxn14SpeciesFactory20collectCustomSpeciesERKN4YAML4NodeE
FN:90,_ZN3rxn14SpeciesFactory20collectLumpedSpeciesERKN4YAML4NodeE
FN:147,_ZN3rxn14SpeciesFactory21collectLatexOverridesERKN4YAML4NodeE
FN:208,_ZNK3rxn14SpeciesFactory7getMassERKNSt3__112basic_stringIcNS1_11char_traitsIcEENS1_9allocatorIcEEEE
FN:221,_ZNK3rxn14SpeciesFactory16getLatexOverrideERKNSt3__112basic_stringIcNS1_11char_traitsIcEENS1_9allocatorIcEEEE
FN:233,_ZN3rxn14SpeciesFactory10getSpeciesERKNSt3__112basic_stringIcNS1_11char_traitsIcEENS1_9allocatorIcEEEE
FN:250,_ZN3rxn14SpeciesFactory16getLumpedSpeciesERNSt3__18weak_ptrINS_7SpeciesEEE
FN:266,_ZN3rxn14SpeciesFactory20addRateBasedReactionENSt3__110shared_ptrIKNS_8ReactionEEE
FN:277,_ZN3rxn14SpeciesFactory20addXSecBasedReactionENSt3__110shared_ptrIKNS_8ReactionEEE
FN:288,_ZNK3rxn14SpeciesFactory17getSpeciesSummaryEv
FNDA:1,__cxx_global_var_init.18
FNDA:1,__cxx_global_var_init.31
FNDA:6,_ZN3rxn14SpeciesFactory20collectCustomSpeciesERKN4YAML4NodeE
FNDA:1,__cxx_global_var_init.46
FNDA:240,_ZNK3rxn14SpeciesFactory7getMassERKNSt3__112basic_stringIcNS1_11char_traitsIcEENS1_9allocatorIcEEEE
FNDA:7,_ZN3rxn14SpeciesFactory5clearEv
FNDA:1,__cxx_global_var_init.33
FNDA:1,__cxx_global_var_init.14
FNDA:2,_ZN3rxn14SpeciesFactory21collectLatexOverridesERKN4YAML4NodeE
FNDA:1,__cxx_global_var_init.26
FNDA:1,__cxx_global_var_init.7
FNDA:100,_ZNK3rxn14SpeciesFactory16getLatexOverrideERKNSt3__112basic_stringIcNS1_11char_traitsIcEENS1_9allocatorIcEEEE
FNDA:512,_ZN3rxn14SpeciesFactory10getSpeciesERKNSt3__112basic_stringIcNS1_11char_traitsIcEENS1_9allocatorIcEEEE
FNDA:1,__cxx_global_var_init.21
FNDA:1,__cxx_global_var_init.23
FNDA:1,__cxx_global_var_init.19
FNDA:0,_ZN3rxn14SpeciesFactory20addXSecBasedReactionENSt3__110shared_ptrIKNS_8ReactionEEE
FNDA:1,__cxx_global_var_init.41
FNDA:0,_ZNK3rxn14SpeciesFactory17getSpeciesSummaryEv
FNDA:1,__cxx_global_var_init.1
FNDA:1,__cxx_global_var_init.43
FNDA:1,__cxx_global_var_init.11
FNDA:1,__cxx_global_var_init.35
FNDA:1,__cxx_global_var_init.37
FNDA:2,_ZN3rxn14SpeciesFactory20collectLumpedSpeciesERKN4YAML4NodeE
FNDA:105,_ZN3rxn14SpeciesFactory20addRateBasedReactionENSt3__110shared_ptrIKNS_8ReactionEEE
FNDA:1,__cxx_global_var_init.13
FNDA:1,__cxx_global_var_init.5
FNDA:1,__cxx_global_var_init.29
FNDA:1,__cxx_global_var_init.28
FNDA:688,_ZN3rxn14SpeciesFactory11getInstanceEv
FNDA:456,_ZN3rxn14SpeciesFactory16getLumpedSpeciesERNSt3__18weak_ptrINS_7SpeciesEEE
FNDA:1,__cxx_global_var_init.9
FNDA:1,__cxx_global_var_init.48
FNDA:1,__cxx_global_var_init.24
FNDA:1,__cxx_global_var_init
FNDA:1,__cxx_global_var_init.39
FNDA:1,__cxx_global_var_init.45
FNDA:1,__cxx_global_var_init.3
FNDA:1,__cxx_global_var_init.16
FNF:40
FNH:38
DA:9,1
DA:10,1
DA:11,1
DA:12,1
DA:13,1
DA:14,1
DA:15,1
DA:16,1
DA:18,689
DA:19,1
DA:20,1
DA:21,688
DA:22,2
DA:23,2
DA:24,689
DA:25,0
DA:26,1
DA:27,1
DA:28,8
DA:29,7
DA:30,8
DA:31,8
DA:32,8
DA:33,8
DA:34,8
DA:35,1
DA:36,1
DA:37,1
DA:38,6
DA:39,1
DA:40,6
DA:41,2
DA:42,1
DA:43,5
DA:45,0
DA:46,0
DA:48,4
DA:50,0
DA:51,0
DA:53,4
DA:55,0
DA:56,0
DA:58,4
DA:60,0
DA:61,0
DA:62,0
DA:63,0
DA:64,0
DA:66,4
DA:67,4
DA:69,4
DA:71,0
DA:72,0
DA:74,4
DA:76,0
DA:77,0
DA:79,8
DA:81,4
DA:83,0
DA:84,0
DA:85,4
DA:86,4
DA:87,6
DA:90,2
DA:92,2
DA:93,1
DA:95,1
DA:97,0
DA:98,0
DA:100,1
DA:101,1
DA:103,2
DA:105,1
DA:107,0
DA:108,0
DA:110,1
DA:112,0
DA:113,0
DA:116,1
DA:117,1
DA:118,0
DA:119,0
DA:120,0
DA:122,1
DA:124,0
DA:125,0
DA:128,1
DA:129,1
DA:130,0
DA:131,0
DA:132,0
DA:134,1
DA:136,0
DA:137,0
DA:139,8
DA:140,7
DA:141,7
DA:142,1
DA:143,2
DA:147,2
DA:149,2
DA:150,1
DA:152,1
DA:154,0
DA:155,0
DA:157,1
DA:159,0
DA:160,0
DA:162,1
DA:164,0
DA:165,0
DA:167,1
DA:169,0
DA:170,0
DA:171,0
DA:172,0
DA:173,0
DA:175,1
DA:176,1
DA:179,1
DA:180,1
DA:181,1
DA:182,0
DA:183,0
DA:184,0
DA:186,1
DA:188,0
DA:189,0
DA:191,1
DA:193,0
DA:194,0
DA:196,1
DA:198,0
DA:199,0
DA:201,4
DA:203,3
DA:204,3
DA:205,2
DA:208,240
DA:210,240
DA:212,240
DA:214,0
DA:217,480
DA:218,240
DA:221,100
DA:223,100
DA:225,100
DA:227,97
DA:229,3
DA:230,100
DA:233,512
DA:235,512
DA:237,512
DA:239,512
DA:241,52
DA:242,52
DA:244,512
DA:246,512
DA:247,512
DA:250,456
DA:252,456
DA:253,456
DA:254,456
DA:256,456
DA:258,432
DA:261,24
DA:262,24
DA:263,456
DA:266,105
DA:268,105
DA:269,537
DA:271,432
DA:272,432
DA:273,432
DA:274,105
DA:277,0
DA:279,0
DA:280,0
DA:282,0
DA:283,0
DA:284,0
DA:285,0
DA:288,0
DA:290,0
DA:291,0
DA:293,0
DA:296,0
DA:297,0
DA:299,0
DA:301,0
DA:302,0
DA:304,0
DA:305,0
DA:307,0
DA:309,0
DA:310,0
DA:311,0
DA:312,0
DA:314,0
DA:316,0
DA:317,0
DA:318,0
DA:320,0
DA:322,0
DA:323,0
DA:325,0
DA:326,0
DA:327,0
DA:328,0
DA:329,0
DA:330,0
DA:333,0
DA:334,0
DA:335,0
DA:338,0
DA:341,0
DA:342,0
DA:345,0
DA:347,0
DA:348,0
DA:349,0
DA:351,0
DA:354,0
DA:356,0
DA:357,0
DA:359,0
DA:360,0
DA:361,0
DA:362,0
DA:363,0
DA:365,0
DA:366,0
DA:368,0
DA:370,0
DA:371,0
DA:373,0
DA:374,0
DA:376,0
DA:377,0
DA:379,0
DA:380,0
DA:382,0
DA:383,0
DA:385,0
DA:387,0
DA:389,0
DA:390,0
DA:392,0
DA:393,0
DA:394,0
DA:396,0
DA:398,0
DA:399,0
DA:400,0
DA:402,0
DA:403,0
DA:404,0
DA:405,0
DA:406,0
DA:408,0
DA:409,0
DA:411,0
DA:412,0
DA:413,0
DA:415,0
DA:416,0
DA:418,0
DA:420,0
DA:421,0
DA:423,0
DA:424,0
DA:426,0
DA:428,0
DA:430,0
DA:431,0
DA:433,0
DA:434,0
DA:436,0
DA:438,0
DA:440,0
DA:441,0
DA:443,0
DA:444,0
DA:445,0
DA:447,0
DA:449,0
DA:450,0
DA:452,0
DA:453,0
DA:454,0
DA:455,0
DA:456,0
DA:457,0
DA:458,0
DA:460,0
DA:461,0
DA:462,0
DA:463,0
DA:466,0
DA:467,0
LF:300
LH:120
end_of_record
TN:
SF:/Users/graysongall/projects/rxn-cpp/src/StringHelper.C
FN:0,__cxx_global_var_init
FN:14,_ZN3rxn5ltrimERNSt3__112basic_stringIcNS0_11char_traitsIcEENS0_9allocatorIcEEEE
FN:21,_ZN3rxn5rtrimERNSt3__112basic_stringIcNS0_11char_traitsIcEENS0_9allocatorIcEEEE
FN:28,_ZN3rxn4trimERNSt3__112basic_stringIcNS0_11char_traitsIcEENS0_9allocatorIcEEEE
FN:35,_ZN3rxn16splitByDelimiterERKNSt3__112basic_stringIcNS0_11char_traitsIcEENS0_9allocatorIcEEEES6_
FN:58,_ZN3rxn16findFirstCapitalERKNSt3__112basic_stringIcNS0_11char_traitsIcEENS0_9allocatorIcEEEE
FN:71,_ZN3rxn16findFirstSpecialERKNSt3__112basic_stringIcNS0_11char_traitsIcEENS0_9allocatorIcEEEE
FN:84,_ZN3rxn18findFirstNonLetterERKNSt3__112basic_stringIcNS0_11char_traitsIcEENS0_9allocatorIcEEEE
FN:95,_ZN3rxn15findFirstLetterERKNSt3__112basic_stringIcNS0_11char_traitsIcEENS0_9allocatorIcEEEE
FN:106,_ZN3rxn18findFirstNonNumberERKNSt3__112basic_stringIcNS0_11char_traitsIcEENS0_9allocatorIcEEEE
FN:117,_ZN3rxn19findFirstNonSpecialERKNSt3__112basic_stringIcNS0_11char_traitsIcEENS0_9allocatorIcEEEE
FN:128,_ZN3rxn14splitByCapitalERKNSt3__112basic_stringIcNS0_11char_traitsIcEENS0_9allocatorIcEEEE
FN:169,_ZN3rxn16formatScientificEf
FN:189,_ZN3rxn9makeGreenERKNSt3__112basic_stringIcNS0_11char_traitsIcEENS0_9allocatorIcEEEE
FN:195,_ZN3rxn7makeRedERKNSt3__112basic_stringIcNS0_11char_traitsIcEENS0_9allocatorIcEEEE
FN:201,_ZN3rxn10printGreenERKNSt3__112basic_stringIcNS0_11char_traitsIcEENS0_9allocatorIcEEEE
FN:207,_ZN3rxn8printRedERKNSt3__112basic_stringIcNS0_11char_traitsIcEENS0_9allocatorIcEEEE
FNDA:172,_ZN3rxn18findFirstNonLetterERKNSt3__112basic_stringIcNS0_11char_traitsIcEENS0_9allocatorIcEEEE
FNDA:2,_ZN3rxn7makeRedERKNSt3__112basic_stringIcNS0_11char_traitsIcEENS0_9allocatorIcEEEE
FNDA:61,_ZN3rxn19findFirstNonSpecialERKNSt3__112basic_stringIcNS0_11char_traitsIcEENS0_9allocatorIcEEEE
FNDA:376,_ZN3rxn16splitByDelimiterERKNSt3__112basic_stringIcNS0_11char_traitsIcEENS0_9allocatorIcEEEES6_
FNDA:941,_ZN3rxn5rtrimERNSt3__112basic_stringIcNS0_11char_traitsIcEENS0_9allocatorIcEEEE
FNDA:2,_ZN3rxn8printRedERKNSt3__112basic_stringIcNS0_11char_traitsIcEENS0_9allocatorIcEEEE
FNDA:381,_ZN3rxn16findFirstCapitalERKNSt3__112basic_stringIcNS0_11char_traitsIcEENS0_9allocatorIcEEEE
FNDA:89,_ZN3rxn18findFirstNonNumberERKNSt3__112basic_stringIcNS0_11char_traitsIcEENS0_9allocatorIcEEEE
FNDA:940,_ZN3rxn4trimERNSt3__112basic_stringIcNS0_11char_traitsIcEENS0_9allocatorIcEEEE
FNDA:105,_ZN3rxn10printGreenERKNSt3__112basic_stringIcNS0_11char_traitsIcEENS0_9allocatorIcEEEE
FNDA:576,_ZN3rxn16formatScientificEf
FNDA:507,_ZN3rxn15findFirstLetterERKNSt3__112basic_stringIcNS0_11char_traitsIcEENS0_9allocatorIcEEEE
FNDA:941,_ZN3rxn5ltrimERNSt3__112basic_stringIcNS0_11char_traitsIcEENS0_9allocatorIcEEEE
FNDA:1,__cxx_global_var_init
FNDA:177,_ZN3rxn16findFirstSpecialERKNSt3__112basic_stringIcNS0_11char_traitsIcEENS0_9allocatorIcEEEE
FNDA:105,_ZN3rxn9makeGreenERKNSt3__112basic_stringIcNS0_11char_traitsIcEENS0_9allocatorIcEEEE
FNDA:76,_ZN3rxn14splitByCapitalERKNSt3__112basic_stringIcNS0_11char_traitsIcEENS0_9allocatorIcEEEE
FNF:17
FNH:17
DA:11,1
DA:14,941
DA:16,941
DA:17,941
DA:18,941
DA:21,941
DA:23,941
DA:24,941
DA:25,941
DA:28,940
DA:30,940
DA:31,940
DA:32,940
DA:35,376
DA:37,376
DA:38,376
DA:39,376
DA:40,376
DA:42,796
DA:44,420
DA:45,420
DA:46,420
DA:47,420
DA:48,420
DA:51,376
DA:52,376
DA:54,376
DA:55,376
DA:58,381
DA:60,1143
DA:62,762
DA:64,308
DA:66,454
DA:67,73
DA:68,381
DA:71,177
DA:73,433
DA:75,256
DA:76,130
DA:78,126
DA:80,51
DA:81,177
DA:84,172
DA:86,659
DA:88,487
DA:89,141
DA:90,346
DA:91,31
DA:92,172
DA:95,507
DA:97,1053
DA:99,546
DA:100,506
DA:101,40
DA:102,1
DA:103,507
DA:106,89
DA:108,282
DA:110,193
DA:111,69
DA:112,124
DA:113,20
DA:114,89
DA:117,61
DA:119,198
DA:121,137
DA:122,41
DA:123,96
DA:124,20
DA:125,61
DA:128,76
DA:130,76
DA:132,76
DA:135,76
DA:137,10
DA:141,66
DA:143,5
DA:146,61
DA:148,61
DA:150,134
DA:153,73
DA:155,73
DA:156,73
DA:159,73
DA:161,12
DA:162,12
DA:163,61
DA:165,61
DA:166,76
DA:169,576
DA:171,576
DA:173,576
DA:175,379
DA:178,197
DA:180,197
DA:183,197
DA:186,576
DA:189,105
DA:191,105
DA:192,0
DA:195,2
DA:197,2
DA:198,0
DA:201,105
DA:203,105
DA:204,105
DA:207,2
DA:209,2
DA:210,2
LF:109
LH:107
end_of_record
TN:
SF:/Users/graysongall/projects/rxn-cpp/src/SubSpecies.C
FN:14,_ZN3rxn10SubSpeciesC1ERKNSt3__112basic_stringIcNS1_11char_traitsIcEENS1_9allocatorIcEEEE
FN:14,_ZN3rxn10SubSpeciesC2ERKNSt3__112basic_stringIcNS1_11char_traitsIcEENS1_9allocatorIcEEEE
FN:56,_ZN3rxn10SubSpecies7setBaseEv
FN:82,_ZN3rxn10SubSpecies11setModifierEv
FN:99,_ZN3rxn10SubSpecies12setSubscriptEv
FN:119,_ZN3rxn10SubSpecies15setChargeNumberEv
FN:207,_ZN3rxn10SubSpecies7setMassEv
FN:222,_ZN3rxn10SubSpecies12setLatexNameEv
FN:296,_ZNK3rxn10SubSpecieseqERKS0_
FN:324,_ZNK3rxn10SubSpeciesneERKS0_
FN:330,_ZNK3rxn10SubSpecies7getBaseEv
FN:336,_ZNK3rxn10SubSpecies11getModifierEv
FN:342,_ZNK3rxn10SubSpecies12getSubscriptEv
FN:348,_ZNK3rxn10SubSpecies21setNeutralGroundStateEv
FN:361,_ZNK3rxn10SubSpecies21getNeutralGroundStateEv
FN:368,_ZNKSt3__14hashIN3rxn10SubSpeciesEEclERKS2_
FNDA:101,_ZN3rxn10SubSpecies7setBaseEv
FNDA:101,_ZN3rxn10SubSpecies12setSubscriptEv
FNDA:8,_ZNKSt3__14hashIN3rxn10SubSpeciesEEclERKS2_
FNDA:101,_ZN3rxn10SubSpecies11setModifierEv
FNDA:100,_ZN3rxn10SubSpecies7setMassEv
FNDA:4217,_ZNK3rxn10SubSpecies7getBaseEv
FNDA:83,_ZNK3rxn10SubSpecies21getNeutralGroundStateEv
FNDA:3,_ZNK3rxn10SubSpeciesneERKS0_
FNDA:101,_ZN3rxn10SubSpeciesC2ERKNSt3__112basic_stringIcNS1_11char_traitsIcEENS1_9allocatorIcEEEE
FNDA:763,_ZNK3rxn10SubSpecies12getSubscriptEv
FNDA:5,_ZNK3rxn10SubSpecieseqERKS0_
FNDA:100,_ZN3rxn10SubSpecies12setLatexNameEv
FNDA:101,_ZNK3rxn10SubSpecies21setNeutralGroundStateEv
FNDA:46,_ZNK3rxn10SubSpecies11getModifierEv
FNDA:105,_ZN3rxn10SubSpeciesC1ERKNSt3__112basic_stringIcNS1_11char_traitsIcEENS1_9allocatorIcEEEE
FNDA:101,_ZN3rxn10SubSpecies15setChargeNumberEv
FNF:16
FNH:16
DA:14,206
DA:15,101
DA:16,101
DA:17,101
DA:18,101
DA:19,101
DA:20,206
DA:21,101
DA:22,100
DA:23,100
DA:25,100
DA:27,100
DA:29,42
DA:30,42
DA:33,58
DA:35,58
DA:36,25
DA:40,33
DA:41,33
DA:42,16
DA:44,17
DA:46,17
DA:48,8
DA:49,8
DA:52,9
DA:53,206
DA:56,101
DA:58,101
DA:59,3
DA:61,98
DA:62,15
DA:64,83
DA:66,83
DA:67,0
DA:71,83
DA:73,83
DA:74,13
DA:76,83
DA:78,83
DA:79,101
DA:82,101
DA:84,101
DA:85,3
DA:87,98
DA:88,15
DA:90,83
DA:92,83
DA:93,13
DA:95,70
DA:96,101
DA:99,101
DA:102,101
DA:103,31
DA:105,70
DA:107,70
DA:108,11
DA:111,70
DA:112,22
DA:115,48
DA:116,101
DA:119,101
DA:121,101
DA:123,15
DA:124,15
DA:128,86
DA:130,16
DA:131,16
DA:135,70
DA:136,70
DA:138,48
DA:139,48
DA:140,48
DA:141,48
DA:143,22
DA:146,70
DA:148,11
DA:149,11
DA:153,59
DA:155,1
DA:156,1
DA:157,1
DA:158,1
DA:159,1
DA:161,58
DA:163,25
DA:164,25
DA:168,33
DA:170,33
DA:171,14
DA:173,19
DA:175,33
DA:177,16
DA:178,16
DA:183,17
DA:186,17
DA:189,17
DA:190,8
DA:192,17
DA:194,17
DA:196,0
DA:197,0
DA:201,17
DA:203,17
DA:204,102
DA:207,100
DA:209,100
DA:211,100
DA:213,15
DA:214,15
DA:217,85
DA:218,85
DA:219,100
DA:222,100
DA:224,100
DA:225,100
DA:227,3
DA:228,3
DA:231,97
DA:233,3
DA:234,3
DA:237,94
DA:239,28
DA:240,28
DA:243,66
DA:245,66
DA:247,66
DA:249,46
DA:250,46
DA:251,46
DA:253,66
DA:256,33
DA:258,33
DA:260,14
DA:261,14
DA:262,14
DA:266,19
DA:267,19
DA:271,33
DA:272,16
DA:274,33
DA:276,17
DA:277,17
DA:278,17
DA:279,33
DA:281,66
DA:283,35
DA:284,35
DA:287,31
DA:289,31
DA:290,31
DA:292,31
DA:293,100
DA:296,5
DA:299,5
DA:300,1
DA:302,4
DA:303,0
DA:305,4
DA:306,0
DA:308,4
DA:309,0
DA:311,4
DA:312,0
DA:314,4
DA:315,0
DA:317,4
DA:318,0
DA:320,4
DA:321,5
DA:324,3
DA:326,3
DA:330,4217
DA:332,4217
DA:336,46
DA:338,46
DA:342,763
DA:344,763
DA:348,101
DA:350,101
DA:352,101
DA:353,101
DA:355,48
DA:356,48
DA:357,101
DA:358,101
DA:361,83
DA:363,83
DA:368,8
DA:370,8
DA:372,8
DA:374,8
DA:375,8
DA:376,8
DA:377,8
DA:378,8
DA:379,8
DA:380,8
DA:381,8
DA:383,16
DA:384,8
LF:200
LH:191
end_of_record
TN:
SF:/Users/graysongall/projects/rxn-cpp/src/YamlHelper.C
FN:15,_ZN3rxn11getTypeNameINSt3__112basic_stringIcNS1_11char_traitsIcEENS1_9allocatorIcEEEEEES7_v
FN:20,_ZN3rxn11getTypeNameIdEENSt3__112basic_stringIcNS1_11char_traitsIcEENS1_9allocatorIcEEEEv
FN:25,_ZN3rxn11getTypeNameIbEENSt3__112basic_stringIcNS1_11char_traitsIcEENS1_9allocatorIcEEEEv
FN:31,_ZN3rxn12defaultValueIdEET_v
FN:37,_ZN3rxn12defaultValueINSt3__112basic_stringIcNS1_11char_traitsIcEENS1_9allocatorIcEEEEEET_v
FN:42,_ZN3rxn12defaultValueIbEET_v
FN:48,_ZN3rxn13paramProvidedERKNSt3__112basic_stringIcNS0_11char_traitsIcEENS0_9allocatorIcEEEERKN4YAML4NodeEb
FN:62,_ZN3rxn9getParamsIdEENSt3__16vectorIT_NS1_9allocatorIS3_EEEERKNS1_12basic_stringIcNS1_11char_traitsIcEENS4_IcEEEERKN4YAML4NodeEb
FN:62,_ZN3rxn9getParamsINSt3__112basic_stringIcNS1_11char_traitsIcEENS1_9allocatorIcEEEEEENS1_6vectorIT_NS5_IS9_EEEERKS7_RKN4YAML4NodeEb
FN:101,_ZN3rxn8getParamIdEET_RKNSt3__112basic_stringIcNS2_11char_traitsIcEENS2_9allocatorIcEEEERKN4YAML4NodeEb
FN:101,_ZN3rxn8getParamIbEET_RKNSt3__112basic_stringIcNS2_11char_traitsIcEENS2_9allocatorIcEEEERKN4YAML4NodeEb
FN:101,_ZN3rxn8getParamINSt3__112basic_stringIcNS1_11char_traitsIcEENS1_9allocatorIcEEEEEET_RKS7_RKN4YAML4NodeEb
FN:127,_ZN3rxn14getExtraParamsERKN4YAML4NodeERKNSt3__16vectorIKNS4_12basic_stringIcNS4_11char_traitsIcEENS4_9allocatorIcEEEENS9_ISC_EEEE
FNDA:120,_ZN3rxn8getParamIbEET_RKNSt3__112basic_stringIcNS2_11char_traitsIcEENS2_9allocatorIcEEEERKN4YAML4NodeEb
FNDA:239,_ZN3rxn8getParamIdEET_RKNSt3__112basic_stringIcNS2_11char_traitsIcEENS2_9allocatorIcEEEERKN4YAML4NodeEb
FNDA:1361,_ZN3rxn13paramProvidedERKNSt3__112basic_stringIcNS0_11char_traitsIcEENS0_9allocatorIcEEEERKN4YAML4NodeEb
FNDA:126,_ZN3rxn8getParamINSt3__112basic_stringIcNS1_11char_traitsIcEENS1_9allocatorIcEEEEEET_RKS7_RKN4YAML4NodeEb
FNDA:3,_ZN3rxn11getTypeNameIdEENSt3__112basic_stringIcNS1_11char_traitsIcEENS1_9allocatorIcEEEEv
FNDA:124,_ZN3rxn9getParamsIdEENSt3__16vectorIT_NS1_9allocatorIS3_EEEERKNS1_12basic_stringIcNS1_11char_traitsIcEENS4_IcEEEERKN4YAML4NodeEb
FNDA:1,_ZN3rxn11getTypeNameINSt3__112basic_stringIcNS1_11char_traitsIcEENS1_9allocatorIcEEEEEES7_v
FNDA:154,_ZN3rxn12defaultValueIdEET_v
FNDA:245,_ZN3rxn9getParamsINSt3__112basic_stringIcNS1_11char_traitsIcEENS1_9allocatorIcEEEEEENS1_6vectorIT_NS5_IS9_EEEERKS7_RKN4YAML4NodeEb
FNDA:119,_ZN3rxn14getExtraParamsERKN4YAML4NodeERKNSt3__16vectorIKNS4_12basic_stringIcNS4_11char_traitsIcEENS4_9allocatorIcEEEENS9_ISC_EEEE
FNDA:3,_ZN3rxn12defaultValueINSt3__112basic_stringIcNS1_11char_traitsIcEENS1_9allocatorIcEEEEEET_v
FNDA:2,_ZN3rxn11getTypeNameIbEENSt3__112basic_stringIcNS1_11char_traitsIcEENS1_9allocatorIcEEEEv
FNDA:119,_ZN3rxn12defaultValueIbEET_v
FNF:13
FNH:13
DA:15,1
DA:16,1
DA:20,3
DA:21,3
DA:25,2
DA:26,2
DA:31,154
DA:32,154
DA:37,3
DA:38,3
DA:42,119
DA:44,119
DA:48,1361
DA:50,1362
DA:52,717
DA:54,1
DA:56,716
DA:58,644
DA:59,1361
DA:62,369
DA:65,369
DA:67,165
DA:70,204
DA:74,204
DA:75,204
DA:81,158
DA:82,157
DA:83,157
DA:84,158
DA:86,1
DA:89,1
DA:90,158
DA:92,46
DA:93,732
DA:101,485
DA:104,485
DA:106,273
DA:109,212
DA:111,212
DA:112,212
DA:115,2
DA:116,2
DA:118,210
DA:119,613
DA:127,119
DA:129,119
DA:130,119
DA:131,119
DA:133,561
DA:135,442
DA:136,442
DA:138,2163
DA:140,1721
DA:142,439
DA:143,439
DA:145,1721
DA:147,442
DA:149,3
DA:150,3
DA:151,442
DA:152,119
DA:153,119
LF:62
LH:62
end_of_record
