TN:
SF:/Users/graysongall/projects/rxn-cpp/src/BibTexHelper.C
FN:0,__cxx_global_var_init
FN:9,_ZN3rxn17collectReferencesERKNSt3__112basic_stringIcNS0_11char_traitsIcEENS0_9allocatorIcEEEE
FN:45,_ZN3rxn12checkCiteKeyERKNSt3__112basic_stringIcNS0_11char_traitsIcEENS0_9allocatorIcEEEE
FNDA:1,__cxx_global_var_init
FNDA:30,_ZN3rxn12checkCiteKeyERKNSt3__112basic_stringIcNS0_11char_traitsIcEENS0_9allocatorIcEEEE
FNDA:4,_ZN3rxn17collectReferencesERKNSt3__112basic_stringIcNS0_11char_traitsIcEENS0_9allocatorIcEEEE
FNF:3
FNH:3
DA:7,1
DA:9,4
DA:11,4
DA:13,4
DA:15,3
DA:16,3
DA:17,3
DA:18,290
DA:20,288
DA:22,288
DA:24,288
DA:27,30
DA:28,30
DA:29,0
DA:30,30
DA:32,30
DA:34,30
DA:35,1
DA:36,29
DA:37,29
DA:39,2
DA:40,3
DA:42,1
DA:43,6
DA:45,30
DA:47,30
DA:49,30
DA:51,1
DA:53,30
LF:29
LH:28
end_of_record
TN:
SF:/Users/graysongall/projects/rxn-cpp/src/Constants.C
FN:0,__cxx_global_var_init.118
FN:0,__cxx_global_var_init
FN:0,__cxx_global_var_init.117
FNDA:1,__cxx_global_var_init.117
FNDA:1,__cxx_global_var_init
FNDA:1,__cxx_global_var_init.118
FNF:3
FNH:3
DA:6,1
DA:7,1
DA:8,1
DA:9,1
DA:10,1
DA:11,1
DA:12,1
DA:13,1
DA:14,1
DA:15,1
DA:16,1
DA:17,1
DA:18,1
DA:19,1
DA:20,1
DA:21,1
DA:22,1
DA:23,1
DA:24,1
DA:25,1
DA:26,1
DA:27,1
DA:28,1
DA:29,1
DA:30,1
DA:31,1
DA:32,1
DA:33,1
DA:34,1
DA:35,1
DA:36,1
DA:37,1
DA:38,1
DA:39,1
DA:40,1
DA:41,1
DA:42,1
DA:43,1
DA:44,1
DA:45,1
DA:46,1
DA:47,1
DA:48,1
DA:49,1
DA:50,1
DA:51,1
DA:52,1
DA:53,1
DA:54,1
DA:55,1
DA:56,1
DA:57,1
DA:58,1
DA:59,1
DA:60,1
DA:61,1
DA:62,1
DA:63,1
DA:64,1
DA:65,1
DA:66,1
DA:67,1
DA:68,1
DA:69,1
DA:70,1
DA:71,1
DA:72,1
DA:73,1
DA:74,1
DA:75,1
DA:76,1
DA:77,1
DA:78,1
DA:79,1
DA:80,1
DA:81,1
DA:82,1
DA:83,1
DA:84,1
DA:85,1
DA:86,1
DA:87,1
DA:88,1
DA:89,1
DA:90,1
DA:91,1
DA:92,1
DA:93,1
DA:94,1
DA:95,1
DA:97,1
DA:98,1
DA:99,1
DA:100,1
DA:101,1
DA:102,1
DA:103,1
DA:104,1
DA:105,1
DA:106,1
DA:107,1
DA:108,1
DA:109,1
DA:110,1
DA:112,1
DA:113,1
DA:114,1
DA:115,1
DA:116,1
DA:117,1
DA:118,1
DA:119,1
DA:120,1
DA:121,1
DA:122,1
DA:123,1
DA:124,1
DA:125,1
DA:131,1
DA:133,1
DA:134,1
DA:142,1
LF:122
LH:122
end_of_record
TN:
SF:/Users/graysongall/projects/rxn-cpp/src/GlobalData.C
FN:0,__cxx_global_var_init
FN:0,__cxx_global_var_init.1
FNDA:1,__cxx_global_var_init.1
FNDA:1,__cxx_global_var_init
FNF:2
FNH:2
DA:5,1
DA:6,1
LF:2
LH:2
end_of_record
TN:
SF:/Users/graysongall/projects/rxn-cpp/src/NetworkParser.C
FN:5,_ZN3rxn13NetworkParserC1Eb
FN:5,_ZN3rxn13NetworkParserC2Eb
FN:12,_ZN3rxn13NetworkParser9checkFileERKNSt3__112basic_stringIcNS1_11char_traitsIcEENS1_9allocatorIcEEEE
FN:23,_ZNK3rxn13NetworkParser17setLatexOverridesEN4YAML4NodeE
FN:57,_ZN3rxn13NetworkParser12parseNetworkERKNSt3__112basic_stringIcNS1_11char_traitsIcEENS1_9allocatorIcEEEE
FN:140,_ZN3rxn13NetworkParser14parseReactionsEN4YAML4NodeERKNSt3__112basic_stringIcNS3_11char_traitsIcEENS3_9allocatorIcEEEERNS3_6vectorINS_8ReactionENS7_ISD_EEEERNSC_IS9_NS7_IS9_EEEESJ_SG_SG_SG_b
FN:286,_ZN3rxn13NetworkParser19printSpeciesSummaryEv
FN:292,_ZN3rxn13NetworkParser19writeSpeciesSummaryERKNSt3__112basic_stringIcNS1_11char_traitsIcEENS1_9allocatorIcEEEE
FN:306,_ZN3rxn13NetworkParser17getSpeciesSummaryEb
FN:328,_ZN3rxn13NetworkParser23getSingleSpeciesSummaryENSt3__110shared_ptrINS_7SpeciesEEEb
FN:400,_ZN3rxn13NetworkParser34getSpeciesDependantReactionSummaryENSt3__16vectorINS_8ReactionENS1_9allocatorIS3_EEEENS1_12basic_stringIcNS1_11char_traitsIcEENS4_IcEEEEb
FN:414,_ZN3rxn13NetworkParser20writeReactionSummaryERKNSt3__112basic_stringIcNS1_11char_traitsIcEENS1_9allocatorIcEEEE
FN:427,_ZN3rxn13NetworkParser20printReactionSummaryEv
FN:433,_ZN3rxn13NetworkParser18getReactionSummaryEb
FN:448,_ZN3rxn13NetworkParser24getByTypeReactionSummaryENSt3__16vectorINS_8ReactionENS1_9allocatorIS3_EEEENS2_INS1_12basic_stringIcNS1_11char_traitsIcEENS4_IcEEEENS4_ISB_EEEESD_b
FN:481,_ZN3rxn13NetworkParser21getRateBasedReactionsEv
FN:487,_ZN3rxn13NetworkParser21getXSecBasedReactionsEv
FN:493,_ZN3rxn13NetworkParser10getSpeciesEv
FN:505,_ZN3rxn13NetworkParser17getYamlByFileNameERKNSt3__112basic_stringIcNS1_11char_traitsIcEENS1_9allocatorIcEEEE
FN:516,_ZN3rxn13NetworkParser22setLatexRepresentationEv
FN:538,_ZN3rxn13NetworkParser17addArrheniusTableENSt3__16vectorINS_8ReactionENS1_9allocatorIS3_EEEES6_
FN:610,_ZN3rxn13NetworkParser24writeLatexRepresentationERKNSt3__112basic_stringIcNS1_11char_traitsIcEENS1_9allocatorIcEEEE
FNDA:0,_ZN3rxn13NetworkParser20printReactionSummaryEv
FNDA:0,_ZN3rxn13NetworkParser17getYamlByFileNameERKNSt3__112basic_stringIcNS1_11char_traitsIcEENS1_9allocatorIcEEEE
FNDA:1,_ZN3rxn13NetworkParser21getRateBasedReactionsEv
FNDA:2,_ZN3rxn13NetworkParser20writeReactionSummaryERKNSt3__112basic_stringIcNS1_11char_traitsIcEENS1_9allocatorIcEEEE
FNDA:1,_ZN3rxn13NetworkParser21getXSecBasedReactionsEv
FNDA:72,_ZN3rxn13NetworkParser34getSpeciesDependantReactionSummaryENSt3__16vectorINS_8ReactionENS1_9allocatorIS3_EEEENS1_12basic_stringIcNS1_11char_traitsIcEENS4_IcEEEEb
FNDA:2,_ZN3rxn13NetworkParser17getSpeciesSummaryEb
FNDA:4,_ZN3rxn13NetworkParser17addArrheniusTableENSt3__16vectorINS_8ReactionENS1_9allocatorIS3_EEEES6_
FNDA:4,_ZN3rxn13NetworkParser22setLatexRepresentationEv
FNDA:4,_ZN3rxn13NetworkParser24getByTypeReactionSummaryENSt3__16vectorINS_8ReactionENS1_9allocatorIS3_EEEENS2_INS1_12basic_stringIcNS1_11char_traitsIcEENS4_IcEEEENS4_ISB_EEEESD_b
FNDA:3,_ZN3rxn13NetworkParserC2Eb
FNDA:2,_ZN3rxn13NetworkParser18getReactionSummaryEb
FNDA:12,_ZN3rxn13NetworkParser23getSingleSpeciesSummaryENSt3__110shared_ptrINS_7SpeciesEEEb
FNDA:3,_ZN3rxn13NetworkParser9checkFileERKNSt3__112basic_stringIcNS1_11char_traitsIcEENS1_9allocatorIcEEEE
FNDA:0,_ZN3rxn13NetworkParser10getSpeciesEv
FNDA:2,_ZN3rxn13NetworkParser19writeSpeciesSummaryERKNSt3__112basic_stringIcNS1_11char_traitsIcEENS1_9allocatorIcEEEE
FNDA:2,_ZN3rxn13NetworkParser14parseReactionsEN4YAML4NodeERKNSt3__112basic_stringIcNS3_11char_traitsIcEENS3_9allocatorIcEEEERNS3_6vectorINS_8ReactionENS7_ISD_EEEERNSC_IS9_NS7_IS9_EEEESJ_SG_SG_SG_b
FNDA:2,_ZNK3rxn13NetworkParser17setLatexOverridesEN4YAML4NodeE
FNDA:3,_ZN3rxn13NetworkParserC1Eb
FNDA:0,_ZN3rxn13NetworkParser19printSpeciesSummaryEv
FNDA:2,_ZN3rxn13NetworkParser24writeLatexRepresentationERKNSt3__112basic_stringIcNS1_11char_traitsIcEENS1_9allocatorIcEEEE
FNDA:3,_ZN3rxn13NetworkParser12parseNetworkERKNSt3__112basic_stringIcNS1_11char_traitsIcEENS1_9allocatorIcEEEE
FNF:22
FNH:18
DA:5,9
DA:6,3
DA:7,3
DA:8,3
DA:9,6
DA:12,3
DA:15,3
DA:16,1
DA:17,2
DA:18,2
DA:19,0
DA:20,3
DA:23,2
DA:27,2
DA:28,2
DA:32,0
DA:33,0
DA:34,0
DA:35,0
DA:36,0
DA:38,0
DA:39,0
DA:42,0
DA:43,0
DA:45,0
DA:46,0
DA:47,0
DA:48,0
DA:49,2
DA:51,0
DA:53,0
DA:54,2
DA:57,3
DA:59,3
DA:60,3
DA:61,3
DA:62,2
DA:66,2
DA:67,2
DA:68,2
DA:69,0
DA:71,0
DA:72,0
DA:74,2
DA:77,0
DA:78,0
DA:80,0
DA:82,0
DA:83,0
DA:84,0
DA:86,2
DA:91,2
DA:92,2
DA:93,0
DA:95,0
DA:96,0
DA:100,2
DA:101,2
DA:102,0
DA:104,0
DA:105,0
DA:107,2
DA:108,0
DA:109,0
DA:111,2
DA:112,1
DA:113,1
DA:114,1
DA:115,1
DA:116,1
DA:117,1
DA:118,1
DA:120,2
DA:121,1
DA:122,1
DA:123,1
DA:124,1
DA:125,1
DA:126,1
DA:127,1
DA:128,1
DA:131,2
DA:133,2
DA:134,0
DA:135,0
DA:136,0
DA:137,13
DA:140,2
DA:150,2
DA:151,2
DA:153,2
DA:154,1
DA:156,1
DA:158,18
DA:163,16
DA:165,16
DA:169,54
DA:172,38
DA:174,30
DA:176,15
DA:177,15
DA:178,15
DA:182,15
DA:183,15
DA:184,15
DA:189,8
DA:191,6
DA:193,3
DA:194,3
DA:195,3
DA:199,3
DA:200,3
DA:201,3
DA:204,38
DA:206,50
DA:210,34
DA:212,22
DA:214,11
DA:215,11
DA:216,11
DA:220,11
DA:221,11
DA:222,11
DA:225,34
DA:227,16
DA:229,16
DA:231,16
DA:233,8
DA:234,8
DA:237,8
DA:239,8
DA:240,8
DA:245,0
DA:247,16
DA:251,0
DA:253,0
DA:254,0
DA:255,0
DA:256,0
DA:257,0
DA:258,0
DA:259,0
DA:260,0
DA:262,0
DA:264,0
DA:265,0
DA:266,0
DA:267,0
DA:268,0
DA:269,0
DA:270,0
DA:271,0
DA:272,16
DA:275,2
DA:277,0
DA:278,0
DA:281,2
DA:283,2
DA:286,0
DA:288,0
DA:289,0
DA:292,2
DA:294,4
DA:296,2
DA:297,0
DA:298,2
DA:300,2
DA:301,2
DA:302,2
DA:303,2
DA:306,2
DA:308,2
DA:310,2
DA:311,2
DA:312,14
DA:314,12
DA:315,12
DA:316,12
DA:317,2
DA:319,14
DA:321,12
DA:322,12
DA:324,2
DA:325,2
DA:328,12
DA:330,12
DA:331,12
DA:333,0
DA:334,0
DA:336,0
DA:338,0
DA:339,0
DA:340,0
DA:341,0
DA:342,12
DA:344,8
DA:345,8
DA:347,0
DA:349,8
DA:350,8
DA:351,0
DA:352,8
DA:353,12
DA:354,12
DA:355,12
DA:357,12
DA:358,12
DA:359,12
DA:360,12
DA:362,12
DA:363,0
DA:364,12
DA:365,12
DA:368,12
DA:369,0
DA:370,12
DA:371,12
DA:373,12
DA:374,0
DA:376,12
DA:378,12
DA:379,12
DA:380,12
DA:381,12
DA:383,12
DA:384,0
DA:385,12
DA:386,12
DA:388,12
DA:389,0
DA:390,12
DA:391,12
DA:393,12
DA:394,0
DA:396,12
DA:397,12
DA:400,72
DA:402,72
DA:403,159
DA:405,87
DA:406,87
DA:407,78
DA:408,78
DA:409,87
DA:410,72
DA:411,72
DA:414,2
DA:416,4
DA:417,2
DA:418,0
DA:419,2
DA:421,2
DA:422,2
DA:423,2
DA:424,2
DA:427,0
DA:429,0
DA:430,0
DA:433,2
DA:435,2
DA:436,2
DA:437,2
DA:439,2
DA:441,2
DA:442,2
DA:444,2
DA:445,2
DA:448,4
DA:453,4
DA:455,4
DA:456,0
DA:457,4
DA:459,4
DA:460,0
DA:461,4
DA:463,4
DA:465,0
DA:466,0
DA:468,0
DA:469,0
DA:470,0
DA:471,4
DA:472,0
DA:474,4
DA:476,4
DA:477,4
DA:481,1
DA:483,1
DA:487,1
DA:489,1
DA:493,0
DA:495,0
DA:497,0
DA:499,0
DA:500,0
DA:501,0
DA:502,0
DA:505,0
DA:507,0
DA:508,0
DA:509,0
DA:511,0
DA:512,0
DA:516,4
DA:518,4
DA:519,4
DA:521,4
DA:522,4
DA:523,4
DA:525,4
DA:527,4
DA:529,2
DA:530,2
DA:531,2
DA:533,4
DA:534,2
DA:535,4
DA:538,4
DA:541,4
DA:543,4
DA:544,4
DA:545,4
DA:546,4
DA:548,4
DA:551,4
DA:552,4
DA:554,4
DA:555,20
DA:557,16
DA:558,16
DA:559,16
DA:560,16
DA:562,16
DA:563,16
DA:564,16
DA:565,16
DA:566,16
DA:567,16
DA:568,16
DA:570,4
DA:571,4
DA:572,4
DA:573,4
DA:574,16
DA:575,0
DA:577,16
DA:578,16
DA:580,20
DA:582,16
DA:583,16
DA:584,16
DA:585,96
DA:586,80
DA:587,16
DA:588,16
DA:589,16
DA:590,16
DA:592,0
DA:593,0
DA:594,0
DA:595,0
DA:596,16
DA:597,16
DA:599,4
DA:600,4
DA:601,4
DA:602,4
DA:603,4
DA:605,8
DA:606,4
DA:607,4
DA:610,2
DA:613,2
DA:615,2
DA:616,2
DA:617,2
DA:618,2
LF:377
LH:271
end_of_record
TN:
SF:/Users/graysongall/projects/rxn-cpp/src/Printer.C
FN:8,_ZN3rxn10printGreenERKNSt3__112basic_stringIcNS0_11char_traitsIcEENS0_9allocatorIcEEEE
FN:14,_ZN3rxn8printRedERKNSt3__112basic_stringIcNS0_11char_traitsIcEENS0_9allocatorIcEEEE
FN:20,_ZN3rxn11printYellowERKNSt3__112basic_stringIcNS0_11char_traitsIcEENS0_9allocatorIcEEEE
FN:26,_ZN3rxn9makeGreenERKNSt3__112basic_stringIcNS0_11char_traitsIcEENS0_9allocatorIcEEEE
FN:32,_ZN3rxn10makeYellowERKNSt3__112basic_stringIcNS0_11char_traitsIcEENS0_9allocatorIcEEEE
FN:38,_ZN3rxn7makeRedERKNSt3__112basic_stringIcNS0_11char_traitsIcEENS0_9allocatorIcEEEE
FNDA:16,_ZN3rxn10printGreenERKNSt3__112basic_stringIcNS0_11char_traitsIcEENS0_9allocatorIcEEEE
FNDA:0,_ZN3rxn11printYellowERKNSt3__112basic_stringIcNS0_11char_traitsIcEENS0_9allocatorIcEEEE
FNDA:2,_ZN3rxn7makeRedERKNSt3__112basic_stringIcNS0_11char_traitsIcEENS0_9allocatorIcEEEE
FNDA:16,_ZN3rxn9makeGreenERKNSt3__112basic_stringIcNS0_11char_traitsIcEENS0_9allocatorIcEEEE
FNDA:0,_ZN3rxn8printRedERKNSt3__112basic_stringIcNS0_11char_traitsIcEENS0_9allocatorIcEEEE
FNDA:0,_ZN3rxn10makeYellowERKNSt3__112basic_stringIcNS0_11char_traitsIcEENS0_9allocatorIcEEEE
FNF:6
FNH:3
DA:8,16
DA:10,16
DA:11,16
DA:14,0
DA:16,0
DA:17,0
DA:20,0
DA:22,0
DA:23,0
DA:26,16
DA:28,16
DA:29,0
DA:32,0
DA:34,0
DA:35,0
DA:38,2
DA:40,2
DA:41,0
LF:18
LH:7
end_of_record
TN:
SF:/Users/graysongall/projects/rxn-cpp/src/Reaction.C
FN:5,_ZN3rxn8ReactionC2EN4YAML4NodeEiRKNSt3__112basic_stringIcNS3_11char_traitsIcEENS3_9allocatorIcEEEEb
FN:5,_ZN3rxn8ReactionC1EN4YAML4NodeEiRKNSt3__112basic_stringIcNS3_11char_traitsIcEENS3_9allocatorIcEEEEb
FN:198,_ZN3rxn8Reaction19checkReactionStringERKNSt3__112basic_stringIcNS1_11char_traitsIcEENS1_9allocatorIcEEEE
FN:208,_ZN3rxn8Reaction8setSidesEv
FN:288,_ZN3rxn8Reaction16validateReactionEv
FN:373,_ZNK3rxn8ReactioneqERKS0_
FN:387,_ZN3rxn8Reaction19getStoicCoeffByNameENSt3__112basic_stringIcNS1_11char_traitsIcEENS1_9allocatorIcEEEE
FN:392,_ZNK3rxn8ReactionneERKS0_
FN:398,_ZN3rxn8Reaction12setLatexNameEv
FN:447,_ZNK3rxn8Reaction22getLatexRepresentationEv
FN:453,_ZNK3rxn8Reaction12getReactantsEv
FN:462,_ZNK3rxn8Reaction11getProductsEv
FN:472,_ZNK3rxn8Reaction17getReactionNumberEv
FN:478,_ZNK3rxn8Reaction7getNameEv
FN:484,_ZNK3rxn8Reaction15getEquationTypeEv
FN:490,_ZNK3rxn8Reaction9getParamsEv
FN:496,_ZNK3rxn8Reaction13getPathToDataEv
FN:502,_ZNK3rxn8Reaction22getDeltaEnergyElectronEv
FN:508,_ZNK3rxn8Reaction17getDeltaEnergyGasEv
FN:514,_ZNK3rxn8Reaction12getReferenceEv
FN:523,_ZNK3rxn8Reaction11getDatabaseEv
FN:532,_ZNK3rxn8Reaction8getNotesEv
FN:539,_ZNKSt3__14hashIN3rxn8ReactionEEclERKS2_
FNDA:110,_ZNK3rxn8Reaction7getNameEv
FNDA:28,_ZN3rxn8ReactionC1EN4YAML4NodeEiRKNSt3__112basic_stringIcNS3_11char_traitsIcEENS3_9allocatorIcEEEEb
FNDA:16,_ZNK3rxn8Reaction11getDatabaseEv
FNDA:27,_ZN3rxn8Reaction16validateReactionEv
FNDA:28,_ZN3rxn8Reaction19checkReactionStringERKNSt3__112basic_stringIcNS1_11char_traitsIcEENS1_9allocatorIcEEEE
FNDA:39,_ZNK3rxn8Reaction17getDeltaEnergyGasEv
FNDA:26,_ZNK3rxn8Reaction9getParamsEv
FNDA:7,_ZNK3rxn8Reaction13getPathToDataEv
FNDA:2,_ZNK3rxn8ReactionneERKS0_
FNDA:176,_ZN3rxn8Reaction19getStoicCoeffByNameENSt3__112basic_stringIcNS1_11char_traitsIcEENS1_9allocatorIcEEEE
FNDA:39,_ZNK3rxn8Reaction22getDeltaEnergyElectronEv
FNDA:0,_ZNKSt3__14hashIN3rxn8ReactionEEclERKS2_
FNDA:28,_ZN3rxn8ReactionC2EN4YAML4NodeEiRKNSt3__112basic_stringIcNS3_11char_traitsIcEENS3_9allocatorIcEEEEb
FNDA:7,_ZNK3rxn8Reaction11getProductsEv
FNDA:38,_ZNK3rxn8Reaction12getReferenceEv
FNDA:39,_ZNK3rxn8Reaction22getLatexRepresentationEv
FNDA:25,_ZN3rxn8Reaction12setLatexNameEv
FNDA:7,_ZNK3rxn8Reaction17getReactionNumberEv
FNDA:16,_ZNK3rxn8Reaction8getNotesEv
FNDA:5,_ZNK3rxn8ReactioneqERKS0_
FNDA:7,_ZNK3rxn8Reaction15getEquationTypeEv
FNDA:27,_ZN3rxn8Reaction8setSidesEv
FNDA:7,_ZNK3rxn8Reaction12getReactantsEv
FNF:23
FNH:22
DA:5,140
DA:9,28
DA:10,28
DA:11,28
DA:12,28
DA:13,28
DA:16,28
DA:17,28
DA:18,28
DA:19,0
DA:20,0
DA:21,0
DA:22,0
DA:24,27
DA:26,27
DA:29,25
DA:30,25
DA:31,25
DA:34,0
DA:35,0
DA:37,0
DA:38,0
DA:40,0
DA:41,0
DA:42,0
DA:44,25
DA:46,0
DA:48,0
DA:49,0
DA:50,0
DA:51,0
DA:52,0
DA:56,25
DA:57,9
DA:58,25
DA:60,0
DA:61,16
DA:65,25
DA:66,1
DA:67,25
DA:69,0
DA:70,24
DA:74,25
DA:78,14
DA:79,0
DA:82,14
DA:83,0
DA:84,14
DA:89,14
DA:90,0
DA:92,14
DA:94,0
DA:95,14
DA:97,14
DA:98,1
DA:100,13
DA:103,14
DA:104,0
DA:105,14
DA:111,14
DA:112,6
DA:114,0
DA:115,0
DA:116,0
DA:117,0
DA:118,0
DA:119,14
DA:122,8
DA:124,8
DA:125,8
DA:129,14
DA:130,14
DA:133,12
DA:134,12
DA:135,12
DA:136,0
DA:138,0
DA:139,12
DA:140,25
DA:141,0
DA:143,0
DA:144,0
DA:145,11
DA:146,11
DA:147,11
DA:151,25
DA:153,25
DA:156,11
DA:157,11
DA:162,8
DA:163,8
DA:164,8
DA:165,0
DA:167,0
DA:169,0
DA:170,8
DA:175,11
DA:176,1
DA:177,11
DA:180,10
DA:181,10
DA:182,10
DA:183,0
DA:188,10
DA:189,56
DA:190,46
DA:191,10
DA:192,11
DA:194,25
DA:195,174
DA:198,28
DA:200,28
DA:201,2
DA:202,1
DA:204,27
DA:205,1
DA:208,27
DA:210,27
DA:211,27
DA:212,27
DA:213,27
DA:215,27
DA:216,79
DA:218,52
DA:219,52
DA:220,46
DA:223,6
DA:224,6
DA:227,113
DA:229,61
DA:230,61
DA:231,52
DA:233,9
DA:235,61
DA:236,61
DA:240,6
DA:241,6
DA:242,6
DA:243,6
DA:245,6
DA:247,55
DA:248,55
DA:249,55
DA:250,52
DA:252,81
DA:254,54
DA:255,54
DA:256,43
DA:259,11
DA:260,11
DA:263,122
DA:265,68
DA:266,68
DA:267,24
DA:269,44
DA:271,68
DA:272,68
DA:274,8
DA:275,8
DA:276,8
DA:277,8
DA:279,8
DA:281,60
DA:282,60
DA:283,60
DA:284,54
DA:285,27
DA:288,27
DA:291,27
DA:293,27
DA:296,27
DA:297,88
DA:300,61
DA:301,61
DA:302,123
DA:306,62
DA:307,22
DA:309,40
DA:311,29
DA:312,29
DA:315,11
DA:316,62
DA:318,61
DA:320,27
DA:322,27
DA:323,27
DA:324,94
DA:329,137
DA:333,69
DA:334,28
DA:335,41
DA:337,41
DA:338,1
DA:340,40
DA:342,28
DA:343,28
DA:346,12
DA:347,69
DA:349,67
DA:350,67
DA:351,68
DA:354,54
DA:355,28
DA:356,0
DA:357,0
DA:358,0
DA:359,28
DA:361,26
DA:362,26
DA:363,26
DA:364,1
DA:365,25
DA:366,0
DA:368,25
DA:369,0
DA:370,28
DA:373,5
DA:375,5
DA:376,0
DA:378,5
DA:379,0
DA:381,5
DA:382,0
DA:384,5
DA:385,5
DA:387,176
DA:389,176
DA:392,2
DA:394,2
DA:398,25
DA:402,25
DA:403,82
DA:406,57
DA:408,57
DA:409,9
DA:411,48
DA:413,48
DA:414,48
DA:415,6
DA:417,48
DA:418,48
DA:419,23
DA:420,48
DA:423,25
DA:424,25
DA:426,90
DA:429,65
DA:431,65
DA:432,14
DA:434,51
DA:436,51
DA:437,51
DA:438,11
DA:440,51
DA:441,51
DA:442,26
DA:443,51
DA:444,25
DA:447,39
DA:449,39
DA:453,7
DA:455,7
DA:456,26
DA:457,19
DA:458,7
DA:459,7
DA:462,7
DA:464,7
DA:465,30
DA:466,23
DA:468,7
DA:469,7
DA:472,7
DA:474,7
DA:478,110
DA:480,110
DA:484,7
DA:486,7
DA:490,26
DA:492,26
DA:496,7
DA:498,7
DA:502,39
DA:504,39
DA:508,39
DA:510,39
DA:514,38
DA:516,38
DA:517,76
DA:518,38
DA:519,38
DA:520,38
DA:523,16
DA:525,16
DA:526,16
DA:528,0
DA:529,16
DA:532,16
DA:534,16
DA:539,0
DA:541,0
DA:543,0
DA:545,0
DA:546,0
DA:547,0
DA:552,0
LF:306
LH:252
end_of_record
TN:
SF:/Users/graysongall/projects/rxn-cpp/src/Species.C
FN:7,_ZN3rxn7SpeciesC1ERKNSt3__112basic_stringIcNS1_11char_traitsIcEENS1_9allocatorIcEEEE
FN:7,_ZN3rxn7SpeciesC2ERKNSt3__112basic_stringIcNS1_11char_traitsIcEENS1_9allocatorIcEEEE
FN:17,_ZN3rxn7Species16decomposeSpeciesEv
FN:30,_ZN3rxn7Species7setMassEv
FN:39,_ZN3rxn7Species15setChargeNumberEv
FN:49,_ZN3rxn7Species12setLatexNameEv
FN:58,_ZN3rxnlsERNSt3__113basic_ostreamIcNS0_11char_traitsIcEEEERKNS_7SpeciesE
FN:65,_ZNK3rxn7SpecieseqERKS0_
FN:88,_ZNK3rxn7SpeciesneERKS0_
FN:94,_ZNK3rxn7Species15getAllRateBasedEv
FN:100,_ZNK3rxn7Species15getAllXsecBasedEv
FN:106,_ZNK3rxn7Species20getRateBasedBalancedEv
FN:112,_ZNK3rxn7Species20getXSecBasedBalancedEv
FN:118,_ZNK3rxn7Species19getRateBasedSourcesEv
FN:124,_ZNK3rxn7Species19getXSecBasedSourcesEv
FN:130,_ZNK3rxn7Species17getRateBasedSinksEv
FN:136,_ZNK3rxn7Species17getXSecBasedSinksEv
FN:142,_ZNK3rxn7Species13getSubSpeciesEv
FN:150,_ZNKSt3__14hashIN3rxn7SpeciesEEclERKS2_
FNDA:0,_ZNK3rxn7Species19getRateBasedSourcesEv
FNDA:0,_ZNK3rxn7Species17getRateBasedSinksEv
FNDA:52,_ZN3rxn7Species12setLatexNameEv
FNDA:0,_ZNK3rxn7Species19getXSecBasedSourcesEv
FNDA:52,_ZN3rxn7Species7setMassEv
FNDA:0,_ZNK3rxn7Species20getXSecBasedBalancedEv
FNDA:0,_ZN3rxnlsERNSt3__113basic_ostreamIcNS0_11char_traitsIcEEEERKNS_7SpeciesE
FNDA:48,_ZNK3rxn7SpecieseqERKS0_
FNDA:52,_ZN3rxn7SpeciesC1ERKNSt3__112basic_stringIcNS1_11char_traitsIcEENS1_9allocatorIcEEEE
FNDA:52,_ZN3rxn7Species15setChargeNumberEv
FNDA:1,_ZNK3rxn7SpeciesneERKS0_
FNDA:52,_ZN3rxn7Species16decomposeSpeciesEv
FNDA:52,_ZN3rxn7SpeciesC2ERKNSt3__112basic_stringIcNS1_11char_traitsIcEENS1_9allocatorIcEEEE
FNDA:281,_ZNK3rxn7Species13getSubSpeciesEv
FNDA:0,_ZNK3rxn7Species15getAllXsecBasedEv
FNDA:0,_ZNK3rxn7Species17getXSecBasedSinksEv
FNDA:0,_ZNK3rxn7Species20getRateBasedBalancedEv
FNDA:0,_ZNK3rxn7Species15getAllRateBasedEv
FNDA:0,_ZNKSt3__14hashIN3rxn7SpeciesEEclERKS2_
FNF:19
FNH:9
DA:7,104
DA:8,52
DA:9,52
DA:10,104
DA:11,52
DA:12,52
DA:13,52
DA:14,104
DA:17,52
DA:19,52
DA:21,52
DA:23,111
DA:24,59
DA:26,52
DA:27,52
DA:30,52
DA:32,52
DA:33,111
DA:34,59
DA:35,52
DA:36,52
DA:39,52
DA:41,52
DA:42,111
DA:43,59
DA:44,52
DA:45,52
DA:49,52
DA:51,52
DA:52,111
DA:53,59
DA:54,52
DA:55,52
DA:58,0
DA:60,0
DA:61,0
DA:65,48
DA:67,48
DA:68,0
DA:70,48
DA:71,0
DA:73,48
DA:74,0
DA:76,48
DA:77,2
DA:79,94
DA:81,48
DA:82,0
DA:83,48
DA:84,46
DA:85,48
DA:88,1
DA:90,1
DA:94,0
DA:96,0
DA:100,0
DA:102,0
DA:106,0
DA:108,0
DA:112,0
DA:114,0
DA:118,0
DA:120,0
DA:124,0
DA:126,0
DA:130,0
DA:132,0
DA:136,0
DA:138,0
DA:142,281
DA:144,281
DA:150,0
DA:152,0
DA:154,0
DA:156,0
DA:157,0
DA:159,0
DA:160,0
DA:161,0
DA:164,0
DA:165,0
LF:81
LH:48
end_of_record
TN:
SF:/Users/graysongall/projects/rxn-cpp/src/SpeciesBase.C
FN:5,_ZN3rxn11SpeciesBaseC2ERKNSt3__112basic_stringIcNS1_11char_traitsIcEENS1_9allocatorIcEEEE
FN:13,_ZN3rxnlsERNSt3__113basic_ostreamIcNS0_11char_traitsIcEEEERKNS_11SpeciesBaseE
FN:20,_ZN3rxn11SpeciesBase9checkNameERKNSt3__112basic_stringIcNS1_11char_traitsIcEENS1_9allocatorIcEEEE
FN:36,_ZNK3rxn11SpeciesBaseeqERKS0_
FN:43,_ZNK3rxn11SpeciesBaseneERKS0_
FN:49,_ZNK3rxn11SpeciesBase7getNameEv
FN:55,_ZNK3rxn11SpeciesBase7getMassEv
FN:61,_ZNK3rxn11SpeciesBase15getChargeNumberEv
FN:67,_ZNK3rxn11SpeciesBase9getChargeEv
FN:73,_ZNK3rxn11SpeciesBase22getLatexRepresentationEv
FN:80,_ZNKSt3__14hashIN3rxn11SpeciesBaseEEclERKS2_
FNDA:210,_ZNK3rxn11SpeciesBase22getLatexRepresentationEv
FNDA:54,_ZNK3rxn11SpeciesBaseeqERKS0_
FNDA:0,_ZN3rxnlsERNSt3__113basic_ostreamIcNS0_11char_traitsIcEEEERKNS_11SpeciesBaseE
FNDA:134,_ZN3rxn11SpeciesBaseC2ERKNSt3__112basic_stringIcNS1_11char_traitsIcEENS1_9allocatorIcEEEE
FNDA:239,_ZNK3rxn11SpeciesBase7getMassEv
FNDA:134,_ZN3rxn11SpeciesBase9checkNameERKNSt3__112basic_stringIcNS1_11char_traitsIcEENS1_9allocatorIcEEEE
FNDA:54,_ZNK3rxn11SpeciesBaseneERKS0_
FNDA:270,_ZNK3rxn11SpeciesBase7getNameEv
FNDA:239,_ZNK3rxn11SpeciesBase15getChargeNumberEv
FNDA:52,_ZNK3rxn11SpeciesBase9getChargeEv
FNDA:0,_ZNKSt3__14hashIN3rxn11SpeciesBaseEEclERKS2_
FNF:11
FNH:9
DA:5,268
DA:6,134
DA:7,134
DA:8,134
DA:13,0
DA:15,0
DA:16,0
DA:17,0
DA:20,134
DA:22,134
DA:23,2
DA:25,133
DA:27,33
DA:29,1
DA:31,32
DA:32,132
DA:33,1
DA:36,54
DA:38,54
DA:43,54
DA:45,54
DA:49,270
DA:51,270
DA:55,239
DA:57,239
DA:61,239
DA:63,239
DA:67,52
DA:69,52
DA:73,210
DA:75,210
DA:80,0
DA:83,0
LF:33
LH:27
end_of_record
TN:
SF:/Users/graysongall/projects/rxn-cpp/src/StringHelper.C
FN:0,__cxx_global_var_init
FN:8,_ZN3rxn5ltrimERNSt3__112basic_stringIcNS0_11char_traitsIcEENS0_9allocatorIcEEEE
FN:15,_ZN3rxn5rtrimERNSt3__112basic_stringIcNS0_11char_traitsIcEENS0_9allocatorIcEEEE
FN:22,_ZN3rxn4trimERNSt3__112basic_stringIcNS0_11char_traitsIcEENS0_9allocatorIcEEEE
FN:29,_ZN3rxn16splitByDelimiterERKNSt3__112basic_stringIcNS0_11char_traitsIcEENS0_9allocatorIcEEEES6_
FN:52,_ZN3rxn16findFirstCapitalERKNSt3__112basic_stringIcNS0_11char_traitsIcEENS0_9allocatorIcEEEE
FN:65,_ZN3rxn16findFirstSpecialERKNSt3__112basic_stringIcNS0_11char_traitsIcEENS0_9allocatorIcEEEE
FN:78,_ZN3rxn18findFirstNonLetterERKNSt3__112basic_stringIcNS0_11char_traitsIcEENS0_9allocatorIcEEEE
FN:89,_ZN3rxn15findFirstLetterERKNSt3__112basic_stringIcNS0_11char_traitsIcEENS0_9allocatorIcEEEE
FN:100,_ZN3rxn18findFirstNonNumberERKNSt3__112basic_stringIcNS0_11char_traitsIcEENS0_9allocatorIcEEEE
FN:111,_ZN3rxn19findFirstNonSpecialERKNSt3__112basic_stringIcNS0_11char_traitsIcEENS0_9allocatorIcEEEE
FN:122,_ZN3rxn14splitByCapitalERKNSt3__112basic_stringIcNS0_11char_traitsIcEENS0_9allocatorIcEEEE
FN:163,_ZN3rxn17format_scientificEf
FNDA:80,_ZN3rxn17format_scientificEf
FNDA:52,_ZN3rxn14splitByCapitalERKNSt3__112basic_stringIcNS0_11char_traitsIcEENS0_9allocatorIcEEEE
FNDA:30,_ZN3rxn16findFirstSpecialERKNSt3__112basic_stringIcNS0_11char_traitsIcEENS0_9allocatorIcEEEE
FNDA:1,__cxx_global_var_init
FNDA:118,_ZN3rxn18findFirstNonLetterERKNSt3__112basic_stringIcNS0_11char_traitsIcEENS0_9allocatorIcEEEE
FNDA:106,_ZN3rxn15findFirstLetterERKNSt3__112basic_stringIcNS0_11char_traitsIcEENS0_9allocatorIcEEEE
FNDA:57,_ZN3rxn18findFirstNonNumberERKNSt3__112basic_stringIcNS0_11char_traitsIcEENS0_9allocatorIcEEEE
FNDA:154,_ZN3rxn16findFirstCapitalERKNSt3__112basic_stringIcNS0_11char_traitsIcEENS0_9allocatorIcEEEE
FNDA:568,_ZN3rxn5rtrimERNSt3__112basic_stringIcNS0_11char_traitsIcEENS0_9allocatorIcEEEE
FNDA:141,_ZN3rxn16splitByDelimiterERKNSt3__112basic_stringIcNS0_11char_traitsIcEENS0_9allocatorIcEEEES6_
FNDA:568,_ZN3rxn4trimERNSt3__112basic_stringIcNS0_11char_traitsIcEENS0_9allocatorIcEEEE
FNDA:568,_ZN3rxn5ltrimERNSt3__112basic_stringIcNS0_11char_traitsIcEENS0_9allocatorIcEEEE
FNDA:30,_ZN3rxn19findFirstNonSpecialERKNSt3__112basic_stringIcNS0_11char_traitsIcEENS0_9allocatorIcEEEE
FNF:13
FNH:13
DA:5,1
DA:8,568
DA:10,568
DA:11,568
DA:12,568
DA:15,568
DA:17,568
DA:18,568
DA:19,568
DA:22,568
DA:24,568
DA:25,568
DA:26,568
DA:29,141
DA:31,141
DA:32,141
DA:34,141
DA:36,280
DA:38,139
DA:39,139
DA:40,139
DA:41,139
DA:42,139
DA:45,141
DA:46,141
DA:48,141
DA:49,141
DA:52,154
DA:54,354
DA:56,306
DA:58,106
DA:60,200
DA:61,48
DA:62,154
DA:65,30
DA:67,30
DA:69,30
DA:70,0
DA:72,30
DA:74,0
DA:75,30
DA:78,118
DA:80,360
DA:82,322
DA:83,80
DA:84,242
DA:85,38
DA:86,118
DA:89,106
DA:91,123
DA:93,123
DA:94,106
DA:95,17
DA:96,0
DA:97,106
DA:100,57
DA:102,137
DA:104,119
DA:105,39
DA:106,80
DA:107,18
DA:108,57
DA:111,30
DA:113,60
DA:115,48
DA:116,18
DA:117,30
DA:118,12
DA:119,30
DA:122,52
DA:124,52
DA:126,52
DA:129,52
DA:131,12
DA:135,40
DA:137,4
DA:140,36
DA:142,36
DA:144,79
DA:147,43
DA:149,43
DA:150,43
DA:153,43
DA:155,7
DA:156,7
DA:157,36
DA:159,36
DA:160,52
DA:163,80
DA:165,80
DA:167,80
DA:169,64
DA:172,16
DA:174,16
DA:177,16
DA:180,80
LF:96
LH:93
end_of_record
TN:
SF:/Users/graysongall/projects/rxn-cpp/src/SubSpecies.C
FN:6,_ZN3rxn10SubSpeciesC1ERKNSt3__112basic_stringIcNS1_11char_traitsIcEENS1_9allocatorIcEEEE
FN:6,_ZN3rxn10SubSpeciesC2ERKNSt3__112basic_stringIcNS1_11char_traitsIcEENS1_9allocatorIcEEEE
FN:18,_ZN3rxn10SubSpecies7setBaseEv
FN:50,_ZN3rxn10SubSpecies11setModifierEv
FN:67,_ZN3rxn10SubSpecies12setSubscriptEv
FN:87,_ZN3rxn10SubSpecies15setChargeNumberEv
FN:173,_ZN3rxn10SubSpecies7setMassEv
FN:188,_ZN3rxn10SubSpecies12setLatexNameEv
FN:263,_ZN3rxnlsERNSt3__113basic_ostreamIcNS0_11char_traitsIcEEEERKNS_10SubSpeciesE
FN:270,_ZNK3rxn10SubSpecieseqERKS0_
FN:298,_ZNK3rxn10SubSpeciesneERKS0_
FN:304,_ZNK3rxn10SubSpecies7getBaseEv
FN:310,_ZNK3rxn10SubSpecies11getModifierEv
FN:316,_ZNK3rxn10SubSpecies12getSubscriptEv
FN:323,_ZNKSt3__14hashIN3rxn10SubSpeciesEEclERKS2_
FNDA:0,_ZN3rxnlsERNSt3__113basic_ostreamIcNS0_11char_traitsIcEEEERKNS_10SubSpeciesE
FNDA:36,_ZNK3rxn10SubSpecies11getModifierEv
FNDA:0,_ZNKSt3__14hashIN3rxn10SubSpeciesEEclERKS2_
FNDA:80,_ZN3rxn10SubSpecies11setModifierEv
FNDA:80,_ZN3rxn10SubSpecies12setLatexNameEv
FNDA:80,_ZN3rxn10SubSpeciesC2ERKNSt3__112basic_stringIcNS1_11char_traitsIcEENS1_9allocatorIcEEEE
FNDA:116,_ZNK3rxn10SubSpecies12getSubscriptEv
FNDA:80,_ZN3rxn10SubSpecies7setMassEv
FNDA:531,_ZNK3rxn10SubSpecies7getBaseEv
FNDA:80,_ZN3rxn10SubSpecies15setChargeNumberEv
FNDA:80,_ZN3rxn10SubSpecies12setSubscriptEv
FNDA:49,_ZNK3rxn10SubSpeciesneERKS0_
FNDA:82,_ZN3rxn10SubSpeciesC1ERKNSt3__112basic_stringIcNS1_11char_traitsIcEENS1_9allocatorIcEEEE
FNDA:54,_ZNK3rxn10SubSpecieseqERKS0_
FNDA:80,_ZN3rxn10SubSpecies7setBaseEv
FNF:15
FNH:13
DA:6,162
DA:7,80
DA:8,80
DA:9,80
DA:10,80
DA:11,162
DA:12,80
DA:13,80
DA:14,80
DA:15,162
DA:18,80
DA:20,80
DA:21,2
DA:23,78
DA:24,19
DA:26,59
DA:28,59
DA:29,0
DA:32,59
DA:33,0
DA:34,0
DA:39,59
DA:41,59
DA:42,19
DA:44,59
DA:46,59
DA:47,139
DA:50,80
DA:52,80
DA:53,2
DA:55,78
DA:56,19
DA:58,59
DA:60,59
DA:61,19
DA:63,40
DA:64,80
DA:67,80
DA:70,80
DA:71,40
DA:73,40
DA:75,40
DA:76,10
DA:79,40
DA:80,13
DA:83,27
DA:84,80
DA:87,80
DA:89,80
DA:91,19
DA:92,19
DA:96,61
DA:98,21
DA:99,21
DA:103,40
DA:104,40
DA:106,27
DA:107,27
DA:108,27
DA:109,27
DA:111,13
DA:114,40
DA:116,10
DA:117,10
DA:121,30
DA:122,0
DA:123,0
DA:124,0
DA:127,30
DA:129,2
DA:130,2
DA:134,28
DA:136,28
DA:137,12
DA:139,16
DA:141,28
DA:143,11
DA:144,11
DA:149,17
DA:152,17
DA:155,17
DA:156,8
DA:158,17
DA:160,17
DA:162,0
DA:163,0
DA:167,17
DA:169,17
DA:170,80
DA:173,80
DA:175,80
DA:177,80
DA:179,19
DA:180,19
DA:183,61
DA:184,61
DA:185,80
DA:188,80
DA:190,80
DA:192,80
DA:194,0
DA:195,0
DA:198,80
DA:200,2
DA:201,2
DA:204,78
DA:206,38
DA:207,38
DA:210,40
DA:212,40
DA:214,40
DA:216,27
DA:217,27
DA:218,27
DA:220,40
DA:223,28
DA:225,28
DA:227,12
DA:228,12
DA:229,12
DA:233,16
DA:234,16
DA:238,28
DA:239,11
DA:241,28
DA:243,17
DA:244,17
DA:245,17
DA:246,28
DA:248,40
DA:250,29
DA:251,29
DA:254,11
DA:256,11
DA:257,11
DA:259,11
DA:260,80
DA:263,0
DA:265,0
DA:266,0
DA:270,54
DA:273,54
DA:274,2
DA:276,52
DA:277,0
DA:279,52
DA:280,0
DA:282,52
DA:283,0
DA:285,52
DA:286,0
DA:288,52
DA:289,0
DA:291,52
DA:292,0
DA:294,52
DA:295,54
DA:298,49
DA:300,49
DA:304,531
DA:306,531
DA:310,36
DA:312,36
DA:316,116
DA:318,116
DA:323,0
DA:325,0
DA:327,0
DA:329,0
DA:330,0
DA:331,0
DA:332,0
DA:333,0
DA:334,0
DA:335,0
DA:336,0
DA:338,0
LF:177
LH:146
end_of_record
