TN:
SF:/Users/graysongall/projects/rxn-cpp/src/BibTexHelper.C
FN:16,_ZN3rxn12BibTexHelper11getInstanceEv
FN:26,_ZN3rxn12BibTexHelper5clearEv
FN:32,_ZN3rxn12BibTexHelper17collectReferencesERKNSt3__112basic_stringIcNS1_11char_traitsIcEENS1_9allocatorIcEEEE
FN:72,_ZN3rxn12BibTexHelper12checkCiteKeyERKNSt3__112basic_stringIcNS1_11char_traitsIcEENS1_9allocatorIcEEEES9_
FNDA:22,_ZN3rxn12BibTexHelper12checkCiteKeyERKNSt3__112basic_stringIcNS1_11char_traitsIcEENS1_9allocatorIcEEEES9_
FNDA:10,_ZN3rxn12BibTexHelper5clearEv
FNDA:30,_ZN3rxn12BibTexHelper11getInstanceEv
FNDA:7,_ZN3rxn12BibTexHelper17collectReferencesERKNSt3__112basic_stringIcNS1_11char_traitsIcEENS1_9allocatorIcEEEE
FNF:4
FNH:4
DA:16,30
DA:19,30
DA:20,1
DA:21,1
DA:22,30
DA:23,0
DA:26,10
DA:28,10
DA:29,10
DA:32,7
DA:34,7
DA:35,7
DA:36,7
DA:38,1
DA:41,6
DA:42,6
DA:43,6
DA:44,102
DA:46,98
DA:48,98
DA:50,98
DA:53,11
DA:54,11
DA:55,1
DA:56,10
DA:59,10
DA:61,10
DA:62,1
DA:64,9
DA:65,10
DA:67,4
DA:68,4
DA:69,10
DA:72,22
DA:74,22
DA:76,22
DA:78,1
DA:81,21
DA:83,21
DA:85,2
DA:87,25
LF:41
LH:40
end_of_record
TN:
SF:/Users/graysongall/projects/rxn-cpp/src/Constants.C
FN:0,__cxx_global_var_init.18
FN:0,__cxx_global_var_init.21
FN:0,__cxx_global_var_init
FN:0,__cxx_global_var_init.3
FN:0,__cxx_global_var_init.14
FN:0,__cxx_global_var_init.13
FN:0,__cxx_global_var_init.37
FN:0,__cxx_global_var_init.26
FN:0,__cxx_global_var_init.31
FN:0,__cxx_global_var_init.19
FN:0,__cxx_global_var_init.46
FN:0,__cxx_global_var_init.41
FN:0,__cxx_global_var_init.39
FN:0,__cxx_global_var_init.11
FN:0,__cxx_global_var_init.28
FN:0,__cxx_global_var_init.5
FN:0,__cxx_global_var_init.24
FN:0,__cxx_global_var_init.16
FN:0,__cxx_global_var_init.23
FN:0,__cxx_global_var_init.35
FN:0,__cxx_global_var_init.29
FN:0,__cxx_global_var_init.43
FN:0,__cxx_global_var_init.9
FN:0,__cxx_global_var_init.7
FN:0,__cxx_global_var_init.1
FN:0,__cxx_global_var_init.45
FN:0,__cxx_global_var_init.33
FN:0,__cxx_global_var_init.48
FNDA:1,__cxx_global_var_init.23
FNDA:1,__cxx_global_var_init.16
FNDA:1,__cxx_global_var_init.24
FNDA:1,__cxx_global_var_init.5
FNDA:1,__cxx_global_var_init.28
FNDA:1,__cxx_global_var_init.39
FNDA:1,__cxx_global_var_init.11
FNDA:1,__cxx_global_var_init.48
FNDA:1,__cxx_global_var_init.45
FNDA:1,__cxx_global_var_init.33
FNDA:1,__cxx_global_var_init.1
FNDA:1,__cxx_global_var_init.35
FNDA:1,__cxx_global_var_init.7
FNDA:1,__cxx_global_var_init.43
FNDA:1,__cxx_global_var_init.29
FNDA:1,__cxx_global_var_init.9
FNDA:1,__cxx_global_var_init.26
FNDA:1,__cxx_global_var_init.13
FNDA:1,__cxx_global_var_init.37
FNDA:1,__cxx_global_var_init.14
FNDA:1,__cxx_global_var_init
FNDA:1,__cxx_global_var_init.3
FNDA:1,__cxx_global_var_init.21
FNDA:1,__cxx_global_var_init.18
FNDA:1,__cxx_global_var_init.41
FNDA:1,__cxx_global_var_init.46
FNDA:1,__cxx_global_var_init.31
FNDA:1,__cxx_global_var_init.19
FNF:28
FNH:28
DA:9,1
DA:10,1
DA:11,1
DA:12,1
DA:13,1
DA:14,1
DA:15,1
DA:16,1
DA:18,1
DA:19,1
DA:20,1
DA:22,1
DA:23,1
DA:24,1
DA:26,1
DA:27,1
DA:28,1
DA:30,1
DA:31,1
DA:32,1
DA:33,1
DA:34,1
DA:35,1
DA:36,1
DA:37,1
DA:39,1
DA:42,1
DA:43,1
LF:28
LH:28
end_of_record
TN:
SF:/Users/graysongall/projects/rxn-cpp/src/InvalidInput.C
FN:8,_ZN3rxn14InvalidSpeciesC1ERKNSt3__112basic_stringIcNS1_11char_traitsIcEENS1_9allocatorIcEEEES9_
FN:8,_ZN3rxn14InvalidSpeciesC2ERKNSt3__112basic_stringIcNS1_11char_traitsIcEENS1_9allocatorIcEEEES9_
FN:14,_ZNK3rxn14InvalidSpecies4whatEv
FN:19,_ZN3rxn15InvalidReactionC1ERKNSt3__112basic_stringIcNS1_11char_traitsIcEENS1_9allocatorIcEEEES9_
FN:19,_ZN3rxn15InvalidReactionC2ERKNSt3__112basic_stringIcNS1_11char_traitsIcEENS1_9allocatorIcEEEES9_
FN:25,_ZNK3rxn15InvalidReaction4whatEv
FN:30,_ZN3rxn12InvalidInputC2ERKNSt3__112basic_stringIcNS1_11char_traitsIcEENS1_9allocatorIcEEEE
FN:30,_ZN3rxn12InvalidInputC1ERKNSt3__112basic_stringIcNS1_11char_traitsIcEENS1_9allocatorIcEEEE
FN:35,_ZN3rxn12InvalidInputC2ERKN4YAML4NodeERKNSt3__112basic_stringIcNS5_11char_traitsIcEENS5_9allocatorIcEEEE
FN:35,_ZN3rxn12InvalidInputC1ERKN4YAML4NodeERKNSt3__112basic_stringIcNS5_11char_traitsIcEENS5_9allocatorIcEEEE
FN:43,_ZN3rxn12InvalidInputC2ERKN4YAML4NodeERKNSt3__112basic_stringIcNS5_11char_traitsIcEENS5_9allocatorIcEEEESD_
FN:43,_ZN3rxn12InvalidInputC1ERKN4YAML4NodeERKNSt3__112basic_stringIcNS5_11char_traitsIcEENS5_9allocatorIcEEEESD_
FN:52,_ZNK3rxn12InvalidInput4whatEv
FN:57,_ZN3rxn16InvalidInputExitERKNSt3__112basic_stringIcNS0_11char_traitsIcEENS0_9allocatorIcEEEE
FN:67,_ZN3rxn16InvalidInputExitEN4YAML4NodeERKNSt3__112basic_stringIcNS2_11char_traitsIcEENS2_9allocatorIcEEEE
FN:81,_ZN3rxn16InvalidInputExitEN4YAML4NodeERKNSt3__112basic_stringIcNS2_11char_traitsIcEENS2_9allocatorIcEEEESA_
FNDA:0,_ZN3rxn16InvalidInputExitEN4YAML4NodeERKNSt3__112basic_stringIcNS2_11char_traitsIcEENS2_9allocatorIcEEEESA_
FNDA:2,_ZN3rxn16InvalidInputExitERKNSt3__112basic_stringIcNS0_11char_traitsIcEENS0_9allocatorIcEEEE
FNDA:4,_ZN3rxn12InvalidInputC1ERKN4YAML4NodeERKNSt3__112basic_stringIcNS5_11char_traitsIcEENS5_9allocatorIcEEEE
FNDA:9,_ZN3rxn15InvalidReactionC2ERKNSt3__112basic_stringIcNS1_11char_traitsIcEENS1_9allocatorIcEEEES9_
FNDA:2,_ZN3rxn12InvalidInputC1ERKNSt3__112basic_stringIcNS1_11char_traitsIcEENS1_9allocatorIcEEEE
FNDA:0,_ZNK3rxn12InvalidInput4whatEv
FNDA:5,_ZN3rxn14InvalidSpeciesC1ERKNSt3__112basic_stringIcNS1_11char_traitsIcEENS1_9allocatorIcEEEES9_
FNDA:5,_ZN3rxn14InvalidSpeciesC2ERKNSt3__112basic_stringIcNS1_11char_traitsIcEENS1_9allocatorIcEEEES9_
FNDA:4,_ZN3rxn12InvalidInputC2ERKN4YAML4NodeERKNSt3__112basic_stringIcNS5_11char_traitsIcEENS5_9allocatorIcEEEE
FNDA:9,_ZN3rxn15InvalidReactionC1ERKNSt3__112basic_stringIcNS1_11char_traitsIcEENS1_9allocatorIcEEEES9_
FNDA:0,_ZN3rxn16InvalidInputExitEN4YAML4NodeERKNSt3__112basic_stringIcNS2_11char_traitsIcEENS2_9allocatorIcEEEE
FNDA:0,_ZN3rxn12InvalidInputC1ERKN4YAML4NodeERKNSt3__112basic_stringIcNS5_11char_traitsIcEENS5_9allocatorIcEEEESD_
FNDA:1,_ZNK3rxn14InvalidSpecies4whatEv
FNDA:2,_ZN3rxn12InvalidInputC2ERKNSt3__112basic_stringIcNS1_11char_traitsIcEENS1_9allocatorIcEEEE
FNDA:0,_ZNK3rxn15InvalidReaction4whatEv
FNDA:0,_ZN3rxn12InvalidInputC2ERKN4YAML4NodeERKNSt3__112basic_stringIcNS5_11char_traitsIcEENS5_9allocatorIcEEEESD_
FNF:16
FNH:10
DA:8,15
DA:9,10
DA:10,5
DA:11,10
DA:14,1
DA:16,1
DA:19,27
DA:20,18
DA:21,9
DA:22,18
DA:25,0
DA:27,0
DA:30,6
DA:31,4
DA:32,2
DA:33,4
DA:35,12
DA:36,8
DA:37,4
DA:38,4
DA:40,4
DA:41,8
DA:43,0
DA:44,0
DA:45,0
DA:46,0
DA:48,0
DA:49,0
DA:52,0
DA:54,0
DA:57,2
DA:59,2
DA:61,2
DA:65,0
DA:67,0
DA:69,0
DA:70,0
DA:72,0
DA:74,0
DA:78,0
DA:81,0
DA:83,0
DA:84,0
DA:86,0
DA:88,0
DA:92,0
LF:46
LH:23
end_of_record
TN:
SF:/Users/graysongall/projects/rxn-cpp/src/NetworkParser.C
FN:0,__cxx_global_var_init.24
FN:0,__cxx_global_var_init.5
FN:0,__cxx_global_var_init.23
FN:0,__cxx_global_var_init.16
FN:0,__cxx_global_var_init.28
FN:0,__cxx_global_var_init.11
FN:0,__cxx_global_var_init.39
FN:0,__cxx_global_var_init.48
FN:0,__cxx_global_var_init.45
FN:0,__cxx_global_var_init.33
FN:0,__cxx_global_var_init.35
FN:0,__cxx_global_var_init.9
FN:0,__cxx_global_var_init.29
FN:0,__cxx_global_var_init.7
FN:0,__cxx_global_var_init.43
FN:0,__cxx_global_var_init.1
FN:0,__cxx_global_var_init.14
FN:0,__cxx_global_var_init.26
FN:0,__cxx_global_var_init.37
FN:0,__cxx_global_var_init.13
FN:0,__cxx_global_var_init.21
FN:0,__cxx_global_var_init.18
FN:0,__cxx_global_var_init
FN:0,__cxx_global_var_init.3
FN:0,__cxx_global_var_init.41
FN:0,__cxx_global_var_init.46
FN:0,__cxx_global_var_init.31
FN:0,__cxx_global_var_init.19
FN:22,_ZN3rxn13NetworkParserC1ERKNSt3__112basic_stringIcNS1_11char_traitsIcEENS1_9allocatorIcEEEE
FN:22,_ZN3rxn13NetworkParserC2ERKNSt3__112basic_stringIcNS1_11char_traitsIcEENS1_9allocatorIcEEEE
FN:29,_ZNK3rxn13NetworkParser12setDelimiterERKNSt3__112basic_stringIcNS1_11char_traitsIcEENS1_9allocatorIcEEEE
FN:41,_ZN3rxn13NetworkParser5clearEv
FN:51,_ZN3rxn13NetworkParser12setCheckRefsEb
FN:56,_ZN3rxn13NetworkParser16setReadXsecFilesEb
FN:63,_ZNK3rxn13NetworkParser9checkFileERKNSt3__112basic_stringIcNS1_11char_traitsIcEENS1_9allocatorIcEEEE
FN:78,_ZN3rxn13NetworkParser12checkBibFileERKNSt3__112basic_stringIcNS1_11char_traitsIcEENS1_9allocatorIcEEEE
FN:96,_ZN3rxn13NetworkParser14parseReactionsERKN4YAML4NodeEPNSt3__16vectorINS5_10shared_ptrIKNS_8ReactionEEENS5_9allocatorISA_EEEESE_SE_RKNS5_12basic_stringIcNS5_11char_traitsIcEENSB_IcEEEESL_SL_
FN:151,_ZN3rxn13NetworkParser12parseNetworkERKNSt3__112basic_stringIcNS1_11char_traitsIcEENS1_9allocatorIcEEEE
FN:390,_ZN3rxn13NetworkParser19writeSpeciesSummaryERKNSt3__112basic_stringIcNS1_11char_traitsIcEENS1_9allocatorIcEEEE
FNDA:5,_ZN3rxn13NetworkParserC1ERKNSt3__112basic_stringIcNS1_11char_traitsIcEENS1_9allocatorIcEEEE
FNDA:4,_ZN3rxn13NetworkParser12parseNetworkERKNSt3__112basic_stringIcNS1_11char_traitsIcEENS1_9allocatorIcEEEE
FNDA:1,__cxx_global_var_init.1
FNDA:1,__cxx_global_var_init.35
FNDA:1,__cxx_global_var_init.9
FNDA:1,__cxx_global_var_init.43
FNDA:1,__cxx_global_var_init.7
FNDA:1,__cxx_global_var_init.29
FNDA:1,__cxx_global_var_init.45
FNDA:1,__cxx_global_var_init.33
FNDA:2,_ZN3rxn13NetworkParser16setReadXsecFilesEb
FNDA:1,__cxx_global_var_init.48
FNDA:5,_ZNK3rxn13NetworkParser12setDelimiterERKNSt3__112basic_stringIcNS1_11char_traitsIcEENS1_9allocatorIcEEEE
FNDA:6,_ZNK3rxn13NetworkParser9checkFileERKNSt3__112basic_stringIcNS1_11char_traitsIcEENS1_9allocatorIcEEEE
FNDA:5,_ZN3rxn13NetworkParser5clearEv
FNDA:0,_ZN3rxn13NetworkParser19writeSpeciesSummaryERKNSt3__112basic_stringIcNS1_11char_traitsIcEENS1_9allocatorIcEEEE
FNDA:1,__cxx_global_var_init.39
FNDA:1,__cxx_global_var_init.11
FNDA:1,__cxx_global_var_init.28
FNDA:1,__cxx_global_var_init.16
FNDA:1,__cxx_global_var_init.23
FNDA:1,__cxx_global_var_init.5
FNDA:1,__cxx_global_var_init.24
FNDA:1,__cxx_global_var_init.19
FNDA:1,__cxx_global_var_init.31
FNDA:1,__cxx_global_var_init.46
FNDA:2,_ZN3rxn13NetworkParser12checkBibFileERKNSt3__112basic_stringIcNS1_11char_traitsIcEENS1_9allocatorIcEEEE
FNDA:1,__cxx_global_var_init.41
FNDA:8,_ZN3rxn13NetworkParser14parseReactionsERKN4YAML4NodeEPNSt3__16vectorINS5_10shared_ptrIKNS_8ReactionEEENS5_9allocatorISA_EEEESE_SE_RKNS5_12basic_stringIcNS5_11char_traitsIcEENSB_IcEEEESL_SL_
FNDA:2,_ZN3rxn13NetworkParser12setCheckRefsEb
FNDA:1,__cxx_global_var_init.3
FNDA:1,__cxx_global_var_init
FNDA:1,__cxx_global_var_init.18
FNDA:5,_ZN3rxn13NetworkParserC2ERKNSt3__112basic_stringIcNS1_11char_traitsIcEENS1_9allocatorIcEEEE
FNDA:1,__cxx_global_var_init.21
FNDA:1,__cxx_global_var_init.13
FNDA:1,__cxx_global_var_init.37
FNDA:1,__cxx_global_var_init.26
FNDA:1,__cxx_global_var_init.14
FNF:39
FNH:38
DA:9,1
DA:10,1
DA:11,1
DA:12,1
DA:13,1
DA:14,1
DA:15,1
DA:16,1
DA:18,1
DA:19,1
DA:20,1
DA:22,16
DA:23,6
DA:24,6
DA:25,5
DA:26,11
DA:27,1
DA:28,1
DA:29,5
DA:30,1
DA:31,6
DA:32,1
DA:33,1
DA:34,6
DA:35,1
DA:36,1
DA:37,6
DA:38,0
DA:39,1
DA:41,5
DA:42,6
DA:43,11
DA:44,10
DA:45,5
DA:46,5
DA:47,5
DA:48,5
DA:49,5
DA:51,2
DA:53,2
DA:54,2
DA:56,2
DA:58,2
DA:59,2
DA:63,6
DA:65,6
DA:66,6
DA:68,1
DA:69,0
DA:70,5
DA:71,5
DA:73,1
DA:74,0
DA:75,7
DA:78,2
DA:80,2
DA:81,2
DA:84,2
DA:85,2
DA:86,0
DA:87,0
DA:89,2
DA:91,0
DA:92,0
DA:93,2
DA:96,8
DA:104,8
DA:106,4
DA:109,4
DA:111,0
DA:112,0
DA:114,4
DA:116,128
DA:119,124
DA:121,124
DA:123,43
DA:124,43
DA:125,81
DA:128,124
DA:130,0
DA:132,124
DA:133,124
DA:135,115
DA:136,115
DA:138,124
DA:140,9
DA:141,9
DA:143,124
DA:144,0
DA:145,0
DA:146,0
DA:147,124
DA:148,8
DA:151,4
DA:153,4
DA:154,4
DA:156,4
DA:158,4
DA:160,0
DA:162,0
DA:163,0
DA:165,0
DA:166,0
DA:168,4
DA:172,4
DA:173,4
DA:174,0
DA:175,0
DA:176,0
DA:178,4
DA:179,2
DA:182,4
DA:183,4
DA:185,0
DA:186,0
DA:187,0
DA:189,4
DA:190,4
DA:191,4
DA:193,4
DA:195,0
DA:196,0
DA:197,0
DA:198,0
DA:200,4
DA:202,4
DA:204,4
DA:206,64
DA:207,60
DA:208,4
DA:390,0
DA:392,0
DA:393,0
DA:394,0
DA:395,0
LF:135
LH:102
end_of_record
TN:
SF:/Users/graysongall/projects/rxn-cpp/src/Reaction.C
FN:0,__cxx_global_var_init.14
FN:0,__cxx_global_var_init.37
FN:0,__cxx_global_var_init.13
FN:0,__cxx_global_var_init.18
FN:0,__cxx_global_var_init.21
FN:0,__cxx_global_var_init
FN:0,__cxx_global_var_init.3
FN:0,__cxx_global_var_init.31
FN:0,__cxx_global_var_init.46
FN:0,__cxx_global_var_init.24
FN:0,__cxx_global_var_init.23
FN:0,__cxx_global_var_init.11
FN:0,__cxx_global_var_init.28
FN:0,__cxx_global_var_init.33
FN:0,__cxx_global_var_init.45
FN:0,__cxx_global_var_init.7
FN:0,__cxx_global_var_init.9
FN:0,__cxx_global_var_init.1
FN:0,__cxx_global_var_init.26
FN:0,__cxx_global_var_init.41
FN:0,__cxx_global_var_init.19
FN:0,__cxx_global_var_init.5
FN:0,__cxx_global_var_init.16
FN:0,__cxx_global_var_init.39
FN:0,__cxx_global_var_init.48
FN:0,__cxx_global_var_init.43
FN:0,__cxx_global_var_init.29
FN:0,__cxx_global_var_init.35
FN:19,_ZN3rxn8ReactionC2ERKN4YAML4NodeEiRKNSt3__112basic_stringIcNS5_11char_traitsIcEENS5_9allocatorIcEEEESD_bbSD_
FN:19,_ZN3rxn8ReactionC1ERKN4YAML4NodeEiRKNSt3__112basic_stringIcNS5_11char_traitsIcEENS5_9allocatorIcEEEESD_bbSD_
FN:147,_ZNK3rxn8Reaction10getSpeciesEv
FN:160,_ZN3rxn8Reaction9checkNameERKN4YAML4NodeE
FN:173,_ZN3rxn8Reaction8setSidesEv
FN:246,_ZN3rxn8Reaction8getCoeffERNSt3__112basic_stringIcNS1_11char_traitsIcEENS1_9allocatorIcEEEE
FN:264,_ZN3rxn8Reaction16validateReactionEv
FN:349,_ZN3rxn8Reaction16substituteLumpedEv
FN:415,_ZN3rxn8Reaction22setLatexRepresentationEv
FN:454,_ZN3rxn8Reaction15checkReferencesEv
FN:468,_ZNK3rxn8Reaction17getFunctionParamsEv
FN:478,_ZNK3rxn8Reaction16getTabulatedDataEv
FN:488,_ZNK3rxn8ReactioneqERKS0_
FN:503,_ZNK3rxn8ReactionneERKS0_
FN:509,_ZNK3rxn8Reaction21getReferencesAsStringEv
FN:518,_ZNK3rxn8Reaction19getStoicCoeffByNameERKNSt3__112basic_stringIcNS1_11char_traitsIcEENS1_9allocatorIcEEEE
FN:531,_ZN3rxn8Reaction20collectUniqueSpeciesEv
FN:558,_ZNKSt3__14hashIN3rxn8ReactionEEclERKS2_
FNDA:1,__cxx_global_var_init.14
FNDA:131,_ZN3rxn8Reaction22setLatexRepresentationEv
FNDA:1,__cxx_global_var_init.37
FNDA:1,__cxx_global_var_init.13
FNDA:1,__cxx_global_var_init.21
FNDA:1,__cxx_global_var_init.18
FNDA:1,__cxx_global_var_init
FNDA:1,__cxx_global_var_init.3
FNDA:2,_ZNKSt3__14hashIN3rxn8ReactionEEclERKS2_
FNDA:1,__cxx_global_var_init.46
FNDA:142,_ZN3rxn8Reaction9checkNameERKN4YAML4NodeE
FNDA:1,__cxx_global_var_init.31
FNDA:1,__cxx_global_var_init.24
FNDA:583,_ZN3rxn8Reaction8getCoeffERNSt3__112basic_stringIcNS1_11char_traitsIcEENS1_9allocatorIcEEEE
FNDA:131,_ZN3rxn8Reaction16substituteLumpedEv
FNDA:1,__cxx_global_var_init.23
FNDA:1,__cxx_global_var_init.28
FNDA:1,__cxx_global_var_init.11
FNDA:131,_ZN3rxn8Reaction20collectUniqueSpeciesEv
FNDA:1,__cxx_global_var_init.33
FNDA:5,_ZNK3rxn8Reaction21getReferencesAsStringEv
FNDA:1,__cxx_global_var_init.45
FNDA:1,__cxx_global_var_init.7
FNDA:1,__cxx_global_var_init.9
FNDA:266,_ZN3rxn8Reaction16validateReactionEv
FNDA:1,__cxx_global_var_init.1
FNDA:18,_ZN3rxn8Reaction15checkReferencesEv
FNDA:1,__cxx_global_var_init.26
FNDA:14,_ZNK3rxn8Reaction17getFunctionParamsEv
FNDA:142,_ZN3rxn8ReactionC1ERKN4YAML4NodeEiRKNSt3__112basic_stringIcNS5_11char_traitsIcEENS5_9allocatorIcEEEESD_bbSD_
FNDA:142,_ZN3rxn8ReactionC2ERKN4YAML4NodeEiRKNSt3__112basic_stringIcNS5_11char_traitsIcEENS5_9allocatorIcEEEESD_bbSD_
FNDA:1,__cxx_global_var_init.41
FNDA:1,__cxx_global_var_init.19
FNDA:142,_ZNK3rxn8Reaction10getSpeciesEv
FNDA:1,__cxx_global_var_init.5
FNDA:1,__cxx_global_var_init.16
FNDA:5,_ZNK3rxn8ReactioneqERKS0_
FNDA:1,__cxx_global_var_init.39
FNDA:10,_ZNK3rxn8Reaction19getStoicCoeffByNameERKNSt3__112basic_stringIcNS1_11char_traitsIcEENS1_9allocatorIcEEEE
FNDA:1,__cxx_global_var_init.48
FNDA:2,_ZNK3rxn8ReactionneERKS0_
FNDA:1,__cxx_global_var_init.43
FNDA:1,__cxx_global_var_init.29
FNDA:135,_ZN3rxn8Reaction8setSidesEv
FNDA:62,_ZNK3rxn8Reaction16getTabulatedDataEv
FNDA:1,__cxx_global_var_init.35
FNF:46
FNH:46
DA:9,1
DA:10,1
DA:11,1
DA:12,1
DA:13,1
DA:14,1
DA:15,1
DA:16,1
DA:18,1
DA:19,426
DA:20,1
DA:22,1
DA:23,1
DA:24,1
DA:26,143
DA:27,143
DA:28,143
DA:29,141
DA:30,142
DA:31,142
DA:32,142
DA:33,142
DA:34,142
DA:35,143
DA:36,142
DA:37,142
DA:38,141
DA:39,142
DA:41,141
DA:42,1
DA:43,2
DA:46,140
DA:48,0
DA:51,140
DA:53,1
DA:57,139
DA:59,84
DA:60,84
DA:61,84
DA:62,84
DA:63,84
DA:65,0
DA:68,84
DA:70,359
DA:72,278
DA:73,278
DA:74,81
DA:75,84
DA:77,139
DA:79,55
DA:80,55
DA:81,55
DA:83,13
DA:84,13
DA:85,13
DA:87,1
DA:90,12
DA:92,1192
DA:94,1181
DA:95,1181
DA:96,1181
DA:98,11
DA:99,0
DA:101,13
DA:102,53
DA:106,137
DA:108,137
DA:110,2
DA:112,2
DA:114,1
DA:115,1
DA:116,1
DA:119,5
DA:121,3
DA:122,3
DA:124,2
DA:125,2
DA:127,135
DA:128,135
DA:129,131
DA:130,131
DA:131,131
DA:132,131
DA:134,131
DA:136,18
DA:137,18
DA:140,131
DA:141,131
DA:142,131
DA:143,131
DA:144,290
DA:147,142
DA:149,142
DA:151,609
DA:153,467
DA:154,467
DA:155,142
DA:156,142
DA:160,142
DA:163,142
DA:164,142
DA:166,1
DA:169,141
DA:170,143
DA:173,135
DA:175,135
DA:176,135
DA:177,135
DA:179,135
DA:180,135
DA:182,135
DA:184,135
DA:185,420
DA:187,285
DA:188,285
DA:190,285
DA:192,272
DA:193,272
DA:194,272
DA:197,13
DA:198,13
DA:202,285
DA:203,285
DA:204,0
DA:205,0
DA:207,285
DA:209,272
DA:210,272
DA:211,272
DA:212,285
DA:214,135
DA:215,433
DA:217,298
DA:218,298
DA:220,298
DA:222,174
DA:223,174
DA:224,174
DA:227,124
DA:228,124
DA:232,298
DA:233,298
DA:234,0
DA:235,0
DA:237,298
DA:239,276
DA:240,276
DA:241,276
DA:242,298
DA:243,135
DA:246,583
DA:248,583
DA:250,583
DA:251,583
DA:253,556
DA:254,556
DA:257,27
DA:258,27
DA:260,1166
DA:261,583
DA:264,266
DA:267,266
DA:270,266
DA:271,266
DA:272,802
DA:274,536
DA:275,536
DA:276,536
DA:277,1074
DA:281,538
DA:282,128
DA:284,410
DA:286,336
DA:287,336
DA:290,74
DA:291,538
DA:292,536
DA:294,266
DA:295,266
DA:296,812
DA:298,546
DA:299,546
DA:300,546
DA:304,1094
DA:308,548
DA:309,142
DA:310,406
DA:312,406
DA:314,1
DA:317,405
DA:319,335
DA:320,335
DA:323,70
DA:324,548
DA:325,546
DA:330,600
DA:332,335
DA:333,335
DA:335,2
DA:336,1
DA:337,1
DA:339,335
DA:342,264
DA:344,264
DA:345,2
DA:346,270
DA:349,131
DA:351,131
DA:352,131
DA:353,131
DA:354,131
DA:357,131
DA:359,395
DA:362,264
DA:363,264
DA:364,264
DA:366,251
DA:368,13
DA:369,13
DA:371,13
DA:372,13
DA:373,13
DA:376,13
DA:377,13
DA:379,13
DA:380,13
DA:381,13
DA:382,0
DA:384,13
DA:386,401
DA:388,270
DA:389,270
DA:391,270
DA:393,259
DA:395,11
DA:396,11
DA:398,11
DA:399,11
DA:400,11
DA:403,11
DA:404,11
DA:406,11
DA:407,11
DA:408,11
DA:409,0
DA:411,11
DA:412,131
DA:415,131
DA:417,131
DA:418,395
DA:420,264
DA:421,264
DA:422,264
DA:424,264
DA:425,264
DA:426,23
DA:428,264
DA:430,264
DA:431,133
DA:432,264
DA:434,131
DA:435,131
DA:436,401
DA:438,270
DA:439,270
DA:440,270
DA:442,270
DA:443,270
DA:444,39
DA:446,270
DA:448,270
DA:449,139
DA:450,270
DA:451,131
DA:454,18
DA:456,18
DA:457,36
DA:460,18
DA:461,18
DA:462,0
DA:463,0
DA:464,18
DA:465,18
DA:468,14
DA:470,14
DA:472,4
DA:474,10
DA:475,4
DA:478,62
DA:480,62
DA:482,0
DA:484,62
DA:485,0
DA:488,5
DA:490,5
DA:491,0
DA:493,5
DA:494,0
DA:496,5
DA:497,0
DA:499,5
DA:500,5
DA:503,2
DA:505,2
DA:509,5
DA:511,5
DA:512,10
DA:513,5
DA:514,5
DA:515,5
DA:518,10
DA:520,10
DA:521,10
DA:523,0
DA:526,20
DA:528,10
DA:531,131
DA:534,131
DA:536,395
DA:538,264
DA:539,264
DA:541,264
DA:542,264
DA:543,264
DA:544,264
DA:546,401
DA:548,270
DA:549,270
DA:551,165
DA:552,165
DA:553,165
DA:554,270
DA:555,131
DA:558,2
DA:560,2
DA:562,2
DA:564,2
DA:565,2
DA:566,2
DA:571,4
DA:572,2
LF:341
LH:324
end_of_record
TN:
SF:/Users/graysongall/projects/rxn-cpp/src/Species.C
FN:10,_ZN3rxn7SpeciesC1ERKNSt3__112basic_stringIcNS1_11char_traitsIcEENS1_9allocatorIcEEEE
FN:10,_ZN3rxn7SpeciesC2ERKNSt3__112basic_stringIcNS1_11char_traitsIcEENS1_9allocatorIcEEEE
FN:21,_ZN3rxn7Species16decomposeSpeciesEv
FN:63,_ZN3rxn7Species7setMassEv
FN:72,_ZN3rxn7Species15setChargeNumberEv
FN:82,_ZN3rxn7Species12setLatexNameEv
FN:91,_ZNK3rxn7SpecieseqERKS0_
FN:114,_ZNK3rxn7SpeciesneERKS0_
FN:120,_ZNK3rxn7Species18convertToSharedPtrERKNSt3__16vectorINS1_8weak_ptrIKNS_8ReactionEEENS1_9allocatorIS6_EEEE
FN:131,_ZNK3rxn7Species21setNeutralGroundStateEv
FN:146,_ZNKSt3__14hashIN3rxn7SpeciesEEclERKS2_
FNDA:83,_ZN3rxn7SpeciesC2ERKNSt3__112basic_stringIcNS1_11char_traitsIcEENS1_9allocatorIcEEEE
FNDA:83,_ZN3rxn7Species15setChargeNumberEv
FNDA:83,_ZNK3rxn7Species21setNeutralGroundStateEv
FNDA:1,_ZNK3rxn7SpeciesneERKS0_
FNDA:83,_ZN3rxn7Species12setLatexNameEv
FNDA:83,_ZN3rxn7Species7setMassEv
FNDA:83,_ZN3rxn7Species16decomposeSpeciesEv
FNDA:3,_ZNK3rxn7SpecieseqERKS0_
FNDA:150,_ZNK3rxn7Species18convertToSharedPtrERKNSt3__16vectorINS1_8weak_ptrIKNS_8ReactionEEENS1_9allocatorIS6_EEEE
FNDA:83,_ZN3rxn7SpeciesC1ERKNSt3__112basic_stringIcNS1_11char_traitsIcEENS1_9allocatorIcEEEE
FNDA:4,_ZNKSt3__14hashIN3rxn7SpeciesEEclERKS2_
FNF:11
FNH:11
DA:10,249
DA:11,83
DA:12,83
DA:13,83
DA:14,166
DA:15,83
DA:16,83
DA:17,83
DA:18,166
DA:21,83
DA:23,83
DA:24,83
DA:25,177
DA:27,94
DA:29,83
DA:30,83
DA:36,11
DA:39,6
DA:41,6
DA:43,6
DA:45,6
DA:47,6
DA:49,5
DA:50,94
DA:52,83
DA:54,171
DA:56,88
DA:57,88
DA:59,83
DA:60,83
DA:63,83
DA:65,83
DA:66,171
DA:67,88
DA:68,83
DA:69,83
DA:72,83
DA:74,83
DA:75,171
DA:76,88
DA:77,83
DA:78,83
DA:82,83
DA:84,83
DA:85,171
DA:86,88
DA:87,83
DA:88,83
DA:91,3
DA:93,3
DA:94,0
DA:96,3
DA:97,0
DA:99,3
DA:100,0
DA:102,3
DA:103,1
DA:105,4
DA:107,2
DA:108,0
DA:109,2
DA:110,2
DA:111,3
DA:114,1
DA:116,1
DA:120,150
DA:122,150
DA:123,710
DA:125,560
DA:126,560
DA:127,150
DA:128,150
DA:131,83
DA:133,83
DA:134,171
DA:136,88
DA:137,88
DA:139,83
DA:140,83
DA:146,4
DA:148,4
DA:150,4
DA:152,8
DA:153,4
DA:155,4
DA:156,4
DA:157,4
DA:160,8
DA:161,4
LF:89
LH:85
end_of_record
TN:
SF:/Users/graysongall/projects/rxn-cpp/src/SpeciesBase.C
FN:0,__cxx_global_var_init.41
FN:0,__cxx_global_var_init.31
FN:0,__cxx_global_var_init.19
FN:0,__cxx_global_var_init.46
FN:0,__cxx_global_var_init.14
FN:0,__cxx_global_var_init.37
FN:0,__cxx_global_var_init.13
FN:0,__cxx_global_var_init.26
FN:0,__cxx_global_var_init.18
FN:0,__cxx_global_var_init.21
FN:0,__cxx_global_var_init
FN:0,__cxx_global_var_init.3
FN:0,__cxx_global_var_init.33
FN:0,__cxx_global_var_init.45
FN:0,__cxx_global_var_init.48
FN:0,__cxx_global_var_init.29
FN:0,__cxx_global_var_init.9
FN:0,__cxx_global_var_init.43
FN:0,__cxx_global_var_init.7
FN:0,__cxx_global_var_init.35
FN:0,__cxx_global_var_init.1
FN:0,__cxx_global_var_init.5
FN:0,__cxx_global_var_init.24
FN:0,__cxx_global_var_init.16
FN:0,__cxx_global_var_init.23
FN:0,__cxx_global_var_init.11
FN:0,__cxx_global_var_init.39
FN:0,__cxx_global_var_init.28
FN:10,_ZN3rxn11SpeciesBaseC2ERKNSt3__112basic_stringIcNS1_11char_traitsIcEENS1_9allocatorIcEEEE
FN:16,_ZN3rxn11SpeciesBase9checkNameERKNSt3__112basic_stringIcNS1_11char_traitsIcEENS1_9allocatorIcEEEE
FN:37,_ZNK3rxn11SpeciesBaseeqERKS0_
FN:44,_ZNK3rxn11SpeciesBaseneERKS0_
FN:50,_ZNK3rxn11SpeciesBase9getChargeEv
FN:58,_ZNKSt3__14hashIN3rxn11SpeciesBaseEEclERKS2_
FNDA:1,__cxx_global_var_init.7
FNDA:1,__cxx_global_var_init.29
FNDA:1,__cxx_global_var_init.9
FNDA:1,__cxx_global_var_init.43
FNDA:1,__cxx_global_var_init.35
FNDA:5,_ZNK3rxn11SpeciesBaseeqERKS0_
FNDA:1,__cxx_global_var_init.1
FNDA:60,_ZNK3rxn11SpeciesBase9getChargeEv
FNDA:1,__cxx_global_var_init.33
FNDA:1,__cxx_global_var_init.45
FNDA:197,_ZN3rxn11SpeciesBaseC2ERKNSt3__112basic_stringIcNS1_11char_traitsIcEENS1_9allocatorIcEEEE
FNDA:1,__cxx_global_var_init.48
FNDA:5,_ZNK3rxn11SpeciesBaseneERKS0_
FNDA:1,__cxx_global_var_init.11
FNDA:1,__cxx_global_var_init.39
FNDA:1,__cxx_global_var_init.28
FNDA:8,_ZNKSt3__14hashIN3rxn11SpeciesBaseEEclERKS2_
FNDA:1,__cxx_global_var_init.5
FNDA:1,__cxx_global_var_init.24
FNDA:1,__cxx_global_var_init.16
FNDA:1,__cxx_global_var_init.23
FNDA:1,__cxx_global_var_init.19
FNDA:1,__cxx_global_var_init.31
FNDA:1,__cxx_global_var_init.46
FNDA:197,_ZN3rxn11SpeciesBase9checkNameERKNSt3__112basic_stringIcNS1_11char_traitsIcEENS1_9allocatorIcEEEE
FNDA:1,__cxx_global_var_init.41
FNDA:1,__cxx_global_var_init.18
FNDA:1,__cxx_global_var_init.21
FNDA:1,__cxx_global_var_init
FNDA:1,__cxx_global_var_init.3
FNDA:1,__cxx_global_var_init.14
FNDA:1,__cxx_global_var_init.13
FNDA:1,__cxx_global_var_init.37
FNDA:1,__cxx_global_var_init.26
FNF:34
FNH:34
DA:9,1
DA:10,395
DA:11,198
DA:12,198
DA:13,198
DA:14,1
DA:15,1
DA:16,198
DA:18,198
DA:19,5
DA:20,1
DA:21,195
DA:22,1
DA:23,28
DA:24,1
DA:25,1
DA:26,1
DA:27,27
DA:28,169
DA:30,2
DA:31,1
DA:32,1
DA:33,194
DA:34,5
DA:35,1
DA:36,1
DA:37,6
DA:39,6
DA:42,1
DA:43,1
DA:44,5
DA:46,5
DA:50,60
DA:52,60
DA:58,8
DA:61,8
LF:36
LH:36
end_of_record
TN:
SF:/Users/graysongall/projects/rxn-cpp/src/SpeciesFactory.C
FN:0,__cxx_global_var_init.45
FN:0,__cxx_global_var_init.33
FN:0,__cxx_global_var_init.48
FN:0,__cxx_global_var_init.1
FN:0,__cxx_global_var_init.35
FN:0,__cxx_global_var_init.7
FN:0,__cxx_global_var_init.9
FN:0,__cxx_global_var_init.43
FN:0,__cxx_global_var_init.29
FN:0,__cxx_global_var_init.16
FN:0,__cxx_global_var_init.23
FN:0,__cxx_global_var_init.5
FN:0,__cxx_global_var_init.24
FN:0,__cxx_global_var_init.39
FN:0,__cxx_global_var_init.11
FN:0,__cxx_global_var_init.28
FN:0,__cxx_global_var_init.41
FN:0,__cxx_global_var_init.31
FN:0,__cxx_global_var_init.19
FN:0,__cxx_global_var_init.46
FN:0,__cxx_global_var_init.13
FN:0,__cxx_global_var_init.37
FN:0,__cxx_global_var_init.26
FN:0,__cxx_global_var_init.14
FN:0,__cxx_global_var_init
FN:0,__cxx_global_var_init.3
FN:0,__cxx_global_var_init.18
FN:0,__cxx_global_var_init.21
FN:18,_ZN3rxn14SpeciesFactory11getInstanceEv
FN:28,_ZN3rxn14SpeciesFactory5clearEv
FN:38,_ZN3rxn14SpeciesFactory20collectCustomSpeciesERKN4YAML4NodeE
FN:90,_ZN3rxn14SpeciesFactory20collectLumpedSpeciesERKN4YAML4NodeE
FN:147,_ZN3rxn14SpeciesFactory21collectLatexOverridesERKN4YAML4NodeE
FN:208,_ZNK3rxn14SpeciesFactory7getMassERKNSt3__112basic_stringIcNS1_11char_traitsIcEENS1_9allocatorIcEEEE
FN:221,_ZNK3rxn14SpeciesFactory16getLatexOverrideERKNSt3__112basic_stringIcNS1_11char_traitsIcEENS1_9allocatorIcEEEE
FN:233,_ZN3rxn14SpeciesFactory10getSpeciesERKNSt3__112basic_stringIcNS1_11char_traitsIcEENS1_9allocatorIcEEEE
FN:250,_ZN3rxn14SpeciesFactory16getLumpedSpeciesERNSt3__18weak_ptrINS_7SpeciesEEE
FN:266,_ZN3rxn14SpeciesFactory20addRateBasedReactionENSt3__110shared_ptrIKNS_8ReactionEEE
FN:282,_ZN3rxn14SpeciesFactory20addXSecBasedReactionENSt3__110shared_ptrIKNS_8ReactionEEE
FN:298,_ZNK3rxn14SpeciesFactory17getSpeciesSummaryEv
FNDA:9,_ZN3rxn14SpeciesFactory20addXSecBasedReactionENSt3__110shared_ptrIKNS_8ReactionEEE
FNDA:1,__cxx_global_var_init.46
FNDA:1,__cxx_global_var_init.31
FNDA:1,__cxx_global_var_init.19
FNDA:1,__cxx_global_var_init.41
FNDA:5,_ZN3rxn14SpeciesFactory5clearEv
FNDA:590,_ZN3rxn14SpeciesFactory10getSpeciesERKNSt3__112basic_stringIcNS1_11char_traitsIcEENS1_9allocatorIcEEEE
FNDA:1,__cxx_global_var_init
FNDA:1,__cxx_global_var_init.3
FNDA:1,__cxx_global_var_init.21
FNDA:8,_ZN3rxn14SpeciesFactory20collectCustomSpeciesERKN4YAML4NodeE
FNDA:4,_ZN3rxn14SpeciesFactory20collectLumpedSpeciesERKN4YAML4NodeE
FNDA:109,_ZNK3rxn14SpeciesFactory16getLatexOverrideERKNSt3__112basic_stringIcNS1_11char_traitsIcEENS1_9allocatorIcEEEE
FNDA:1,__cxx_global_var_init.18
FNDA:1,__cxx_global_var_init.26
FNDA:1,__cxx_global_var_init.37
FNDA:1,__cxx_global_var_init.13
FNDA:1,__cxx_global_var_init.14
FNDA:1,__cxx_global_var_init.1
FNDA:0,_ZNK3rxn14SpeciesFactory17getSpeciesSummaryEv
FNDA:1,__cxx_global_var_init.7
FNDA:1,__cxx_global_var_init.29
FNDA:1,__cxx_global_var_init.9
FNDA:1,__cxx_global_var_init.43
FNDA:1,__cxx_global_var_init.35
FNDA:4,_ZN3rxn14SpeciesFactory21collectLatexOverridesERKN4YAML4NodeE
FNDA:1,__cxx_global_var_init.48
FNDA:257,_ZNK3rxn14SpeciesFactory7getMassERKNSt3__112basic_stringIcNS1_11char_traitsIcEENS1_9allocatorIcEEEE
FNDA:1,__cxx_global_var_init.33
FNDA:1,__cxx_global_var_init.45
FNDA:781,_ZN3rxn14SpeciesFactory11getInstanceEv
FNDA:534,_ZN3rxn14SpeciesFactory16getLumpedSpeciesERNSt3__18weak_ptrINS_7SpeciesEEE
FNDA:1,__cxx_global_var_init.28
FNDA:1,__cxx_global_var_init.11
FNDA:1,__cxx_global_var_init.39
FNDA:1,__cxx_global_var_init.23
FNDA:115,_ZN3rxn14SpeciesFactory20addRateBasedReactionENSt3__110shared_ptrIKNS_8ReactionEEE
FNDA:1,__cxx_global_var_init.16
FNDA:1,__cxx_global_var_init.24
FNDA:1,__cxx_global_var_init.5
FNF:40
FNH:39
DA:9,1
DA:10,1
DA:11,1
DA:12,1
DA:13,1
DA:14,1
DA:15,1
DA:16,1
DA:18,782
DA:19,1
DA:20,1
DA:21,781
DA:22,2
DA:23,2
DA:24,782
DA:25,0
DA:26,1
DA:27,1
DA:28,6
DA:29,5
DA:30,6
DA:31,6
DA:32,6
DA:33,6
DA:34,6
DA:35,1
DA:36,1
DA:37,1
DA:38,8
DA:39,1
DA:40,8
DA:41,4
DA:42,1
DA:43,5
DA:45,0
DA:46,0
DA:48,4
DA:50,0
DA:51,0
DA:53,4
DA:55,0
DA:56,0
DA:58,4
DA:60,0
DA:61,0
DA:62,0
DA:63,0
DA:64,0
DA:66,4
DA:67,4
DA:69,4
DA:71,0
DA:72,0
DA:74,4
DA:76,0
DA:77,0
DA:79,8
DA:81,4
DA:83,0
DA:84,0
DA:85,4
DA:86,4
DA:87,8
DA:90,4
DA:92,4
DA:93,3
DA:95,1
DA:97,0
DA:98,0
DA:100,1
DA:101,1
DA:103,2
DA:105,1
DA:107,0
DA:108,0
DA:110,1
DA:112,0
DA:113,0
DA:116,1
DA:117,1
DA:118,0
DA:119,0
DA:120,0
DA:122,1
DA:124,0
DA:125,0
DA:128,1
DA:129,1
DA:130,0
DA:131,0
DA:132,0
DA:134,1
DA:136,0
DA:137,0
DA:139,8
DA:140,7
DA:141,7
DA:142,1
DA:143,4
DA:147,4
DA:149,4
DA:150,3
DA:152,1
DA:154,0
DA:155,0
DA:157,1
DA:159,0
DA:160,0
DA:162,1
DA:164,0
DA:165,0
DA:167,1
DA:169,0
DA:170,0
DA:171,0
DA:172,0
DA:173,0
DA:175,1
DA:176,1
DA:179,1
DA:180,1
DA:181,1
DA:182,0
DA:183,0
DA:184,0
DA:186,1
DA:188,0
DA:189,0
DA:191,1
DA:193,0
DA:194,0
DA:196,1
DA:198,0
DA:199,0
DA:201,4
DA:203,3
DA:204,3
DA:205,4
DA:208,257
DA:210,257
DA:212,257
DA:214,0
DA:217,514
DA:218,257
DA:221,109
DA:223,109
DA:225,109
DA:227,106
DA:229,3
DA:230,109
DA:233,590
DA:235,590
DA:237,590
DA:239,590
DA:241,61
DA:242,61
DA:244,590
DA:246,590
DA:247,590
DA:250,534
DA:252,534
DA:253,534
DA:254,534
DA:256,534
DA:258,510
DA:261,24
DA:262,24
DA:263,534
DA:266,115
DA:268,115
DA:269,504
DA:271,389
DA:272,389
DA:274,115
DA:275,115
DA:277,274
DA:278,389
DA:279,115
DA:282,9
DA:284,9
DA:285,35
DA:287,26
DA:288,26
DA:290,14
DA:291,14
DA:293,12
DA:294,26
DA:295,9
DA:298,0
DA:300,0
DA:301,0
DA:303,0
DA:306,0
DA:307,0
DA:309,0
DA:311,0
DA:312,0
DA:314,0
DA:315,0
DA:317,0
DA:319,0
DA:320,0
DA:321,0
DA:322,0
DA:324,0
DA:326,0
DA:327,0
DA:328,0
DA:330,0
DA:332,0
DA:333,0
DA:335,0
DA:336,0
DA:337,0
DA:338,0
DA:339,0
DA:340,0
DA:343,0
DA:344,0
DA:345,0
DA:348,0
DA:351,0
DA:352,0
DA:355,0
DA:357,0
DA:358,0
DA:359,0
DA:361,0
DA:364,0
DA:366,0
DA:367,0
DA:369,0
DA:370,0
DA:371,0
DA:372,0
DA:373,0
DA:375,0
DA:376,0
DA:378,0
DA:380,0
DA:381,0
DA:383,0
DA:384,0
DA:386,0
DA:387,0
DA:389,0
DA:390,0
DA:392,0
DA:393,0
DA:395,0
DA:397,0
DA:399,0
DA:400,0
DA:402,0
DA:403,0
DA:404,0
DA:406,0
DA:408,0
DA:409,0
DA:410,0
DA:412,0
DA:413,0
DA:414,0
DA:415,0
DA:416,0
DA:418,0
DA:419,0
DA:421,0
DA:422,0
DA:423,0
DA:425,0
DA:426,0
DA:428,0
DA:430,0
DA:431,0
DA:433,0
DA:434,0
DA:436,0
DA:438,0
DA:440,0
DA:441,0
DA:443,0
DA:444,0
DA:446,0
DA:448,0
DA:450,0
DA:451,0
DA:453,0
DA:454,0
DA:455,0
DA:457,0
DA:459,0
DA:460,0
DA:462,0
DA:463,0
DA:464,0
DA:465,0
DA:466,0
DA:467,0
DA:468,0
DA:470,0
DA:471,0
DA:472,0
DA:473,0
DA:476,0
DA:477,0
LF:306
LH:133
end_of_record
TN:
SF:/Users/graysongall/projects/rxn-cpp/src/StringHelper.C
FN:0,__cxx_global_var_init
FN:18,_ZN3rxn5ltrimERNSt3__112basic_stringIcNS0_11char_traitsIcEENS0_9allocatorIcEEEE
FN:25,_ZN3rxn5rtrimERNSt3__112basic_stringIcNS0_11char_traitsIcEENS0_9allocatorIcEEEE
FN:32,_ZN3rxn4trimERNSt3__112basic_stringIcNS0_11char_traitsIcEENS0_9allocatorIcEEEE
FN:39,_ZN3rxn16splitByDelimiterERKNSt3__112basic_stringIcNS0_11char_traitsIcEENS0_9allocatorIcEEEES6_
FN:62,_ZN3rxn16findFirstCapitalERKNSt3__112basic_stringIcNS0_11char_traitsIcEENS0_9allocatorIcEEEE
FN:72,_ZN3rxn16findFirstSpecialERKNSt3__112basic_stringIcNS0_11char_traitsIcEENS0_9allocatorIcEEEE
FN:81,_ZN3rxn18findFirstNonLetterERKNSt3__112basic_stringIcNS0_11char_traitsIcEENS0_9allocatorIcEEEE
FN:91,_ZN3rxn15findFirstLetterERKNSt3__112basic_stringIcNS0_11char_traitsIcEENS0_9allocatorIcEEEE
FN:101,_ZN3rxn18findFirstNonNumberERKNSt3__112basic_stringIcNS0_11char_traitsIcEENS0_9allocatorIcEEEE
FN:111,_ZN3rxn15findFirstNumberERKNSt3__112basic_stringIcNS0_11char_traitsIcEENS0_9allocatorIcEEEE
FN:121,_ZN3rxn19findFirstNonSpecialERKNSt3__112basic_stringIcNS0_11char_traitsIcEENS0_9allocatorIcEEEE
FN:131,_ZN3rxn14splitByCapitalERKNSt3__112basic_stringIcNS0_11char_traitsIcEENS0_9allocatorIcEEEE
FN:167,_ZN3rxn16formatScientificEf
FN:185,_ZN3rxn9makeGreenERKNSt3__112basic_stringIcNS0_11char_traitsIcEENS0_9allocatorIcEEEE
FN:191,_ZN3rxn7makeRedERKNSt3__112basic_stringIcNS0_11char_traitsIcEENS0_9allocatorIcEEEE
FN:197,_ZN3rxn10printGreenERKNSt3__112basic_stringIcNS0_11char_traitsIcEENS0_9allocatorIcEEEE
FN:203,_ZN3rxn8printRedERKNSt3__112basic_stringIcNS0_11char_traitsIcEENS0_9allocatorIcEEEE
FN:209,_ZN3rxn16readDataFromFileERKNSt3__112basic_stringIcNS0_11char_traitsIcEENS0_9allocatorIcEEEES8_j
FNDA:124,_ZN3rxn9makeGreenERKNSt3__112basic_stringIcNS0_11char_traitsIcEENS0_9allocatorIcEEEE
FNDA:2,_ZN3rxn7makeRedERKNSt3__112basic_stringIcNS0_11char_traitsIcEENS0_9allocatorIcEEEE
FNDA:3368,_ZN3rxn4trimERNSt3__112basic_stringIcNS0_11char_traitsIcEENS0_9allocatorIcEEEE
FNDA:192,_ZN3rxn16findFirstSpecialERKNSt3__112basic_stringIcNS0_11char_traitsIcEENS0_9allocatorIcEEEE
FNDA:585,_ZN3rxn15findFirstLetterERKNSt3__112basic_stringIcNS0_11char_traitsIcEENS0_9allocatorIcEEEE
FNDA:2,_ZN3rxn8printRedERKNSt3__112basic_stringIcNS0_11char_traitsIcEENS0_9allocatorIcEEEE
FNDA:7,_ZN3rxn15findFirstNumberERKNSt3__112basic_stringIcNS0_11char_traitsIcEENS0_9allocatorIcEEEE
FNDA:3369,_ZN3rxn5rtrimERNSt3__112basic_stringIcNS0_11char_traitsIcEENS0_9allocatorIcEEEE
FNDA:1,_ZN3rxn16formatScientificEf
FNDA:85,_ZN3rxn14splitByCapitalERKNSt3__112basic_stringIcNS0_11char_traitsIcEENS0_9allocatorIcEEEE
FNDA:424,_ZN3rxn16findFirstCapitalERKNSt3__112basic_stringIcNS0_11char_traitsIcEENS0_9allocatorIcEEEE
FNDA:96,_ZN3rxn18findFirstNonNumberERKNSt3__112basic_stringIcNS0_11char_traitsIcEENS0_9allocatorIcEEEE
FNDA:124,_ZN3rxn10printGreenERKNSt3__112basic_stringIcNS0_11char_traitsIcEENS0_9allocatorIcEEEE
FNDA:1,__cxx_global_var_init
FNDA:12,_ZN3rxn16readDataFromFileERKNSt3__112basic_stringIcNS0_11char_traitsIcEENS0_9allocatorIcEEEES8_j
FNDA:188,_ZN3rxn18findFirstNonLetterERKNSt3__112basic_stringIcNS0_11char_traitsIcEENS0_9allocatorIcEEEE
FNDA:1614,_ZN3rxn16splitByDelimiterERKNSt3__112basic_stringIcNS0_11char_traitsIcEENS0_9allocatorIcEEEES6_
FNDA:67,_ZN3rxn19findFirstNonSpecialERKNSt3__112basic_stringIcNS0_11char_traitsIcEENS0_9allocatorIcEEEE
FNDA:3369,_ZN3rxn5ltrimERNSt3__112basic_stringIcNS0_11char_traitsIcEENS0_9allocatorIcEEEE
FNF:19
FNH:19
DA:15,1
DA:18,3369
DA:20,3369
DA:21,3369
DA:22,3369
DA:25,3369
DA:27,3369
DA:28,3369
DA:29,3369
DA:32,3368
DA:34,3368
DA:35,3368
DA:36,3368
DA:39,1614
DA:41,1614
DA:42,1614
DA:43,1614
DA:44,1614
DA:46,3269
DA:48,1655
DA:49,1655
DA:50,1655
DA:51,1655
DA:52,1655
DA:55,1614
DA:56,1614
DA:58,1614
DA:59,1614
DA:62,424
DA:64,1260
DA:65,836
DA:66,342
DA:68,82
DA:69,424
DA:72,192
DA:74,461
DA:75,269
DA:76,138
DA:77,54
DA:78,192
DA:81,188
DA:83,721
DA:84,533
DA:85,155
DA:87,33
DA:88,188
DA:91,585
DA:93,1223
DA:94,638
DA:95,584
DA:97,1
DA:98,585
DA:101,96
DA:103,296
DA:104,200
DA:105,75
DA:107,21
DA:108,96
DA:111,7
DA:113,31
DA:114,24
DA:115,1
DA:117,6
DA:118,7
DA:121,67
DA:123,214
DA:124,147
DA:125,45
DA:127,22
DA:128,67
DA:131,85
DA:133,85
DA:135,85
DA:138,85
DA:139,11
DA:142,74
DA:143,5
DA:145,69
DA:147,69
DA:149,152
DA:151,83
DA:153,83
DA:154,83
DA:157,83
DA:159,14
DA:160,14
DA:161,69
DA:163,69
DA:164,85
DA:167,1
DA:169,1
DA:171,1
DA:172,0
DA:174,1
DA:176,1
DA:179,1
DA:182,1
DA:185,124
DA:187,124
DA:188,0
DA:191,2
DA:193,2
DA:194,0
DA:197,124
DA:199,124
DA:200,124
DA:203,2
DA:205,2
DA:206,2
DA:209,12
DA:214,12
DA:216,12
DA:219,12
DA:220,0
DA:222,12
DA:224,12
DA:225,1197
DA:226,1186
DA:227,1186
DA:229,1186
DA:231,1
DA:232,3
DA:233,2
DA:234,1
DA:235,1
DA:236,1
DA:240,3555
DA:241,2370
DA:243,1185
DA:244,0
DA:245,0
DA:246,0
DA:247,1186
DA:250,11
DA:252,11
DA:253,13
LF:136
LH:129
end_of_record
TN:
SF:/Users/graysongall/projects/rxn-cpp/src/SubSpecies.C
FN:14,_ZN3rxn10SubSpeciesC2ERKNSt3__112basic_stringIcNS1_11char_traitsIcEENS1_9allocatorIcEEEE
FN:14,_ZN3rxn10SubSpeciesC1ERKNSt3__112basic_stringIcNS1_11char_traitsIcEENS1_9allocatorIcEEEE
FN:56,_ZN3rxn10SubSpecies7setBaseEv
FN:82,_ZN3rxn10SubSpecies11setModifierEv
FN:99,_ZN3rxn10SubSpecies12setSubscriptEv
FN:119,_ZN3rxn10SubSpecies15setChargeNumberEv
FN:207,_ZN3rxn10SubSpecies7setMassEv
FN:222,_ZN3rxn10SubSpecies12setLatexNameEv
FN:296,_ZNK3rxn10SubSpecieseqERKS0_
FN:324,_ZNK3rxn10SubSpeciesneERKS0_
FN:331,_ZNK3rxn10SubSpecies21setNeutralGroundStateEv
FN:346,_ZNKSt3__14hashIN3rxn10SubSpeciesEEclERKS2_
FNDA:110,_ZN3rxn10SubSpecies11setModifierEv
FNDA:110,_ZN3rxn10SubSpecies15setChargeNumberEv
FNDA:110,_ZN3rxn10SubSpecies7setBaseEv
FNDA:8,_ZNKSt3__14hashIN3rxn10SubSpeciesEEclERKS2_
FNDA:110,_ZN3rxn10SubSpecies12setSubscriptEv
FNDA:110,_ZN3rxn10SubSpeciesC2ERKNSt3__112basic_stringIcNS1_11char_traitsIcEENS1_9allocatorIcEEEE
FNDA:109,_ZN3rxn10SubSpecies12setLatexNameEv
FNDA:3,_ZNK3rxn10SubSpeciesneERKS0_
FNDA:5,_ZNK3rxn10SubSpecieseqERKS0_
FNDA:110,_ZNK3rxn10SubSpecies21setNeutralGroundStateEv
FNDA:114,_ZN3rxn10SubSpeciesC1ERKNSt3__112basic_stringIcNS1_11char_traitsIcEENS1_9allocatorIcEEEE
FNDA:109,_ZN3rxn10SubSpecies7setMassEv
FNF:12
FNH:12
DA:14,224
DA:15,110
DA:16,110
DA:17,110
DA:18,110
DA:19,110
DA:20,224
DA:21,110
DA:22,109
DA:23,109
DA:25,109
DA:27,109
DA:29,45
DA:30,45
DA:33,64
DA:35,64
DA:36,30
DA:40,34
DA:41,34
DA:42,17
DA:44,17
DA:46,17
DA:48,8
DA:49,8
DA:52,9
DA:53,224
DA:56,110
DA:58,110
DA:59,3
DA:61,107
DA:62,16
DA:64,91
DA:66,91
DA:67,0
DA:71,91
DA:73,91
DA:74,14
DA:76,91
DA:78,91
DA:79,110
DA:82,110
DA:84,110
DA:85,3
DA:87,107
DA:88,16
DA:90,91
DA:92,91
DA:93,14
DA:95,77
DA:96,110
DA:99,110
DA:102,110
DA:103,33
DA:105,77
DA:107,77
DA:108,12
DA:111,77
DA:112,28
DA:115,49
DA:116,110
DA:119,110
DA:121,110
DA:123,16
DA:124,16
DA:128,94
DA:130,17
DA:131,17
DA:135,77
DA:136,77
DA:138,49
DA:139,49
DA:140,49
DA:141,49
DA:143,28
DA:146,77
DA:148,12
DA:149,12
DA:153,65
DA:155,1
DA:156,1
DA:157,1
DA:158,1
DA:159,1
DA:161,64
DA:163,30
DA:164,30
DA:168,34
DA:170,34
DA:171,14
DA:173,20
DA:175,34
DA:177,17
DA:178,17
DA:183,17
DA:186,17
DA:189,17
DA:190,8
DA:192,17
DA:194,17
DA:196,0
DA:197,0
DA:201,17
DA:203,17
DA:204,111
DA:207,109
DA:209,109
DA:211,109
DA:213,16
DA:214,16
DA:217,93
DA:218,93
DA:219,109
DA:222,109
DA:224,109
DA:225,109
DA:227,3
DA:228,3
DA:231,106
DA:233,3
DA:234,3
DA:237,103
DA:239,30
DA:240,30
DA:243,73
DA:245,73
DA:247,73
DA:249,47
DA:250,47
DA:251,47
DA:253,73
DA:256,34
DA:258,34
DA:260,14
DA:261,14
DA:262,14
DA:266,20
DA:267,20
DA:271,34
DA:272,17
DA:274,34
DA:276,17
DA:277,17
DA:278,17
DA:279,34
DA:281,73
DA:283,37
DA:284,37
DA:287,36
DA:289,36
DA:290,36
DA:292,36
DA:293,109
DA:296,5
DA:299,5
DA:300,1
DA:302,4
DA:303,0
DA:305,4
DA:306,0
DA:308,4
DA:309,0
DA:311,4
DA:312,0
DA:314,4
DA:315,0
DA:317,4
DA:318,0
DA:320,4
DA:321,5
DA:324,3
DA:326,3
DA:331,110
DA:333,110
DA:335,110
DA:336,110
DA:338,49
DA:339,49
DA:340,110
DA:341,110
DA:346,8
DA:348,8
DA:350,8
DA:352,8
DA:353,8
DA:354,8
DA:355,8
DA:356,8
DA:357,8
DA:358,8
DA:359,8
DA:361,16
DA:362,8
LF:192
LH:183
end_of_record
TN:
SF:/Users/graysongall/projects/rxn-cpp/src/YamlHelper.C
FN:15,_ZN3rxn11getTypeNameINSt3__112basic_stringIcNS1_11char_traitsIcEENS1_9allocatorIcEEEEEES7_v
FN:20,_ZN3rxn11getTypeNameIdEENSt3__112basic_stringIcNS1_11char_traitsIcEENS1_9allocatorIcEEEEv
FN:25,_ZN3rxn11getTypeNameIbEENSt3__112basic_stringIcNS1_11char_traitsIcEENS1_9allocatorIcEEEEv
FN:31,_ZN3rxn12defaultValueIdEET_v
FN:37,_ZN3rxn12defaultValueINSt3__112basic_stringIcNS1_11char_traitsIcEENS1_9allocatorIcEEEEEET_v
FN:42,_ZN3rxn12defaultValueIbEET_v
FN:48,_ZN3rxn13paramProvidedERKNSt3__112basic_stringIcNS0_11char_traitsIcEENS0_9allocatorIcEEEERKN4YAML4NodeEb
FN:62,_ZN3rxn9getParamsINSt3__112basic_stringIcNS1_11char_traitsIcEENS1_9allocatorIcEEEEEENS1_6vectorIT_NS5_IS9_EEEERKS7_RKN4YAML4NodeEb
FN:62,_ZN3rxn9getParamsIdEENSt3__16vectorIT_NS1_9allocatorIS3_EEEERKNS1_12basic_stringIcNS1_11char_traitsIcEENS4_IcEEEERKN4YAML4NodeEb
FN:101,_ZN3rxn8getParamINSt3__112basic_stringIcNS1_11char_traitsIcEENS1_9allocatorIcEEEEEET_RKS7_RKN4YAML4NodeEb
FN:101,_ZN3rxn8getParamIbEET_RKNSt3__112basic_stringIcNS2_11char_traitsIcEENS2_9allocatorIcEEEERKN4YAML4NodeEb
FN:101,_ZN3rxn8getParamIdEET_RKNSt3__112basic_stringIcNS2_11char_traitsIcEENS2_9allocatorIcEEEERKN4YAML4NodeEb
FN:127,_ZN3rxn14getExtraParamsERKN4YAML4NodeERKNSt3__16vectorIKNS4_12basic_stringIcNS4_11char_traitsIcEENS4_9allocatorIcEEEENS9_ISC_EEEE
FNDA:1576,_ZN3rxn13paramProvidedERKNSt3__112basic_stringIcNS0_11char_traitsIcEENS0_9allocatorIcEEEERKN4YAML4NodeEb
FNDA:141,_ZN3rxn14getExtraParamsERKN4YAML4NodeERKNSt3__16vectorIKNS4_12basic_stringIcNS4_11char_traitsIcEENS4_9allocatorIcEEEENS9_ISC_EEEE
FNDA:89,_ZN3rxn9getParamsIdEENSt3__16vectorIT_NS1_9allocatorIS3_EEEERKNS1_12basic_stringIcNS1_11char_traitsIcEENS4_IcEEEERKN4YAML4NodeEb
FNDA:190,_ZN3rxn12defaultValueIdEET_v
FNDA:2,_ZN3rxn11getTypeNameIbEENSt3__112basic_stringIcNS1_11char_traitsIcEENS1_9allocatorIcEEEEv
FNDA:3,_ZN3rxn12defaultValueINSt3__112basic_stringIcNS1_11char_traitsIcEENS1_9allocatorIcEEEEEET_v
FNDA:289,_ZN3rxn9getParamsINSt3__112basic_stringIcNS1_11char_traitsIcEENS1_9allocatorIcEEEEEENS1_6vectorIT_NS5_IS9_EEEERKS7_RKN4YAML4NodeEb
FNDA:139,_ZN3rxn12defaultValueIbEET_v
FNDA:165,_ZN3rxn8getParamINSt3__112basic_stringIcNS1_11char_traitsIcEENS1_9allocatorIcEEEEEET_RKS7_RKN4YAML4NodeEb
FNDA:283,_ZN3rxn8getParamIdEET_RKNSt3__112basic_stringIcNS2_11char_traitsIcEENS2_9allocatorIcEEEERKN4YAML4NodeEb
FNDA:142,_ZN3rxn8getParamIbEET_RKNSt3__112basic_stringIcNS2_11char_traitsIcEENS2_9allocatorIcEEEERKN4YAML4NodeEb
FNDA:3,_ZN3rxn11getTypeNameIdEENSt3__112basic_stringIcNS1_11char_traitsIcEENS1_9allocatorIcEEEEv
FNDA:1,_ZN3rxn11getTypeNameINSt3__112basic_stringIcNS1_11char_traitsIcEENS1_9allocatorIcEEEEEES7_v
FNF:13
FNH:13
DA:15,1
DA:16,1
DA:20,3
DA:21,3
DA:25,2
DA:26,2
DA:31,190
DA:32,190
DA:37,3
DA:38,3
DA:42,139
DA:44,139
DA:48,1576
DA:50,1577
DA:52,815
DA:54,1
DA:56,814
DA:58,761
DA:59,1576
DA:62,378
DA:65,378
DA:67,140
DA:70,238
DA:74,238
DA:75,238
DA:81,187
DA:82,186
DA:83,186
DA:84,187
DA:86,1
DA:89,1
DA:90,187
DA:92,51
DA:93,804
DA:101,590
DA:104,590
DA:106,329
DA:109,261
DA:111,261
DA:112,261
DA:115,2
DA:116,2
DA:118,259
DA:119,757
DA:127,141
DA:129,141
DA:130,141
DA:131,141
DA:133,664
DA:135,523
DA:136,523
DA:138,2828
DA:140,2305
DA:142,520
DA:143,520
DA:145,2305
DA:147,523
DA:149,3
DA:150,3
DA:151,523
DA:152,141
DA:153,141
LF:62
LH:62
end_of_record
