TN:
SF:/Users/graysongall/projects/rxn-cpp/src/BibTexHelper.C
FN:9,_ZN3rxn12BibTexHelper11getInstanceEv
FN:19,_ZN3rxn12BibTexHelper5clearEv
FN:25,_ZN3rxn12BibTexHelper17collectReferencesERKNSt3__112basic_stringIcNS1_11char_traitsIcEENS1_9allocatorIcEEEE
FN:65,_ZN3rxn12BibTexHelper12checkCiteKeyERKNSt3__112basic_stringIcNS1_11char_traitsIcEENS1_9allocatorIcEEEES9_
FNDA:2,_ZN3rxn12BibTexHelper5clearEv
FNDA:2,_ZN3rxn12BibTexHelper11getInstanceEv
FNDA:0,_ZN3rxn12BibTexHelper17collectReferencesERKNSt3__112basic_stringIcNS1_11char_traitsIcEENS1_9allocatorIcEEEE
FNDA:0,_ZN3rxn12BibTexHelper12checkCiteKeyERKNSt3__112basic_stringIcNS1_11char_traitsIcEENS1_9allocatorIcEEEES9_
FNF:4
FNH:2
DA:9,2
DA:12,2
DA:13,1
DA:14,1
DA:15,2
DA:16,0
DA:19,2
DA:21,2
DA:22,2
DA:25,0
DA:27,0
DA:28,0
DA:29,0
DA:31,0
DA:34,0
DA:35,0
DA:36,0
DA:37,0
DA:39,0
DA:41,0
DA:43,0
DA:46,0
DA:47,0
DA:48,0
DA:49,0
DA:52,0
DA:54,0
DA:55,0
DA:57,0
DA:58,0
DA:60,0
DA:61,0
DA:62,0
DA:65,0
DA:67,0
DA:69,0
DA:71,0
DA:74,0
DA:76,0
DA:78,0
DA:80,0
LF:41
LH:8
end_of_record
TN:
SF:/Users/graysongall/projects/rxn-cpp/src/Constants.C
FN:0,__cxx_global_var_init.45
FN:0,__cxx_global_var_init.21
FN:0,__cxx_global_var_init.33
FN:0,__cxx_global_var_init.16
FN:0,__cxx_global_var_init.28
FN:0,__cxx_global_var_init.1
FN:0,__cxx_global_var_init.47
FN:0,__cxx_global_var_init.13
FN:0,__cxx_global_var_init.9
FN:0,__cxx_global_var_init.24
FN:0,__cxx_global_var_init.3
FN:0,__cxx_global_var_init.41
FN:0,__cxx_global_var_init.5
FN:0,__cxx_global_var_init.29
FN:0,__cxx_global_var_init.37
FN:0,__cxx_global_var_init.35
FN:0,__cxx_global_var_init.19
FN:0,__cxx_global_var_init.43
FN:0,__cxx_global_var_init.39
FN:0,__cxx_global_var_init.14
FN:0,__cxx_global_var_init.23
FN:0,__cxx_global_var_init.31
FN:0,__cxx_global_var_init.7
FN:0,__cxx_global_var_init.18
FN:0,__cxx_global_var_init.11
FN:0,__cxx_global_var_init.26
FN:0,__cxx_global_var_init
FNDA:1,__cxx_global_var_init.41
FNDA:1,__cxx_global_var_init.5
FNDA:1,__cxx_global_var_init.29
FNDA:1,__cxx_global_var_init.45
FNDA:1,__cxx_global_var_init.21
FNDA:1,__cxx_global_var_init.16
FNDA:1,__cxx_global_var_init.33
FNDA:1,__cxx_global_var_init.28
FNDA:1,__cxx_global_var_init.1
FNDA:1,__cxx_global_var_init.47
FNDA:1,__cxx_global_var_init.9
FNDA:1,__cxx_global_var_init.13
FNDA:1,__cxx_global_var_init.24
FNDA:1,__cxx_global_var_init.3
FNDA:1,__cxx_global_var_init.14
FNDA:1,__cxx_global_var_init.23
FNDA:1,__cxx_global_var_init.31
FNDA:1,__cxx_global_var_init.7
FNDA:1,__cxx_global_var_init.18
FNDA:1,__cxx_global_var_init.11
FNDA:1,__cxx_global_var_init.26
FNDA:1,__cxx_global_var_init
FNDA:1,__cxx_global_var_init.37
FNDA:1,__cxx_global_var_init.35
FNDA:1,__cxx_global_var_init.19
FNDA:1,__cxx_global_var_init.43
FNDA:1,__cxx_global_var_init.39
FNF:27
FNH:27
DA:10,1
DA:11,1
DA:12,1
DA:13,1
DA:14,1
DA:15,1
DA:16,1
DA:17,1
DA:19,1
DA:20,1
DA:21,1
DA:23,1
DA:24,1
DA:25,1
DA:27,1
DA:28,1
DA:29,1
DA:31,1
DA:32,1
DA:33,1
DA:34,1
DA:35,1
DA:36,1
DA:37,1
DA:39,1
DA:40,1
DA:51,1
LF:27
LH:27
end_of_record
TN:
SF:/Users/graysongall/projects/rxn-cpp/src/InvalidInput.C
FN:5,_ZN3rxn14InvalidSpeciesC1ERKNSt3__112basic_stringIcNS1_11char_traitsIcEENS1_9allocatorIcEEEES9_
FN:5,_ZN3rxn14InvalidSpeciesC2ERKNSt3__112basic_stringIcNS1_11char_traitsIcEENS1_9allocatorIcEEEES9_
FN:11,_ZNK3rxn14InvalidSpecies4whatEv
FN:16,_ZN3rxn15InvalidReactionC2ERKNSt3__112basic_stringIcNS1_11char_traitsIcEENS1_9allocatorIcEEEES9_
FN:16,_ZN3rxn15InvalidReactionC1ERKNSt3__112basic_stringIcNS1_11char_traitsIcEENS1_9allocatorIcEEEES9_
FN:22,_ZNK3rxn15InvalidReaction4whatEv
FN:27,_ZN3rxn12InvalidInputC2ERKNSt3__112basic_stringIcNS1_11char_traitsIcEENS1_9allocatorIcEEEE
FN:27,_ZN3rxn12InvalidInputC1ERKNSt3__112basic_stringIcNS1_11char_traitsIcEENS1_9allocatorIcEEEE
FN:32,_ZN3rxn12InvalidInputC1ERKN4YAML4NodeERKNSt3__112basic_stringIcNS5_11char_traitsIcEENS5_9allocatorIcEEEE
FN:32,_ZN3rxn12InvalidInputC2ERKN4YAML4NodeERKNSt3__112basic_stringIcNS5_11char_traitsIcEENS5_9allocatorIcEEEE
FN:40,_ZN3rxn12InvalidInputC1ERKN4YAML4NodeERKNSt3__112basic_stringIcNS5_11char_traitsIcEENS5_9allocatorIcEEEESD_
FN:40,_ZN3rxn12InvalidInputC2ERKN4YAML4NodeERKNSt3__112basic_stringIcNS5_11char_traitsIcEENS5_9allocatorIcEEEESD_
FN:49,_ZNK3rxn12InvalidInput4whatEv
FN:54,_ZN3rxn16InvalidInputExitERKNSt3__112basic_stringIcNS0_11char_traitsIcEENS0_9allocatorIcEEEE
FN:64,_ZN3rxn16InvalidInputExitEN4YAML4NodeERKNSt3__112basic_stringIcNS2_11char_traitsIcEENS2_9allocatorIcEEEE
FN:78,_ZN3rxn16InvalidInputExitEN4YAML4NodeERKNSt3__112basic_stringIcNS2_11char_traitsIcEENS2_9allocatorIcEEEESA_
FNDA:0,_ZN3rxn16InvalidInputExitEN4YAML4NodeERKNSt3__112basic_stringIcNS2_11char_traitsIcEENS2_9allocatorIcEEEESA_
FNDA:0,_ZN3rxn12InvalidInputC1ERKN4YAML4NodeERKNSt3__112basic_stringIcNS5_11char_traitsIcEENS5_9allocatorIcEEEE
FNDA:0,_ZN3rxn12InvalidInputC2ERKN4YAML4NodeERKNSt3__112basic_stringIcNS5_11char_traitsIcEENS5_9allocatorIcEEEE
FNDA:0,_ZN3rxn12InvalidInputC1ERKNSt3__112basic_stringIcNS1_11char_traitsIcEENS1_9allocatorIcEEEE
FNDA:2,_ZN3rxn16InvalidInputExitERKNSt3__112basic_stringIcNS0_11char_traitsIcEENS0_9allocatorIcEEEE
FNDA:0,_ZN3rxn15InvalidReactionC1ERKNSt3__112basic_stringIcNS1_11char_traitsIcEENS1_9allocatorIcEEEES9_
FNDA:2,_ZN3rxn14InvalidSpeciesC2ERKNSt3__112basic_stringIcNS1_11char_traitsIcEENS1_9allocatorIcEEEES9_
FNDA:0,_ZN3rxn12InvalidInputC2ERKNSt3__112basic_stringIcNS1_11char_traitsIcEENS1_9allocatorIcEEEE
FNDA:0,_ZNK3rxn15InvalidReaction4whatEv
FNDA:0,_ZN3rxn12InvalidInputC2ERKN4YAML4NodeERKNSt3__112basic_stringIcNS5_11char_traitsIcEENS5_9allocatorIcEEEESD_
FNDA:0,_ZN3rxn16InvalidInputExitEN4YAML4NodeERKNSt3__112basic_stringIcNS2_11char_traitsIcEENS2_9allocatorIcEEEE
FNDA:0,_ZNK3rxn14InvalidSpecies4whatEv
FNDA:0,_ZN3rxn12InvalidInputC1ERKN4YAML4NodeERKNSt3__112basic_stringIcNS5_11char_traitsIcEENS5_9allocatorIcEEEESD_
FNDA:2,_ZN3rxn14InvalidSpeciesC1ERKNSt3__112basic_stringIcNS1_11char_traitsIcEENS1_9allocatorIcEEEES9_
FNDA:0,_ZN3rxn15InvalidReactionC2ERKNSt3__112basic_stringIcNS1_11char_traitsIcEENS1_9allocatorIcEEEES9_
FNDA:0,_ZNK3rxn12InvalidInput4whatEv
FNF:16
FNH:3
DA:5,6
DA:6,4
DA:7,2
DA:8,4
DA:11,0
DA:13,0
DA:16,0
DA:17,0
DA:18,0
DA:19,0
DA:22,0
DA:24,0
DA:27,0
DA:28,0
DA:29,0
DA:30,0
DA:32,0
DA:33,0
DA:34,0
DA:35,0
DA:37,0
DA:38,0
DA:40,0
DA:41,0
DA:42,0
DA:43,0
DA:45,0
DA:46,0
DA:49,0
DA:51,0
DA:54,2
DA:56,2
DA:58,2
DA:62,0
DA:64,0
DA:66,0
DA:67,0
DA:69,0
DA:71,0
DA:75,0
DA:78,0
DA:80,0
DA:81,0
DA:83,0
DA:85,0
DA:89,0
LF:46
LH:7
end_of_record
TN:
SF:/Users/graysongall/projects/rxn-cpp/src/NetworkParser.C
FN:0,__cxx_global_var_init.3
FN:0,__cxx_global_var_init.13
FN:0,__cxx_global_var_init.9
FN:0,__cxx_global_var_init.24
FN:0,__cxx_global_var_init.1
FN:0,__cxx_global_var_init.47
FN:0,__cxx_global_var_init.45
FN:0,__cxx_global_var_init.21
FN:0,__cxx_global_var_init.16
FN:0,__cxx_global_var_init.33
FN:0,__cxx_global_var_init.28
FN:0,__cxx_global_var_init.29
FN:0,__cxx_global_var_init.5
FN:0,__cxx_global_var_init.41
FN:0,__cxx_global_var_init.39
FN:0,__cxx_global_var_init.35
FN:0,__cxx_global_var_init.19
FN:0,__cxx_global_var_init.43
FN:0,__cxx_global_var_init.37
FN:0,__cxx_global_var_init
FN:0,__cxx_global_var_init.18
FN:0,__cxx_global_var_init.11
FN:0,__cxx_global_var_init.26
FN:0,__cxx_global_var_init.7
FN:0,__cxx_global_var_init.14
FN:0,__cxx_global_var_init.23
FN:0,__cxx_global_var_init.31
FN:8,_ZN3rxn13NetworkParser11getInstanceEv
FN:18,_ZN3rxn13NetworkParser5clearEv
FN:28,_ZN3rxn13NetworkParser9checkRefsEv
FN:34,_ZNK3rxn13NetworkParser9checkFileERKNSt3__112basic_stringIcNS1_11char_traitsIcEENS1_9allocatorIcEEEE
FN:49,_ZN3rxn13NetworkParser12checkBibFileERKNSt3__112basic_stringIcNS1_11char_traitsIcEENS1_9allocatorIcEEEE
FN:67,_ZN3rxn13NetworkParser14parseReactionsERKN4YAML4NodeEPNSt3__16vectorINS5_10shared_ptrIKNS_8ReactionEEENS5_9allocatorISA_EEEERKNS5_12basic_stringIcNS5_11char_traitsIcEENSB_IcEEEESL_SL_
FN:93,_ZN3rxn13NetworkParser12parseNetworkERKNSt3__112basic_stringIcNS1_11char_traitsIcEENS1_9allocatorIcEEEE
FNDA:3,_ZNK3rxn13NetworkParser9checkFileERKNSt3__112basic_stringIcNS1_11char_traitsIcEENS1_9allocatorIcEEEE
FNDA:1,__cxx_global_var_init.18
FNDA:1,__cxx_global_var_init.26
FNDA:1,__cxx_global_var_init.11
FNDA:1,__cxx_global_var_init
FNDA:1,__cxx_global_var_init.14
FNDA:2,_ZN3rxn13NetworkParser5clearEv
FNDA:1,__cxx_global_var_init.31
FNDA:1,__cxx_global_var_init.23
FNDA:0,_ZN3rxn13NetworkParser12checkBibFileERKNSt3__112basic_stringIcNS1_11char_traitsIcEENS1_9allocatorIcEEEE
FNDA:1,__cxx_global_var_init.7
FNDA:1,__cxx_global_var_init.39
FNDA:0,_ZN3rxn13NetworkParser9checkRefsEv
FNDA:1,__cxx_global_var_init.37
FNDA:1,__cxx_global_var_init.43
FNDA:1,__cxx_global_var_init.19
FNDA:1,__cxx_global_var_init.35
FNDA:1,__cxx_global_var_init.5
FNDA:1,__cxx_global_var_init.29
FNDA:1,__cxx_global_var_init.41
FNDA:2,_ZN3rxn13NetworkParser14parseReactionsERKN4YAML4NodeEPNSt3__16vectorINS5_10shared_ptrIKNS_8ReactionEEENS5_9allocatorISA_EEEERKNS5_12basic_stringIcNS5_11char_traitsIcEENSB_IcEEEESL_SL_
FNDA:1,__cxx_global_var_init.9
FNDA:1,__cxx_global_var_init.13
FNDA:1,__cxx_global_var_init.24
FNDA:1,__cxx_global_var_init.3
FNDA:1,__cxx_global_var_init.33
FNDA:1,__cxx_global_var_init.16
FNDA:1,__cxx_global_var_init.21
FNDA:1,__cxx_global_var_init.45
FNDA:1,__cxx_global_var_init.28
FNDA:4,_ZN3rxn13NetworkParser11getInstanceEv
FNDA:1,__cxx_global_var_init.1
FNDA:1,_ZN3rxn13NetworkParser12parseNetworkERKNSt3__112basic_stringIcNS1_11char_traitsIcEENS1_9allocatorIcEEEE
FNDA:1,__cxx_global_var_init.47
FNF:34
FNH:32
DA:8,4
DA:10,1
DA:11,5
DA:12,2
DA:13,2
DA:14,5
DA:15,1
DA:16,1
DA:17,1
DA:18,2
DA:19,1
DA:20,3
DA:21,3
DA:22,2
DA:23,3
DA:24,3
DA:25,3
DA:26,2
DA:27,1
DA:28,1
DA:29,1
DA:30,0
DA:31,1
DA:32,1
DA:33,1
DA:34,4
DA:35,1
DA:36,4
DA:37,4
DA:39,2
DA:40,1
DA:41,2
DA:42,2
DA:44,1
DA:45,0
DA:46,4
DA:49,0
DA:51,1
DA:52,0
DA:55,0
DA:56,0
DA:57,0
DA:58,0
DA:60,0
DA:62,0
DA:63,0
DA:64,0
DA:67,2
DA:69,2
DA:71,1
DA:74,1
DA:76,0
DA:77,0
DA:79,1
DA:81,9
DA:84,8
DA:85,8
DA:86,8
DA:87,0
DA:88,0
DA:89,8
DA:90,2
DA:93,1
DA:95,1
DA:96,1
DA:98,1
DA:100,1
DA:102,0
DA:104,0
DA:106,0
DA:107,0
DA:108,0
DA:111,0
DA:113,0
DA:114,0
DA:116,0
DA:117,0
DA:119,1
DA:123,1
DA:124,1
DA:125,0
DA:126,0
DA:127,0
DA:129,1
DA:131,0
DA:132,0
DA:135,1
DA:136,1
DA:138,0
DA:139,0
DA:140,0
DA:142,1
DA:143,1
DA:144,1
DA:146,1
DA:148,0
DA:149,0
DA:150,0
DA:151,0
DA:153,1
DA:154,1
DA:155,1
LF:102
LH:64
end_of_record
TN:
SF:/Users/graysongall/projects/rxn-cpp/src/Reaction.C
FN:0,__cxx_global_var_init.39
FN:0,__cxx_global_var_init.35
FN:0,__cxx_global_var_init.19
FN:0,__cxx_global_var_init.37
FN:0,__cxx_global_var_init
FN:0,__cxx_global_var_init.23
FN:0,__cxx_global_var_init.14
FN:0,__cxx_global_var_init.3
FN:0,__cxx_global_var_init.9
FN:0,__cxx_global_var_init.47
FN:0,__cxx_global_var_init.1
FN:0,__cxx_global_var_init.28
FN:0,__cxx_global_var_init.21
FN:0,__cxx_global_var_init.45
FN:0,__cxx_global_var_init.16
FN:0,__cxx_global_var_init.5
FN:0,__cxx_global_var_init.43
FN:0,__cxx_global_var_init.11
FN:0,__cxx_global_var_init.26
FN:0,__cxx_global_var_init.18
FN:0,__cxx_global_var_init.7
FN:0,__cxx_global_var_init.31
FN:0,__cxx_global_var_init.24
FN:0,__cxx_global_var_init.13
FN:0,__cxx_global_var_init.33
FN:0,__cxx_global_var_init.29
FN:0,__cxx_global_var_init.41
FN:5,_ZN3rxn8ReactionC2ERKN4YAML4NodeEiRKNSt3__112basic_stringIcNS5_11char_traitsIcEENS5_9allocatorIcEEEESD_b
FN:5,_ZN3rxn8ReactionC1ERKN4YAML4NodeEiRKNSt3__112basic_stringIcNS5_11char_traitsIcEENS5_9allocatorIcEEEESD_b
FN:68,_ZN3rxn8Reaction9checkNameERKN4YAML4NodeE
FN:82,_ZN3rxn8Reaction8setSidesEv
FN:151,_ZN3rxn8Reaction8getCoeffERNSt3__112basic_stringIcNS1_11char_traitsIcEENS1_9allocatorIcEEEE
FN:169,_ZN3rxn8Reaction16validateReactionEv
FN:263,_ZN3rxn8Reaction16substituteLumpedEv
FN:303,_ZN3rxn8Reaction12setLatexNameEv
FN:356,_ZN3rxn8Reaction15checkReferencesEv
FN:370,_ZNK3rxn8Reaction7getNameEv
FN:376,_ZNK3rxn8Reaction22getLatexRepresentationEv
FN:382,_ZNK3rxn8Reaction17getReactionNumberEv
FN:388,_ZNK3rxn8Reaction13getReferencesEv
FN:394,_ZNK3rxn8Reaction8getNotesEv
FN:400,_ZNK3rxn8ReactioneqERKS0_
FN:415,_ZNK3rxn8ReactionneERKS0_
FN:422,_ZNKSt3__14hashIN3rxn8ReactionEEclERKS2_
FNDA:1,__cxx_global_var_init.14
FNDA:1,__cxx_global_var_init.23
FNDA:8,_ZN3rxn8ReactionC1ERKN4YAML4NodeEiRKNSt3__112basic_stringIcNS5_11char_traitsIcEENS5_9allocatorIcEEEESD_b
FNDA:8,_ZN3rxn8Reaction8setSidesEv
FNDA:0,_ZN3rxn8Reaction15checkReferencesEv
FNDA:1,__cxx_global_var_init
FNDA:0,_ZNK3rxn8Reaction17getReactionNumberEv
FNDA:1,__cxx_global_var_init.37
FNDA:1,__cxx_global_var_init.35
FNDA:1,__cxx_global_var_init.19
FNDA:0,_ZNK3rxn8Reaction22getLatexRepresentationEv
FNDA:8,_ZN3rxn8ReactionC2ERKN4YAML4NodeEiRKNSt3__112basic_stringIcNS5_11char_traitsIcEENS5_9allocatorIcEEEESD_b
FNDA:1,__cxx_global_var_init.39
FNDA:1,__cxx_global_var_init.5
FNDA:1,__cxx_global_var_init.21
FNDA:1,__cxx_global_var_init.45
FNDA:1,__cxx_global_var_init.16
FNDA:8,_ZN3rxn8Reaction16substituteLumpedEv
FNDA:1,__cxx_global_var_init.28
FNDA:1,__cxx_global_var_init.1
FNDA:1,__cxx_global_var_init.47
FNDA:8,_ZN3rxn8Reaction9checkNameERKN4YAML4NodeE
FNDA:1,__cxx_global_var_init.9
FNDA:1,__cxx_global_var_init.3
FNDA:1,__cxx_global_var_init.31
FNDA:1,__cxx_global_var_init.7
FNDA:0,_ZNK3rxn8ReactioneqERKS0_
FNDA:1,__cxx_global_var_init.18
FNDA:1,__cxx_global_var_init.11
FNDA:1,__cxx_global_var_init.26
FNDA:0,_ZNKSt3__14hashIN3rxn8ReactionEEclERKS2_
FNDA:31,_ZN3rxn8Reaction8getCoeffERNSt3__112basic_stringIcNS1_11char_traitsIcEENS1_9allocatorIcEEEE
FNDA:1,__cxx_global_var_init.43
FNDA:8,_ZN3rxn8Reaction12setLatexNameEv
FNDA:0,_ZNK3rxn8Reaction13getReferencesEv
FNDA:1,__cxx_global_var_init.41
FNDA:8,_ZNK3rxn8Reaction7getNameEv
FNDA:0,_ZNK3rxn8Reaction8getNotesEv
FNDA:1,__cxx_global_var_init.29
FNDA:16,_ZN3rxn8Reaction16validateReactionEv
FNDA:0,_ZNK3rxn8ReactionneERKS0_
FNDA:1,__cxx_global_var_init.33
FNDA:1,__cxx_global_var_init.13
FNDA:1,__cxx_global_var_init.24
FNF:44
FNH:36
DA:5,24
DA:10,9
DA:11,9
DA:12,9
DA:13,9
DA:14,9
DA:15,9
DA:16,9
DA:17,9
DA:18,8
DA:19,9
DA:20,1
DA:21,9
DA:22,8
DA:23,1
DA:24,9
DA:25,1
DA:26,0
DA:27,1
DA:28,1
DA:29,9
DA:31,1
DA:32,1
DA:33,1
DA:34,9
DA:35,1
DA:36,9
DA:37,1
DA:38,0
DA:39,1
DA:40,1
DA:42,0
DA:43,0
DA:44,0
DA:47,0
DA:49,0
DA:50,0
DA:51,1
DA:52,0
DA:53,0
DA:55,8
DA:56,8
DA:57,8
DA:58,8
DA:59,8
DA:61,8
DA:63,0
DA:64,0
DA:65,16
DA:68,8
DA:71,8
DA:73,8
DA:75,0
DA:76,0
DA:78,8
DA:79,8
DA:82,8
DA:85,8
DA:86,8
DA:87,8
DA:89,8
DA:90,8
DA:92,8
DA:94,8
DA:95,23
DA:97,15
DA:98,15
DA:100,15
DA:102,15
DA:103,15
DA:104,15
DA:107,0
DA:108,0
DA:112,15
DA:113,15
DA:114,0
DA:115,0
DA:117,15
DA:118,15
DA:120,15
DA:122,8
DA:123,24
DA:125,16
DA:126,16
DA:128,16
DA:130,9
DA:131,9
DA:132,9
DA:135,7
DA:136,7
DA:140,16
DA:141,16
DA:142,0
DA:143,0
DA:145,16
DA:146,16
DA:147,16
DA:148,8
DA:151,31
DA:153,31
DA:155,31
DA:156,31
DA:158,26
DA:159,26
DA:162,5
DA:163,5
DA:165,62
DA:166,31
DA:169,16
DA:172,16
DA:174,16
DA:177,16
DA:178,16
DA:179,46
DA:181,30
DA:183,30
DA:184,30
DA:185,30
DA:186,60
DA:190,30
DA:191,10
DA:193,20
DA:195,16
DA:196,16
DA:199,4
DA:200,30
DA:201,30
DA:203,16
DA:205,16
DA:206,16
DA:207,48
DA:209,32
DA:210,32
DA:214,64
DA:218,32
DA:219,12
DA:220,20
DA:222,20
DA:224,0
DA:227,20
DA:229,16
DA:230,16
DA:233,4
DA:234,32
DA:236,32
DA:237,32
DA:238,32
DA:241,32
DA:242,16
DA:244,0
DA:245,0
DA:246,0
DA:247,16
DA:249,16
DA:250,16
DA:252,16
DA:253,0
DA:255,16
DA:256,0
DA:258,16
DA:259,0
DA:260,16
DA:263,8
DA:265,8
DA:266,8
DA:269,8
DA:271,23
DA:273,15
DA:274,15
DA:276,15
DA:278,0
DA:279,0
DA:281,0
DA:282,0
DA:283,0
DA:284,0
DA:286,24
DA:288,16
DA:289,16
DA:291,16
DA:293,0
DA:294,0
DA:296,0
DA:297,0
DA:298,0
DA:299,0
DA:300,8
DA:303,8
DA:307,8
DA:308,23
DA:310,15
DA:311,15
DA:313,15
DA:315,15
DA:316,0
DA:318,15
DA:320,15
DA:321,15
DA:322,2
DA:324,15
DA:326,15
DA:327,7
DA:328,15
DA:330,8
DA:332,24
DA:334,16
DA:335,16
DA:337,16
DA:339,16
DA:340,7
DA:342,9
DA:344,9
DA:345,9
DA:346,0
DA:348,9
DA:350,9
DA:351,8
DA:352,16
DA:353,8
DA:356,0
DA:358,0
DA:359,0
DA:362,0
DA:363,0
DA:364,0
DA:365,0
DA:366,0
DA:367,0
DA:370,8
DA:372,8
DA:376,0
DA:378,0
DA:382,0
DA:384,0
DA:388,0
DA:390,0
DA:394,0
DA:396,0
DA:400,0
DA:402,0
DA:403,0
DA:405,0
DA:406,0
DA:408,0
DA:409,0
DA:411,0
DA:412,0
DA:415,0
DA:417,0
DA:422,0
DA:424,0
DA:426,0
DA:428,0
DA:429,0
DA:430,0
DA:435,0
DA:436,0
LF:257
LH:180
end_of_record
TN:
SF:/Users/graysongall/projects/rxn-cpp/src/Species.C
FN:0,__cxx_global_var_init.39
FN:0,__cxx_global_var_init.19
FN:0,__cxx_global_var_init.43
FN:0,__cxx_global_var_init.35
FN:0,__cxx_global_var_init.37
FN:0,__cxx_global_var_init
FN:0,__cxx_global_var_init.26
FN:0,__cxx_global_var_init.11
FN:0,__cxx_global_var_init.18
FN:0,__cxx_global_var_init.7
FN:0,__cxx_global_var_init.31
FN:0,__cxx_global_var_init.23
FN:0,__cxx_global_var_init.14
FN:0,__cxx_global_var_init.3
FN:0,__cxx_global_var_init.24
FN:0,__cxx_global_var_init.13
FN:0,__cxx_global_var_init.9
FN:0,__cxx_global_var_init.47
FN:0,__cxx_global_var_init.1
FN:0,__cxx_global_var_init.28
FN:0,__cxx_global_var_init.16
FN:0,__cxx_global_var_init.33
FN:0,__cxx_global_var_init.45
FN:0,__cxx_global_var_init.21
FN:0,__cxx_global_var_init.29
FN:0,__cxx_global_var_init.5
FN:0,__cxx_global_var_init.41
FN:7,_ZN3rxn7SpeciesC2ERKNSt3__112basic_stringIcNS1_11char_traitsIcEENS1_9allocatorIcEEEE
FN:7,_ZN3rxn7SpeciesC1ERKNSt3__112basic_stringIcNS1_11char_traitsIcEENS1_9allocatorIcEEEE
FN:17,_ZN3rxn7Species16decomposeSpeciesEv
FN:59,_ZN3rxn7Species7setMassEv
FN:68,_ZN3rxn7Species15setChargeNumberEv
FN:78,_ZN3rxn7Species12setLatexNameEv
FN:87,_ZNK3rxn7SpecieseqERKS0_
FN:110,_ZNK3rxn7SpeciesneERKS0_
FN:116,_ZNK3rxn7Species12getRateBasedEv
FN:122,_ZNK3rxn7Species12getXsecBasedEv
FN:128,_ZNK3rxn7Species13getSubSpeciesEv
FN:136,_ZNKSt3__14hashIN3rxn7SpeciesEEclERKS2_
FNDA:1,__cxx_global_var_init.1
FNDA:1,__cxx_global_var_init.47
FNDA:1,__cxx_global_var_init.21
FNDA:1,__cxx_global_var_init.45
FNDA:29,_ZN3rxn7Species7setMassEv
FNDA:1,__cxx_global_var_init.33
FNDA:1,__cxx_global_var_init.16
FNDA:1,_ZNK3rxn7SpeciesneERKS0_
FNDA:1,__cxx_global_var_init.28
FNDA:1,__cxx_global_var_init.3
FNDA:29,_ZN3rxn7SpeciesC2ERKNSt3__112basic_stringIcNS1_11char_traitsIcEENS1_9allocatorIcEEEE
FNDA:1,__cxx_global_var_init.9
FNDA:1,__cxx_global_var_init.13
FNDA:1,__cxx_global_var_init.24
FNDA:1,__cxx_global_var_init.41
FNDA:0,_ZNK3rxn7Species12getXsecBasedEv
FNDA:29,_ZN3rxn7SpeciesC1ERKNSt3__112basic_stringIcNS1_11char_traitsIcEENS1_9allocatorIcEEEE
FNDA:1,__cxx_global_var_init.29
FNDA:218,_ZNK3rxn7Species13getSubSpeciesEv
FNDA:29,_ZN3rxn7Species12setLatexNameEv
FNDA:1,__cxx_global_var_init.5
FNDA:6,_ZNK3rxn7SpecieseqERKS0_
FNDA:1,__cxx_global_var_init.35
FNDA:0,_ZNKSt3__14hashIN3rxn7SpeciesEEclERKS2_
FNDA:1,__cxx_global_var_init.43
FNDA:1,__cxx_global_var_init.19
FNDA:1,__cxx_global_var_init.37
FNDA:0,_ZNK3rxn7Species12getRateBasedEv
FNDA:29,_ZN3rxn7Species16decomposeSpeciesEv
FNDA:29,_ZN3rxn7Species15setChargeNumberEv
FNDA:1,__cxx_global_var_init.39
FNDA:1,__cxx_global_var_init.7
FNDA:1,__cxx_global_var_init.14
FNDA:1,__cxx_global_var_init.23
FNDA:1,__cxx_global_var_init.31
FNDA:1,__cxx_global_var_init
FNDA:1,__cxx_global_var_init.18
FNDA:1,__cxx_global_var_init.11
FNDA:1,__cxx_global_var_init.26
FNF:39
FNH:36
DA:7,58
DA:8,29
DA:9,29
DA:10,59
DA:11,30
DA:12,30
DA:13,30
DA:14,59
DA:15,1
DA:16,1
DA:17,30
DA:19,30
DA:20,30
DA:21,65
DA:23,36
DA:24,1
DA:25,30
DA:26,29
DA:27,1
DA:28,1
DA:29,1
DA:31,1
DA:32,7
DA:33,1
DA:34,1
DA:35,4
DA:36,1
DA:37,4
DA:39,4
DA:40,1
DA:41,3
DA:43,3
DA:45,3
DA:46,35
DA:48,29
DA:50,61
DA:51,1
DA:52,32
DA:53,32
DA:55,29
DA:56,29
DA:59,29
DA:61,29
DA:62,61
DA:63,32
DA:64,29
DA:65,29
DA:68,29
DA:70,29
DA:71,61
DA:72,32
DA:73,29
DA:74,29
DA:78,29
DA:80,29
DA:81,61
DA:82,32
DA:83,29
DA:84,29
DA:87,6
DA:89,6
DA:90,0
DA:92,6
DA:93,0
DA:95,6
DA:96,0
DA:98,6
DA:99,2
DA:101,8
DA:103,4
DA:104,0
DA:105,4
DA:106,4
DA:107,6
DA:110,1
DA:112,1
DA:116,0
DA:118,0
DA:122,0
DA:124,0
DA:128,218
DA:130,218
DA:136,0
DA:138,0
DA:140,0
DA:142,0
DA:143,0
DA:145,0
DA:146,0
DA:147,0
DA:150,0
DA:151,0
LF:92
LH:74
end_of_record
TN:
SF:/Users/graysongall/projects/rxn-cpp/src/SpeciesBase.C
FN:0,__cxx_global_var_init.24
FN:0,__cxx_global_var_init.9
FN:0,__cxx_global_var_init.13
FN:0,__cxx_global_var_init.3
FN:0,__cxx_global_var_init.28
FN:0,__cxx_global_var_init.16
FN:0,__cxx_global_var_init.33
FN:0,__cxx_global_var_init.21
FN:0,__cxx_global_var_init.45
FN:0,__cxx_global_var_init.47
FN:0,__cxx_global_var_init.1
FN:0,__cxx_global_var_init.5
FN:0,__cxx_global_var_init.29
FN:0,__cxx_global_var_init.41
FN:0,__cxx_global_var_init.39
FN:0,__cxx_global_var_init.37
FN:0,__cxx_global_var_init.43
FN:0,__cxx_global_var_init.19
FN:0,__cxx_global_var_init.35
FN:0,__cxx_global_var_init.26
FN:0,__cxx_global_var_init.11
FN:0,__cxx_global_var_init.18
FN:0,__cxx_global_var_init
FN:0,__cxx_global_var_init.31
FN:0,__cxx_global_var_init.23
FN:0,__cxx_global_var_init.14
FN:0,__cxx_global_var_init.7
FN:5,_ZN3rxn11SpeciesBaseC2ERKNSt3__112basic_stringIcNS1_11char_traitsIcEENS1_9allocatorIcEEEE
FN:13,_ZN3rxnlsERNSt3__113basic_ostreamIcNS0_11char_traitsIcEEEERKNS_11SpeciesBaseE
FN:20,_ZN3rxn11SpeciesBase9checkNameERKNSt3__112basic_stringIcNS1_11char_traitsIcEENS1_9allocatorIcEEEE
FN:41,_ZNK3rxn11SpeciesBaseeqERKS0_
FN:48,_ZNK3rxn11SpeciesBaseneERKS0_
FN:54,_ZNK3rxn11SpeciesBase7getNameEv
FN:60,_ZNK3rxn11SpeciesBase7getMassEv
FN:66,_ZNK3rxn11SpeciesBase15getChargeNumberEv
FN:72,_ZNK3rxn11SpeciesBase9getChargeEv
FN:78,_ZNK3rxn11SpeciesBase22getLatexRepresentationEv
FN:85,_ZNKSt3__14hashIN3rxn11SpeciesBaseEEclERKS2_
FNDA:1,__cxx_global_var_init
FNDA:1,__cxx_global_var_init.18
FNDA:1,__cxx_global_var_init.26
FNDA:1,__cxx_global_var_init.11
FNDA:1,__cxx_global_var_init.7
FNDA:1,__cxx_global_var_init.14
FNDA:1,__cxx_global_var_init.31
FNDA:1,__cxx_global_var_init.23
FNDA:1,__cxx_global_var_init.39
FNDA:0,_ZNKSt3__14hashIN3rxn11SpeciesBaseEEclERKS2_
FNDA:1,__cxx_global_var_init.43
FNDA:1,__cxx_global_var_init.19
FNDA:1,__cxx_global_var_init.35
FNDA:217,_ZNK3rxn11SpeciesBase7getNameEv
FNDA:1,__cxx_global_var_init.37
FNDA:1,__cxx_global_var_init.29
FNDA:84,_ZN3rxn11SpeciesBaseC2ERKNSt3__112basic_stringIcNS1_11char_traitsIcEENS1_9allocatorIcEEEE
FNDA:1,__cxx_global_var_init.5
FNDA:10,_ZNK3rxn11SpeciesBaseneERKS0_
FNDA:52,_ZNK3rxn11SpeciesBase9getChargeEv
FNDA:1,__cxx_global_var_init.41
FNDA:0,_ZN3rxnlsERNSt3__113basic_ostreamIcNS0_11char_traitsIcEEEERKNS_11SpeciesBaseE
FNDA:1,__cxx_global_var_init.3
FNDA:1,__cxx_global_var_init.13
FNDA:1,__cxx_global_var_init.9
FNDA:1,__cxx_global_var_init.24
FNDA:108,_ZNK3rxn11SpeciesBase22getLatexRepresentationEv
FNDA:84,_ZN3rxn11SpeciesBase9checkNameERKNSt3__112basic_stringIcNS1_11char_traitsIcEENS1_9allocatorIcEEEE
FNDA:10,_ZNK3rxn11SpeciesBaseeqERKS0_
FNDA:1,__cxx_global_var_init.1
FNDA:1,__cxx_global_var_init.47
FNDA:146,_ZNK3rxn11SpeciesBase7getMassEv
FNDA:1,__cxx_global_var_init.33
FNDA:1,__cxx_global_var_init.16
FNDA:146,_ZNK3rxn11SpeciesBase15getChargeNumberEv
FNDA:1,__cxx_global_var_init.45
FNDA:1,__cxx_global_var_init.21
FNDA:1,__cxx_global_var_init.28
FNF:38
FNH:36
DA:5,168
DA:6,84
DA:7,84
DA:8,84
DA:10,1
DA:11,1
DA:12,1
DA:13,1
DA:14,1
DA:15,1
DA:16,1
DA:17,1
DA:19,1
DA:20,85
DA:21,1
DA:22,84
DA:23,3
DA:24,1
DA:25,84
DA:27,22
DA:28,1
DA:29,2
DA:31,21
DA:32,63
DA:33,1
DA:34,1
DA:35,1
DA:36,1
DA:37,83
DA:38,2
DA:39,1
DA:40,1
DA:41,10
DA:43,10
DA:48,10
DA:50,10
DA:51,1
DA:54,217
DA:56,217
DA:60,146
DA:62,146
DA:66,146
DA:68,146
DA:72,52
DA:74,52
DA:78,108
DA:80,108
DA:85,0
DA:88,0
LF:49
LH:47
end_of_record
TN:
SF:/Users/graysongall/projects/rxn-cpp/src/SpeciesFactory.C
FN:0,__cxx_global_var_init.47
FN:0,__cxx_global_var_init.1
FN:0,__cxx_global_var_init.28
FN:0,__cxx_global_var_init.21
FN:0,__cxx_global_var_init.45
FN:0,__cxx_global_var_init.33
FN:0,__cxx_global_var_init.16
FN:0,__cxx_global_var_init.3
FN:0,__cxx_global_var_init.24
FN:0,__cxx_global_var_init.13
FN:0,__cxx_global_var_init.9
FN:0,__cxx_global_var_init.41
FN:0,__cxx_global_var_init.29
FN:0,__cxx_global_var_init.5
FN:0,__cxx_global_var_init.35
FN:0,__cxx_global_var_init.19
FN:0,__cxx_global_var_init.43
FN:0,__cxx_global_var_init.37
FN:0,__cxx_global_var_init.39
FN:0,__cxx_global_var_init.7
FN:0,__cxx_global_var_init.23
FN:0,__cxx_global_var_init.31
FN:0,__cxx_global_var_init.14
FN:0,__cxx_global_var_init
FN:0,__cxx_global_var_init.11
FN:0,__cxx_global_var_init.26
FN:0,__cxx_global_var_init.18
FN:9,_ZN3rxn14SpeciesFactory11getInstanceEv
FN:19,_ZN3rxn14SpeciesFactory5clearEv
FN:29,_ZN3rxn14SpeciesFactory20collectCustomSpeciesERKN4YAML4NodeE
FN:80,_ZN3rxn14SpeciesFactory20collectLumpedSpeciesERKN4YAML4NodeE
FN:137,_ZN3rxn14SpeciesFactory21collectLatexOverridesERKN4YAML4NodeE
FN:198,_ZNK3rxn14SpeciesFactory7getMassERKNSt3__112basic_stringIcNS1_11char_traitsIcEENS1_9allocatorIcEEEE
FN:211,_ZNK3rxn14SpeciesFactory16getLatexOverrideERKNSt3__112basic_stringIcNS1_11char_traitsIcEENS1_9allocatorIcEEEE
FN:224,_ZN3rxn14SpeciesFactory10getSpeciesERKNSt3__112basic_stringIcNS1_11char_traitsIcEENS1_9allocatorIcEEEE
FN:241,_ZN3rxn14SpeciesFactory16getLumpedSpeciesERNSt3__18weak_ptrINS_7SpeciesEEE
FNDA:1,__cxx_global_var_init.31
FNDA:1,__cxx_global_var_init.23
FNDA:1,__cxx_global_var_init.14
FNDA:1,__cxx_global_var_init.7
FNDA:53,_ZNK3rxn14SpeciesFactory16getLatexOverrideERKNSt3__112basic_stringIcNS1_11char_traitsIcEENS1_9allocatorIcEEEE
FNDA:1,__cxx_global_var_init.26
FNDA:1,__cxx_global_var_init.11
FNDA:1,__cxx_global_var_init.18
FNDA:1,__cxx_global_var_init
FNDA:1,__cxx_global_var_init.37
FNDA:2,_ZN3rxn14SpeciesFactory5clearEv
FNDA:1,__cxx_global_var_init.19
FNDA:1,__cxx_global_var_init.43
FNDA:1,__cxx_global_var_init.35
FNDA:1,_ZN3rxn14SpeciesFactory21collectLatexOverridesERKN4YAML4NodeE
FNDA:1,__cxx_global_var_init.39
FNDA:31,_ZN3rxn14SpeciesFactory10getSpeciesERKNSt3__112basic_stringIcNS1_11char_traitsIcEENS1_9allocatorIcEEEE
FNDA:1,__cxx_global_var_init.41
FNDA:1,__cxx_global_var_init.5
FNDA:31,_ZN3rxn14SpeciesFactory16getLumpedSpeciesERNSt3__18weak_ptrINS_7SpeciesEEE
FNDA:1,__cxx_global_var_init.29
FNDA:1,__cxx_global_var_init.28
FNDA:1,__cxx_global_var_init.16
FNDA:1,__cxx_global_var_init.33
FNDA:1,__cxx_global_var_init.21
FNDA:1,__cxx_global_var_init.45
FNDA:1,__cxx_global_var_init.47
FNDA:1,__cxx_global_var_init.1
FNDA:5,_ZN3rxn14SpeciesFactory20collectCustomSpeciesERKN4YAML4NodeE
FNDA:1,__cxx_global_var_init.24
FNDA:148,_ZNK3rxn14SpeciesFactory7getMassERKNSt3__112basic_stringIcNS1_11char_traitsIcEENS1_9allocatorIcEEEE
FNDA:226,_ZN3rxn14SpeciesFactory11getInstanceEv
FNDA:1,__cxx_global_var_init.13
FNDA:1,__cxx_global_var_init.9
FNDA:1,__cxx_global_var_init.3
FNDA:1,_ZN3rxn14SpeciesFactory20collectLumpedSpeciesERKN4YAML4NodeE
FNF:36
FNH:36
DA:9,226
DA:10,1
DA:11,1
DA:12,227
DA:13,2
DA:14,2
DA:15,227
DA:16,1
DA:17,1
DA:19,3
DA:20,3
DA:21,3
DA:22,2
DA:23,3
DA:24,3
DA:25,3
DA:27,1
DA:28,1
DA:29,6
DA:31,6
DA:32,2
DA:33,1
DA:34,5
DA:35,1
DA:36,1
DA:37,1
DA:39,5
DA:40,1
DA:41,0
DA:42,0
DA:44,4
DA:46,0
DA:47,0
DA:49,4
DA:51,1
DA:52,0
DA:53,0
DA:54,0
DA:55,0
DA:56,4
DA:57,4
DA:59,4
DA:61,0
DA:62,0
DA:64,4
DA:66,0
DA:67,0
DA:69,8
DA:71,4
DA:73,0
DA:74,0
DA:75,4
DA:76,4
DA:77,5
DA:80,1
DA:82,1
DA:83,1
DA:85,0
DA:87,0
DA:88,0
DA:90,0
DA:91,0
DA:93,0
DA:95,0
DA:97,0
DA:98,0
DA:100,0
DA:102,0
DA:103,0
DA:106,0
DA:107,0
DA:108,0
DA:109,0
DA:110,0
DA:112,0
DA:114,0
DA:115,0
DA:118,0
DA:119,0
DA:120,0
DA:121,0
DA:122,0
DA:124,0
DA:126,0
DA:127,0
DA:129,0
DA:130,0
DA:131,0
DA:132,0
DA:133,1
DA:137,1
DA:139,1
DA:140,1
DA:142,0
DA:144,0
DA:145,0
DA:147,0
DA:149,0
DA:150,0
DA:152,0
DA:154,0
DA:155,0
DA:157,0
DA:159,0
DA:160,0
DA:161,0
DA:162,0
DA:163,0
DA:165,0
DA:166,0
DA:169,0
DA:170,0
DA:171,0
DA:172,0
DA:173,0
DA:174,0
DA:176,0
DA:178,0
DA:179,0
DA:181,0
DA:183,0
DA:184,0
DA:186,0
DA:188,0
DA:189,0
DA:191,0
DA:193,0
DA:194,0
DA:195,1
DA:198,148
DA:200,148
DA:202,148
DA:204,0
DA:207,296
DA:208,148
DA:211,53
DA:213,53
DA:215,53
DA:217,53
DA:220,0
DA:221,53
DA:224,31
DA:226,31
DA:228,31
DA:230,31
DA:232,7
DA:233,7
DA:235,31
DA:237,31
DA:238,31
DA:241,31
DA:243,31
DA:244,31
DA:245,31
DA:247,31
DA:249,31
DA:252,0
DA:253,0
DA:254,31
LF:159
LH:74
end_of_record
TN:
SF:/Users/graysongall/projects/rxn-cpp/src/StringHelper.C
FN:0,__cxx_global_var_init
FN:8,_ZN3rxn5ltrimERNSt3__112basic_stringIcNS0_11char_traitsIcEENS0_9allocatorIcEEEE
FN:15,_ZN3rxn5rtrimERNSt3__112basic_stringIcNS0_11char_traitsIcEENS0_9allocatorIcEEEE
FN:22,_ZN3rxn4trimERNSt3__112basic_stringIcNS0_11char_traitsIcEENS0_9allocatorIcEEEE
FN:29,_ZN3rxn16splitByDelimiterERKNSt3__112basic_stringIcNS0_11char_traitsIcEENS0_9allocatorIcEEEES6_
FN:52,_ZN3rxn16findFirstCapitalERKNSt3__112basic_stringIcNS0_11char_traitsIcEENS0_9allocatorIcEEEE
FN:65,_ZN3rxn16findFirstSpecialERKNSt3__112basic_stringIcNS0_11char_traitsIcEENS0_9allocatorIcEEEE
FN:78,_ZN3rxn18findFirstNonLetterERKNSt3__112basic_stringIcNS0_11char_traitsIcEENS0_9allocatorIcEEEE
FN:89,_ZN3rxn15findFirstLetterERKNSt3__112basic_stringIcNS0_11char_traitsIcEENS0_9allocatorIcEEEE
FN:100,_ZN3rxn18findFirstNonNumberERKNSt3__112basic_stringIcNS0_11char_traitsIcEENS0_9allocatorIcEEEE
FN:111,_ZN3rxn19findFirstNonSpecialERKNSt3__112basic_stringIcNS0_11char_traitsIcEENS0_9allocatorIcEEEE
FN:122,_ZN3rxn14splitByCapitalERKNSt3__112basic_stringIcNS0_11char_traitsIcEENS0_9allocatorIcEEEE
FN:163,_ZN3rxn16formatScientificEf
FN:183,_ZN3rxn9makeGreenERKNSt3__112basic_stringIcNS0_11char_traitsIcEENS0_9allocatorIcEEEE
FN:189,_ZN3rxn10makeYellowERKNSt3__112basic_stringIcNS0_11char_traitsIcEENS0_9allocatorIcEEEE
FN:195,_ZN3rxn7makeRedERKNSt3__112basic_stringIcNS0_11char_traitsIcEENS0_9allocatorIcEEEE
FN:201,_ZN3rxn10printGreenERKNSt3__112basic_stringIcNS0_11char_traitsIcEENS0_9allocatorIcEEEE
FN:207,_ZN3rxn8printRedERKNSt3__112basic_stringIcNS0_11char_traitsIcEENS0_9allocatorIcEEEE
FN:213,_ZN3rxn11printYellowERKNSt3__112basic_stringIcNS0_11char_traitsIcEENS0_9allocatorIcEEEE
FNDA:51,_ZN3rxn18findFirstNonNumberERKNSt3__112basic_stringIcNS0_11char_traitsIcEENS0_9allocatorIcEEEE
FNDA:31,_ZN3rxn15findFirstLetterERKNSt3__112basic_stringIcNS0_11char_traitsIcEENS0_9allocatorIcEEEE
FNDA:47,_ZN3rxn5ltrimERNSt3__112basic_stringIcNS0_11char_traitsIcEENS0_9allocatorIcEEEE
FNDA:80,_ZN3rxn18findFirstNonLetterERKNSt3__112basic_stringIcNS0_11char_traitsIcEENS0_9allocatorIcEEEE
FNDA:2,_ZN3rxn8printRedERKNSt3__112basic_stringIcNS0_11char_traitsIcEENS0_9allocatorIcEEEE
FNDA:0,_ZN3rxn11printYellowERKNSt3__112basic_stringIcNS0_11char_traitsIcEENS0_9allocatorIcEEEE
FNDA:47,_ZN3rxn5rtrimERNSt3__112basic_stringIcNS0_11char_traitsIcEENS0_9allocatorIcEEEE
FNDA:0,_ZN3rxn16formatScientificEf
FNDA:8,_ZN3rxn10printGreenERKNSt3__112basic_stringIcNS0_11char_traitsIcEENS0_9allocatorIcEEEE
FNDA:24,_ZN3rxn16splitByDelimiterERKNSt3__112basic_stringIcNS0_11char_traitsIcEENS0_9allocatorIcEEEES6_
FNDA:27,_ZN3rxn19findFirstNonSpecialERKNSt3__112basic_stringIcNS0_11char_traitsIcEENS0_9allocatorIcEEEE
FNDA:47,_ZN3rxn4trimERNSt3__112basic_stringIcNS0_11char_traitsIcEENS0_9allocatorIcEEEE
FNDA:29,_ZN3rxn14splitByCapitalERKNSt3__112basic_stringIcNS0_11char_traitsIcEENS0_9allocatorIcEEEE
FNDA:2,_ZN3rxn7makeRedERKNSt3__112basic_stringIcNS0_11char_traitsIcEENS0_9allocatorIcEEEE
FNDA:27,_ZN3rxn16findFirstSpecialERKNSt3__112basic_stringIcNS0_11char_traitsIcEENS0_9allocatorIcEEEE
FNDA:8,_ZN3rxn9makeGreenERKNSt3__112basic_stringIcNS0_11char_traitsIcEENS0_9allocatorIcEEEE
FNDA:0,_ZN3rxn10makeYellowERKNSt3__112basic_stringIcNS0_11char_traitsIcEENS0_9allocatorIcEEEE
FNDA:1,__cxx_global_var_init
FNDA:153,_ZN3rxn16findFirstCapitalERKNSt3__112basic_stringIcNS0_11char_traitsIcEENS0_9allocatorIcEEEE
FNF:19
FNH:16
DA:5,1
DA:8,47
DA:10,47
DA:11,47
DA:12,47
DA:15,47
DA:17,47
DA:18,47
DA:19,47
DA:22,47
DA:24,47
DA:25,47
DA:26,47
DA:29,24
DA:31,24
DA:32,24
DA:33,24
DA:34,24
DA:36,47
DA:38,23
DA:39,23
DA:40,23
DA:41,23
DA:42,23
DA:45,24
DA:46,24
DA:48,24
DA:49,24
DA:52,153
DA:54,457
DA:56,304
DA:58,126
DA:60,178
DA:61,27
DA:62,153
DA:65,27
DA:67,54
DA:69,27
DA:70,0
DA:72,27
DA:74,0
DA:75,27
DA:78,80
DA:80,353
DA:82,273
DA:83,68
DA:84,205
DA:85,12
DA:86,80
DA:89,31
DA:91,67
DA:93,36
DA:94,31
DA:95,5
DA:96,0
DA:97,31
DA:100,51
DA:102,160
DA:104,109
DA:105,36
DA:106,73
DA:107,15
DA:108,51
DA:111,27
DA:113,75
DA:115,48
DA:116,21
DA:117,27
DA:118,6
DA:119,27
DA:122,29
DA:124,29
DA:126,29
DA:129,29
DA:131,6
DA:135,23
DA:137,2
DA:140,21
DA:142,21
DA:144,48
DA:147,27
DA:149,27
DA:150,27
DA:153,27
DA:155,6
DA:156,6
DA:157,21
DA:159,21
DA:160,29
DA:163,0
DA:165,0
DA:167,0
DA:169,0
DA:172,0
DA:174,0
DA:177,0
DA:180,0
DA:183,8
DA:185,8
DA:186,0
DA:189,0
DA:191,0
DA:192,0
DA:195,2
DA:197,2
DA:198,0
DA:201,8
DA:203,8
DA:204,8
DA:207,2
DA:209,2
DA:210,2
DA:213,0
DA:215,0
DA:216,0
LF:115
LH:96
end_of_record
TN:
SF:/Users/graysongall/projects/rxn-cpp/src/SubSpecies.C
FN:0,__cxx_global_var_init.5
FN:0,__cxx_global_var_init.29
FN:0,__cxx_global_var_init.41
FN:0,__cxx_global_var_init.9
FN:0,__cxx_global_var_init.13
FN:0,__cxx_global_var_init.24
FN:0,__cxx_global_var_init.3
FN:0,__cxx_global_var_init.45
FN:0,__cxx_global_var_init.21
FN:0,__cxx_global_var_init.16
FN:0,__cxx_global_var_init.33
FN:0,__cxx_global_var_init.28
FN:0,__cxx_global_var_init.1
FN:0,__cxx_global_var_init.47
FN:0,__cxx_global_var_init.18
FN:0,__cxx_global_var_init.11
FN:0,__cxx_global_var_init.26
FN:0,__cxx_global_var_init
FN:0,__cxx_global_var_init.14
FN:0,__cxx_global_var_init.23
FN:0,__cxx_global_var_init.31
FN:0,__cxx_global_var_init.7
FN:0,__cxx_global_var_init.39
FN:0,__cxx_global_var_init.37
FN:0,__cxx_global_var_init.35
FN:0,__cxx_global_var_init.43
FN:0,__cxx_global_var_init.19
FN:7,_ZN3rxn10SubSpeciesC1ERKNSt3__112basic_stringIcNS1_11char_traitsIcEENS1_9allocatorIcEEEE
FN:7,_ZN3rxn10SubSpeciesC2ERKNSt3__112basic_stringIcNS1_11char_traitsIcEENS1_9allocatorIcEEEE
FN:19,_ZN3rxn10SubSpecies7setBaseEv
FN:48,_ZN3rxn10SubSpecies11setModifierEv
FN:65,_ZN3rxn10SubSpecies12setSubscriptEv
FN:85,_ZN3rxn10SubSpecies15setChargeNumberEv
FN:173,_ZN3rxn10SubSpecies7setMassEv
FN:188,_ZN3rxn10SubSpecies12setLatexNameEv
FN:262,_ZNK3rxn10SubSpecieseqERKS0_
FN:290,_ZNK3rxn10SubSpeciesneERKS0_
FN:296,_ZNK3rxn10SubSpecies7getBaseEv
FN:302,_ZNK3rxn10SubSpecies11getModifierEv
FN:308,_ZNK3rxn10SubSpecies12getSubscriptEv
FN:315,_ZNKSt3__14hashIN3rxn10SubSpeciesEEclERKS2_
FNDA:1,__cxx_global_var_init.7
FNDA:1,__cxx_global_var_init.14
FNDA:5,_ZNK3rxn10SubSpeciesneERKS0_
FNDA:1,__cxx_global_var_init.31
FNDA:1,__cxx_global_var_init.23
FNDA:53,_ZN3rxn10SubSpecies7setMassEv
FNDA:1,__cxx_global_var_init
FNDA:53,_ZN3rxn10SubSpecies7setBaseEv
FNDA:1,__cxx_global_var_init.18
FNDA:1,__cxx_global_var_init.26
FNDA:1,__cxx_global_var_init.11
FNDA:76,_ZNK3rxn10SubSpecies12getSubscriptEv
FNDA:1,__cxx_global_var_init.43
FNDA:1,__cxx_global_var_init.19
FNDA:1,__cxx_global_var_init.35
FNDA:1,__cxx_global_var_init.37
FNDA:53,_ZN3rxn10SubSpecies12setLatexNameEv
FNDA:0,_ZNKSt3__14hashIN3rxn10SubSpeciesEEclERKS2_
FNDA:53,_ZN3rxn10SubSpeciesC2ERKNSt3__112basic_stringIcNS1_11char_traitsIcEENS1_9allocatorIcEEEE
FNDA:1,__cxx_global_var_init.39
FNDA:1,__cxx_global_var_init.41
FNDA:1,__cxx_global_var_init.29
FNDA:55,_ZN3rxn10SubSpeciesC1ERKNSt3__112basic_stringIcNS1_11char_traitsIcEENS1_9allocatorIcEEEE
FNDA:1,__cxx_global_var_init.5
FNDA:1,__cxx_global_var_init.1
FNDA:1,__cxx_global_var_init.47
FNDA:1,__cxx_global_var_init.33
FNDA:53,_ZN3rxn10SubSpecies12setSubscriptEv
FNDA:1,__cxx_global_var_init.16
FNDA:1,__cxx_global_var_init.21
FNDA:1,__cxx_global_var_init.45
FNDA:53,_ZN3rxn10SubSpecies15setChargeNumberEv
FNDA:53,_ZN3rxn10SubSpecies11setModifierEv
FNDA:1,__cxx_global_var_init.28
FNDA:1,__cxx_global_var_init.3
FNDA:10,_ZNK3rxn10SubSpecieseqERKS0_
FNDA:38,_ZNK3rxn10SubSpecies11getModifierEv
FNDA:1,__cxx_global_var_init.9
FNDA:280,_ZNK3rxn10SubSpecies7getBaseEv
FNDA:1,__cxx_global_var_init.13
FNDA:1,__cxx_global_var_init.24
FNF:41
FNH:40
DA:7,108
DA:8,53
DA:9,53
DA:10,54
DA:11,54
DA:12,109
DA:13,54
DA:14,54
DA:15,54
DA:16,109
DA:17,1
DA:19,54
DA:20,1
DA:21,54
DA:22,2
DA:23,1
DA:24,52
DA:25,14
DA:27,39
DA:28,1
DA:29,39
DA:30,0
DA:31,1
DA:32,1
DA:33,1
DA:34,1
DA:35,1
DA:36,1
DA:37,39
DA:39,39
DA:40,5
DA:42,38
DA:44,38
DA:45,53
DA:48,53
DA:50,53
DA:51,3
DA:53,51
DA:54,13
DA:56,38
DA:58,38
DA:59,4
DA:61,34
DA:62,53
DA:65,53
DA:68,53
DA:69,19
DA:71,34
DA:73,34
DA:74,7
DA:77,34
DA:78,14
DA:81,20
DA:82,53
DA:85,53
DA:87,53
DA:89,13
DA:90,13
DA:94,40
DA:96,6
DA:97,6
DA:101,34
DA:102,34
DA:104,20
DA:105,20
DA:106,20
DA:107,20
DA:109,14
DA:112,34
DA:114,7
DA:115,7
DA:119,27
DA:121,0
DA:122,0
DA:123,0
DA:124,0
DA:125,0
DA:127,27
DA:129,5
DA:130,5
DA:134,22
DA:136,22
DA:137,12
DA:139,10
DA:141,22
DA:143,5
DA:144,5
DA:149,17
DA:152,17
DA:155,17
DA:156,8
DA:158,17
DA:160,17
DA:162,0
DA:163,0
DA:167,17
DA:169,17
DA:170,53
DA:173,53
DA:175,53
DA:177,53
DA:179,13
DA:180,13
DA:183,40
DA:184,40
DA:185,53
DA:188,53
DA:190,53
DA:192,53
DA:194,0
DA:195,0
DA:197,53
DA:199,2
DA:200,2
DA:203,51
DA:205,17
DA:206,17
DA:209,34
DA:211,34
DA:213,34
DA:215,20
DA:216,20
DA:217,20
DA:219,34
DA:222,22
DA:224,22
DA:226,12
DA:227,12
DA:228,12
DA:232,10
DA:233,10
DA:237,22
DA:238,5
DA:240,22
DA:242,17
DA:243,17
DA:244,17
DA:245,22
DA:247,34
DA:249,20
DA:250,20
DA:253,14
DA:255,14
DA:256,14
DA:258,14
DA:259,53
DA:262,10
DA:265,10
DA:266,2
DA:268,8
DA:269,0
DA:271,8
DA:272,0
DA:274,8
DA:275,0
DA:277,8
DA:278,0
DA:280,8
DA:281,0
DA:283,8
DA:284,0
DA:286,8
DA:287,10
DA:290,5
DA:292,5
DA:296,280
DA:298,280
DA:302,38
DA:304,38
DA:308,76
DA:310,76
DA:315,0
DA:317,0
DA:319,0
DA:321,0
DA:322,0
DA:323,0
DA:324,0
DA:325,0
DA:326,0
DA:327,0
DA:328,0
DA:330,0
DA:331,0
LF:184
LH:155
end_of_record
TN:
SF:/Users/graysongall/projects/rxn-cpp/src/YamlHelper.C
FN:6,_ZN3rxn11getTypeNameINSt3__112basic_stringIcNS1_11char_traitsIcEENS1_9allocatorIcEEEEEES7_v
FN:11,_ZN3rxn11getTypeNameIdEENSt3__112basic_stringIcNS1_11char_traitsIcEENS1_9allocatorIcEEEEv
FN:17,_ZN3rxn12defaultValueIdEET_v
FN:23,_ZN3rxn12defaultValueINSt3__112basic_stringIcNS1_11char_traitsIcEENS1_9allocatorIcEEEEEET_v
FN:28,_ZN3rxn10validParamERKNSt3__112basic_stringIcNS0_11char_traitsIcEENS0_9allocatorIcEEEERKN4YAML4NodeEb
FN:42,_ZN3rxn9getParamsINSt3__112basic_stringIcNS1_11char_traitsIcEENS1_9allocatorIcEEEEEENS1_6vectorIT_NS5_IS9_EEEERKS7_RKN4YAML4NodeEb
FN:42,_ZN3rxn9getParamsIdEENSt3__16vectorIT_NS1_9allocatorIS3_EEEERKNS1_12basic_stringIcNS1_11char_traitsIcEENS4_IcEEEERKN4YAML4NodeEb
FN:81,_ZN3rxn8getParamIdEET_RKNSt3__112basic_stringIcNS2_11char_traitsIcEENS2_9allocatorIcEEEERKN4YAML4NodeEb
FN:81,_ZN3rxn8getParamINSt3__112basic_stringIcNS1_11char_traitsIcEENS1_9allocatorIcEEEEEET_RKS7_RKN4YAML4NodeEb
FN:106,_ZN3rxn14getExtraParamsERKN4YAML4NodeERKNSt3__16vectorIKNS4_12basic_stringIcNS4_11char_traitsIcEENS4_9allocatorIcEEEENS9_ISC_EEEE
FNDA:0,_ZN3rxn12defaultValueINSt3__112basic_stringIcNS1_11char_traitsIcEENS1_9allocatorIcEEEEEET_v
FNDA:10,_ZN3rxn8getParamINSt3__112basic_stringIcNS1_11char_traitsIcEENS1_9allocatorIcEEEEEET_RKS7_RKN4YAML4NodeEb
FNDA:12,_ZN3rxn12defaultValueIdEET_v
FNDA:16,_ZN3rxn8getParamIdEET_RKNSt3__112basic_stringIcNS2_11char_traitsIcEENS2_9allocatorIcEEEERKN4YAML4NodeEb
FNDA:84,_ZN3rxn10validParamERKNSt3__112basic_stringIcNS0_11char_traitsIcEENS0_9allocatorIcEEEERKN4YAML4NodeEb
FNDA:4,_ZN3rxn9getParamsIdEENSt3__16vectorIT_NS1_9allocatorIS3_EEEERKNS1_12basic_stringIcNS1_11char_traitsIcEENS4_IcEEEERKN4YAML4NodeEb
FNDA:20,_ZN3rxn9getParamsINSt3__112basic_stringIcNS1_11char_traitsIcEENS1_9allocatorIcEEEEEENS1_6vectorIT_NS5_IS9_EEEERKS7_RKN4YAML4NodeEb
FNDA:0,_ZN3rxn11getTypeNameINSt3__112basic_stringIcNS1_11char_traitsIcEENS1_9allocatorIcEEEEEES7_v
FNDA:0,_ZN3rxn11getTypeNameIdEENSt3__112basic_stringIcNS1_11char_traitsIcEENS1_9allocatorIcEEEEv
FNDA:9,_ZN3rxn14getExtraParamsERKN4YAML4NodeERKNSt3__16vectorIKNS4_12basic_stringIcNS4_11char_traitsIcEENS4_9allocatorIcEEEENS9_ISC_EEEE
FNF:10
FNH:7
DA:6,0
DA:7,0
DA:11,0
DA:12,0
DA:17,12
DA:18,12
DA:23,0
DA:24,0
DA:28,84
DA:30,84
DA:32,31
DA:34,0
DA:36,31
DA:38,53
DA:39,84
DA:42,24
DA:45,24
DA:47,7
DA:50,17
DA:54,17
DA:55,17
DA:61,17
DA:62,17
DA:63,17
DA:64,17
DA:66,0
DA:69,0
DA:70,17
DA:72,0
DA:73,58
DA:81,26
DA:84,26
DA:86,12
DA:89,14
DA:91,14
DA:92,14
DA:95,0
DA:96,0
DA:98,14
DA:99,36
DA:106,9
DA:108,9
DA:109,9
DA:110,9
DA:112,41
DA:114,32
DA:115,32
DA:117,150
DA:119,118
DA:121,32
DA:122,32
DA:124,118
DA:126,32
DA:128,0
DA:129,0
DA:130,32
DA:131,9
DA:132,9
LF:58
LH:44
end_of_record
