TN:
SF:/Users/graysongall/projects/rxn-cpp/src/BibTexHelper.C
FN:9,_ZN3rxn12BibTexHelper11getInstanceEv
FN:19,_ZN3rxn12BibTexHelper5clearEv
FN:25,_ZN3rxn12BibTexHelper17collectReferencesERKNSt3__112basic_stringIcNS1_11char_traitsIcEENS1_9allocatorIcEEEE
FN:65,_ZN3rxn12BibTexHelper12checkCiteKeyERKNSt3__112basic_stringIcNS1_11char_traitsIcEENS1_9allocatorIcEEEES9_
FNDA:0,_ZN3rxn12BibTexHelper17collectReferencesERKNSt3__112basic_stringIcNS1_11char_traitsIcEENS1_9allocatorIcEEEE
FNDA:2,_ZN3rxn12BibTexHelper11getInstanceEv
FNDA:0,_ZN3rxn12BibTexHelper12checkCiteKeyERKNSt3__112basic_stringIcNS1_11char_traitsIcEENS1_9allocatorIcEEEES9_
FNDA:2,_ZN3rxn12BibTexHelper5clearEv
FNF:4
FNH:2
DA:9,2
DA:12,2
DA:13,1
DA:14,1
DA:15,2
DA:16,0
DA:19,2
DA:21,2
DA:22,2
DA:25,0
DA:27,0
DA:28,0
DA:29,0
DA:31,0
DA:34,0
DA:35,0
DA:36,0
DA:37,0
DA:39,0
DA:41,0
DA:43,0
DA:46,0
DA:47,0
DA:48,0
DA:49,0
DA:52,0
DA:54,0
DA:55,0
DA:57,0
DA:58,0
DA:60,0
DA:61,0
DA:62,0
DA:65,0
DA:67,0
DA:69,0
DA:71,0
DA:74,0
DA:76,0
DA:78,0
DA:80,0
LF:41
LH:8
end_of_record
TN:
SF:/Users/graysongall/projects/rxn-cpp/src/Constants.C
FN:0,__cxx_global_var_init
FN:0,__cxx_global_var_init.13
FN:0,__cxx_global_var_init.11
FN:0,__cxx_global_var_init.27
FN:0,__cxx_global_var_init.15
FN:0,__cxx_global_var_init.3
FN:0,__cxx_global_var_init.23
FN:0,__cxx_global_var_init.39
FN:0,__cxx_global_var_init.17
FN:0,__cxx_global_var_init.25
FN:0,__cxx_global_var_init.21
FN:0,__cxx_global_var_init.31
FN:0,__cxx_global_var_init.35
FN:0,__cxx_global_var_init.5
FN:0,__cxx_global_var_init.33
FN:0,__cxx_global_var_init.9
FN:0,__cxx_global_var_init.29
FN:0,__cxx_global_var_init.7
FN:0,__cxx_global_var_init.37
FN:0,__cxx_global_var_init.41
FN:0,__cxx_global_var_init.1
FN:0,__cxx_global_var_init.19
FN:0,__cxx_global_var_init.43
FNDA:1,__cxx_global_var_init.21
FNDA:1,__cxx_global_var_init.17
FNDA:1,__cxx_global_var_init.25
FNDA:1,__cxx_global_var_init.23
FNDA:1,__cxx_global_var_init.39
FNDA:1,__cxx_global_var_init.3
FNDA:1,__cxx_global_var_init.27
FNDA:1,__cxx_global_var_init.15
FNDA:1,__cxx_global_var_init.11
FNDA:1,__cxx_global_var_init.13
FNDA:1,__cxx_global_var_init
FNDA:1,__cxx_global_var_init.19
FNDA:1,__cxx_global_var_init.43
FNDA:1,__cxx_global_var_init.1
FNDA:1,__cxx_global_var_init.41
FNDA:1,__cxx_global_var_init.7
FNDA:1,__cxx_global_var_init.37
FNDA:1,__cxx_global_var_init.29
FNDA:1,__cxx_global_var_init.33
FNDA:1,__cxx_global_var_init.9
FNDA:1,__cxx_global_var_init.5
FNDA:1,__cxx_global_var_init.35
FNDA:1,__cxx_global_var_init.31
FNF:23
FNH:23
DA:10,1
DA:11,1
DA:13,1
DA:14,1
DA:15,1
DA:17,1
DA:18,1
DA:19,1
DA:21,1
DA:22,1
DA:23,1
DA:25,1
DA:26,1
DA:28,1
DA:29,1
DA:30,1
DA:31,1
DA:32,1
DA:34,1
DA:35,1
DA:37,1
DA:39,1
DA:40,1
LF:23
LH:23
end_of_record
TN:
SF:/Users/graysongall/projects/rxn-cpp/src/InvalidInput.C
FN:5,_ZN3rxn14InvalidSpeciesC2ERKNSt3__112basic_stringIcNS1_11char_traitsIcEENS1_9allocatorIcEEEES9_
FN:5,_ZN3rxn14InvalidSpeciesC1ERKNSt3__112basic_stringIcNS1_11char_traitsIcEENS1_9allocatorIcEEEES9_
FN:11,_ZNK3rxn14InvalidSpecies4whatEv
FN:16,_ZN3rxn15InvalidReactionC2ERKNSt3__112basic_stringIcNS1_11char_traitsIcEENS1_9allocatorIcEEEES9_
FN:16,_ZN3rxn15InvalidReactionC1ERKNSt3__112basic_stringIcNS1_11char_traitsIcEENS1_9allocatorIcEEEES9_
FN:22,_ZNK3rxn15InvalidReaction4whatEv
FN:27,_ZN3rxn12InvalidInputC2ERKNSt3__112basic_stringIcNS1_11char_traitsIcEENS1_9allocatorIcEEEE
FN:27,_ZN3rxn12InvalidInputC1ERKNSt3__112basic_stringIcNS1_11char_traitsIcEENS1_9allocatorIcEEEE
FN:32,_ZN3rxn12InvalidInputC2ERKN4YAML4NodeERKNSt3__112basic_stringIcNS5_11char_traitsIcEENS5_9allocatorIcEEEE
FN:32,_ZN3rxn12InvalidInputC1ERKN4YAML4NodeERKNSt3__112basic_stringIcNS5_11char_traitsIcEENS5_9allocatorIcEEEE
FN:40,_ZN3rxn12InvalidInputC2ERKN4YAML4NodeERKNSt3__112basic_stringIcNS5_11char_traitsIcEENS5_9allocatorIcEEEESD_
FN:40,_ZN3rxn12InvalidInputC1ERKN4YAML4NodeERKNSt3__112basic_stringIcNS5_11char_traitsIcEENS5_9allocatorIcEEEESD_
FN:49,_ZNK3rxn12InvalidInput4whatEv
FN:54,_ZN3rxn16InvalidInputExitERKNSt3__112basic_stringIcNS0_11char_traitsIcEENS0_9allocatorIcEEEE
FN:64,_ZN3rxn16InvalidInputExitEN4YAML4NodeERKNSt3__112basic_stringIcNS2_11char_traitsIcEENS2_9allocatorIcEEEE
FN:78,_ZN3rxn16InvalidInputExitEN4YAML4NodeERKNSt3__112basic_stringIcNS2_11char_traitsIcEENS2_9allocatorIcEEEESA_
FNDA:0,_ZN3rxn16InvalidInputExitEN4YAML4NodeERKNSt3__112basic_stringIcNS2_11char_traitsIcEENS2_9allocatorIcEEEE
FNDA:0,_ZNK3rxn14InvalidSpecies4whatEv
FNDA:2,_ZN3rxn16InvalidInputExitERKNSt3__112basic_stringIcNS0_11char_traitsIcEENS0_9allocatorIcEEEE
FNDA:0,_ZN3rxn16InvalidInputExitEN4YAML4NodeERKNSt3__112basic_stringIcNS2_11char_traitsIcEENS2_9allocatorIcEEEESA_
FNDA:0,_ZN3rxn12InvalidInputC2ERKN4YAML4NodeERKNSt3__112basic_stringIcNS5_11char_traitsIcEENS5_9allocatorIcEEEE
FNDA:0,_ZN3rxn15InvalidReactionC1ERKNSt3__112basic_stringIcNS1_11char_traitsIcEENS1_9allocatorIcEEEES9_
FNDA:0,_ZN3rxn12InvalidInputC1ERKN4YAML4NodeERKNSt3__112basic_stringIcNS5_11char_traitsIcEENS5_9allocatorIcEEEE
FNDA:0,_ZN3rxn12InvalidInputC1ERKNSt3__112basic_stringIcNS1_11char_traitsIcEENS1_9allocatorIcEEEE
FNDA:0,_ZNK3rxn15InvalidReaction4whatEv
FNDA:0,_ZN3rxn12InvalidInputC2ERKNSt3__112basic_stringIcNS1_11char_traitsIcEENS1_9allocatorIcEEEE
FNDA:0,_ZN3rxn15InvalidReactionC2ERKNSt3__112basic_stringIcNS1_11char_traitsIcEENS1_9allocatorIcEEEES9_
FNDA:0,_ZN3rxn12InvalidInputC1ERKN4YAML4NodeERKNSt3__112basic_stringIcNS5_11char_traitsIcEENS5_9allocatorIcEEEESD_
FNDA:2,_ZN3rxn14InvalidSpeciesC2ERKNSt3__112basic_stringIcNS1_11char_traitsIcEENS1_9allocatorIcEEEES9_
FNDA:0,_ZN3rxn12InvalidInputC2ERKN4YAML4NodeERKNSt3__112basic_stringIcNS5_11char_traitsIcEENS5_9allocatorIcEEEESD_
FNDA:0,_ZNK3rxn12InvalidInput4whatEv
FNDA:2,_ZN3rxn14InvalidSpeciesC1ERKNSt3__112basic_stringIcNS1_11char_traitsIcEENS1_9allocatorIcEEEES9_
FNF:16
FNH:3
DA:5,6
DA:6,4
DA:7,2
DA:8,4
DA:11,0
DA:13,0
DA:16,0
DA:17,0
DA:18,0
DA:19,0
DA:22,0
DA:24,0
DA:27,0
DA:28,0
DA:29,0
DA:30,0
DA:32,0
DA:33,0
DA:34,0
DA:35,0
DA:37,0
DA:38,0
DA:40,0
DA:41,0
DA:42,0
DA:43,0
DA:45,0
DA:46,0
DA:49,0
DA:51,0
DA:54,2
DA:56,2
DA:58,2
DA:62,0
DA:64,0
DA:66,0
DA:67,0
DA:69,0
DA:71,0
DA:75,0
DA:78,0
DA:80,0
DA:81,0
DA:83,0
DA:85,0
DA:89,0
LF:46
LH:7
end_of_record
TN:
SF:/Users/graysongall/projects/rxn-cpp/src/NetworkParser.C
FN:0,__cxx_global_var_init.1
FN:0,__cxx_global_var_init.41
FN:0,__cxx_global_var_init.37
FN:0,__cxx_global_var_init.7
FN:0,__cxx_global_var_init.35
FN:0,__cxx_global_var_init.5
FN:0,__cxx_global_var_init.31
FN:0,__cxx_global_var_init.39
FN:0,__cxx_global_var_init.23
FN:0,__cxx_global_var_init.13
FN:0,__cxx_global_var_init
FN:0,__cxx_global_var_init.43
FN:0,__cxx_global_var_init.19
FN:0,__cxx_global_var_init.29
FN:0,__cxx_global_var_init.9
FN:0,__cxx_global_var_init.33
FN:0,__cxx_global_var_init.21
FN:0,__cxx_global_var_init.25
FN:0,__cxx_global_var_init.17
FN:0,__cxx_global_var_init.3
FN:0,__cxx_global_var_init.15
FN:0,__cxx_global_var_init.27
FN:0,__cxx_global_var_init.11
FN:8,_ZN3rxn13NetworkParser11getInstanceEv
FN:18,_ZN3rxn13NetworkParser5clearEv
FN:28,_ZN3rxn13NetworkParser9checkRefsEv
FN:34,_ZNK3rxn13NetworkParser9checkFileERKNSt3__112basic_stringIcNS1_11char_traitsIcEENS1_9allocatorIcEEEE
FN:49,_ZN3rxn13NetworkParser12checkBibFileERKNSt3__112basic_stringIcNS1_11char_traitsIcEENS1_9allocatorIcEEEE
FN:67,_ZN3rxn13NetworkParser14parseReactionsERKN4YAML4NodeEPNSt3__16vectorINS5_10shared_ptrIKNS_8ReactionEEENS5_9allocatorISA_EEEERKNS5_12basic_stringIcNS5_11char_traitsIcEENSB_IcEEEESL_SL_
FN:93,_ZN3rxn13NetworkParser12parseNetworkERKNSt3__112basic_stringIcNS1_11char_traitsIcEENS1_9allocatorIcEEEE
FNDA:2,_ZN3rxn13NetworkParser5clearEv
FNDA:1,__cxx_global_var_init.5
FNDA:1,__cxx_global_var_init.35
FNDA:0,_ZN3rxn13NetworkParser9checkRefsEv
FNDA:1,__cxx_global_var_init.31
FNDA:0,_ZN3rxn13NetworkParser12checkBibFileERKNSt3__112basic_stringIcNS1_11char_traitsIcEENS1_9allocatorIcEEEE
FNDA:1,__cxx_global_var_init.1
FNDA:1,__cxx_global_var_init.41
FNDA:1,__cxx_global_var_init.7
FNDA:1,__cxx_global_var_init.37
FNDA:1,__cxx_global_var_init.13
FNDA:1,__cxx_global_var_init
FNDA:4,_ZN3rxn13NetworkParser11getInstanceEv
FNDA:1,__cxx_global_var_init.23
FNDA:1,__cxx_global_var_init.39
FNDA:3,_ZNK3rxn13NetworkParser9checkFileERKNSt3__112basic_stringIcNS1_11char_traitsIcEENS1_9allocatorIcEEEE
FNDA:1,__cxx_global_var_init.29
FNDA:1,__cxx_global_var_init.9
FNDA:1,__cxx_global_var_init.33
FNDA:1,__cxx_global_var_init.19
FNDA:5,_ZN3rxn13NetworkParser12parseNetworkERKNSt3__112basic_stringIcNS1_11char_traitsIcEENS1_9allocatorIcEEEE
FNDA:1,__cxx_global_var_init.43
FNDA:1,__cxx_global_var_init.27
FNDA:1,__cxx_global_var_init.15
FNDA:1,__cxx_global_var_init.11
FNDA:1,__cxx_global_var_init.21
FNDA:1,__cxx_global_var_init.17
FNDA:1,__cxx_global_var_init.25
FNDA:2,_ZN3rxn13NetworkParser14parseReactionsERKN4YAML4NodeEPNSt3__16vectorINS5_10shared_ptrIKNS_8ReactionEEENS5_9allocatorISA_EEEERKNS5_12basic_stringIcNS5_11char_traitsIcEENSB_IcEEEESL_SL_
FNDA:1,__cxx_global_var_init.3
FNF:30
FNH:28
DA:8,4
DA:10,1
DA:11,5
DA:12,1
DA:13,2
DA:14,5
DA:15,1
DA:17,1
DA:18,3
DA:19,1
DA:20,2
DA:21,3
DA:22,3
DA:23,3
DA:24,2
DA:25,3
DA:26,3
DA:28,1
DA:29,1
DA:30,1
DA:31,1
DA:32,1
DA:34,4
DA:35,1
DA:36,3
DA:37,4
DA:39,2
DA:40,1
DA:41,2
DA:42,2
DA:44,1
DA:45,0
DA:46,4
DA:49,0
DA:51,0
DA:52,0
DA:55,0
DA:56,0
DA:57,0
DA:58,0
DA:60,0
DA:62,0
DA:63,0
DA:64,0
DA:67,2
DA:69,2
DA:71,1
DA:74,1
DA:76,0
DA:77,0
DA:79,1
DA:81,9
DA:84,8
DA:85,8
DA:86,8
DA:87,0
DA:88,0
DA:89,8
DA:90,2
DA:93,5
DA:95,5
DA:96,5
DA:97,5
DA:101,0
DA:102,0
DA:103,0
DA:104,0
DA:105,0
DA:107,0
DA:109,0
DA:110,0
DA:113,0
DA:114,0
DA:116,0
DA:117,0
DA:118,0
DA:120,0
DA:121,1
DA:122,1
DA:124,1
DA:126,0
DA:127,0
DA:128,0
DA:129,0
DA:131,0
DA:132,1
DA:133,9
LF:87
LH:52
end_of_record
TN:
SF:/Users/graysongall/projects/rxn-cpp/src/Reaction.C
FN:0,__cxx_global_var_init.11
FN:0,__cxx_global_var_init.27
FN:0,__cxx_global_var_init.15
FN:0,__cxx_global_var_init.3
FN:0,__cxx_global_var_init.17
FN:0,__cxx_global_var_init.25
FN:0,__cxx_global_var_init.21
FN:0,__cxx_global_var_init.33
FN:0,__cxx_global_var_init.29
FN:0,__cxx_global_var_init.9
FN:0,__cxx_global_var_init.19
FN:0,__cxx_global_var_init.43
FN:0,__cxx_global_var_init.13
FN:0,__cxx_global_var_init
FN:0,__cxx_global_var_init.39
FN:0,__cxx_global_var_init.23
FN:0,__cxx_global_var_init.31
FN:0,__cxx_global_var_init.35
FN:0,__cxx_global_var_init.5
FN:0,__cxx_global_var_init.7
FN:0,__cxx_global_var_init.37
FN:0,__cxx_global_var_init.41
FN:0,__cxx_global_var_init.1
FN:5,_ZN3rxn8ReactionC2ERKN4YAML4NodeEiRKNSt3__112basic_stringIcNS5_11char_traitsIcEENS5_9allocatorIcEEEESD_b
FN:5,_ZN3rxn8ReactionC1ERKN4YAML4NodeEiRKNSt3__112basic_stringIcNS5_11char_traitsIcEENS5_9allocatorIcEEEESD_b
FN:33,_ZN3rxn8Reaction9checkNameERKN4YAML4NodeE
FN:47,_ZN3rxn8Reaction8setSidesEv
FN:116,_ZN3rxn8Reaction8getCoeffERNSt3__112basic_stringIcNS1_11char_traitsIcEENS1_9allocatorIcEEEE
FN:134,_ZN3rxn8Reaction16validateReactionEv
FN:228,_ZN3rxn8Reaction16substituteLumpedEv
FN:268,_ZN3rxn8Reaction12setLatexNameEv
FN:321,_ZN3rxn8Reaction15checkReferencesEv
FN:335,_ZNK3rxn8Reaction7getNameEv
FN:341,_ZNK3rxn8Reaction22getLatexRepresentationEv
FN:347,_ZNK3rxn8Reaction17getReactionNumberEv
FN:353,_ZNK3rxn8Reaction13getReferencesEv
FN:359,_ZNK3rxn8Reaction8getNotesEv
FN:365,_ZNK3rxn8ReactioneqERKS0_
FN:380,_ZNK3rxn8ReactionneERKS0_
FN:387,_ZNKSt3__14hashIN3rxn8ReactionEEclERKS2_
FNDA:1,__cxx_global_var_init.25
FNDA:1,__cxx_global_var_init.17
FNDA:1,__cxx_global_var_init.21
FNDA:1,__cxx_global_var_init.3
FNDA:1,__cxx_global_var_init.11
FNDA:1,__cxx_global_var_init.15
FNDA:8,_ZN3rxn8ReactionC2ERKN4YAML4NodeEiRKNSt3__112basic_stringIcNS5_11char_traitsIcEENS5_9allocatorIcEEEESD_b
FNDA:1,__cxx_global_var_init.27
FNDA:16,_ZN3rxn8Reaction16validateReactionEv
FNDA:0,_ZNK3rxn8ReactioneqERKS0_
FNDA:8,_ZNK3rxn8Reaction7getNameEv
FNDA:1,__cxx_global_var_init.43
FNDA:1,__cxx_global_var_init.19
FNDA:0,_ZNK3rxn8ReactionneERKS0_
FNDA:0,_ZNK3rxn8Reaction13getReferencesEv
FNDA:1,__cxx_global_var_init.9
FNDA:8,_ZN3rxn8Reaction12setLatexNameEv
FNDA:1,__cxx_global_var_init.33
FNDA:1,__cxx_global_var_init.29
FNDA:8,_ZN3rxn8Reaction8setSidesEv
FNDA:8,_ZN3rxn8Reaction16substituteLumpedEv
FNDA:0,_ZNK3rxn8Reaction17getReactionNumberEv
FNDA:8,_ZN3rxn8ReactionC1ERKN4YAML4NodeEiRKNSt3__112basic_stringIcNS5_11char_traitsIcEENS5_9allocatorIcEEEESD_b
FNDA:1,__cxx_global_var_init.23
FNDA:1,__cxx_global_var_init.39
FNDA:0,_ZN3rxn8Reaction15checkReferencesEv
FNDA:8,_ZN3rxn8Reaction9checkNameERKN4YAML4NodeE
FNDA:1,__cxx_global_var_init.13
FNDA:1,__cxx_global_var_init
FNDA:1,__cxx_global_var_init.1
FNDA:31,_ZN3rxn8Reaction8getCoeffERNSt3__112basic_stringIcNS1_11char_traitsIcEENS1_9allocatorIcEEEE
FNDA:0,_ZNK3rxn8Reaction8getNotesEv
FNDA:1,__cxx_global_var_init.37
FNDA:0,_ZNKSt3__14hashIN3rxn8ReactionEEclERKS2_
FNDA:1,__cxx_global_var_init.7
FNDA:1,__cxx_global_var_init.41
FNDA:0,_ZNK3rxn8Reaction22getLatexRepresentationEv
FNDA:1,__cxx_global_var_init.31
FNDA:1,__cxx_global_var_init.5
FNDA:1,__cxx_global_var_init.35
FNF:40
FNH:32
DA:5,24
DA:10,9
DA:11,9
DA:12,8
DA:13,9
DA:14,9
DA:15,9
DA:16,8
DA:17,9
DA:18,9
DA:19,9
DA:20,8
DA:21,9
DA:22,9
DA:23,9
DA:24,8
DA:25,1
DA:26,9
DA:28,1
DA:29,1
DA:30,17
DA:31,1
DA:32,1
DA:33,8
DA:34,1
DA:35,1
DA:36,8
DA:37,1
DA:38,8
DA:39,1
DA:40,1
DA:41,0
DA:43,8
DA:44,8
DA:47,8
DA:50,8
DA:51,8
DA:52,8
DA:54,8
DA:55,8
DA:57,8
DA:59,8
DA:60,23
DA:62,15
DA:63,15
DA:65,15
DA:67,15
DA:68,15
DA:69,15
DA:72,0
DA:73,0
DA:77,15
DA:78,15
DA:79,0
DA:80,0
DA:82,15
DA:83,15
DA:85,15
DA:87,8
DA:88,24
DA:90,16
DA:91,16
DA:93,16
DA:95,9
DA:96,9
DA:97,9
DA:100,7
DA:101,7
DA:105,16
DA:106,16
DA:107,0
DA:108,0
DA:110,16
DA:111,16
DA:112,16
DA:113,8
DA:116,31
DA:118,31
DA:120,31
DA:121,31
DA:123,26
DA:124,26
DA:127,5
DA:128,5
DA:130,62
DA:131,31
DA:134,16
DA:137,16
DA:139,16
DA:142,16
DA:143,16
DA:144,46
DA:146,30
DA:148,30
DA:149,30
DA:150,30
DA:151,60
DA:155,30
DA:156,10
DA:158,20
DA:160,16
DA:161,16
DA:164,4
DA:165,30
DA:166,30
DA:168,16
DA:170,16
DA:171,16
DA:172,48
DA:174,32
DA:175,32
DA:179,64
DA:183,32
DA:184,12
DA:185,20
DA:187,20
DA:189,0
DA:192,20
DA:194,16
DA:195,16
DA:198,4
DA:199,32
DA:201,32
DA:202,32
DA:203,32
DA:206,32
DA:207,16
DA:209,0
DA:210,0
DA:211,0
DA:212,16
DA:214,16
DA:215,16
DA:217,16
DA:218,0
DA:220,16
DA:221,0
DA:223,16
DA:224,0
DA:225,16
DA:228,8
DA:230,8
DA:231,8
DA:234,8
DA:236,23
DA:238,15
DA:239,15
DA:241,15
DA:243,0
DA:244,0
DA:246,0
DA:247,0
DA:248,0
DA:249,0
DA:251,24
DA:253,16
DA:254,16
DA:256,16
DA:258,0
DA:259,0
DA:261,0
DA:262,0
DA:263,0
DA:264,0
DA:265,8
DA:268,8
DA:272,8
DA:273,23
DA:275,15
DA:276,15
DA:278,15
DA:280,15
DA:281,0
DA:283,15
DA:285,15
DA:286,15
DA:287,2
DA:289,15
DA:291,15
DA:292,7
DA:293,15
DA:295,8
DA:297,24
DA:299,16
DA:300,16
DA:302,16
DA:304,16
DA:305,7
DA:307,9
DA:309,9
DA:310,9
DA:311,0
DA:313,9
DA:315,9
DA:316,8
DA:317,16
DA:318,8
DA:321,0
DA:323,0
DA:324,0
DA:327,0
DA:328,0
DA:329,0
DA:330,0
DA:331,0
DA:332,0
DA:335,8
DA:337,8
DA:341,0
DA:343,0
DA:347,0
DA:349,0
DA:353,0
DA:355,0
DA:359,0
DA:361,0
DA:365,0
DA:367,0
DA:368,0
DA:370,0
DA:371,0
DA:373,0
DA:374,0
DA:376,0
DA:377,0
DA:380,0
DA:382,0
DA:387,0
DA:389,0
DA:391,0
DA:393,0
DA:394,0
DA:395,0
DA:400,0
DA:401,0
LF:235
LH:171
end_of_record
TN:
SF:/Users/graysongall/projects/rxn-cpp/src/Species.C
FN:0,__cxx_global_var_init.23
FN:0,__cxx_global_var_init.39
FN:0,__cxx_global_var_init.13
FN:0,__cxx_global_var_init
FN:0,__cxx_global_var_init.1
FN:0,__cxx_global_var_init.37
FN:0,__cxx_global_var_init.7
FN:0,__cxx_global_var_init.41
FN:0,__cxx_global_var_init.31
FN:0,__cxx_global_var_init.35
FN:0,__cxx_global_var_init.5
FN:0,__cxx_global_var_init.25
FN:0,__cxx_global_var_init.17
FN:0,__cxx_global_var_init.21
FN:0,__cxx_global_var_init.3
FN:0,__cxx_global_var_init.11
FN:0,__cxx_global_var_init.15
FN:0,__cxx_global_var_init.27
FN:0,__cxx_global_var_init.43
FN:0,__cxx_global_var_init.19
FN:0,__cxx_global_var_init.33
FN:0,__cxx_global_var_init.9
FN:0,__cxx_global_var_init.29
FN:7,_ZN3rxn7SpeciesC2ERKNSt3__112basic_stringIcNS1_11char_traitsIcEENS1_9allocatorIcEEEE
FN:7,_ZN3rxn7SpeciesC1ERKNSt3__112basic_stringIcNS1_11char_traitsIcEENS1_9allocatorIcEEEE
FN:17,_ZN3rxn7Species16decomposeSpeciesEv
FN:30,_ZN3rxn7Species7setMassEv
FN:39,_ZN3rxn7Species15setChargeNumberEv
FN:49,_ZN3rxn7Species12setLatexNameEv
FN:58,_ZNK3rxn7SpecieseqERKS0_
FN:81,_ZNK3rxn7SpeciesneERKS0_
FN:87,_ZNK3rxn7Species12getRateBasedEv
FN:93,_ZNK3rxn7Species12getXsecBasedEv
FN:99,_ZNK3rxn7Species13getSubSpeciesEv
FN:107,_ZNKSt3__14hashIN3rxn7SpeciesEEclERKS2_
FNDA:1,__cxx_global_var_init.19
FNDA:26,_ZN3rxn7Species15setChargeNumberEv
FNDA:1,__cxx_global_var_init.43
FNDA:1,__cxx_global_var_init.33
FNDA:1,__cxx_global_var_init.29
FNDA:1,__cxx_global_var_init.9
FNDA:26,_ZN3rxn7Species7setMassEv
FNDA:214,_ZNK3rxn7Species13getSubSpeciesEv
FNDA:1,__cxx_global_var_init.17
FNDA:1,__cxx_global_var_init.25
FNDA:1,__cxx_global_var_init.21
FNDA:1,__cxx_global_var_init.3
FNDA:1,__cxx_global_var_init.11
FNDA:1,__cxx_global_var_init.27
FNDA:1,__cxx_global_var_init.15
FNDA:26,_ZN3rxn7Species12setLatexNameEv
FNDA:1,__cxx_global_var_init.1
FNDA:0,_ZNKSt3__14hashIN3rxn7SpeciesEEclERKS2_
FNDA:1,__cxx_global_var_init.7
FNDA:1,__cxx_global_var_init.37
FNDA:26,_ZN3rxn7SpeciesC1ERKNSt3__112basic_stringIcNS1_11char_traitsIcEENS1_9allocatorIcEEEE
FNDA:26,_ZN3rxn7Species16decomposeSpeciesEv
FNDA:1,__cxx_global_var_init.41
FNDA:1,__cxx_global_var_init.31
FNDA:1,__cxx_global_var_init.35
FNDA:1,__cxx_global_var_init.5
FNDA:0,_ZNK3rxn7Species12getXsecBasedEv
FNDA:1,__cxx_global_var_init.39
FNDA:1,__cxx_global_var_init.23
FNDA:26,_ZN3rxn7SpeciesC2ERKNSt3__112basic_stringIcNS1_11char_traitsIcEENS1_9allocatorIcEEEE
FNDA:6,_ZNK3rxn7SpecieseqERKS0_
FNDA:1,_ZNK3rxn7SpeciesneERKS0_
FNDA:0,_ZNK3rxn7Species12getRateBasedEv
FNDA:1,__cxx_global_var_init.13
FNDA:1,__cxx_global_var_init
FNF:35
FNH:32
DA:7,52
DA:8,26
DA:9,26
DA:10,53
DA:11,27
DA:12,26
DA:13,27
DA:14,53
DA:15,1
DA:17,27
DA:18,1
DA:19,27
DA:21,27
DA:22,1
DA:23,56
DA:24,29
DA:25,1
DA:26,27
DA:27,26
DA:28,1
DA:29,1
DA:30,27
DA:31,1
DA:32,27
DA:33,55
DA:34,30
DA:35,27
DA:36,26
DA:37,1
DA:39,27
DA:40,1
DA:41,26
DA:42,55
DA:43,29
DA:44,26
DA:45,26
DA:49,26
DA:51,26
DA:52,55
DA:53,29
DA:54,26
DA:55,26
DA:58,6
DA:60,6
DA:61,0
DA:63,6
DA:64,0
DA:66,6
DA:67,0
DA:69,6
DA:70,2
DA:72,8
DA:74,4
DA:75,0
DA:76,4
DA:77,4
DA:78,6
DA:81,1
DA:83,1
DA:87,0
DA:89,0
DA:93,0
DA:95,0
DA:99,214
DA:101,214
DA:107,0
DA:109,0
DA:111,0
DA:113,0
DA:114,0
DA:116,0
DA:117,0
DA:118,0
DA:121,0
DA:122,0
LF:75
LH:57
end_of_record
TN:
SF:/Users/graysongall/projects/rxn-cpp/src/SpeciesBase.C
FN:0,__cxx_global_var_init.39
FN:0,__cxx_global_var_init.23
FN:0,__cxx_global_var_init.13
FN:0,__cxx_global_var_init
FN:0,__cxx_global_var_init.1
FN:0,__cxx_global_var_init.37
FN:0,__cxx_global_var_init.7
FN:0,__cxx_global_var_init.41
FN:0,__cxx_global_var_init.31
FN:0,__cxx_global_var_init.5
FN:0,__cxx_global_var_init.35
FN:0,__cxx_global_var_init.25
FN:0,__cxx_global_var_init.17
FN:0,__cxx_global_var_init.21
FN:0,__cxx_global_var_init.3
FN:0,__cxx_global_var_init.11
FN:0,__cxx_global_var_init.15
FN:0,__cxx_global_var_init.27
FN:0,__cxx_global_var_init.43
FN:0,__cxx_global_var_init.19
FN:0,__cxx_global_var_init.29
FN:0,__cxx_global_var_init.9
FN:0,__cxx_global_var_init.33
FN:5,_ZN3rxn11SpeciesBaseC2ERKNSt3__112basic_stringIcNS1_11char_traitsIcEENS1_9allocatorIcEEEE
FN:13,_ZN3rxnlsERNSt3__113basic_ostreamIcNS0_11char_traitsIcEEEERKNS_11SpeciesBaseE
FN:20,_ZN3rxn11SpeciesBase9checkNameERKNSt3__112basic_stringIcNS1_11char_traitsIcEENS1_9allocatorIcEEEE
FN:36,_ZNK3rxn11SpeciesBaseeqERKS0_
FN:43,_ZNK3rxn11SpeciesBaseneERKS0_
FN:49,_ZNK3rxn11SpeciesBase7getNameEv
FN:55,_ZNK3rxn11SpeciesBase7getMassEv
FN:61,_ZNK3rxn11SpeciesBase15getChargeNumberEv
FN:67,_ZNK3rxn11SpeciesBase9getChargeEv
FN:73,_ZNK3rxn11SpeciesBase22getLatexRepresentationEv
FN:80,_ZNKSt3__14hashIN3rxn11SpeciesBaseEEclERKS2_
FNDA:52,_ZNK3rxn11SpeciesBase9getChargeEv
FNDA:1,__cxx_global_var_init.39
FNDA:1,__cxx_global_var_init.23
FNDA:10,_ZNK3rxn11SpeciesBaseneERKS0_
FNDA:0,_ZNKSt3__14hashIN3rxn11SpeciesBaseEEclERKS2_
FNDA:1,__cxx_global_var_init.13
FNDA:1,__cxx_global_var_init
FNDA:1,__cxx_global_var_init.1
FNDA:1,__cxx_global_var_init.41
FNDA:10,_ZNK3rxn11SpeciesBaseeqERKS0_
FNDA:78,_ZN3rxn11SpeciesBase9checkNameERKNSt3__112basic_stringIcNS1_11char_traitsIcEENS1_9allocatorIcEEEE
FNDA:1,__cxx_global_var_init.7
FNDA:1,__cxx_global_var_init.37
FNDA:217,_ZNK3rxn11SpeciesBase7getNameEv
FNDA:78,_ZN3rxn11SpeciesBaseC2ERKNSt3__112basic_stringIcNS1_11char_traitsIcEENS1_9allocatorIcEEEE
FNDA:143,_ZNK3rxn11SpeciesBase15getChargeNumberEv
FNDA:1,__cxx_global_var_init.35
FNDA:1,__cxx_global_var_init.5
FNDA:0,_ZN3rxnlsERNSt3__113basic_ostreamIcNS0_11char_traitsIcEEEERKNS_11SpeciesBaseE
FNDA:1,__cxx_global_var_init.31
FNDA:1,__cxx_global_var_init.21
FNDA:1,__cxx_global_var_init.17
FNDA:1,__cxx_global_var_init.25
FNDA:105,_ZNK3rxn11SpeciesBase22getLatexRepresentationEv
FNDA:1,__cxx_global_var_init.3
FNDA:143,_ZNK3rxn11SpeciesBase7getMassEv
FNDA:1,__cxx_global_var_init.27
FNDA:1,__cxx_global_var_init.15
FNDA:1,__cxx_global_var_init.11
FNDA:1,__cxx_global_var_init.19
FNDA:1,__cxx_global_var_init.43
FNDA:1,__cxx_global_var_init.9
FNDA:1,__cxx_global_var_init.29
FNDA:1,__cxx_global_var_init.33
FNF:34
FNH:32
DA:5,156
DA:6,78
DA:7,78
DA:8,78
DA:10,1
DA:11,1
DA:13,1
DA:14,1
DA:15,1
DA:16,0
DA:17,1
DA:18,1
DA:19,1
DA:20,78
DA:21,1
DA:22,79
DA:23,3
DA:25,78
DA:26,1
DA:27,21
DA:28,1
DA:29,2
DA:30,1
DA:31,21
DA:32,77
DA:33,2
DA:34,1
DA:35,1
DA:36,10
DA:37,1
DA:38,10
DA:39,1
DA:40,1
DA:43,10
DA:45,10
DA:49,217
DA:51,217
DA:55,143
DA:57,143
DA:61,143
DA:63,143
DA:67,52
DA:69,52
DA:73,105
DA:75,105
DA:80,0
DA:83,0
LF:47
LH:44
end_of_record
TN:
SF:/Users/graysongall/projects/rxn-cpp/src/SpeciesFactory.C
FN:0,__cxx_global_var_init.37
FN:0,__cxx_global_var_init.7
FN:0,__cxx_global_var_init.41
FN:0,__cxx_global_var_init.1
FN:0,__cxx_global_var_init.31
FN:0,__cxx_global_var_init.35
FN:0,__cxx_global_var_init.5
FN:0,__cxx_global_var_init.23
FN:0,__cxx_global_var_init.39
FN:0,__cxx_global_var_init.13
FN:0,__cxx_global_var_init
FN:0,__cxx_global_var_init.43
FN:0,__cxx_global_var_init.19
FN:0,__cxx_global_var_init.33
FN:0,__cxx_global_var_init.9
FN:0,__cxx_global_var_init.29
FN:0,__cxx_global_var_init.3
FN:0,__cxx_global_var_init.25
FN:0,__cxx_global_var_init.17
FN:0,__cxx_global_var_init.21
FN:0,__cxx_global_var_init.11
FN:0,__cxx_global_var_init.15
FN:0,__cxx_global_var_init.27
FN:9,_ZN3rxn14SpeciesFactory11getInstanceEv
FN:19,_ZN3rxn14SpeciesFactory5clearEv
FN:29,_ZN3rxn14SpeciesFactory20collectCustomSpeciesERKN4YAML4NodeE
FN:76,_ZN3rxn14SpeciesFactory20collectLumpedSpeciesERKN4YAML4NodeE
FN:133,_ZN3rxn14SpeciesFactory21collectLatexOverridesERKN4YAML4NodeE
FN:194,_ZNK3rxn14SpeciesFactory7getMassERKNSt3__112basic_stringIcNS1_11char_traitsIcEENS1_9allocatorIcEEEE
FN:207,_ZNK3rxn14SpeciesFactory16getLatexOverrideERKNSt3__112basic_stringIcNS1_11char_traitsIcEENS1_9allocatorIcEEEE
FN:220,_ZN3rxn14SpeciesFactory10getSpeciesERKNSt3__112basic_stringIcNS1_11char_traitsIcEENS1_9allocatorIcEEEE
FN:237,_ZN3rxn14SpeciesFactory16getLumpedSpeciesERNSt3__18weak_ptrINS_7SpeciesEEE
FNDA:1,__cxx_global_var_init.3
FNDA:1,__cxx_global_var_init.21
FNDA:1,__cxx_global_var_init.17
FNDA:1,__cxx_global_var_init.25
FNDA:217,_ZN3rxn14SpeciesFactory11getInstanceEv
FNDA:1,__cxx_global_var_init.27
FNDA:1,__cxx_global_var_init.15
FNDA:1,__cxx_global_var_init.11
FNDA:2,_ZN3rxn14SpeciesFactory5clearEv
FNDA:1,_ZN3rxn14SpeciesFactory20collectLumpedSpeciesERKN4YAML4NodeE
FNDA:1,__cxx_global_var_init.19
FNDA:1,__cxx_global_var_init.43
FNDA:31,_ZN3rxn14SpeciesFactory16getLumpedSpeciesERNSt3__18weak_ptrINS_7SpeciesEEE
FNDA:1,__cxx_global_var_init.9
FNDA:1,__cxx_global_var_init.33
FNDA:1,__cxx_global_var_init.29
FNDA:1,__cxx_global_var_init.23
FNDA:1,__cxx_global_var_init.39
FNDA:50,_ZNK3rxn14SpeciesFactory16getLatexOverrideERKNSt3__112basic_stringIcNS1_11char_traitsIcEENS1_9allocatorIcEEEE
FNDA:1,_ZN3rxn14SpeciesFactory21collectLatexOverridesERKN4YAML4NodeE
FNDA:31,_ZN3rxn14SpeciesFactory10getSpeciesERKNSt3__112basic_stringIcNS1_11char_traitsIcEENS1_9allocatorIcEEEE
FNDA:1,__cxx_global_var_init.13
FNDA:1,__cxx_global_var_init
FNDA:1,__cxx_global_var_init.41
FNDA:1,__cxx_global_var_init.7
FNDA:142,_ZNK3rxn14SpeciesFactory7getMassERKNSt3__112basic_stringIcNS1_11char_traitsIcEENS1_9allocatorIcEEEE
FNDA:1,__cxx_global_var_init.37
FNDA:1,__cxx_global_var_init.1
FNDA:1,__cxx_global_var_init.5
FNDA:5,_ZN3rxn14SpeciesFactory20collectCustomSpeciesERKN4YAML4NodeE
FNDA:1,__cxx_global_var_init.35
FNDA:1,__cxx_global_var_init.31
FNF:32
FNH:32
DA:9,217
DA:10,1
DA:11,1
DA:12,217
DA:13,2
DA:14,2
DA:15,218
DA:16,0
DA:17,1
DA:18,1
DA:19,3
DA:20,2
DA:21,3
DA:22,3
DA:23,3
DA:24,2
DA:25,3
DA:26,1
DA:28,1
DA:29,6
DA:30,1
DA:31,6
DA:32,2
DA:34,5
DA:35,1
DA:36,0
DA:37,1
DA:39,5
DA:40,1
DA:41,0
DA:42,0
DA:44,4
DA:46,0
DA:47,0
DA:49,4
DA:51,0
DA:52,0
DA:53,0
DA:54,0
DA:55,0
DA:56,4
DA:57,4
DA:59,4
DA:61,0
DA:62,0
DA:64,4
DA:66,0
DA:67,0
DA:69,8
DA:71,4
DA:72,4
DA:73,5
DA:76,1
DA:78,1
DA:79,1
DA:81,0
DA:83,0
DA:84,0
DA:86,0
DA:87,0
DA:89,0
DA:91,0
DA:93,0
DA:94,0
DA:96,0
DA:98,0
DA:99,0
DA:102,0
DA:103,0
DA:104,0
DA:105,0
DA:106,0
DA:108,0
DA:110,0
DA:111,0
DA:114,0
DA:115,0
DA:116,0
DA:117,0
DA:118,0
DA:120,0
DA:122,0
DA:123,0
DA:125,0
DA:126,0
DA:127,0
DA:128,0
DA:129,1
DA:133,1
DA:135,1
DA:136,1
DA:138,0
DA:140,0
DA:141,0
DA:143,0
DA:145,0
DA:146,0
DA:148,0
DA:150,0
DA:151,0
DA:153,0
DA:155,0
DA:156,0
DA:157,0
DA:158,0
DA:159,0
DA:161,0
DA:162,0
DA:165,0
DA:166,0
DA:167,0
DA:168,0
DA:169,0
DA:170,0
DA:172,0
DA:174,0
DA:175,0
DA:177,0
DA:179,0
DA:180,0
DA:182,0
DA:184,0
DA:185,0
DA:187,0
DA:189,0
DA:190,0
DA:191,1
DA:194,142
DA:196,142
DA:198,142
DA:200,0
DA:203,284
DA:204,142
DA:207,50
DA:209,50
DA:211,50
DA:213,50
DA:216,0
DA:217,50
DA:220,31
DA:222,31
DA:224,31
DA:226,31
DA:228,6
DA:229,6
DA:231,31
DA:233,31
DA:234,31
DA:237,31
DA:239,31
DA:240,31
DA:241,31
DA:243,31
DA:245,31
DA:248,0
DA:249,0
DA:250,31
LF:157
LH:71
end_of_record
TN:
SF:/Users/graysongall/projects/rxn-cpp/src/StringHelper.C
FN:0,__cxx_global_var_init
FN:8,_ZN3rxn5ltrimERNSt3__112basic_stringIcNS0_11char_traitsIcEENS0_9allocatorIcEEEE
FN:15,_ZN3rxn5rtrimERNSt3__112basic_stringIcNS0_11char_traitsIcEENS0_9allocatorIcEEEE
FN:22,_ZN3rxn4trimERNSt3__112basic_stringIcNS0_11char_traitsIcEENS0_9allocatorIcEEEE
FN:29,_ZN3rxn16splitByDelimiterERKNSt3__112basic_stringIcNS0_11char_traitsIcEENS0_9allocatorIcEEEES6_
FN:52,_ZN3rxn16findFirstCapitalERKNSt3__112basic_stringIcNS0_11char_traitsIcEENS0_9allocatorIcEEEE
FN:65,_ZN3rxn16findFirstSpecialERKNSt3__112basic_stringIcNS0_11char_traitsIcEENS0_9allocatorIcEEEE
FN:78,_ZN3rxn18findFirstNonLetterERKNSt3__112basic_stringIcNS0_11char_traitsIcEENS0_9allocatorIcEEEE
FN:89,_ZN3rxn15findFirstLetterERKNSt3__112basic_stringIcNS0_11char_traitsIcEENS0_9allocatorIcEEEE
FN:100,_ZN3rxn18findFirstNonNumberERKNSt3__112basic_stringIcNS0_11char_traitsIcEENS0_9allocatorIcEEEE
FN:111,_ZN3rxn19findFirstNonSpecialERKNSt3__112basic_stringIcNS0_11char_traitsIcEENS0_9allocatorIcEEEE
FN:122,_ZN3rxn14splitByCapitalERKNSt3__112basic_stringIcNS0_11char_traitsIcEENS0_9allocatorIcEEEE
FN:163,_ZN3rxn16formatScientificEf
FN:183,_ZN3rxn9makeGreenERKNSt3__112basic_stringIcNS0_11char_traitsIcEENS0_9allocatorIcEEEE
FN:189,_ZN3rxn10makeYellowERKNSt3__112basic_stringIcNS0_11char_traitsIcEENS0_9allocatorIcEEEE
FN:195,_ZN3rxn7makeRedERKNSt3__112basic_stringIcNS0_11char_traitsIcEENS0_9allocatorIcEEEE
FN:201,_ZN3rxn10printGreenERKNSt3__112basic_stringIcNS0_11char_traitsIcEENS0_9allocatorIcEEEE
FN:207,_ZN3rxn8printRedERKNSt3__112basic_stringIcNS0_11char_traitsIcEENS0_9allocatorIcEEEE
FN:213,_ZN3rxn11printYellowERKNSt3__112basic_stringIcNS0_11char_traitsIcEENS0_9allocatorIcEEEE
FNDA:8,_ZN3rxn9makeGreenERKNSt3__112basic_stringIcNS0_11char_traitsIcEENS0_9allocatorIcEEEE
FNDA:8,_ZN3rxn10printGreenERKNSt3__112basic_stringIcNS0_11char_traitsIcEENS0_9allocatorIcEEEE
FNDA:24,_ZN3rxn16splitByDelimiterERKNSt3__112basic_stringIcNS0_11char_traitsIcEENS0_9allocatorIcEEEES6_
FNDA:82,_ZN3rxn16findFirstCapitalERKNSt3__112basic_stringIcNS0_11char_traitsIcEENS0_9allocatorIcEEEE
FNDA:2,_ZN3rxn8printRedERKNSt3__112basic_stringIcNS0_11char_traitsIcEENS0_9allocatorIcEEEE
FNDA:47,_ZN3rxn5ltrimERNSt3__112basic_stringIcNS0_11char_traitsIcEENS0_9allocatorIcEEEE
FNDA:24,_ZN3rxn19findFirstNonSpecialERKNSt3__112basic_stringIcNS0_11char_traitsIcEENS0_9allocatorIcEEEE
FNDA:47,_ZN3rxn5rtrimERNSt3__112basic_stringIcNS0_11char_traitsIcEENS0_9allocatorIcEEEE
FNDA:0,_ZN3rxn11printYellowERKNSt3__112basic_stringIcNS0_11char_traitsIcEENS0_9allocatorIcEEEE
FNDA:70,_ZN3rxn18findFirstNonLetterERKNSt3__112basic_stringIcNS0_11char_traitsIcEENS0_9allocatorIcEEEE
FNDA:31,_ZN3rxn15findFirstLetterERKNSt3__112basic_stringIcNS0_11char_traitsIcEENS0_9allocatorIcEEEE
FNDA:47,_ZN3rxn4trimERNSt3__112basic_stringIcNS0_11char_traitsIcEENS0_9allocatorIcEEEE
FNDA:26,_ZN3rxn14splitByCapitalERKNSt3__112basic_stringIcNS0_11char_traitsIcEENS0_9allocatorIcEEEE
FNDA:48,_ZN3rxn18findFirstNonNumberERKNSt3__112basic_stringIcNS0_11char_traitsIcEENS0_9allocatorIcEEEE
FNDA:1,__cxx_global_var_init
FNDA:24,_ZN3rxn16findFirstSpecialERKNSt3__112basic_stringIcNS0_11char_traitsIcEENS0_9allocatorIcEEEE
FNDA:2,_ZN3rxn7makeRedERKNSt3__112basic_stringIcNS0_11char_traitsIcEENS0_9allocatorIcEEEE
FNDA:0,_ZN3rxn16formatScientificEf
FNDA:0,_ZN3rxn10makeYellowERKNSt3__112basic_stringIcNS0_11char_traitsIcEENS0_9allocatorIcEEEE
FNF:19
FNH:16
DA:5,1
DA:8,47
DA:10,47
DA:11,47
DA:12,47
DA:15,47
DA:17,47
DA:18,47
DA:19,47
DA:22,47
DA:24,47
DA:25,47
DA:26,47
DA:29,24
DA:31,24
DA:32,24
DA:33,24
DA:34,24
DA:36,47
DA:38,23
DA:39,23
DA:40,23
DA:41,23
DA:42,23
DA:45,24
DA:46,24
DA:48,24
DA:49,24
DA:52,82
DA:54,282
DA:56,200
DA:58,58
DA:60,142
DA:61,24
DA:62,82
DA:65,24
DA:67,48
DA:69,24
DA:70,0
DA:72,24
DA:74,0
DA:75,24
DA:78,70
DA:80,300
DA:82,230
DA:83,62
DA:84,168
DA:85,8
DA:86,70
DA:89,31
DA:91,67
DA:93,36
DA:94,31
DA:95,5
DA:96,0
DA:97,31
DA:100,48
DA:102,154
DA:104,106
DA:105,33
DA:106,73
DA:107,15
DA:108,48
DA:111,24
DA:113,66
DA:115,42
DA:116,18
DA:117,24
DA:118,6
DA:119,24
DA:122,26
DA:124,26
DA:126,26
DA:129,26
DA:131,6
DA:135,20
DA:137,2
DA:140,18
DA:142,18
DA:144,39
DA:147,21
DA:149,21
DA:150,21
DA:153,21
DA:155,3
DA:156,3
DA:157,18
DA:159,18
DA:160,26
DA:163,0
DA:165,0
DA:167,0
DA:169,0
DA:172,0
DA:174,0
DA:177,0
DA:180,0
DA:183,8
DA:185,8
DA:186,0
DA:189,0
DA:191,0
DA:192,0
DA:195,2
DA:197,2
DA:198,0
DA:201,8
DA:203,8
DA:204,8
DA:207,2
DA:209,2
DA:210,2
DA:213,0
DA:215,0
DA:216,0
LF:115
LH:96
end_of_record
TN:
SF:/Users/graysongall/projects/rxn-cpp/src/SubSpecies.C
FN:0,__cxx_global_var_init.13
FN:0,__cxx_global_var_init
FN:0,__cxx_global_var_init.39
FN:0,__cxx_global_var_init.23
FN:0,__cxx_global_var_init.35
FN:0,__cxx_global_var_init.5
FN:0,__cxx_global_var_init.31
FN:0,__cxx_global_var_init.1
FN:0,__cxx_global_var_init.41
FN:0,__cxx_global_var_init.7
FN:0,__cxx_global_var_init.37
FN:0,__cxx_global_var_init.27
FN:0,__cxx_global_var_init.15
FN:0,__cxx_global_var_init.11
FN:0,__cxx_global_var_init.21
FN:0,__cxx_global_var_init.17
FN:0,__cxx_global_var_init.25
FN:0,__cxx_global_var_init.3
FN:0,__cxx_global_var_init.33
FN:0,__cxx_global_var_init.9
FN:0,__cxx_global_var_init.29
FN:0,__cxx_global_var_init.19
FN:0,__cxx_global_var_init.43
FN:7,_ZN3rxn10SubSpeciesC1ERKNSt3__112basic_stringIcNS1_11char_traitsIcEENS1_9allocatorIcEEEE
FN:7,_ZN3rxn10SubSpeciesC2ERKNSt3__112basic_stringIcNS1_11char_traitsIcEENS1_9allocatorIcEEEE
FN:19,_ZN3rxn10SubSpecies7setBaseEv
FN:48,_ZN3rxn10SubSpecies11setModifierEv
FN:65,_ZN3rxn10SubSpecies12setSubscriptEv
FN:85,_ZN3rxn10SubSpecies15setChargeNumberEv
FN:173,_ZN3rxn10SubSpecies7setMassEv
FN:188,_ZN3rxn10SubSpecies12setLatexNameEv
FN:262,_ZNK3rxn10SubSpecieseqERKS0_
FN:290,_ZNK3rxn10SubSpeciesneERKS0_
FN:296,_ZNK3rxn10SubSpecies7getBaseEv
FN:302,_ZNK3rxn10SubSpecies11getModifierEv
FN:308,_ZNK3rxn10SubSpecies12getSubscriptEv
FN:315,_ZNKSt3__14hashIN3rxn10SubSpeciesEEclERKS2_
FNDA:5,_ZNK3rxn10SubSpeciesneERKS0_
FNDA:1,__cxx_global_var_init.3
FNDA:1,__cxx_global_var_init.21
FNDA:1,__cxx_global_var_init.17
FNDA:1,__cxx_global_var_init.25
FNDA:36,_ZNK3rxn10SubSpecies11getModifierEv
FNDA:50,_ZN3rxn10SubSpeciesC2ERKNSt3__112basic_stringIcNS1_11char_traitsIcEENS1_9allocatorIcEEEE
FNDA:1,__cxx_global_var_init.27
FNDA:1,__cxx_global_var_init.15
FNDA:1,__cxx_global_var_init.11
FNDA:50,_ZN3rxn10SubSpecies12setLatexNameEv
FNDA:1,__cxx_global_var_init.19
FNDA:1,__cxx_global_var_init.43
FNDA:76,_ZNK3rxn10SubSpecies12getSubscriptEv
FNDA:50,_ZN3rxn10SubSpecies7setMassEv
FNDA:1,__cxx_global_var_init.33
FNDA:1,__cxx_global_var_init.29
FNDA:1,__cxx_global_var_init.9
FNDA:1,__cxx_global_var_init.23
FNDA:1,__cxx_global_var_init.39
FNDA:50,_ZN3rxn10SubSpecies15setChargeNumberEv
FNDA:0,_ZNKSt3__14hashIN3rxn10SubSpeciesEEclERKS2_
FNDA:10,_ZNK3rxn10SubSpecieseqERKS0_
FNDA:1,__cxx_global_var_init.13
FNDA:52,_ZN3rxn10SubSpeciesC1ERKNSt3__112basic_stringIcNS1_11char_traitsIcEENS1_9allocatorIcEEEE
FNDA:1,__cxx_global_var_init
FNDA:1,__cxx_global_var_init.41
FNDA:1,__cxx_global_var_init.7
FNDA:1,__cxx_global_var_init.37
FNDA:1,__cxx_global_var_init.1
FNDA:50,_ZN3rxn10SubSpecies11setModifierEv
FNDA:1,__cxx_global_var_init.35
FNDA:1,__cxx_global_var_init.5
FNDA:50,_ZN3rxn10SubSpecies12setSubscriptEv
FNDA:1,__cxx_global_var_init.31
FNDA:278,_ZNK3rxn10SubSpecies7getBaseEv
FNDA:50,_ZN3rxn10SubSpecies7setBaseEv
FNF:37
FNH:36
DA:7,102
DA:8,50
DA:9,50
DA:10,51
DA:11,51
DA:12,102
DA:13,51
DA:14,51
DA:15,51
DA:16,102
DA:17,1
DA:18,1
DA:19,51
DA:21,51
DA:22,3
DA:23,1
DA:24,48
DA:25,14
DA:26,1
DA:27,35
DA:28,1
DA:29,36
DA:30,1
DA:31,1
DA:32,1
DA:34,1
DA:35,1
DA:37,36
DA:39,36
DA:40,5
DA:42,35
DA:44,35
DA:45,50
DA:48,50
DA:50,50
DA:51,2
DA:53,48
DA:54,13
DA:56,35
DA:58,35
DA:59,4
DA:61,31
DA:62,50
DA:65,50
DA:68,50
DA:69,19
DA:71,31
DA:73,31
DA:74,7
DA:77,31
DA:78,11
DA:81,20
DA:82,50
DA:85,50
DA:87,50
DA:89,13
DA:90,13
DA:94,37
DA:96,6
DA:97,6
DA:101,31
DA:102,31
DA:104,20
DA:105,20
DA:106,20
DA:107,20
DA:109,11
DA:112,31
DA:114,7
DA:115,7
DA:119,24
DA:121,0
DA:122,0
DA:123,0
DA:124,0
DA:125,0
DA:127,24
DA:129,2
DA:130,2
DA:134,22
DA:136,22
DA:137,12
DA:139,10
DA:141,22
DA:143,5
DA:144,5
DA:149,17
DA:152,17
DA:155,17
DA:156,8
DA:158,17
DA:160,17
DA:162,0
DA:163,0
DA:167,17
DA:169,17
DA:170,50
DA:173,50
DA:175,50
DA:177,50
DA:179,13
DA:180,13
DA:183,37
DA:184,37
DA:185,50
DA:188,50
DA:190,50
DA:192,50
DA:194,0
DA:195,0
DA:197,50
DA:199,2
DA:200,2
DA:203,48
DA:205,17
DA:206,17
DA:209,31
DA:211,31
DA:213,31
DA:215,20
DA:216,20
DA:217,20
DA:219,31
DA:222,22
DA:224,22
DA:226,12
DA:227,12
DA:228,12
DA:232,10
DA:233,10
DA:237,22
DA:238,5
DA:240,22
DA:242,17
DA:243,17
DA:244,17
DA:245,22
DA:247,31
DA:249,20
DA:250,20
DA:253,11
DA:255,11
DA:256,11
DA:258,11
DA:259,50
DA:262,10
DA:265,10
DA:266,2
DA:268,8
DA:269,0
DA:271,8
DA:272,0
DA:274,8
DA:275,0
DA:277,8
DA:278,0
DA:280,8
DA:281,0
DA:283,8
DA:284,0
DA:286,8
DA:287,10
DA:290,5
DA:292,5
DA:296,278
DA:298,278
DA:302,36
DA:304,36
DA:308,76
DA:310,76
DA:315,0
DA:317,0
DA:319,0
DA:321,0
DA:322,0
DA:323,0
DA:324,0
DA:325,0
DA:326,0
DA:327,0
DA:328,0
DA:330,0
DA:331,0
LF:183
LH:155
end_of_record
TN:
SF:/Users/graysongall/projects/rxn-cpp/src/YamlHelper.C
FN:6,_ZN3rxn11getTypeNameINSt3__112basic_stringIcNS1_11char_traitsIcEENS1_9allocatorIcEEEEEES7_v
FN:11,_ZN3rxn11getTypeNameIdEENSt3__112basic_stringIcNS1_11char_traitsIcEENS1_9allocatorIcEEEEv
FN:17,_ZN3rxn12defaultValueIdEET_v
FN:23,_ZN3rxn12defaultValueINSt3__112basic_stringIcNS1_11char_traitsIcEENS1_9allocatorIcEEEEEET_v
FN:28,_ZN3rxn10validParamERKNSt3__112basic_stringIcNS0_11char_traitsIcEENS0_9allocatorIcEEEEN4YAML4NodeEb
FN:42,_ZN3rxn9getParamsINSt3__112basic_stringIcNS1_11char_traitsIcEENS1_9allocatorIcEEEEEENS1_6vectorIT_NS5_IS9_EEEERKS7_N4YAML4NodeEb
FN:42,_ZN3rxn9getParamsIdEENSt3__16vectorIT_NS1_9allocatorIS3_EEEERKNS1_12basic_stringIcNS1_11char_traitsIcEENS4_IcEEEEN4YAML4NodeEb
FN:81,_ZN3rxn8getParamINSt3__112basic_stringIcNS1_11char_traitsIcEENS1_9allocatorIcEEEEEET_RKS7_N4YAML4NodeEb
FN:81,_ZN3rxn8getParamIdEET_RKNSt3__112basic_stringIcNS2_11char_traitsIcEENS2_9allocatorIcEEEEN4YAML4NodeEb
FNDA:10,_ZN3rxn8getParamINSt3__112basic_stringIcNS1_11char_traitsIcEENS1_9allocatorIcEEEEEET_RKS7_N4YAML4NodeEb
FNDA:4,_ZN3rxn9getParamsIdEENSt3__16vectorIT_NS1_9allocatorIS3_EEEERKNS1_12basic_stringIcNS1_11char_traitsIcEENS4_IcEEEEN4YAML4NodeEb
FNDA:20,_ZN3rxn9getParamsINSt3__112basic_stringIcNS1_11char_traitsIcEENS1_9allocatorIcEEEEEENS1_6vectorIT_NS5_IS9_EEEERKS7_N4YAML4NodeEb
FNDA:0,_ZN3rxn12defaultValueINSt3__112basic_stringIcNS1_11char_traitsIcEENS1_9allocatorIcEEEEEET_v
FNDA:12,_ZN3rxn12defaultValueIdEET_v
FNDA:16,_ZN3rxn8getParamIdEET_RKNSt3__112basic_stringIcNS2_11char_traitsIcEENS2_9allocatorIcEEEEN4YAML4NodeEb
FNDA:0,_ZN3rxn11getTypeNameINSt3__112basic_stringIcNS1_11char_traitsIcEENS1_9allocatorIcEEEEEES7_v
FNDA:0,_ZN3rxn11getTypeNameIdEENSt3__112basic_stringIcNS1_11char_traitsIcEENS1_9allocatorIcEEEEv
FNDA:68,_ZN3rxn10validParamERKNSt3__112basic_stringIcNS0_11char_traitsIcEENS0_9allocatorIcEEEEN4YAML4NodeEb
FNF:9
FNH:6
DA:6,0
DA:7,0
DA:11,0
DA:12,0
DA:17,12
DA:18,12
DA:23,0
DA:24,0
DA:28,68
DA:30,68
DA:32,23
DA:34,0
DA:36,23
DA:38,45
DA:39,68
DA:42,24
DA:45,24
DA:47,7
DA:50,17
DA:54,17
DA:55,17
DA:61,17
DA:62,17
DA:63,17
DA:64,17
DA:66,0
DA:69,0
DA:70,17
DA:72,0
DA:73,58
DA:81,26
DA:84,26
DA:86,12
DA:89,14
DA:91,14
DA:92,14
DA:95,0
DA:96,0
DA:98,14
DA:99,36
LF:40
LH:28
end_of_record
