TN:
SF:/Users/graysongall/projects/rxn-cpp/src/Constants.C
FN:0,__cxx_global_var_init.39
FN:0,__cxx_global_var_init.11
FN:0,__cxx_global_var_init.13
FN:0,__cxx_global_var_init.37
FN:0,__cxx_global_var_init.29
FN:0,__cxx_global_var_init.3
FN:0,__cxx_global_var_init.27
FN:0,__cxx_global_var_init.15
FN:0,__cxx_global_var_init.25
FN:0,__cxx_global_var_init.17
FN:0,__cxx_global_var_init.41
FN:0,__cxx_global_var_init.33
FN:0,__cxx_global_var_init.31
FN:0,__cxx_global_var_init.43
FN:0,__cxx_global_var_init.19
FN:0,__cxx_global_var_init.35
FN:0,__cxx_global_var_init.23
FN:0,__cxx_global_var_init.1
FN:0,__cxx_global_var_init.21
FN:0,__cxx_global_var_init
FN:0,__cxx_global_var_init.9
FN:0,__cxx_global_var_init.7
FN:0,__cxx_global_var_init.5
FNDA:1,__cxx_global_var_init.37
FNDA:1,__cxx_global_var_init.39
FNDA:1,__cxx_global_var_init.11
FNDA:1,__cxx_global_var_init.13
FNDA:1,__cxx_global_var_init.27
FNDA:1,__cxx_global_var_init.15
FNDA:1,__cxx_global_var_init.29
FNDA:1,__cxx_global_var_init.3
FNDA:1,__cxx_global_var_init
FNDA:1,__cxx_global_var_init.7
FNDA:1,__cxx_global_var_init.5
FNDA:1,__cxx_global_var_init.9
FNDA:1,__cxx_global_var_init.41
FNDA:1,__cxx_global_var_init.33
FNDA:1,__cxx_global_var_init.31
FNDA:1,__cxx_global_var_init.43
FNDA:1,__cxx_global_var_init.19
FNDA:1,__cxx_global_var_init.25
FNDA:1,__cxx_global_var_init.17
FNDA:1,__cxx_global_var_init.23
FNDA:1,__cxx_global_var_init.1
FNDA:1,__cxx_global_var_init.21
FNDA:1,__cxx_global_var_init.35
FNF:23
FNH:23
DA:10,1
DA:11,1
DA:13,1
DA:14,1
DA:15,1
DA:17,1
DA:18,1
DA:19,1
DA:21,1
DA:22,1
DA:23,1
DA:25,1
DA:26,1
DA:28,1
DA:29,1
DA:30,1
DA:31,1
DA:32,1
DA:34,1
DA:35,1
DA:37,1
DA:39,1
DA:40,1
LF:23
LH:23
end_of_record
TN:
SF:/Users/graysongall/projects/rxn-cpp/src/InvalidInput.C
FN:5,_ZN3rxn19InvalidInputWarningERKNSt3__112basic_stringIcNS0_11char_traitsIcEENS0_9allocatorIcEEEE
FN:9,_ZN3rxn16InvalidInputExitERKNSt3__112basic_stringIcNS0_11char_traitsIcEENS0_9allocatorIcEEEE
FN:19,_ZN3rxn16InvalidInputExitEN4YAML4NodeERKNSt3__112basic_stringIcNS2_11char_traitsIcEENS2_9allocatorIcEEEE
FN:33,_ZN3rxn16InvalidInputExitEN4YAML4NodeERKNSt3__112basic_stringIcNS2_11char_traitsIcEENS2_9allocatorIcEEEESA_
FNDA:0,_ZN3rxn19InvalidInputWarningERKNSt3__112basic_stringIcNS0_11char_traitsIcEENS0_9allocatorIcEEEE
FNDA:0,_ZN3rxn16InvalidInputExitEN4YAML4NodeERKNSt3__112basic_stringIcNS2_11char_traitsIcEENS2_9allocatorIcEEEESA_
FNDA:2,_ZN3rxn16InvalidInputExitERKNSt3__112basic_stringIcNS0_11char_traitsIcEENS0_9allocatorIcEEEE
FNDA:0,_ZN3rxn16InvalidInputExitEN4YAML4NodeERKNSt3__112basic_stringIcNS2_11char_traitsIcEENS2_9allocatorIcEEEE
FNF:4
FNH:1
DA:5,0
DA:7,0
DA:8,0
DA:9,2
DA:11,2
DA:13,2
DA:17,0
DA:19,0
DA:21,0
DA:22,0
DA:24,0
DA:26,0
DA:30,0
DA:33,0
DA:35,0
DA:36,0
DA:38,0
DA:40,0
DA:44,0
LF:19
LH:3
end_of_record
TN:
SF:/Users/graysongall/projects/rxn-cpp/src/NetworkParser.C
FN:0,__cxx_global_var_init.37
FN:0,__cxx_global_var_init.13
FN:0,__cxx_global_var_init.11
FN:0,__cxx_global_var_init.39
FN:0,__cxx_global_var_init.15
FN:0,__cxx_global_var_init.27
FN:0,__cxx_global_var_init.3
FN:0,__cxx_global_var_init.29
FN:0,__cxx_global_var_init.19
FN:0,__cxx_global_var_init.43
FN:0,__cxx_global_var_init.31
FN:0,__cxx_global_var_init.33
FN:0,__cxx_global_var_init.41
FN:0,__cxx_global_var_init.17
FN:0,__cxx_global_var_init.25
FN:0,__cxx_global_var_init.21
FN:0,__cxx_global_var_init.1
FN:0,__cxx_global_var_init.23
FN:0,__cxx_global_var_init.35
FN:0,__cxx_global_var_init
FN:0,__cxx_global_var_init.5
FN:0,__cxx_global_var_init.7
FN:0,__cxx_global_var_init.9
FN:8,_ZN3rxn13NetworkParser11getInstanceEv
FN:18,_ZN3rxn13NetworkParser5clearEv
FN:26,_ZN3rxn13NetworkParser9checkRefsEv
FN:32,_ZNK3rxn13NetworkParser9checkFileERKNSt3__112basic_stringIcNS1_11char_traitsIcEENS1_9allocatorIcEEEE
FN:47,_ZNK3rxn13NetworkParser12checkBibFileERKNSt3__112basic_stringIcNS1_11char_traitsIcEENS1_9allocatorIcEEEE
FN:57,_ZN3rxn13NetworkParser14parseReactionsERKN4YAML4NodeEPNSt3__16vectorINS5_10shared_ptrIKNS_8ReactionEEENS5_9allocatorISA_EEEERKNS5_12basic_stringIcNS5_11char_traitsIcEENSB_IcEEEESL_
FN:76,_ZN3rxn13NetworkParser12parseNetworkERKNSt3__112basic_stringIcNS1_11char_traitsIcEENS1_9allocatorIcEEEE
FNDA:1,__cxx_global_var_init
FNDA:1,__cxx_global_var_init.5
FNDA:1,__cxx_global_var_init.7
FNDA:1,__cxx_global_var_init.9
FNDA:1,__cxx_global_var_init.33
FNDA:1,__cxx_global_var_init.41
FNDA:1,__cxx_global_var_init.19
FNDA:1,__cxx_global_var_init.43
FNDA:1,__cxx_global_var_init.31
FNDA:3,_ZNK3rxn13NetworkParser9checkFileERKNSt3__112basic_stringIcNS1_11char_traitsIcEENS1_9allocatorIcEEEE
FNDA:1,__cxx_global_var_init.25
FNDA:2,_ZN3rxn13NetworkParser14parseReactionsERKN4YAML4NodeEPNSt3__16vectorINS5_10shared_ptrIKNS_8ReactionEEENS5_9allocatorISA_EEEERKNS5_12basic_stringIcNS5_11char_traitsIcEENSB_IcEEEESL_
FNDA:0,_ZNK3rxn13NetworkParser12checkBibFileERKNSt3__112basic_stringIcNS1_11char_traitsIcEENS1_9allocatorIcEEEE
FNDA:1,__cxx_global_var_init.17
FNDA:1,__cxx_global_var_init.1
FNDA:1,__cxx_global_var_init.23
FNDA:1,__cxx_global_var_init.21
FNDA:2,_ZN3rxn13NetworkParser5clearEv
FNDA:1,__cxx_global_var_init.35
FNDA:4,_ZN3rxn13NetworkParser11getInstanceEv
FNDA:1,__cxx_global_var_init.37
FNDA:1,__cxx_global_var_init.11
FNDA:1,__cxx_global_var_init.39
FNDA:1,__cxx_global_var_init.13
FNDA:1,__cxx_global_var_init.27
FNDA:1,__cxx_global_var_init.15
FNDA:1,__cxx_global_var_init.29
FNDA:1,__cxx_global_var_init.3
FNDA:0,_ZN3rxn13NetworkParser9checkRefsEv
FNDA:3,_ZN3rxn13NetworkParser12parseNetworkERKNSt3__112basic_stringIcNS1_11char_traitsIcEENS1_9allocatorIcEEEE
FNF:30
FNH:28
DA:8,4
DA:10,1
DA:11,5
DA:12,1
DA:13,2
DA:14,5
DA:15,1
DA:17,1
DA:18,3
DA:19,1
DA:20,2
DA:21,3
DA:22,3
DA:23,3
DA:24,2
DA:25,1
DA:26,1
DA:28,1
DA:29,1
DA:30,1
DA:31,1
DA:32,4
DA:34,4
DA:35,4
DA:37,2
DA:38,0
DA:39,3
DA:40,3
DA:42,1
DA:43,0
DA:44,4
DA:47,0
DA:49,0
DA:50,0
DA:52,0
DA:53,0
DA:54,0
DA:57,2
DA:59,2
DA:61,1
DA:64,1
DA:66,0
DA:67,0
DA:69,9
DA:71,8
DA:72,8
DA:73,2
DA:76,3
DA:78,3
DA:79,3
DA:80,3
DA:83,1
DA:84,1
DA:86,0
DA:87,0
DA:89,1
DA:91,1
DA:92,1
DA:93,1
DA:95,1
DA:97,0
DA:98,0
DA:99,0
DA:100,0
DA:102,1
DA:103,1
DA:104,5
LF:67
LH:51
end_of_record
TN:
SF:/Users/graysongall/projects/rxn-cpp/src/Reaction.C
FN:0,__cxx_global_var_init.21
FN:0,__cxx_global_var_init.1
FN:0,__cxx_global_var_init.23
FN:0,__cxx_global_var_init.35
FN:0,__cxx_global_var_init.19
FN:0,__cxx_global_var_init.43
FN:0,__cxx_global_var_init.31
FN:0,__cxx_global_var_init.33
FN:0,__cxx_global_var_init.41
FN:0,__cxx_global_var_init.17
FN:0,__cxx_global_var_init.25
FN:0,__cxx_global_var_init.5
FN:0,__cxx_global_var_init.7
FN:0,__cxx_global_var_init.9
FN:0,__cxx_global_var_init
FN:0,__cxx_global_var_init.15
FN:0,__cxx_global_var_init.27
FN:0,__cxx_global_var_init.3
FN:0,__cxx_global_var_init.29
FN:0,__cxx_global_var_init.37
FN:0,__cxx_global_var_init.13
FN:0,__cxx_global_var_init.11
FN:0,__cxx_global_var_init.39
FN:5,_ZN3rxn8ReactionC2ERKN4YAML4NodeEiRKNSt3__112basic_stringIcNS5_11char_traitsIcEENS5_9allocatorIcEEEE
FN:5,_ZN3rxn8ReactionC1ERKN4YAML4NodeEiRKNSt3__112basic_stringIcNS5_11char_traitsIcEENS5_9allocatorIcEEEE
FN:20,_ZN3rxn8Reaction9checkNameERKN4YAML4NodeE
FN:34,_ZN3rxn8Reaction8setSidesEv
FNDA:1,__cxx_global_var_init
FNDA:8,_ZN3rxn8ReactionC1ERKN4YAML4NodeEiRKNSt3__112basic_stringIcNS5_11char_traitsIcEENS5_9allocatorIcEEEE
FNDA:1,__cxx_global_var_init.9
FNDA:1,__cxx_global_var_init.5
FNDA:1,__cxx_global_var_init.7
FNDA:1,__cxx_global_var_init.25
FNDA:8,_ZN3rxn8ReactionC2ERKN4YAML4NodeEiRKNSt3__112basic_stringIcNS5_11char_traitsIcEENS5_9allocatorIcEEEE
FNDA:1,__cxx_global_var_init.17
FNDA:1,__cxx_global_var_init.33
FNDA:1,__cxx_global_var_init.41
FNDA:1,__cxx_global_var_init.43
FNDA:1,__cxx_global_var_init.19
FNDA:1,__cxx_global_var_init.31
FNDA:8,_ZN3rxn8Reaction9checkNameERKN4YAML4NodeE
FNDA:1,__cxx_global_var_init.35
FNDA:1,__cxx_global_var_init.1
FNDA:1,__cxx_global_var_init.23
FNDA:1,__cxx_global_var_init.21
FNDA:1,__cxx_global_var_init.11
FNDA:1,__cxx_global_var_init.39
FNDA:1,__cxx_global_var_init.13
FNDA:1,__cxx_global_var_init.37
FNDA:1,__cxx_global_var_init.29
FNDA:1,__cxx_global_var_init.3
FNDA:1,__cxx_global_var_init.27
FNDA:1,__cxx_global_var_init.15
FNDA:0,_ZN3rxn8Reaction8setSidesEv
FNF:27
FNH:26
DA:5,16
DA:8,8
DA:9,8
DA:10,9
DA:11,9
DA:12,8
DA:13,9
DA:14,9
DA:15,9
DA:17,17
DA:18,1
DA:19,1
DA:20,8
DA:21,1
DA:22,1
DA:23,9
DA:25,9
DA:26,1
DA:27,0
DA:28,1
DA:29,1
DA:30,9
DA:31,9
DA:32,1
DA:34,1
DA:35,1
DA:37,1
DA:38,0
DA:39,1
DA:40,1
DA:41,0
LF:31
LH:28
end_of_record
TN:
SF:/Users/graysongall/projects/rxn-cpp/src/SpeciesFactory.C
FN:0,__cxx_global_var_init.21
FN:0,__cxx_global_var_init.1
FN:0,__cxx_global_var_init.23
FN:0,__cxx_global_var_init.35
FN:0,__cxx_global_var_init.19
FN:0,__cxx_global_var_init.43
FN:0,__cxx_global_var_init.31
FN:0,__cxx_global_var_init.33
FN:0,__cxx_global_var_init.41
FN:0,__cxx_global_var_init.17
FN:0,__cxx_global_var_init.25
FN:0,__cxx_global_var_init.5
FN:0,__cxx_global_var_init.7
FN:0,__cxx_global_var_init.9
FN:0,__cxx_global_var_init
FN:0,__cxx_global_var_init.15
FN:0,__cxx_global_var_init.27
FN:0,__cxx_global_var_init.3
FN:0,__cxx_global_var_init.29
FN:0,__cxx_global_var_init.37
FN:0,__cxx_global_var_init.13
FN:0,__cxx_global_var_init.11
FN:0,__cxx_global_var_init.39
FN:9,_ZN3rxn14SpeciesFactory11getInstanceEv
FN:19,_ZN3rxn14SpeciesFactory5clearEv
FN:26,_ZN3rxn14SpeciesFactory20collectCustomSpeciesERKN4YAML4NodeE
FN:73,_ZN3rxn14SpeciesFactory20collectLumpedSpeciesERKN4YAML4NodeE
FN:120,_ZN3rxn14SpeciesFactory21collectLatexOverridesERKN4YAML4NodeE
FNDA:1,__cxx_global_var_init.1
FNDA:1,__cxx_global_var_init.23
FNDA:1,__cxx_global_var_init.21
FNDA:1,_ZN3rxn14SpeciesFactory21collectLatexOverridesERKN4YAML4NodeE
FNDA:1,_ZN3rxn14SpeciesFactory20collectLumpedSpeciesERKN4YAML4NodeE
FNDA:1,__cxx_global_var_init.35
FNDA:1,__cxx_global_var_init.33
FNDA:1,__cxx_global_var_init.41
FNDA:1,__cxx_global_var_init.19
FNDA:1,__cxx_global_var_init.43
FNDA:1,__cxx_global_var_init.31
FNDA:1,__cxx_global_var_init.25
FNDA:3,_ZN3rxn14SpeciesFactory11getInstanceEv
FNDA:1,__cxx_global_var_init.17
FNDA:1,__cxx_global_var_init.5
FNDA:1,__cxx_global_var_init.7
FNDA:1,__cxx_global_var_init.9
FNDA:1,__cxx_global_var_init
FNDA:1,__cxx_global_var_init.27
FNDA:1,__cxx_global_var_init.15
FNDA:1,__cxx_global_var_init.29
FNDA:0,_ZN3rxn14SpeciesFactory5clearEv
FNDA:1,__cxx_global_var_init.3
FNDA:1,__cxx_global_var_init.37
FNDA:1,__cxx_global_var_init.11
FNDA:1,__cxx_global_var_init.39
FNDA:1,_ZN3rxn14SpeciesFactory20collectCustomSpeciesERKN4YAML4NodeE
FNDA:1,__cxx_global_var_init.13
FNF:28
FNH:27
DA:9,3
DA:10,1
DA:11,1
DA:12,3
DA:13,2
DA:14,2
DA:15,4
DA:16,0
DA:17,1
DA:18,1
DA:19,1
DA:20,0
DA:21,1
DA:22,1
DA:23,1
DA:25,1
DA:26,2
DA:28,2
DA:29,2
DA:30,1
DA:31,1
DA:32,1
DA:33,0
DA:34,1
DA:35,1
DA:36,0
DA:37,1
DA:38,0
DA:39,1
DA:40,1
DA:41,0
DA:43,0
DA:44,0
DA:46,0
DA:48,0
DA:49,0
DA:50,0
DA:51,0
DA:52,0
DA:53,0
DA:54,0
DA:56,0
DA:58,0
DA:59,0
DA:61,0
DA:63,0
DA:64,0
DA:66,0
DA:68,0
DA:69,0
DA:70,1
DA:73,1
DA:75,1
DA:76,1
DA:78,0
DA:80,0
DA:81,0
DA:83,0
DA:84,0
DA:86,0
DA:88,0
DA:90,0
DA:91,0
DA:93,0
DA:95,0
DA:96,0
DA:98,0
DA:100,0
DA:102,0
DA:103,0
DA:105,0
DA:107,0
DA:109,0
DA:110,0
DA:112,0
DA:113,0
DA:114,0
DA:115,0
DA:116,1
DA:120,1
DA:122,1
DA:123,1
DA:125,0
DA:127,0
DA:128,0
DA:130,0
DA:132,0
DA:133,0
DA:135,0
DA:137,0
DA:138,0
DA:140,0
DA:142,0
DA:143,0
DA:144,0
DA:145,0
DA:146,0
DA:147,0
DA:148,0
DA:150,0
DA:152,0
DA:153,0
DA:155,0
DA:157,0
DA:158,0
DA:160,0
DA:162,0
DA:163,0
DA:165,0
DA:167,0
DA:168,0
DA:169,1
LF:112
LH:34
end_of_record
TN:
SF:/Users/graysongall/projects/rxn-cpp/src/StringHelper.C
FN:0,__cxx_global_var_init
FN:8,_ZN3rxn5ltrimERNSt3__112basic_stringIcNS0_11char_traitsIcEENS0_9allocatorIcEEEE
FN:15,_ZN3rxn5rtrimERNSt3__112basic_stringIcNS0_11char_traitsIcEENS0_9allocatorIcEEEE
FN:22,_ZN3rxn4trimERNSt3__112basic_stringIcNS0_11char_traitsIcEENS0_9allocatorIcEEEE
FN:29,_ZN3rxn16splitByDelimiterERKNSt3__112basic_stringIcNS0_11char_traitsIcEENS0_9allocatorIcEEEES6_
FN:52,_ZN3rxn16findFirstCapitalERKNSt3__112basic_stringIcNS0_11char_traitsIcEENS0_9allocatorIcEEEE
FN:65,_ZN3rxn16findFirstSpecialERKNSt3__112basic_stringIcNS0_11char_traitsIcEENS0_9allocatorIcEEEE
FN:78,_ZN3rxn18findFirstNonLetterERKNSt3__112basic_stringIcNS0_11char_traitsIcEENS0_9allocatorIcEEEE
FN:89,_ZN3rxn15findFirstLetterERKNSt3__112basic_stringIcNS0_11char_traitsIcEENS0_9allocatorIcEEEE
FN:100,_ZN3rxn18findFirstNonNumberERKNSt3__112basic_stringIcNS0_11char_traitsIcEENS0_9allocatorIcEEEE
FN:111,_ZN3rxn19findFirstNonSpecialERKNSt3__112basic_stringIcNS0_11char_traitsIcEENS0_9allocatorIcEEEE
FN:122,_ZN3rxn14splitByCapitalERKNSt3__112basic_stringIcNS0_11char_traitsIcEENS0_9allocatorIcEEEE
FN:163,_ZN3rxn16formatScientificEf
FN:183,_ZN3rxn9makeGreenERKNSt3__112basic_stringIcNS0_11char_traitsIcEENS0_9allocatorIcEEEE
FN:189,_ZN3rxn10makeYellowERKNSt3__112basic_stringIcNS0_11char_traitsIcEENS0_9allocatorIcEEEE
FN:195,_ZN3rxn7makeRedERKNSt3__112basic_stringIcNS0_11char_traitsIcEENS0_9allocatorIcEEEE
FN:201,_ZN3rxn10printGreenERKNSt3__112basic_stringIcNS0_11char_traitsIcEENS0_9allocatorIcEEEE
FN:207,_ZN3rxn8printRedERKNSt3__112basic_stringIcNS0_11char_traitsIcEENS0_9allocatorIcEEEE
FN:213,_ZN3rxn11printYellowERKNSt3__112basic_stringIcNS0_11char_traitsIcEENS0_9allocatorIcEEEE
FNDA:0,_ZN3rxn16splitByDelimiterERKNSt3__112basic_stringIcNS0_11char_traitsIcEENS0_9allocatorIcEEEES6_
FNDA:0,_ZN3rxn10printGreenERKNSt3__112basic_stringIcNS0_11char_traitsIcEENS0_9allocatorIcEEEE
FNDA:0,_ZN3rxn11printYellowERKNSt3__112basic_stringIcNS0_11char_traitsIcEENS0_9allocatorIcEEEE
FNDA:0,_ZN3rxn10makeYellowERKNSt3__112basic_stringIcNS0_11char_traitsIcEENS0_9allocatorIcEEEE
FNDA:0,_ZN3rxn16formatScientificEf
FNDA:0,_ZN3rxn4trimERNSt3__112basic_stringIcNS0_11char_traitsIcEENS0_9allocatorIcEEEE
FNDA:0,_ZN3rxn16findFirstCapitalERKNSt3__112basic_stringIcNS0_11char_traitsIcEENS0_9allocatorIcEEEE
FNDA:2,_ZN3rxn7makeRedERKNSt3__112basic_stringIcNS0_11char_traitsIcEENS0_9allocatorIcEEEE
FNDA:2,_ZN3rxn8printRedERKNSt3__112basic_stringIcNS0_11char_traitsIcEENS0_9allocatorIcEEEE
FNDA:0,_ZN3rxn5rtrimERNSt3__112basic_stringIcNS0_11char_traitsIcEENS0_9allocatorIcEEEE
FNDA:0,_ZN3rxn15findFirstLetterERKNSt3__112basic_stringIcNS0_11char_traitsIcEENS0_9allocatorIcEEEE
FNDA:0,_ZN3rxn16findFirstSpecialERKNSt3__112basic_stringIcNS0_11char_traitsIcEENS0_9allocatorIcEEEE
FNDA:1,__cxx_global_var_init
FNDA:0,_ZN3rxn18findFirstNonLetterERKNSt3__112basic_stringIcNS0_11char_traitsIcEENS0_9allocatorIcEEEE
FNDA:0,_ZN3rxn18findFirstNonNumberERKNSt3__112basic_stringIcNS0_11char_traitsIcEENS0_9allocatorIcEEEE
FNDA:0,_ZN3rxn14splitByCapitalERKNSt3__112basic_stringIcNS0_11char_traitsIcEENS0_9allocatorIcEEEE
FNDA:0,_ZN3rxn9makeGreenERKNSt3__112basic_stringIcNS0_11char_traitsIcEENS0_9allocatorIcEEEE
FNDA:0,_ZN3rxn19findFirstNonSpecialERKNSt3__112basic_stringIcNS0_11char_traitsIcEENS0_9allocatorIcEEEE
FNDA:0,_ZN3rxn5ltrimERNSt3__112basic_stringIcNS0_11char_traitsIcEENS0_9allocatorIcEEEE
FNF:19
FNH:3
DA:5,1
DA:8,0
DA:10,0
DA:11,0
DA:12,0
DA:15,0
DA:17,0
DA:18,0
DA:19,0
DA:22,0
DA:24,0
DA:25,0
DA:26,0
DA:29,0
DA:31,0
DA:32,0
DA:33,0
DA:34,0
DA:36,0
DA:38,0
DA:39,0
DA:40,0
DA:41,0
DA:42,0
DA:45,0
DA:46,0
DA:48,0
DA:49,0
DA:52,0
DA:54,0
DA:56,0
DA:58,0
DA:60,0
DA:61,0
DA:62,0
DA:65,0
DA:67,0
DA:69,0
DA:70,0
DA:72,0
DA:74,0
DA:75,0
DA:78,0
DA:80,0
DA:82,0
DA:83,0
DA:84,0
DA:85,0
DA:86,0
DA:89,0
DA:91,0
DA:93,0
DA:94,0
DA:95,0
DA:96,0
DA:97,0
DA:100,0
DA:102,0
DA:104,0
DA:105,0
DA:106,0
DA:107,0
DA:108,0
DA:111,0
DA:113,0
DA:115,0
DA:116,0
DA:117,0
DA:118,0
DA:119,0
DA:122,0
DA:124,0
DA:126,0
DA:129,0
DA:131,0
DA:135,0
DA:137,0
DA:140,0
DA:142,0
DA:144,0
DA:147,0
DA:149,0
DA:150,0
DA:153,0
DA:155,0
DA:156,0
DA:157,0
DA:159,0
DA:160,0
DA:163,0
DA:165,0
DA:167,0
DA:169,0
DA:172,0
DA:174,0
DA:177,0
DA:180,0
DA:183,0
DA:185,0
DA:186,0
DA:189,0
DA:191,0
DA:192,0
DA:195,2
DA:197,2
DA:198,0
DA:201,0
DA:203,0
DA:204,0
DA:207,2
DA:209,2
DA:210,2
DA:213,0
DA:215,0
DA:216,0
LF:115
LH:6
end_of_record
TN:
SF:/Users/graysongall/projects/rxn-cpp/src/YamlHelper.C
FN:6,_ZN3rxn11getTypeNameINSt3__112basic_stringIcNS1_11char_traitsIcEENS1_9allocatorIcEEEEEES7_v
FN:11,_ZN3rxn11getTypeNameIdEENSt3__112basic_stringIcNS1_11char_traitsIcEENS1_9allocatorIcEEEEv
FN:17,_ZN3rxn12defaultValueIdEET_v
FN:23,_ZN3rxn12defaultValueINSt3__112basic_stringIcNS1_11char_traitsIcEENS1_9allocatorIcEEEEEET_v
FN:28,_ZN3rxn10validParamERKNSt3__112basic_stringIcNS0_11char_traitsIcEENS0_9allocatorIcEEEEN4YAML4NodeEb
FN:42,_ZN3rxn9getParamsIdEENSt3__16vectorIT_NS1_9allocatorIS3_EEEERKNS1_12basic_stringIcNS1_11char_traitsIcEENS4_IcEEEEN4YAML4NodeEb
FN:42,_ZN3rxn9getParamsINSt3__112basic_stringIcNS1_11char_traitsIcEENS1_9allocatorIcEEEEEENS1_6vectorIT_NS5_IS9_EEEERKS7_N4YAML4NodeEb
FN:81,_ZN3rxn8getParamIdEET_RKNSt3__112basic_stringIcNS2_11char_traitsIcEENS2_9allocatorIcEEEEN4YAML4NodeEb
FN:81,_ZN3rxn8getParamINSt3__112basic_stringIcNS1_11char_traitsIcEENS1_9allocatorIcEEEEEET_RKS7_N4YAML4NodeEb
FNDA:48,_ZN3rxn10validParamERKNSt3__112basic_stringIcNS0_11char_traitsIcEENS0_9allocatorIcEEEEN4YAML4NodeEb
FNDA:10,_ZN3rxn8getParamINSt3__112basic_stringIcNS1_11char_traitsIcEENS1_9allocatorIcEEEEEET_RKS7_N4YAML4NodeEb
FNDA:0,_ZN3rxn9getParamsIdEENSt3__16vectorIT_NS1_9allocatorIS3_EEEERKNS1_12basic_stringIcNS1_11char_traitsIcEENS4_IcEEEEN4YAML4NodeEb
FNDA:0,_ZN3rxn12defaultValueINSt3__112basic_stringIcNS1_11char_traitsIcEENS1_9allocatorIcEEEEEET_v
FNDA:16,_ZN3rxn8getParamIdEET_RKNSt3__112basic_stringIcNS2_11char_traitsIcEENS2_9allocatorIcEEEEN4YAML4NodeEb
FNDA:0,_ZN3rxn11getTypeNameIdEENSt3__112basic_stringIcNS1_11char_traitsIcEENS1_9allocatorIcEEEEv
FNDA:0,_ZN3rxn11getTypeNameINSt3__112basic_stringIcNS1_11char_traitsIcEENS1_9allocatorIcEEEEEES7_v
FNDA:16,_ZN3rxn9getParamsINSt3__112basic_stringIcNS1_11char_traitsIcEENS1_9allocatorIcEEEEEENS1_6vectorIT_NS5_IS9_EEEERKS7_N4YAML4NodeEb
FNDA:12,_ZN3rxn12defaultValueIdEET_v
FNF:9
FNH:5
DA:6,0
DA:7,0
DA:11,0
DA:12,0
DA:17,12
DA:18,12
DA:23,0
DA:24,0
DA:28,48
DA:30,48
DA:32,23
DA:34,0
DA:35,0
DA:36,23
DA:38,25
DA:39,48
DA:42,16
DA:45,16
DA:47,7
DA:50,9
DA:54,9
DA:55,9
DA:61,9
DA:62,9
DA:63,9
DA:64,9
DA:66,0
DA:69,0
DA:70,9
DA:72,0
DA:73,34
DA:81,26
DA:84,26
DA:86,12
DA:89,14
DA:91,14
DA:92,14
DA:95,0
DA:96,0
DA:98,14
DA:99,36
LF:41
LH:28
end_of_record
